['166', '294', '297', '463', '566', '616', '618', '941', '944']
['177', '253', '308', '344', '345', '415', '478', '484', '790', '857']
['71', '283', '313', '471', '502', '619', '676', '677', '688', '805']
['154', '170', '248', '256', '310', '493', '655', '776', '785']
['219', '433', '518', '635', '698', '747', '910', '919', '926', '945']
['38', '89', '193', '351', '411', '674', '687', '740', '803', '898', '993']
['184', '419', '576', '596', '621', '715', '836', '955', '959', '981']
['5', '76', '84', '141', '314', '377', '609', '739', '901', '949', '971']
['15', '36', '51', '155', '245', '280', '407', '823', '874']
['63', '258', '364', '526', '613', '689', '779', '797', '892', '994']
['107', '427', '585', '598', '720', '775', '796', '912', '924', '957', '976']
['21', '387', '661', '801', '896', '923', '939', '960', '980']
['231', '382', '431', '442', '517', '569', '669', '692', '988']
['25', '79', '83', '371', '476', '496', '515', '563', '668', '838']
['66', '68', '157', '235', '381', '547', '575', '659', '938', '975']
['19', '92', '109', '207', '223', '479', '602', '611', '614', '877']
['29', '64', '98', '468', '469', '495', '529', '691', '822', '849']
['65', '164', '402', '541', '571', '622', '658', '786', '871', '893']
['22', '103', '137', '169', '303', '564', '686', '704', '749']
['262', '299', '325', '348', '421', '549', '587', '701', '828', '958']
['152', '225', '285', '301', '416', '536', '751', '800', '890', '915', '929']
['1', '121', '162', '320', '422', '473', '485', '654', '667', '721']
['220', '533', '543', '641', '693', '812', '826', '864', '928', '951']
['122', '324', '362', '385', '568', '628', '730', '787', '788', '908']
['110', '259', '347', '425', '489', '562', '617', '708', '917', '935', '998']
['77', '187', '264', '321', '439', '630', '690', '700', '810', '813']
['53', '114', '384', '436', '534', '736', '840', '848', '895', '937']
['56', '85', '222', '379', '461', '483', '758', '888', '905', '990']
['97', '188', '216', '274', '278', '499', '586', '792', '846', '996']
['295', '337', '583', '584', '744', '748', '865', '904', '907', '995']
['99', '196', '339', '395', '544', '558', '684', '780', '852', '978']
['334', '355', '359', '732', '771', '811', '831', '876', '894']
['151', '200', '239', '336', '366', '380', '465', '685', '713', '781', '854', '948']
['86', '135', '201', '215', '284', '341', '376', '418', '770', '870']
['41', '139', '165', '189', '538', '652', '681', '866', '872']
['35', '268', '328', '349', '360', '406', '472', '588', '670', '880', '965']
['202', '206', '289', '312', '539', '706', '714', '759', '824']
['40', '108', '115', '144', '186', '357', '443', '454', '528', '906']
['24', '111', '420', '441', '453', '524', '741', '752', '899', '963']
['43', '61', '106', '123', '228', '370', '462', '511', '653', '697', '863']
['203', '229', '396', '397', '408', '458', '556', '847']
['70', '82', '134', '171', '505', '577', '648', '834', '853', '878', '987']
['17', '80', '87', '93', '350', '383', '467', '593', '794', '969']
['59', '60', '233', '292', '456', '555', '671', '920']
['450', '509', '574', '626', '633', '679', '934', '950', '967', '972']
['75', '100', '241', '361', '412', '552', '629', '719', '742', '754', '859', '916']
['129', '167', '232', '237', '252', '311', '410', '466', '683', '817', '883']
['272', '378', '394', '405', '460', '717', '868', '936', '970']
['16', '94', '150', '307', '326', '814', '837', '867', '869', '974']
['8', '28', '286', '504', '678', '734', '774', '778', '806', '968']
['158', '226', '290', '331', '474', '680', '750', '833']
['3', '46', '130', '195', '521', '632', '656', '699', '743', '954']
['10', '23', '138', '365', '445', '540', '578', '647', '784', '804', '825']
['133', '352', '414', '435', '791', '832', '839', '977', '986']
['39', '72', '251', '494', '603', '642', '841', '922', '953', '966']
['9', '145', '174', '175', '217', '470', '525', '532', '646', '731', '819']
['26', '322', '451', '452', '503', '773', '858', '875', '879']
['182', '287', '317', '403', '490', '601', '634', '673', '725', '984']
['6', '128', '266', '644', '723', '835', '897', '931', '956', '962', '982']
['54', '140', '224', '236', '513', '553', '561', '636', '662', '889']
['153', '296', '594', '722', '724', '756', '850', '909', '911', '973']
['4', '48', '105', '142', '298', '343', '572', '589', '827', '884', '914']
['117', '247', '455', '459', '519', '608', '615', '845', '862', '952']
['2', '180', '267', '273', '309', '389', '409', '767', '793', '947']
['45', '238', '520', '557', '567', '582', '599', '607', '761', '807', '808']
['391', '481', '581', '712', '755', '818', '855', '873']
['42', '55', '74', '96', '173', '210', '260', '764', '802', '985']
['18', '20', '270', '329', '434', '501', '639', '711', '798', '933', '943']
['81', '88', '212', '257', '482', '592', '623', '718', '733', '891']
['31', '49', '73', '181', '198', '242', '506', '514', '535', '640']
['12', '50', '161', '172', '249', '304', '426', '523', '660', '795']
['37', '288', '368', '488', '565', '738', '777', '782', '900', '903']
['116', '125', '149', '159', '263', '627', '763', '809', '844', '997']
['197', '208', '424', '432', '477', '500', '550', '551', '645', '886']
['33', '90', '185', '211', '316', '330', '516', '772', '913', '927']
['11', '62', '218', '254', '464', '657', '702', '709', '820']
['57', '112', '305', '306', '327', '338', '610', '672', '695', '842']
['0', '143', '246', '271', '282', '332', '417', '446', '665', '753', '860']
['47', '131', '160', '240', '369', '386', '560', '727', '851', '921']
['27', '199', '315', '319', '580', '597', '649', '707', '816', '930']
['353', '404', '559', '631', '675', '766', '783', '821', '830', '918']
['7', '52', '124', '244', '293', '430', '447', '475', '491', '992']
['32', '136', '179', '277', '373', '393', '448', '487', '498', '527', '650']
['192', '281', '401', '429', '548', '591', '638', '663', '979']
['78', '323', '363', '625', '726', '746', '815', '861', '932']
['69', '132', '428', '480', '510', '522', '605', '606', '882', '961']
['13', '91', '146', '227', '399', '457', '542', '637', '716', '789', '881']
['44', '95', '127', '276', '279', '440', '735', '902', '991']
['58', '119', '234', '291', '438', '600', '703', '705', '710']
['168', '300', '333', '342', '372', '554', '590', '604', '728', '856', '946']
['104', '120', '194', '213', '530', '757', '885', '887', '983']
['34', '209', '221', '508', '512', '546', '664', '666', '768', '942', '989']
['147', '183', '214', '261', '318', '444', '537', '737', '829', '843', '925']
['14', '118', '191', '205', '340', '374', '375', '486', '643']
['302', '358', '423', '437', '492', '497', '579', '696', '940', '964']
['113', '126', '190', '204', '269', '400', '449', '570', '573', '762', '799']
['30', '148', '275', '392', '398', '620', '651', '682', '760', '765']
['67', '101', '178', '243', '265', '335', '388', '507', '624', '729']
['102', '156', '255', '354', '356', '367', '390', '413', '531', '999']
['163', '176', '230', '250', '346', '545', '595', '612', '694', '745', '769']
