['16', '388', '0', '64', '350', '171', '27', '647', '626', '48', '304', '241', '301', '682', '195', '86', '181', '720']
['701', '140', '276', '443', '425', '259', '50', '517', '382', '367', '212', '676', '707', '315', '42']
['267', '331', '684', '599', '7', '313', '564', '360', '336', '356', '72', '582', '97', '694', '635', '441', '124']
['203', '454', '557', '697', '111', '211', '567', '340', '82', '693', '4', '344', '62', '725', '239', '216', '389']
['13', '683', '118', '135', '460', '495', '420', '144', '372', '421', '177', '299', '502', '700', '153', '152', '686']
['503', '431', '444', '627', '457', '547', '264', '296', '598', '332', '546', '242', '668', '3', '391', '206', '667']
['226', '497', '670', '20', '342', '60', '481', '240', '653', '197', '671', '349', '57', '451', '552', '273']
['114', '632', '101', '439', '660', '303', '341', '688', '381', '215', '312', '128', '532', '536', '603', '573']
['713', '357', '234', '461', '363', '523', '621', '673', '155', '392', '8', '104', '679', '433', '428', '129', '168']
['266', '498', '250', '243', '409', '526', '651', '364', '260', '73', '151', '581', '169', '714', '339', '305', '663', '519', '150']
['31', '411', '84', '566', '641', '238', '551', '513', '489', '66', '330', '376', '374', '593', '58', '624']
['143', '506', '661', '509', '449', '590', '518', '487', '162', '218', '704', '708', '427', '63', '213', '285', '710']
['377', '358', '475', '279', '650', '440', '666', '175', '387', '723', '85', '438', '563', '325', '95', '352']
['649', '112', '606', '227', '508', '221', '560', '334', '154', '512', '287', '134', '516', '378', '418', '32', '602']
['614', '537', '131', '277', '28', '204', '698', '193', '43', '575', '100', '399', '569', '702', '294', '318', '147', '478']
['61', '5', '179', '254', '596', '308', '722', '117', '132', '281', '611', '265', '91', '262', '89', '448']
['224', '543', '297', '412', '293', '408', '108', '587', '646', '375', '413', '430', '715', '231', '403', '280', '47']
['201', '274', '125', '80', '302', '21', '689', '727', '410', '455', '579', '665', '470', '88', '10', '695', '625']
['386', '194', '631', '52', '166', '574', '199', '366', '578', '314', '398', '67', '422', '271', '657', '309', '123']
['501', '565', '456', '406', '161', '405', '237', '417', '608', '300', '236', '677', '654', '407', '515', '81', '393']
['724', '423', '338', '328', '159', '633', '528', '496', '183', '589', '343', '721', '51', '687', '103', '527', '613', '383']
['320', '699', '426', '288', '14', '634', '369', '562', '200', '146', '637', '272', '176', '672', '196', '34']
['586', '466', '45', '69', '583', '655', '442', '33', '130', '292', '79', '638', '210', '476', '333', '529', '538']
['539', '11', '24', '379', '136', '148', '628', '619', '142', '251', '620', '223', '319', '121', '477', '290', '355']
['284', '395', '491', '185', '307', '233', '87', '92', '228', '138', '703', '184', '174', '373', '473', '499', '490']
['172', '370', '295', '511', '437', '1', '217', '327', '157', '585', '474', '222', '98', '530', '324', '323', '636']
['317', '326', '542', '149', '247', '74', '510', '484', '347', '643', '122', '2', '472', '93', '186', '96']
['30', '278', '15', '394', '133', '652', '719', '78', '22', '544', '361', '368', '504', '696', '6', '397', '310']
['165', '106', '29', '434', '209', '452', '37', '401', '540', '580', '38', '190', '659', '609', '639', '522', '205']
['402', '384', '141', '44', '170', '348', '335', '642', '612', '71', '229', '346', '615', '182', '275', '459', '640']
['450', '494', '70', '446', '416', '255', '18', '488', '680', '541', '419', '550', '690', '414', '485', '622', '533']
['706', '321', '483', '127', '289', '258', '726', '54', '115', '214', '311', '245', '553', '385', '46', '291', '453', '607']
['230', '252', '545', '630', '189', '116', '77', '164', '458', '555', '105', '507', '531', '617', '467', '90', '371']
['658', '351', '712', '110', '235', '675', '463', '365', '191', '435', '692', '584', '270', '525', '718', '600', '198']
['561', '248', '202', '109', '554', '514', '705', '362', '53', '65', '400', '322', '549', '225', '263', '261']
['208', '137', '468', '480', '283', '253', '482', '447', '711', '286', '445', '282', '173', '12', '500', '548', '415']
['471', '429', '353', '505', '178', '669', '662', '180', '246', '588', '618', '36', '436', '597', '644', '479', '156', '604']
['572', '469', '521', '601', '119', '329', '40', '571', '493', '595', '559', '187', '592', '390', '520', '158']
['664', '244', '354', '306', '249', '681', '337', '75', '396', '577', '23', '678', '163', '558', '145', '268', '126']
['19', '188', '49', '568', '139', '716', '524', '462', '269', '594', '94', '345', '68', '120', '685', '26', '359', '316']
['535', '219', '99', '424', '39', '298', '17', '465', '709', '486', '207', '610', '570', '591', '9', '464', '35']
['629', '623', '55', '56', '556', '83', '656', '76', '648', '113', '59', '404', '576', '167', '691', '534', '256']
['492', '257', '616', '232', '717', '380', '41', '220', '107', '605', '645', '192', '432', '160', '674', '25', '102']
