['562', '746']
['446']
['160', '378']
['161', '212', '312', '362', '381']
['611', '711']
['802']
['514']
['134', '170', '694', '710']
['496']
['267', '484', '541']
['612', '714']
['331', '431', '548', '588', '674']
['249', '316', '637']
['304', '419', '751']
['139', '216', '341', '703']
['670', '784', '785']
['273', '681']
['211', '221', '234', '434', '604']
['192', '403', '662']
['322', '339']
['195', '412', '471', '477']
['129', '567', '584', '616']
['186', '334', '513', '614', '628']
['338', '519']
['153', '600', '671']
['191', '719']
['238', '355', '515', '688']
['360', '577', '620', '632']
['208', '258', '351', '382', '635']
['272', '793']
['376', '574']
['21', '22', '23', '24', '25', '26', '27', '28', '29', '30', '31', '32', '33', '82', '90', '148', '301', '368', '498', '647']
['271', '315']
['86', '87', '88', '91', '92', '93', '94', '95', '96', '97', '98', '100', '101', '127', '210', '230', '372', '606', '675', '699']
['375']
['209', '295', '529', '800', '814']
['391']
['398', '423', '693', '791']
['126', '174', '329', '365', '571', '575', '797']
['776']
['224', '538', '729']
['218', '349', '509', '573', '740']
['359', '685', '808']
['166', '236', '343', '517', '537', '627']
['204', '291', '292', '481']
[]
['102', '103', '104', '105', '106', '107', '108', '109', '110', '111', '112', '113', '114', '125', '131', '177', '314', '465', '526', '762']
['215', '313']
['142', '147', '501', '521']
['228', '332', '552', '592', '806']
['340', '426', '664']
['428', '489', '587']
['150', '206', '232', '278', '639', '702']
['138', '648']
['135', '757']
['344', '619', '692']
['325', '348', '458', '638']
['698', '722']
['261', '656', '704']
['494', '707', '769']
['178', '183', '422', '555']
['327', '631', '680']
['346', '615']
['448']
['279', '747']
['277', '377']
['383', '673', '723', '765']
['283', '539']
['164', '299', '323', '598']
['132', '253', '505', '667']
['235', '389', '682']
['544']
['182', '305', '350', '545', '817']
['280', '308', '488', '583', '597', '622']
['115', '116', '117', '118', '119', '120', '121', '122', '123', '124', '257', '300', '393', '474', '565', '602', '780']
['181', '370', '438', '503', '525', '721']
['34', '35', '36', '37', '38', '39', '41', '42', '43', '44', '45', '46', '133', '196', '252', '254', '363', '416', '493', '561']
[]
['507']
['151', '453', '461', '812']
[]
['361', '415', '492', '528', '659']
['650', '652']
['141', '445', '462']
['634', '763']
['516', '533']
[]
['143', '298', '582']
['511', '581']
['159', '270', '384', '455', '475', '621']
['137', '145', '289', '473', '696']
['237', '617']
['309', '324', '643', '705', '735', '750']
['173', '427', '713']
['154', '663', '798']
['231', '354', '660', '738']
['547', '591', '595', '754']
['357']
['226', '456', '566', '767']
['140', '264', '466', '689', '697']
['353', '457', '499', '510', '700']
['243', '347', '486', '530']
['320', '432', '556', '558', '720', '731']
['594']
['162', '743', '786']
['213', '788']
['646', '715']
['450', '599']
['497', '610', '809']
[]
['251', '333', '358', '766']
['406', '442', '695', '732', '739']
['248', '397']
['506', '550', '709', '712', '810']
['296', '609', '690']
['441', '540', '613', '706', '792']
['47', '48', '49', '50', '51', '52', '53', '54', '55', '56', '57', '58', '99', '175', '287', '424', '479', '542', '741', '781']
['601', '653', '764']
['155', '352', '407']
['605']
['199', '447', '523', '524', '640']
['687']
['165', '227', '386', '387', '402', '624']
['202']
['163', '454', '495', '661']
['297']
['239']
['172', '418', '759']
['247', '263', '708']
['189', '225', '274', '367', '805']
['518', '658', '684']
['500', '716']
['482']
['451', '641', '789']
['269', '288', '443']
['262', '576', '651']
['152', '380', '395']
[]
['429', '504', '535', '586', '665']
['369', '437', '546', '748', '758', '783']
['770']
['203', '293', '394', '440', '449', '483']
['217', '388', '625', '626', '803']
['171', '176', '265', '356']
['179', '201', '666', '725', '727']
['568', '679']
['336', '410', '676', '744', '790']
['168', '390', '603', '813']
['59', '60', '61', '62', '63', '64', '65', '66', '67', '68', '69', '70', '73', '136', '452', '476', '668', '737', '745', '795']
['250', '771']
['0', '1', '2', '3', '4', '5', '6', '7', '8', '40', '74', '306', '409', '430', '439', '478', '485', '487', '733', '772']
['579', '633', '724']
['491', '649', '756', '811']
['572', '678', '779']
['557']
['326', '364', '569', '669', '742']
['275', '374', '760']
['804']
['167', '207', '686', '752']
['229', '255', '414', '590', '654']
['608']
['342', '655', '777', '807']
['396', '508']
['286', '818']
['9', '10', '11', '12', '13', '14', '15', '16', '17', '18', '19', '20', '89', '244', '259', '421', '490', '554', '728', '734']
['551', '796']
['636', '691', '775', '799']
['266', '480', '718']
['205', '468']
['156', '233', '399', '753']
['146', '400', '464', '512']
['214', '463', '645']
['190', '285', '467', '527', '787']
['596']
['392', '520', '534']
['282']
['245', '321', '726']
['385']
['246', '303', '319']
['71', '72', '75', '76', '77', '78', '79', '80', '81', '83', '84', '85', '188', '193', '223', '284', '307', '417', '553', '761']
['128', '240', '371']
['149', '256', '589', '672']
['335', '768']
['379']
[]
['194', '623']
['413']
['222', '536', '559', '717', '778']
['241', '460', '469', '470']
['294', '433', '701']
['200', '242', '311', '560', '563', '593']
['411']
['373', '502', '816']
['180', '260', '404', '459', '749']
['144', '219', '276', '345', '618', '773', '774']
['169', '185', '197', '330', '401']
['302', '564', '580', '815']
['444', '522']
['425']
['187', '220', '607', '677', '782']
['157', '405', '435', '436', '585']
['630']
['198', '531', '657']
['130', '730']
['158', '318', '578']
['281', '337', '570', '629']
['317', '683']
['268', '532', '543', '736']
['184', '794']
['310', '366', '420', '472', '642', '755', '801']
['549', '644']
['408']
['290', '328']
