['aot', 'aps', 'asq', 'ats', 'auf', 'axb', 'ayz', 'bhv']
['adk', 'adl', 'ahk', 'aii', 'air', 'ajl', 'akk', 'asd', 'axf', 'bem', 'bfr']
['ara', 'aui', 'avy', 'azt', 'bge', 'bgk', 'bhk', 'bho', 'bhu']
['afq', 'aif', 'aij', 'alf', 'anj', 'atj', 'aub', 'blm']
['abi', 'abl', 'ahg', 'ail', 'aio', 'ajh', 'alz', 'amj', 'aqm']
['aoa', 'apx', 'avm', 'ayx', 'bbh', 'bdn', 'bfa', 'blc', 'bmd']
['ach', 'aes', 'all', 'apu', 'aqq', 'auh', 'bfs', 'bln', 'bmi']
['aff', 'agm', 'alt', 'ami', 'ard', 'axw', 'azj', 'bgq', 'blf']
['aek', 'aiz', 'akv', 'are', 'arv', 'ata', 'atq', 'aze', 'bbe']
['aad', 'adv', 'ajt', 'akr', 'amr', 'aoy', 'apt', 'aqv']
['ahr', 'alg', 'bas', 'baz', 'bdb', 'bdt', 'bir', 'bjg', 'blx']
['adu', 'ady', 'ahf', 'ahq', 'akw', 'apm', 'ast', 'avg', 'axi', 'bcr', 'bil']
['atd', 'awu', 'ayk', 'azh', 'bal', 'bbp', 'bbv', 'bcz', 'bhx']
['ade', 'adi', 'aec', 'agb', 'akp', 'asw', 'bah', 'bdh']
['arq', 'awm', 'axe', 'axz', 'azb', 'azc', 'biu', 'bjk', 'blv']
['ado', 'aiv', 'ajq', 'ajz', 'akh', 'apf', 'avk', 'bef', 'bew', 'bfw']
['aao', 'aeb', 'ahc', 'ajr', 'aob', 'aow', 'azx', 'bix', 'bkw']
['adj', 'apk', 'aqh', 'atf', 'avr', 'bam', 'ber', 'bhi', 'bie']
['aen', 'afc', 'agw', 'ake', 'alm', 'ame', 'aog', 'aqd', 'bju']
['ahh', 'aqx', 'ass', 'avo', 'bda', 'bfl', 'bfx', 'bik', 'bjo', 'bkl']
['aac', 'abm', 'abq', 'agu', 'ahd', 'akf', 'aww', 'axn']
['aae', 'anc', 'apb', 'apd', 'bac', 'bdu', 'bgd', 'bhp', 'bhw']
['aap', 'aex', 'afs', 'ajn', 'alx', 'app', 'asf', 'asi', 'ayc', 'bcs']
['add', 'adx', 'aef', 'aeo', 'afo', 'aof', 'aok', 'apl', 'ayu', 'bjt', 'bkz']
['acs', 'asr', 'awd', 'bbf', 'bbj', 'bct', 'bhq', 'bjn', 'bkv']
['afy', 'agf', 'aiu', 'aky', 'alu', 'amd', 'amx', 'avq', 'bmk']
['aor', 'auw', 'bca', 'bfm', 'bfv', 'bhf', 'blp', 'bmb', 'bmc']
['aas', 'abz', 'acj', 'ani', 'arz', 'axh', 'bee', 'bgl']
['aev', 'anl', 'ans', 'arf', 'asc', 'ayh', 'ayr', 'azg', 'bep']
['atk', 'bar', 'bdj', 'bdy', 'bej', 'bel', 'ben', 'bfg', 'bkh']
['abh', 'afz', 'agh', 'alq', 'aun', 'aut', 'ayd', 'bao']
['aca', 'adb', 'afp', 'afu', 'ais', 'ajw', 'any', 'arg', 'bij']
['afh', 'amy', 'aos', 'arw', 'aue', 'ayo', 'ays', 'bau', 'bbl', 'bcl', 'bin']
['aci', 'agi', 'alb', 'alj', 'ayg', 'azq', 'bip', 'bji']
['ahx', 'aje', 'ajx', 'akl', 'ams', 'aou', 'arl', 'ayb']
['aah', 'auq', 'awr', 'azw', 'bfd', 'bgt', 'bhn', 'bim', 'blr']
['aab', 'aak', 'acz', 'age', 'ajb', 'aju', 'aki', 'atn', 'blo']
['aaa', 'alo', 'amq', 'amu', 'amv', 'aum', 'bat', 'bdv', 'bkt']
['abp', 'adp', 'aew', 'afg', 'ahe', 'ajf', 'aqn', 'bcp', 'bdx', 'blk']
['acf', 'agc', 'ain', 'aoo', 'azl', 'bak', 'bbg', 'bbz', 'beq', 'bfh', 'bgc', 'bkf']
['aan', 'abg', 'abu', 'act', 'awx', 'bgf', 'bjv', 'bkp']
['agv', 'ajy', 'alr', 'apv', 'ava', 'bbc', 'bgg', 'bjs', 'blb']
['abc', 'acu', 'ahj', 'amh', 'aod', 'aoe', 'apc', 'atr', 'awo', 'bfb']
['acd', 'aco', 'adg', 'aep', 'afd', 'afr', 'agr', 'aig', 'alw', 'apz', 'bii']
['aea', 'api', 'avl', 'axl', 'axt', 'azz', 'bab', 'bbu', 'bcn']
['acb', 'acx', 'aly', 'amf', 'amk', 'aqf', 'aqt', 'awl']
['avn', 'axm', 'azf', 'bdi', 'bhh', 'biy', 'bja', 'bkg', 'bls']
['abr', 'acn', 'adh', 'asa', 'avw', 'bde', 'bkd', 'bkm']
['ack', 'akg', 'anp', 'asu', 'aya', 'bae', 'bbd', 'bid']
['abo', 'bcj', 'bdq', 'bgj', 'bif', 'bih', 'bit', 'bkc', 'bkr']
['aby', 'aey', 'afj', 'afm', 'aha', 'ahs', 'ahv', 'ajd', 'bad']
['ags', 'aqi', 'bap', 'bcy', 'bdp', 'bfe', 'bfk', 'bfo', 'bgn']
['aav', 'abk', 'akm', 'and', 'aph', 'axg', 'ayf', 'ayq', 'azy', 'bax']
['afa', 'afv', 'akb', 'anz', 'auj', 'avf', 'aza', 'azd', 'bdk', 'bgi', 'bhs', 'bjj']
['adn', 'adw', 'ago', 'akc', 'ale', 'alv', 'atp', 'blz']
['aaj', 'acy', 'aei', 'aez', 'agn', 'bby', 'bcu', 'bdo', 'bec', 'bez', 'bgm']
['ajs', 'akx', 'aln', 'aqk', 'aul', 'awy', 'ayj', 'bbi', 'blq']
['adm', 'agp', 'ahb', 'aiy', 'aqg', 'bdm', 'bjq', 'bli']
['aaf', 'acm', 'alc', 'anx', 'asx', 'auk', 'auz', 'awi', 'bcx']
['akn', 'awn', 'ayp', 'azv', 'bbq', 'bdc', 'bes', 'bfq', 'bld']
['ace', 'adr', 'agj', 'aih', 'anq', 'apg', 'awb', 'axp']
['abt', 'acq', 'ahz', 'apn', 'avv', 'bch', 'bhr', 'blh', 'blj']
['aru', 'ask', 'ayi', 'azk', 'bbt', 'bds', 'bgx', 'bht', 'bkn', 'bky']
['abe', 'abw', 'acg', 'afx', 'ald', 'aqc', 'avd', 'azi', 'bis']
['anr', 'avh', 'bbs', 'bcq', 'beu', 'bgw', 'bgz', 'bjr', 'bkb']
['aam', 'aaz', 'acw', 'afw', 'ahp', 'apa', 'aqy', 'awc', 'bcv']
['aiw', 'als', 'ave', 'avp', 'azs', 'bcg', 'bdz', 'bjh', 'bki', 'bks']
['agy', 'aic', 'ajg', 'aml', 'ano', 'aqe', 'axr', 'bbw']
['aeu', 'amc', 'aov', 'atc', 'aty', 'auv', 'awp', 'bcf', 'bll']
['adz', 'amp', 'awa', 'baq', 'bdl', 'bei', 'beo', 'bhm', 'bla', 'bme']
['aeg', 'agz', 'ahw', 'ajc', 'akd', 'apr', 'atl', 'att', 'auy']
['axa', 'axs', 'baf', 'bbm', 'bbx', 'bdf', 'bft', 'bje', 'bma']
['adt', 'ahl', 'ajp', 'aku', 'akz', 'amg', 'amm', 'amw', 'arn']
['aal', 'akt', 'aoi', 'aqp', 'asm', 'atz', 'aye', 'azn', 'bbo', 'bfp']
['abv', 'ako', 'axo', 'azp', 'baa', 'bbr', 'bdr', 'bgp']
['agg', 'ajm', 'amt', 'anv', 'ark', 'ayw', 'ban', 'bjw']
['ahy', 'ati', 'bci', 'beb', 'bfu', 'bgh', 'bhb', 'bkx', 'blg']
['aat', 'ahm', 'ahn', 'alk', 'apq', 'asn', 'auu', 'avj', 'baj']
['amz', 'awk', 'awt', 'bea', 'bhg', 'big', 'biw', 'bjm', 'bmf']
['aej', 'agx', 'ali', 'amb', 'aol', 'aqw', 'aqz', 'avb', 'bic', 'bmj']
['abb', 'avi', 'awj', 'awv', 'ayn', 'bba', 'bbn', 'bfc', 'bhl', 'bio', 'bka', 'blu']
['acc', 'ael', 'aks', 'ant', 'aop', 'arx', 'auc', 'bmg']
['aau', 'abj', 'ajk', 'ama', 'ape', 'atu', 'axk', 'bav', 'bgr']
['ate', 'ath', 'atx', 'avc', 'avx', 'ayl', 'azm', 'bbb', 'bfy', 'bhd']
['ahi', 'ahu', 'ait', 'anf', 'aqo', 'ase', 'ash', 'bjf']
['aqs', 'arr', 'atv', 'aux', 'awf', 'awz', 'bet', 'bib', 'bly']
['aag', 'ads', 'aed', 'aft', 'amn', 'ang', 'ari', 'asg', 'avu', 'azu', 'bcd']
['axu', 'bay', 'bcm', 'bcw', 'bgv', 'bgy', 'bhz', 'bke', 'bko']
['aet', 'atm', 'atw', 'auo', 'awg', 'awh', 'aws', 'bbk']
['aga', 'agq', 'aqj', 'asb', 'asp', 'asy', 'awe', 'bgu', 'bjy']
['afe', 'agt', 'aua', 'aud', 'aug', 'awq', 'bia', 'bjx', 'bkj']
['aai', 'aba', 'aik', 'ajo', 'aqb', 'atg', 'axy', 'ayy', 'bag']
['ajj', 'aro', 'axq', 'bcb', 'bgb', 'bjc', 'bjd', 'bjz', 'ble']
['acr', 'acv', 'aeh', 'aeq', 'afl', 'ato', 'bai', 'bed', 'bfn', 'bhy']
['afk', 'aka', 'akj', 'alp', 'amo', 'aoj', 'aoz', 'arc', 'axc', 'axd', 'aym', 'azo']
['aaw', 'acl', 'adc', 'anw', 'aoh', 'asz', 'atb', 'bdw']
['adf', 'adq', 'aib', 'ajv', 'ane', 'ank', 'ann', 'asv', 'bjp']
['abx', 'aom', 'arm', 'art', 'aur', 'bco', 'beh', 'bex', 'bey', 'bfi']
['abf', 'aip', 'aiq', 'aqa', 'arp', 'aup', 'avz', 'axx', 'beg']
['asj', 'avt', 'ayt', 'bce', 'bha', 'biz', 'bjb', 'bku', 'blw']
['afb', 'alh', 'anm', 'ary', 'bgo', 'bgs', 'bhc', 'bhe', 'biv']
['aar', 'abn', 'ada', 'aid', 'anb', 'anh', 'anu', 'apy', 'aqr', 'aqu', 'baw']
['aho', 'aql', 'avs', 'azr', 'bek', 'bga', 'bkk']
['aee', 'aia', 'aix', 'aon', 'arb', 'bcc', 'bdd', 'bff', 'bhj']
['aer', 'afn', 'agd', 'agl', 'aht', 'aie', 'ana', 'aoc', 'apw', 'axj', 'ayv']
['aay', 'acp', 'aem', 'aim', 'aja', 'aji', 'akq', 'aoq', 'apo', 'bfz', 'bmh']
['ala', 'arh', 'ars', 'aso', 'aus', 'bdg', 'bev', 'bfj', 'bkq']
['aaq', 'aax', 'abd', 'abs', 'afi', 'agk', 'apj', 'bml']
['aox', 'arj', 'asl', 'axv', 'bck', 'biq', 'bjl', 'blt']
