['658']
['7', '227', '296', '606']
['93', '146']
['34', '229', '232']
['67']
['120', '174', '294', '588']
['18', '342', '475', '681']
['454', '494', '497', '629']
['600', '789']
['297', '318', '341', '359', '636', '828']
['182', '196', '360', '482', '702']
['175', '471', '571', '770']
['110', '333', '477', '517', '736']
['36', '88', '345', '749', '767']
['718', '765']
['24', '33', '222', '670', '722']
['61', '316', '374', '407', '577', '743', '750']
['534']
['168', '270', '371']
['290', '529', '630']
['43', '291', '822']
['95', '112', '243', '249', '778']
['260', '338', '721']
['4', '20', '310', '761']
['247', '386', '509', '757']
['75', '105', '660']
['425', '580', '747']
['302', '654', '763']
['274', '366', '552', '643']
['134', '793']
['151', '293', '319', '334', '498', '834']
['664']
['284', '490', '515']
['433', '655']
['32', '122', '149', '219', '228', '292', '677', '719']
['352', '416', '813']
['744']
['22', '74']
['126', '583', '777']
['553', '836', '843']
['429', '650', '769']
['233', '314', '328', '489', '801']
['521', '573', '780']
['164', '376', '397', '488', '673']
['395', '396']
['59', '89', '651', '810']
['2', '16', '392', '485', '640', '741']
['207', '218', '410', '595', '706', '756']
['27', '224', '423', '451']
['114']
['300', '597', '774']
['21', '26', '44']
['177', '230', '421']
['742']
['145', '426', '587']
['256', '331', '344', '476']
['241', '266', '450', '523', '591', '701']
['384']
['692']
['181', '183']
['201', '244', '340', '405', '835']
['337', '531']
['17', '648', '766']
['0', '171', '231', '280', '323']
['102', '666', '720', '829']
['192', '443', '830']
['35', '184', '791', '826']
['306', '440', '514', '644']
['137', '361', '542']
['321', '652', '676']
['372', '406', '615', '797']
['188', '365', '723']
['135', '301', '305', '557']
['170', '422']
['212', '409', '492']
['622']
['730']
['46', '704']
['11', '313', '432']
['69', '198', '304', '603', '649']
['248', '632']
['84', '478', '519', '661', '738']
['143', '370', '390']
['217', '308', '389', '403']
['76', '81', '678']
['539', '818', '820']
['55', '158', '252', '484', '532', '771']
['335', '472']
['56', '166', '178', '320']
['508', '584', '711']
['379']
[]
['13']
['205', '493', '563', '662', '838']
['85', '424', '458', '548', '716', '759']
['197', '250', '559', '619', '808']
['130', '362']
['746']
['103', '347', '427', '452', '671']
['628', '819', '827']
['303', '336', '412']
['185', '507', '785']
['206', '448', '474']
['439', '752']
['322', '377', '527', '712']
['176', '578', '695']
['275', '739']
['97', '132', '147', '211']
['255']
['131', '251']
['42', '262', '411', '582']
['401']
[]
['66', '161']
['104', '792']
['101', '109', '465', '574', '740', '796']
['60', '91', '257', '624', '672']
['703', '809']
['99', '136', '642']
['620', '753']
[]
['214', '285', '505', '567', '568']
['6', '92', '160', '281', '356', '388', '762', '775']
['113', '289', '800']
['271', '585', '802']
['45']
['111', '115', '325', '419', '546', '562', '564', '569']
['82', '157', '431', '646']
['23', '139', '221', '748']
['330', '464', '491']
['155', '400', '437', '698']
['391', '501', '516', '625', '691', '754']
['190']
['14', '364', '764']
['72', '79']
['64', '604', '683']
['58', '324', '375', '599']
['398', '473']
['54', '150', '354', '537', '773', '823', '837']
['5', '273', '641', '685']
['77', '466', '679', '694']
['41', '167', '447', '503', '566', '684', '735', '758']
['25', '265', '415']
['141', '394']
['96', '383', '463', '483', '725']
['414', '442', '461', '541', '565', '807']
['208']
[]
['179', '547']
['47', '385', '760']
['261', '787']
['240', '430']
['189', '593', '667', '732', '783', '790', '842']
['200', '561']
['327', '657']
['169', '278', '596']
['73', '107', '332', '520', '700']
['456', '525', '601', '608']
['78', '276', '351', '368', '413', '635', '688', '803']
['209', '446', '811', '832']
['187', '269', '329', '455', '460', '535', '653']
['39', '142', '343', '665', '768']
['210', '373', '554', '745', '784']
['288']
['68', '118', '598', '806']
['153', '408', '611', '833']
['353', '781']
['144', '586']
['242', '545', '779']
['152', '193', '607', '669', '705', '825']
['215', '216', '602', '724', '839']
['80', '245', '272', '350', '418']
[]
['15', '49', '733']
['618', '817', '840']
['138', '782']
['339', '387']
['346']
['119', '237', '363']
['9', '434', '524', '714', '755']
['87', '513', '709']
['100', '277', '526', '645', '682']
['258', '462']
['31', '441']
['8', '71', '647', '699']
['10']
['445', '605']
['264', '312', '348', '512', '794']
['470']
[]
['626', '631', '639']
['57', '367', '393']
['83', '180', '282', '675']
['621', '821']
['38', '225', '638']
['30', '590']
['127', '154', '417', '518', '551', '726']
['287']
['94', '129', '844']
['203', '220']
['116', '268', '449', '538']
[]
['117', '298']
['481', '737']
['202', '238', '420', '486', '504']
['349', '435', '479', '710', '715', '786', '788']
['267', '355']
['123', '357', '404', '798', '841']
[]
['295']
['617', '680', '686']
['19', '125', '223', '468']
['98', '812']
['204', '246', '402', '689', '831']
['40', '579', '610', '815']
['1', '235', '381', '560', '674']
[]
['162', '309']
['459', '555', '556']
['194', '496', '696', '728']
['50', '438', '487']
['3', '29', '637', '713']
['48', '52', '226', '307', '668']
['506', '592']
['106', '128', '213', '495', '616', '663', '693', '717', '804']
['633']
['90', '263', '690', '707']
['65', '311', '522', '530', '536']
['12', '37', '576', '731']
['165', '199', '236', '315', '533', '589', '795']
['70', '326', '510', '550', '627']
['186', '480', '511', '634']
['687']
['133']
['28', '108', '380']
['612', '729']
['279', '444', '570']
['86', '382', '428', '457', '572', '614', '805']
[]
['469', '697', '776', '814']
['317']
['140', '540', '594']
['253', '772']
['62', '156', '453', '467', '544', '799']
['121', '283', '623', '656', '816']
['500', '581']
['191', '358', '659']
['399', '575']
['124', '195', '299', '609']
['369', '499']
['53', '148', '173']
['163', '234', '378', '708']
['286', '751', '824']
['172', '239', '502']
['63', '159', '436']
['51', '528', '558', '727', '734']
[]
['254', '259', '543', '549', '613']
