['15', '63']
[]
[]
['348', '450']
['469']
['26']
['64', '389']
['19']
['282', '488']
[]
[]
['460']
[]
['414', '715']
['429']
['91', '353', '377', '548']
['743']
['404', '481']
['693']
[]
['17']
['523']
[]
['62']
['350', '426']
[]
['3', '574', '588']
['669', '786']
[]
['46', '672']
[]
['107']
['630']
['453']
[]
['143']
['95']
[]
['634']
['568', '755']
[]
['372']
['24', '564']
['201']
['398', '495']
[]
[]
[]
[]
['170']
['59', '122', '307', '525']
[]
['789']
['735']
['41', '216', '297']
['295']
[]
['323', '486']
[]
['767']
[]
[]
['448']
['508']
['104', '359']
['265', '522', '642']
['248']
[]
[]
[]
['226']
[]
[]
[]
['55', '664', '727']
[]
['794']
['395', '790']
['316', '566']
['215']
['631']
['172']
['287']
['129']
['514', '645']
['436', '467']
['358']
[]
[]
['176', '219']
['544']
['562']
[]
['528']
['196', '497']
['18', '447']
['343']
['267', '650']
['433', '571', '796']
['475', '498', '617']
[]
['38', '443']
['12', '109', '199']
['361', '670']
[]
['442', '761']
[]
['134']
['182']
['506']
['260']
['128']
['738']
['503', '524', '713']
['432']
['765']
['72', '254']
['132']
[]
['21', '223', '438', '463']
[]
[]
['393', '474']
['545']
[]
['770']
['25', '461']
['149', '610']
[]
[]
[]
['35', '345']
['589']
[]
['540']
['651']
[]
['6', '424', '690']
[]
['283', '598']
['546', '554']
['8']
[]
['245', '580', '704']
['96', '623']
[]
['624']
[]
['298']
['116']
['458']
[]
[]
[]
['365', '758']
['677']
['44', '364']
['559', '726']
['227']
[]
['647']
['419', '468']
[]
['221', '409', '412']
[]
['139']
['351']
['137', '187', '615', '700']
[]
[]
['31']
[]
[]
['565']
['759']
['285', '551']
[]
['52', '778']
[]
[]
[]
['20']
['159', '167']
['236', '744']
[]
[]
[]
['625']
[]
['314', '408']
['231', '427']
['268']
[]
[]
[]
['105']
['459']
['417']
['576', '773']
['582']
[]
['652']
['583']
['75', '682']
[]
[]
[]
[]
[]
['567', '724']
['454']
[]
['577']
['691']
[]
[]
['142']
[]
['334', '723']
[]
[]
['505', '575']
['775']
[]
[]
['48']
[]
['160']
['431', '446']
['736']
[]
[]
[]
[]
['89', '279', '302']
['4', '56', '482']
['197', '581']
[]
['213']
['787']
[]
['208']
['621']
[]
['662']
[]
['641']
['728']
[]
[]
['676']
['611']
['146', '750']
['169', '261']
[]
[]
['126', '131', '230']
['210', '388']
['338', '531']
[]
['259']
[]
['65', '86', '766']
['181', '400', '470', '703']
['43', '235']
[]
['54', '157', '321', '712']
[]
[]
['79', '533']
['560']
[]
[]
['37']
['301', '363']
['174']
[]
['632']
[]
[]
[]
[]
['449', '483', '752']
['326', '367']
[]
['354']
['397']
['399', '660']
[]
['369', '578', '605', '689']
[]
[]
['324']
[]
['731']
[]
['168', '543', '646']
[]
[]
['716']
[]
['49', '695']
[]
['519']
[]
[]
[]
['217', '332', '798']
[]
[]
['180']
['243', '711']
[]
['269']
['586']
[]
['166', '504']
['732']
[]
[]
[]
[]
['192']
[]
[]
['99', '406', '702', '769']
['127']
['66']
['722', '733', '763']
[]
[]
['255', '360']
['233', '596']
['356']
['635']
[]
[]
['23']
[]
[]
['291']
['668']
[]
['480', '725']
['749']
['158', '628']
['579']
['599']
['40']
['97', '144']
['286', '499']
[]
['184']
[]
['771']
['570']
['385', '649']
['22', '186', '402']
[]
['381']
[]
['296']
[]
['156', '784']
[]
['671']
['300', '341', '472', '648']
['601']
['342']
['1', '352']
[]
['737']
['779']
[]
[]
['92']
['534', '797']
['239', '538']
[]
['148', '502']
['70', '124']
['222']
['658']
[]
['516']
[]
['396']
['74', '76', '609']
[]
['212', '313']
[]
['747']
[]
['366', '558', '686']
[]
['138', '204', '521', '620']
['613']
['687']
['147', '721']
[]
[]
['629']
['595']
['793']
['2']
['335']
['781']
['125']
[]
[]
[]
[]
[]
[]
['241', '484']
[]
[]
[]
[]
[]
[]
[]
[]
['106', '413', '420']
['444', '471', '573']
['53']
['50']
['315', '328', '592', '666']
['655']
['707']
[]
['98', '253']
[]
['333', '512', '550', '757']
[]
[]
['120']
['304', '336', '661']
['264', '289']
['165', '423']
['305', '549', '709']
[]
['346']
['27']
[]
[]
['237', '536']
[]
['439']
['552', '591']
[]
['218', '510']
['535']
['214']
[]
['421', '491']
[]
[]
['244']
['310', '659']
[]
[]
[]
['207', '616']
['526', '612']
['224']
['150']
[]
['252']
['100']
['164']
['590']
['151', '656', '740']
['754', '799']
['317', '606']
['626']
['327']
[]
['10', '220', '478']
['47', '675']
['430']
['114', '258']
['228', '373']
['195', '511', '748']
['375']
[]
[]
['205', '520']
[]
[]
['121', '452', '674']
[]
['28', '249', '636']
['312']
['34', '67', '490', '584', '685', '762']
['200', '329', '394', '555']
['374']
['203']
['638']
['266']
['175', '604']
[]
['643']
['541']
[]
[]
['792']
['57', '320', '530']
[]
['515']
['263', '349']
['684']
['303']
['477']
['537', '774']
[]
['637']
['80']
[]
['256', '485']
['14', '600']
['633']
['85']
[]
[]
[]
[]
['81', '183', '411']
['370']
[]
['696']
['188']
[]
['82']
[]
['772']
['476']
['277']
[]
[]
['29']
[]
['39', '51']
[]
['418', '455']
['88']
[]
['390']
['119', '193', '457']
[]
[]
['587', '719']
['58', '425']
['190', '278']
[]
['379', '673']
['211', '465']
['117', '501']
[]
[]
['140', '306']
['299']
['434']
[]
['701']
['270', '387', '741']
['800']
['234']
['746']
[]
[]
['112']
[]
['594']
[]
[]
[]
[]
[]
['619', '627']
[]
['780']
[]
['777']
['640']
[]
['509']
['178', '654', '708', '788']
['163']
['309']
['688']
['78', '699']
[]
['680']
['492', '614']
['198', '347']
['382']
['171', '678']
['5', '102']
['391']
['202', '232', '355']
['257']
['155', '639', '795']
['607', '705']
['71', '152']
['16']
[]
[]
[]
['622']
[]
['11']
['154', '776']
[]
['30', '229', '274', '368', '428']
['194']
['133', '293']
[]
[]
[]
[]
['61', '87', '681']
['189', '679']
['90']
['113', '479']
['242', '698']
['493']
['539', '729']
[]
['36', '597']
['123', '435']
['77', '141']
[]
['33']
[]
['593']
['206', '529']
['322']
['177', '250', '768']
['179']
['489']
[]
['456']
['185']
['507']
['45']
['262', '276']
['271']
['653']
[]
['325']
['130', '273']
['380', '683']
['517']
[]
[]
['173']
[]
[]
['415']
[]
['464']
[]
['782']
['569', '734']
['440', '553']
['108', '392']
[]
[]
[]
['785']
['585']
['764']
['318', '319']
['384', '532']
[]
[]
[]
['68']
['376', '383']
['42']
[]
[]
['362', '602', '714']
['518']
['608', '717']
[]
[]
['357', '694']
['161']
['294', '405', '791']
['110']
['422', '665']
[]
[]
['240', '330', '344']
['416']
['451']
['280']
[]
['667', '783']
['9', '32']
['527']
['191']
[]
[]
['118']
['69']
['136', '308', '441']
['556', '706']
['410']
[]
['247']
['292']
['275']
[]
['284', '742']
[]
['657']
['663']
[]
[]
['94']
['756']
[]
[]
['386']
[]
['288']
['251', '339', '618']
[]
[]
[]
['496', '644']
['115']
['101', '473']
['311']
['745']
['407', '462']
['145', '403', '572']
['378']
['494']
['542']
['272', '753']
[]
[]
['225', '246', '281', '513']
['93', '103']
['83', '135', '547']
['563']
['162', '337']
[]
['371', '603']
[]
['13', '401']
['466', '487', '557', '751']
['60']
['209', '500', '561']
['290']
[]
['111', '340']
['331']
[]
['445', '718', '720']
['238']
['153', '692']
[]
['7', '739']
[]
['730']
['73', '697', '760']
['437']
[]
[]
[]
[]
['84']
[]
['710']
[]
