['315', '368', '937', '35', '769', '596']
['615', '522', '922']
['206', '372', '684', '773']
['253', '890', '765', '360', '484']
['326', '61', '233', '727', '402', '176', '945', '790', '853']
['4', '965', '530', '81']
['614', '461', '305', '520']
['14', '700', '627', '147', '308', '726', '518']
['897', '824', '231', '968', '485', '820', '62']
['179', '264', '548', '224', '602']
['841', '702', '974', '918', '266']
['341', '302']
['631', '30', '113']
['418', '254', '947', '8', '685', '73']
['353', '41', '382', '584', '821']
['682', '880', '638']
['736', '545', '313', '592']
['850', '128', '25', '239', '340']
['643', '730', '811', '830', '170', '164']
['613', '400', '227', '337', '706', '886']
['883', '507', '199', '594', '725', '155', '676', '493', '654', '203']
['106', '141', '607', '119']
['263', '875', '987', '618', '26']
['673', '78', '766', '218']
['707', '186']
['808', '312', '629', '219']
['816', '708', '334', '888', '243', '210', '955', '541', '748', '553']
['810', '398', '36', '511', '251', '77', '882']
['172', '900', '306']
['869', '697', '647', '818', '496', '738']
['294', '768', '644', '779', '924', '58', '964', '907', '715']
['835', '252', '426', '863', '257']
['112', '490', '109', '637']
['942', '435', '845', '366', '998']
['580', '661', '230', '197', '44']
['240', '142', '174', '884']
['620', '547', '384', '389']
['29', '798', '246']
['408', '740', '50', '605']
['45']
['701']
['201', '454', '486', '675', '361', '417', '953', '969']
['572', '101', '267']
['53', '741']
['450', '574', '590']
['747', '531', '739', '459']
['672', '152', '948', '89', '885']
['79', '370', '6']
['993', '807', '837']
['817', '458', '166', '83', '944']
['422', '464', '796', '717', '744', '481']
['188', '342', '800', '92', '234', '295']
['915', '764', '122', '617']
['812', '1']
['681', '80', '469', '216', '582', '151', '854', '134']
['813', '619', '331', '757', '279']
['904', '789', '959']
['386', '909', '447']
['686', '483', '506']
['760', '555']
['502']
['971', '71', '583', '194', '951']
['248', '146', '606', '753', '318']
['444', '111', '871', '591', '229', '906']
['23', '293', '950', '956', '278']
['664', '60', '939', '778', '608', '862', '376']
['693', '931', '290', '935', '560', '322']
['260', '749', '220', '911', '552', '674', '581']
['377', '354', '125', '373']
['829', '238', '735', '123', '262']
['698', '135']
['515', '761', '767', '268', '802', '153']
['751', '96', '379', '457', '972', '287', '184']
['932', '241', '775', '996', '108', '712']
['242', '774', '612', '198']
['645', '532', '611']
[]
['551', '508', '487', '823', '423']
['476', '3', '954', '467', '669', '509', '573', '453', '177', '202']
['307', '517', '879', '722', '478']
['630', '977', '356', '962', '12', '542']
['831', '550', '826', '105', '291']
['383', '419']
['928', '940', '902', '43', '641']
['623', '963', '121', '90', '718', '919', '33']
['578', '554', '46']
['876', '256', '543', '872']
['226', '421', '498', '324']
['846', '288', '851', '981', '873', '601', '814']
['916', '513', '299']
['24', '475', '157', '527']
['604', '799', '997', '433', '833']
['994', '392', '847', '343', '94']
['37', '452']
['466', '16']
['488', '719', '371', '989', '546']
['97', '679', '791', '99', '67']
['600', '136', '671', '848', '980', '22']
['190', '259', '103', '713', '86', '625']
['982', '336', '150', '222', '438', '763', '558', '273']
['471', '834', '5', '395', '734', '115']
['159', '499', '667', '182', '171', '100', '489', '11']
['516', '289', '148', '64', '908', '396']
['678', '921', '162', '42', '15', '270']
['770', '137', '491', '282', '59', '913', '780', '204']
['699', '82', '362', '48']
['393', '865', '658', '215']
['903', '666', '568', '525', '636', '74', '149', '205', '577']
['358', '272', '207', '632', '34', '180', '138']
['405']
['526', '983', '563']
['500', '339', '19', '49']
['413', '304', '118']
['441', '31', '328', '567', '784', '189']
['47', '797', '338', '223', '330', '609', '245', '514']
['868', '656', '528']
['978', '570', '300']
['852', '381', '357', '104', '595']
['709', '470', '434', '795', '783']
['212', '844', '117', '439', '75', '721']
['167', '720', '622', '347', '801', '492', '858', '133']
['482', '754', '936']
['692', '367']
['992', '156', '286', '914', '792', '842']
['114', '999', '589', '276']
['861', '296', '283', '970', '494', '183', '387', '729', '95']
['98', '687', '828', '442', '397', '359', '655']
['670', '314', '208', '628', '298', '979']
['196', '20', '9', '57']
['689', '737', '649', '819']
['301', '724', '410']
['874', '175', '732']
['529', '39', '895', '966', '540', '504']
['967', '745', '292', '13', '168', '70', '363', '235']
['892', '920', '165', '309', '923', '905', '200']
['195', '374', '2', '349', '787']
['443', '533', '69', '960', '949']
['688', '209', '677', '66']
['127', '561', '365', '364', '535', '352', '598']
['901', '938', '665']
['691', '984', '759', '650', '54', '571']
['258', '430']
['394', '275', '399', '10', '849', '559']
['415', '680', '941', '556', '523']
['102', '445', '576', '132', '695']
['451', '425', '154', '463']
['870', '409', '657']
['40', '414', '640']
['624', '943', '17', '705', '378', '742', '704']
['401', '746', '788', '557', '549', '889']
['265', '424', '822', '881', '91', '390', '317']
['659', '427', '261', '894']
['634', '648', '460', '449', '663']
['38', '538', '946', '310', '690', '569', '809', '925']
['743', '771', '646', '653']
['232', '716', '192', '991', '319', '805', '385']
['274', '350', '185', '285']
['642', '599', '247', '225', '465', '271', '887', '411']
['815', '752']
['804']
['124']
['910', '436']
['87', '565', '323', '327', '652']
['593', '838', '501', '161', '610', '898']
['380', '431', '472', '961', '912', '473']
['412', '864', '329', '480', '388', '711']
['877', '456', '803', '311', '926', '332', '284', '840']
['211', '269', '855', '694', '519', '440', '785', '27', '524']
['85', '836', '755', '952', '84', '250', '703', '163', '468', '566']
['369', '651', '348', '160', '249', '957', '404', '856', '586', '793']
['214', '786', '544', '603']
['839', '131']
['428', '403', '891', '537', '758']
['437', '710', '635', '626']
['56', '933', '930', '107', '723', '585', '7']
['843', '867', '181', '794', '1000', '986', '587']
['917', '217', '536', '280']
['351', '63', '806', '187', '355', '139', '143', '144']
['781', '129', '995']
['407', '429', '521', '893', '731', '432', '169']
['479', '420', '512']
['237', '406', '579', '55', '929', '145', '255']
['375', '497', '534', '448', '825']
['510', '927', '668', '333', '896']
['474', '320', '303', '633']
['325', '990', '173', '985', '335', '52', '213', '857', '777']
['575', '321', '18', '756', '505', '750', '899', '281']
['32', '68', '76', '988', '446', '503']
['297', '683', '116', '564', '616', '934']
['588', '72', '975', '93', '762', '391', '191']
['973', '21', '130', '539', '782']
['178', '158', '660', '236', '193', '639']
['866', '696', '110', '346', '728', '455', '878']
['462', '228', '860', '345', '277', '621']
['662', '126', '477', '776', '772', '597', '714']
['316', '416', '221', '562']
['976', '733', '344']
['827', '495']
['28', '958', '120', '859']
['244', '65', '140', '88', '832', '51']
