['sc', 'lk', 'rp', 'ra', 'kw', 'de', 'dc', 'bq', 'hx', 'j']
['gg', 'fc', 'fi', 'rv', 'ju', 'pq', 'pi', 'in', 'uw', 'uh']
['tj', 'sr', 'ed', 'ew', 'kf', 'jr', 'bi', 'as', 'av', 'u']
['gk', 'mq', 'sd', 'rb', 'qf', 'jv', 'he', 'uz', 'uj', 'ay']
['gb', 'fo', 'ex', 'rj', 'do', 'qd', 'zz', 'hj', 'ua', 'ns']
['ma', 'mb', 'mz', 'lq', 'eh', 'ru', 'g', 'kl', 'di', 'ux']
['tg', 'mj', 'oa', 'sh', 'so', 'ef', 'ea', 'kk', 'kn', 'qz']
['v', 'sq', 'su', 'lj', 'lx', 'wb', 'ck', 'cd', 'bx', 'hh']
['vm', 'fs', 'ky', 'jd', 'ce', 'po', 'im', 'up', 'ap', 'ny']
['gf', 'fw', 'b', 'kr', 'jz', 'pv', 'ic', 'bn', 'nu', 'nl']
['lc', 'ez', 'rg', 'jh', 'cx', 'bl', 'bv', 'op', 'hp', 'nh']
['te', 'fh', 'sx', 'sv', 'lm', 'rr', 'ja', 'ps', 'ot', 'hi']
['gz', 'fl', 'rd', 'dw', 'cp', 'pg', 'bd', 'aw', 'vq', 'ox']
['fd', 'fn', 'sp', 'la', 'ri', 'kp', 'qc', 'jo', 'pb', 'pm']
['ty', 'tk', 'vw', 'sy', 'ss', 'lr', 'rc', 'dl', 's', 'ax']
['vu', 'ko', 'cw', 'iy', 'iz', 'be', 'bo', 'hc', 'au', 'nm']
['gu', 'ff', 'w', 'dz', 'cs', 'vg', 'br', 'oz', 'na', 'nc']
['ta', 'f', 'vj', 'mf', 'my', 'a', 'lp', 'cn', 'ip', 'ok']
['tv', 'td', 'mm', 'qi', 'ca', 'pu', 'or', 'ae', 'ar', 'ni']
['mi', 'fp', 'sl', 'r', 'qg', 'py', 'vb', 'bf', 'ho', 'ul']
['fy', 'fm', 'lz', 'l', 'dg', 'jw', 'jn', 'ie', 'bg', 'ai']
['gp', 'tc', 'sa', 'ke', 'dn', 'qe', 'x', 'ql', 'az', 'nt']
['gn', 'tf', 'mn', 'en', 'cr', 'pd', 'pj', 'y', 'bp', 'ha']
['tu', 'fq', 'lw', 'lu', 'es', 'rz', 'qa', 'jx', 'is', 'hv']
['ro', 'dd', 'cb', 'pp', 'om', 'oe', 'aa', 'ad', 'nd', 'ak']
['tm', 'mh', 'sb', 'el', 'rh', 'km', 'dk', 'da', 'qu', 'hz']
['tq', 'vz', 'fk', 'ly', 'er', 'qj', 'ct', 'pe', 'hk', 'uy']
['gx', 'ry', 'rn', 'qs', 've', 'od', 'an', 'nz', 'e', 'aj']
['gs', 'tr', 'js', 'co', 'cv', 'pa', 'ig', 'bh', 'ob', 'ow']
['gt', 'tn', 'fz', 'fj', 'uv', 'ji', 'jk', 'bj', 'ac', 'am']
['vk', 'si', 'le', 'lb', 'dy', 'ds', 'hl', 'uu', 'ud', 'nj']
['vc', 'vn', 'fg', 'ek', 'kd', 'ku', 'df', 'dq', 'qp', 'ij']
['gy', 'tt', 'fa', 'em', 'qb', 'qo', 'bk', 'us', 'uk', 'nn']
['gr', 'th', 'mk', 'ms', 'kt', 'jg', 'ii', 'oj', 'nb', 'nr']
['ge', 'p', 'vo', 'lg', 'jm', 'cm', 'vd', 'oy', 'hg', 'nk']
['ft', 'ls', 'eu', 'ep', 'dx', 'cq', 'bs', 'ur', 'al', 'vp']
['qx', 'eo', 'qw', 'wa', 'ch', 'cc', 'pt', 'px', 'ib', 'oc']
['gw', 'mv', 'ee', 'eg', 'qr', 'pc', 'iq', 'vy', 'nw', 'ub']
['vt', 'fx', 'sm', 'sf', 'lv', 'ec', 'kg', 'h', 'ci', 'pr']
['go', 'gm', 'tp', 'mt', 'q', 'sj', 'qy', 'qn', 'pz', 'hq']
['gq', 'fr', 'll', 'cg', 'n', 'o', 'hy', 'ht', 'hd', 'um']
['gc', 'du', 'qt', 'jj', 'jf', 'c', 'pn', 'iv', 'un', 'nv']
['ts', 'mg', 'st', 'dt', 'qk', 'jp', 'pw', 'hw', 'af', 'ah']
['gd', 'sz', 'eb', 'ka', 'kx', 'dh', 'dp', 'on', 'oq', 'ut']
['gi', 'vi', 'mo', 'vv', 'rs', 'kc', 'it', 'i', 'ov', 'ng']
['fv', 'sn', 'lo', 'ei', 'ki', 'qq', 'qm', 'by', 'oh', 'os']
['fu', 'sg', 'rk', 'dr', 'cz', 'ih', 'il', 'ou', 'hr', 'm']
['gv', 'gj', 'mr', 'rt', 'rl', 'cj', 'ph', 'bc', 'ol', 'uo']
['tx', 'md', 'mu', 'li', 'rw', 'iu', 'io', 'if', 'ug', 'uc']
['vh', 'mp', 'mx', 'lh', 'kj', 'ir', 'vr', 'bt', 'hs', 'hm']
['rf', 'dj', 'jq', 'uf', 'cy', 'vs', 'bw', 'og', 'z', 'ne']
['et', 'ks', 'kz', 'qv', 'jy', 'pl', 'hu', 'hf', 'ag', 'aq']
['ga', 'k', 'va', 'me', 'rq', 'kb', 'kh', 'iw', 'ba', 'of']
['vl', 'lf', 'eq', 'rx', 't', 'bm', 'oi', 'hn', 'nq', 'bb']
['gh', 'tl', 'fb', 'ld', 'lt', 'rm', 'jb', 'cu', 'ia', 'nx']
['mc', 'ln', 'ey', 'ev', 'kq', 'dm', 'hb', 'uq', 'no', 'np']
['vx', 'jc', 'pf', 'pk', 'ix', 'vf', 'ik', 'bu', 'ao', 'at']
['tw', 'to', 'ti', 'tb', 'mw', 'qh', 'oo', 'ue', 'ab', 'nf']
['tz', 'ml', 'se', 'db', 'dv', 'jt', 'jl', 'je', 'cl', 'd']
['gl', 'fe', 'sw', 'ej', 're', 'sk', 'kv', 'cf', 'bz', 'ui']
