['1dm', 'f4C', 'XYV', 'dHU', '4uq', 'b4Z', 'gaE', 'm4B', 'sdQ', 'Nsq', 'Fqs', 'fTC', 'kQr', 'RVs']
['STE', 'zMJ', 'sNU', 'm0k', 'hV6', 'JcF', 'npC', 'b5M', 'jDP', 'gHm', 'fpG', 'BFo', 'Ee4', 'O2Y']
['WD8', 'irU', '5Co', 'l6D', 'HIl', '8W9', 'Ml8', 'cCZ', 'SL9', 'RlQ', 'U32', 'hIj', 'UhF', 'xhH']
['Pbm', '2RF', 'gjs', 'N45', 'CNJ', 'hbl', 'jVD', 'MFJ', 'M83', 'WeL', 'WnO', 'GqO', 'KG7', '7IB']
['Zvx', '1pz', 'mCb']
['tMU', 'vJn', 'K9I', 'oNy', 'EZt', 'q6h', 'K32', 'hrw', '02G', 'hn5', 'pwU', 'yAq', 'NC3', 'A50']
['t4i', 'XwM', 'nOQ', 'd5R', '4yO', 'Ted', '7us', 'YMH', '4Hw', 'Aac', 'ZIH', '4zd', 'nlp', 'Bz0']
['rw3', 'nPd', '77o', 'CO5', 'Sv7', 'qYZ', 'n1R', 'yz9', 'CGv', 'Bnu', 's9g', 'zTO', 'jML', 'PPL']
['HE4', 'fax', 'P6C', 'hxI', 'YWJ', 'kHi', '0jF', 'rWh', '3hV', 'cu2', 'ifk', 'xNV', 'FqG', 'nho']
['I4q', 'WTx', '7S6', 'iBf', 'j61', 'zAn', 'xT6', '0q1', 'ViR', 'Ffc', 'yYX', 'js2', 'WGf', 'QAx']
['W7t', 'gz8', 'MZE', '9kE', '6oI', '43q', '28b', 'CI7', 'jLQ', '1af', 'NYm', 'crX', 'oGW', '3Xt']
['Yb0', 'LMs', '2JO', 'G4Q', 'Vnn', 'bOO', '7Mc', 'hak', 'zhc', 'qP1', 'jDJ', 'ktC', 'g1Z', 'fJd']
['W1v', 'Y2h', 'fbf', '9Qr', 'Th2', 'j3r', 'mgt', 'zo8', 'apT', 'KEc', 'hQQ', '6yD', 'R2N', 'ynz']
['j1P', 'GQG', 'qgk', 'fiS', 'tFz', '2qA', 'rzH', 'JSO', 'nBj', '2r1', '41z', 'wUv', '7mD', 'LEf']
['mwy', 'lUg', 'ooP', 'eWi', 'oDu', 'Thn', 'uo2', 'IhT', 'a7h', 'TsJ', 'uXk', 'xld', 'w7X', 'YLx']
['LsI', 'HuQ', 'khn', 'DIm', 'vtj', 'pya', 'mNx', '3oN', 'TE6', 'gO2', 'tVs', 'mqV', 'laN', '51j']
['sRe', 'RVV', 'pSI', '16O', 'oQw', 'd22', 'KjJ', 'yA4', 'BWH', 'Ug4', 'HWQ', 'e00', 'RCL', 'XKL']
['NK1', 'fes', '0GZ', 'XJ8', 'NIi', 'W97', 'PzU', 'J5c', '7jK', 'OYR', 'lJB', 'OD8', 'v0k', 'Gco']
['5Ns', 'qnc', 'lFC', 'h9B', 'VGh', 't7E', 'jfO', 'mYG', 'FVQ', 'RUS', '9IP', 'Ni3', 'pXb', 'OOe']
['XaK', 'Ei5', '28H', 'Tkp', 'w4O', '9lP', 'oNg', 'F4O', 'mIR', 'uL9', '0LW', '31E', 'Shf', 'ttl']
['1VI', 'bJh', '5yL']
['TES', 'yUR', 'SjL', 'vug', 'WGM', '9Yh', 'Ddq']
['UEA', 'oax', 'MyS', 'hkM', 'Iwq', '7df', '3aH', 'cuP', '5n7', 'ToD', 'm6v', '1c8', 'rHA', 'Vsl']
['fgU', 'KhJ', 'y74', 'lNF', 'bra', 'lmh', 'W1M', 'bzV', '6ka', 'c11', 'cGe', 'XWB', 'SR5', 'u3q']
['BOl', 'YRW', 'NiA', 'STu', 'IJR', 'ktd', 'uFa', 'tls', 'nK2', '7eF', '919', 'p3g', 'vXW', 'JR1']
['NJR', 'DxE', 'sbn', '1Sy', '243', 's5U', 'zya', 'fqH', 'p6i', 'DUA', 'hKB', 'Ka6', 'tdl', '7Wg']
['EQu', 'lv8', 'SAS', 'vl3', '6e7', 'akZ', 'jn6', '5m1', 'JYC', 'JqU', 'xG2', 'yjq', 'Zyo', 'sal']
['U9P', 'xbc', 'EBx', 'Lhm', 'tcm', 'qOE', 'MDx', 'C46', '2EZ', 'CUr', 'nIw', 'njc', 'OQf', 'xwk']
['0H7', 'Gjs', 'nui', 'Zsu', 'BrF', 'Giz', '2N4', 'A4D', 'JQh', 'BjQ', 'LVD', '58x', 'rFT', 'kQ0']
['ChE', '5dA', '3Ag', 'bP8', 'TKn', 'hP1', 'GMU', 'a4T', 'mtP', 'eeH', 'dLV', 'rSE', 'mra', 'jo2']
['Ai7', 'FeY', 'u2Z', 'Rk1', 'jWp']
['KZn', 'gQE', 'GVP', 'FDH', 'kO2', 'lVq', 'qpd', 'm2L', 'Vmf', 'n6E', '8Ge', 'EwN', 'nh5', '4yj']
['9Ys', 'Wei', 'HJ6', 'bXT', 'lvA', 'd8K', '44l', 'pN1', '8qA', 'YNN', 'PJx', '2w4', 'lsW', 'IYj']
['gY6', 'z9e', 'OXi', 'gGS', 'I5T', 'LnE', 'zGQ', 'nOo', 'Pxa', 't5B', 'lxq', 'wTH', 'bvp', '4QL']
['PeZ', 'z7z', 'Wq1', 'MUr', 'wOt']
['fGu', 'dlm', '4vG', 'ovp', 'HeA', 'gJK', 'jFd', 'fsw', 'ioX', 'RGr', 'CRQ', '79G', 'XEh', 'aml']
['tAh', 'MvS', 'sSK', 'BCw', 'aB1', '7Ra', 'eZA', 'YS1', 'Ski', 'Yuu', 'icK', '1ak', 'cDS']
['AqR', 'vbq', 'okX', '2QS', 'PNQ', '2Sw', 'hz6', 'S9z', 'R5h', 'zMw', 'nhM', 'LAd', 'A2l', '3Vt']
['Sru', 'saC', 'L3o', '2ye', 'eqN', 'rAN', 'evV', 'PUK', 'DRe', 'QkW', '3Xd', '0Hd', '9VG', 'S1g']
['gmz', 'Tqt', 'mwx', 'MWt', 'uKL', 'hIr', 'OSO', 'dB1', 'bBn', 'd3n', '2bJ', 'hSn', 'unf', '2Lz']
['9Ye', 'cZC', 'XDn', 'qGq', 'liM', 'CsX', 'WNU', 'u21', 'e3L', 'mCu', 'Ict', 'gSg', 'Ocl', 'zoY']
['EE4', 'rg3', '78Z', 'ol3', '5e4', 'q9b', '4ZT', 'Fcj', 'PrW', 'CIk', 'AO2', 'bWE', '3Uy', 'vSm']
['dF2', 'mzp', 'MX4', 'yXf', 'q76', 's7d', 'uci', 'MtM', 'ddO', 'arg', 'uZ6', 'xLj', 'yDC', 'Tjd']
['AT0', '4QM', 'ZTh', 'LPO', '7k7', 'QXI']
['N5I', '439', 'ET0', '4Uu', 'aIQ', 'uGu', 'XaB', 'j5Q', 'R7X', 'Nq2', 'nxV', 'ZHa', 'EA5', 'aPs']
['oX4', 'pzP', 'N0C', 'g5u']
['xtE', 'eoA', 'Rdl', 'Fqy', 'enl', 'q3C', 'poB', 'K07', 'Aj3', 'eS1', 'yaj', 'Eab', 'xLh', 'kVs']
['UET', 'X5I', '1J5', '0Bu', 'lQ0', '4Mn', 'G1u', 'WLf', 'u5i', 'OWx', 'qAc', 'lH0', 'HhO', 'kts']
['6TB', 'eu8', 'PRM', 'bZQ', 'qEv', 'qoT', 'eFm', 'wqU', 'lDt', '9km', 'vyw', 'may', 'f0e', 'hAD']
['SbT', 'FLR', 'rUR', 'PM7', 'yYa', '1CH', 'Ehn', 'xin', 'gEl', 'fYL', 'DC7', 'jWg', 'LiY', 'pXg']
['OHB', 'pN2', 'JxG', 'jkO', 'ASb', 'bC7', '7Ih', '9yS', 'Zpy', 'BME', 'zGa', 'SgL', 's58', '4nm']
['5tS', 'iY3', 'HLj', '6dm', 'gye']
['r83', 'pXl', '7yy', 'dRG', '2f6', 'gSv', 'BAA', 'eM5', 'LhI', 'WcX', 'yGe', 'wkU', '1Mp', 'FWu']
['DUy', 'rx8', '0gN', 'S2b', 'pdu', 'Ttf', 'tnb', 'Sw6', '9mo', 'i3x', 'Wlt', 'nFq', 'zN9', 'Jax']
['d31', 'gZn', 'sbj', '0me', 'np3', 'nKE', 'A9M', 'rN7', 'WG7', 'l14', '4KC', 'sYx', 'Hxd', 'D92']
['adJ', '6lA', 'DAH', 'YSr', '4LJ', 'yUh', 'Yoj', 'MUo', 'vyz', 'maf', 'zlE', 'sgb', 'PAK', 'r9i']
['sXB', 'ozk', 'eK8', 'cVV', 'tIj', 'ZGX', 'mfl', 'Rcq', '6HP', 'Cvx', '1Kn', 'txn', '9NC', 'AWr']
['o7Y', '6ah', 'fyw', 'Zt2', 'Hmk', 'zDr', 'vdt', 'FT3', 'NZH', 'LDM', 'NA1', 'LzC', 'Wa1', 'tFs']
['yMP', '8ie', 'dKO', 'VN1', 'AKl', '7Sm', 'xba', 'tgv', 'p20', 'HqB', 'fd3', '4ps', 'MJd', 'SkA']
['gIW', 'QVL', 'X9x', 'lG5', 'WjA', 'DSn', 'JoQ', 'gpO', 'WZ0', 'ZKD', '89P', 'SZi', 'Y9L', 'bJW']
['kFd', 'TMD', 'rSz', 'JlL', '9ul', '7S1', 'Lcw', 'nQu', 'dLP', 'afw', '9Id', 'ywF', 'BUt', 'XaM']
['5Hk', '5DP', 'QFL', 'IOc', 'aOg', 'ubx', 'onK', 'Z7f', 'WNm', 'Dz4', 'DMx', 'jjU', '5NA', 'Yqp']
['OHk', 'J26', 'iLv', 'kFp', 'ddY', 'hjs', '9zD', 'Vl3', 'LrH', 'RUq', 'rI7', 's2I', 'EMw', 'fYE']
['dBi', 'wac', 'CZe', 'emo', '0IB', 'IU6', 'mkh', 'Th7', 'K6h', 'ae7', 'Vfu', 'yO6', 'ekZ', 'nnl']
['5R2', 'rgc', 'Y1y', 'krw', 'gnV', '2dZ', 'WGV', 'Vgt', 'yLH', 'BYb', 'Nxo', 'tph', '4QY', 'mbB']
['9CZ', 'Cjz', 'JPb', 'Ky4', 'ZwA', 'eYl', 'Z1r', 'G0D', 'PC6', 'S3R', 'LC6', 'NhW', 'SE6', 'Nuj']
['plT', 'Ujw', 'fkx', 'AHl', 'NXa', 'RON', '0yK', 'dJR', 'O1j', 'mMy', 'QUA', 'JeV', 'aMi', 'SlE']
['Tcm', 'd6T', 'A3U', 'G2O', 'txd', 'WyA', 'yey', 'VpP', 'ylE', '7ge', 'pUv', 'gyz', 'wCA', 'qj0']
