['168', '260', '446', '457', '867', '897', '901', '905']
['52', '131', '155', '206', '382', '459', '534', '795', '845', '948']
['241', '280', '289', '415', '489', '578', '752', '797', '825', '865', '939']
['219', '270', '316', '369', '683', '808', '892', '947', '980']
['75', '103', '304', '313', '367', '447', '551', '751', '756', '978']
['90', '134', '148', '285', '302', '330', '408', '464', '533', '673', '882']
['46', '247', '361', '423', '470', '565', '570', '571', '741', '804']
['21', '55', '77', '150', '254', '587', '606', '615', '784', '813', '929']
['28', '138', '257', '507', '513', '596', '659', '720', '896']
['51', '66', '97', '223', '240', '259', '314', '542', '722', '821']
['87', '253', '268', '312', '319', '399', '418', '517', '672', '841', '954']
['2', '305', '386', '482', '622', '635', '763', '818', '942']
['26', '58', '167', '248', '483', '562', '809', '843', '857', '891']
['73', '193', '203', '210', '356', '647', '775', '817', '819', '928', '983']
['40', '110', '322', '343', '456', '543', '676', '689', '792']
['85', '163', '442', '494', '764', '908', '915', '946', '961']
['39', '69', '129', '376', '479', '609', '768', '793', '914', '982']
['276', '296', '400', '526', '645', '665', '714', '770', '887', '960']
['113', '177', '251', '362', '396', '413', '468', '515', '899']
['11', '79', '279', '561', '573', '577', '583', '586', '601', '826', '920']
['143', '227', '557', '626', '685', '729', '779', '873', '880', '986']
['111', '212', '344', '467', '545', '655', '718', '862', '888', '997']
['72', '84', '175', '274', '401', '437', '661', '734', '753', '904']
['88', '217', '383', '409', '454', '642', '662', '688', '693', '710', '884']
['29', '149', '235', '243', '333', '445', '449', '574', '650', '687']
['136', '200', '458', '463', '496', '602', '684', '762', '787', '912']
['7', '261', '353', '387', '411', '581', '674', '682', '874', '976', '990']
['14', '160', '277', '306', '310', '514', '527', '757', '815']
['64', '230', '284', '506', '532', '698', '765', '829', '913', '943']
['6', '16', '42', '106', '290', '331', '443', '451', '789', '957']
['190', '283', '321', '422', '476', '499', '599', '658', '786', '791']
['5', '22', '23', '141', '354', '540', '735', '799', '866', '876']
['181', '288', '373', '504', '556', '717', '807', '877', '894', '977']
['180', '211', '381', '558', '585', '715', '780', '844', '855', '856']
['116', '182', '286', '325', '491', '632', '653', '941', '952']
['34', '170', '431', '466', '488', '522', '759', '878', '895', '992']
['3', '47', '264', '397', '430', '484', '603', '637', '840', '851', '975']
['61', '68', '78', '104', '209', '221', '537', '811', '842', '955']
['360', '429', '465', '485', '525', '705', '744', '747', '750', '889']
['12', '137', '255', '414', '564', '648', '743', '790', '802', '879', '903']
['37', '74', '262', '307', '315', '342', '450', '719', '994']
['9', '30', '226', '263', '320', '341', '366', '518', '848', '917', '999']
['70', '81', '224', '317', '404', '453', '493', '732', '806']
['45', '187', '579', '618', '627', '872', '934', '987']
['57', '165', '225', '391', '477', '478', '604', '646', '708', '991']
['179', '309', '324', '426', '440', '461', '520', '521', '547', '623', '814', '861']
['93', '118', '172', '215', '334', '358', '417', '455', '633', '711', '728', '739']
['123', '473', '538', '566', '611', '613', '634', '669', '922', '938']
['124', '237', '364', '481', '510', '639', '738', '853', '909']
['229', '242', '352', '544', '631', '651', '810', '847', '849']
['127', '135', '176', '345', '393', '560', '636', '782', '971']
['4', '189', '292', '379', '594', '608', '721', '727', '805', '822', '963']
['96', '201', '216', '266', '652', '785', '869', '902', '965']
['56', '107', '245', '444', '629', '667', '859', '951', '953', '981']
['35', '59', '202', '213', '502', '511', '621', '644', '758', '931', '949']
['108', '157', '188', '231', '328', '584', '638', '890', '944']
['0', '272', '323', '332', '390', '419', '702', '816', '870']
['153', '162', '238', '359', '654', '737', '740', '783', '921', '996']
['82', '204', '246', '338', '348', '492', '569', '640', '724', '742', '923']
['147', '152', '156', '228', '480', '535', '726', '754', '824']
['126', '171', '326', '421', '725', '745', '910', '962', '973', '993']
['10', '347', '368', '436', '509', '536', '617', '628', '692', '706', '875', '988']
['94', '281', '335', '416', '427', '441', '505', '713', '926', '985']
['115', '139', '144', '222', '301', '519', '595', '696', '798', '831']
['17', '36', '130', '278', '298', '731', '769', '771', '781', '918']
['63', '269', '378', '553', '593', '630', '733', '772', '833', '969']
['67', '191', '234', '297', '299', '439', '546', '548', '828', '932', '945']
['122', '145', '173', '208', '287', '365', '435', '680', '883']
['89', '184', '197', '233', '327', '433', '475', '500', '701', '974']
['15', '65', '151', '198', '239', '425', '432', '541', '549', '671', '898']
['140', '214', '236', '256', '380', '524', '663', '863', '925']
['119', '158', '220', '340', '528', '697', '712', '827', '837', '871']
['159', '164', '178', '194', '195', '196', '346', '681', '766', '998']
['1', '20', '91', '183', '192', '291', '349', '801', '860', '967', '979']
['48', '185', '186', '336', '554', '575', '616', '666', '803']
['43', '101', '128', '388', '395', '405', '501', '668', '690', '823']
['92', '271', '275', '550', '592', '794', '835', '839', '885', '937', '940']
['32', '377', '406', '523', '531', '699', '774', '900', '907']
['60', '114', '154', '370', '371', '374', '641', '656', '846', '919']
['27', '169', '265', '293', '428', '462', '552', '704', '755', '800']
['83', '295', '308', '402', '438', '582', '612', '624', '695', '746', '776']
['232', '252', '267', '329', '508', '778', '836', '854', '930']
['112', '117', '339', '392', '420', '568', '643', '716', '964', '966']
['109', '205', '300', '490', '591', '678', '850', '893', '936', '989']
['121', '372', '495', '539', '767', '881', '886', '911', '927', '950']
['13', '76', '120', '311', '337', '572', '660', '707', '709', '933']
['53', '318', '487', '576', '589', '694', '773', '812', '959', '984']
['31', '54', '100', '132', '250', '355', '619', '664', '788']
['44', '146', '174', '398', '497', '516', '530', '736', '868', '935']
['24', '62', '80', '133', '199', '407', '452', '607', '703', '995']
['71', '249', '282', '351', '410', '424', '580', '625', '749', '970']
['19', '25', '394', '448', '460', '469', '503', '559', '730', '852']
['41', '98', '125', '244', '303', '350', '471', '614', '649', '748', '838']
['49', '555', '563', '686', '691', '777', '830', '968']
['8', '18', '95', '218', '258', '657', '670', '675', '700', '972']
['86', '99', '161', '357', '375', '472', '512', '598', '605', '796', '834', '958']
['50', '142', '273', '403', '474', '590', '597', '677', '761', '864', '906']
['102', '294', '363', '385', '434', '486', '567', '610', '620']
['105', '166', '384', '412', '529', '600', '760', '858', '924', '956']
['33', '38', '207', '389', '498', '588', '679', '723', '820', '832', '916']
