['469', '491', '905']
['150', '579']
['96', '120', '207', '512']
['244', '690', '972']
['15', '586', '670']
[]
['301', '458', '825', '951']
['661', '682']
['72', '345', '431', '570']
['18', '183', '335', '340']
['204', '665']
['48', '105', '130', '255']
['58', '641']
['702', '753', '854', '906']
['101', '156', '241', '363']
[]
['218']
['67', '118', '714', '868']
['89', '289', '338', '346']
['365', '856', '961']
['21', '73', '148', '783']
['11', '272', '566', '813']
['242', '441', '555', '692']
['465', '797']
['488', '739', '826']
['194', '406', '433', '557']
['47']
['373', '487', '638', '785']
['527', '626', '859']
[]
['81', '116', '644']
['719', '726', '883', '967']
['263', '979']
['516', '569', '651', '912']
['428', '666', '728']
['135', '310', '966']
['12', '264', '445', '614']
['351', '540', '732', '939']
['176', '847']
['779', '891', '925']
['43', '55', '153', '291']
['770', '782', '973']
['688', '816', '831']
['261', '518', '647', '707']
['550', '927']
['201', '240', '453']
['188', '423', '542', '709']
['191', '656', '892', '910']
['249', '332', '473']
['144', '180', '223', '466']
['94', '95']
['397', '495', '639', '946']
['137', '149', '313', '668']
['650', '712', '780', '960']
['38', '576', '747', '762']
['17', '24', '93', '157']
['71', '159', '274', '326']
['385', '414', '463', '513']
['35', '198', '304', '515']
['104', '506', '956']
['229', '538', '548', '948']
['187', '415', '977']
['435', '503', '534', '711']
['432', '451', '866', '978']
['276', '493', '659', '736']
['27', '172', '858']
['284', '358', '554']
['418', '963']
['233']
['462', '654', '730']
['106', '279', '319', '922']
['228', '828']
['103', '582', '857', '873']
['447', '706', '793', '898']
['489', '583']
['721', '803', '902']
[]
['37', '424']
['68', '287']
['751']
['146']
['163', '448', '541', '616']
['239', '327', '829', '888']
['161', '596', '615', '894']
['197', '845']
['551', '761', '804']
['395', '427', '486', '635']
['817', '897']
['270', '878']
[]
['601', '798', '916']
['181', '705', '835', '954']
['32', '133', '280', '436']
['278', '444']
['386', '763', '772', '914']
['717', '735', '819']
['367', '384', '496', '655']
['532', '824']
['98', '165', '508', '776']
['115', '336', '543', '645']
['20', '85', '459', '567']
['182', '788', '964']
['200', '544', '676', '685']
['25', '552', '768']
['231', '321', '344']
['220', '578', '920']
['134', '257', '461']
['286', '950']
['155', '452']
['114', '366', '679', '855']
['517', '807']
['8']
['577', '880']
['624']
['154', '190', '814']
['729', '805', '879']
['164', '234', '456', '460']
['152', '404', '861']
['41', '598', '749']
['83', '368']
['199', '295', '354', '377']
['65', '419', '760', '862']
['383', '443', '482', '683']
['186', '691', '742', '833']
['147', '597', '671', '913']
['343']
['30', '69', '109', '449']
['600', '664']
['254', '637']
['125', '247', '311', '387']
['77', '88', '296', '887']
['236', '933']
['700', '744', '962']
['330', '361', '837']
['84', '140', '504']
['317', '850']
['5', '483', '949']
['352', '759', '907']
['307']
['407', '594', '787']
[]
['324', '349', '815']
['110', '312', '602', '924']
['74', '413', '777']
['490']
['320', '381', '411', '442']
['302', '389', '525', '629']
['78', '217', '838', '980']
['268', '971']
['376', '528', '595']
['142']
['170', '514', '558', '672']
['141', '371', '603']
['1', '248']
['36', '258', '958', '970']
['704']
['348', '872']
['34', '353', '778']
['196', '959']
['698', '890', '901']
['29']
['607', '622', '928']
['92', '591', '669', '944']
['478', '820', '871']
['356', '573', '765', '882']
['271', '889']
['215', '642', '808', '936']
['122', '138', '323', '471']
['50', '214']
['484']
['477']
['394', '618', '822', '869']
['246', '574', '621', '842']
['485', '840']
['44', '708', '984']
['623', '694', '957', '975']
['509', '592', '640', '745']
['143', '189', '794', '908']
['221', '251', '306', '568']
['117', '715', '968']
['166', '205', '590']
['378', '472', '677', '827']
['610', '617', '737', '844']
['132', '375', '718', '934']
['364', '791', '834']
['126', '127', '334', '634']
['54', '575', '870']
['283', '643', '921']
['184', '757', '764', '874']
['202', '342', '505', '549']
['162', '865']
['604']
['82', '357', '402', '572']
['136', '224', '227', '235']
['474', '976']
['76', '80', '262', '355']
['265', '620', '781']
['420', '476', '565', '945']
['14', '87', '91', '606']
['206', '243', '511', '680']
['10', '193', '325', '339']
['97', '422', '942']
['836', '903']
['40', '713', '923']
['16', '179', '563', '662']
['237', '581']
['636']
['3', '275', '430', '652']
['226', '360', '416', '440']
['208', '293', '499']
['28', '52', '329', '480']
['300', '380', '699']
['494', '500', '864']
['23', '940', '974']
['62', '362']
['539', '915']
['238', '792', '841', '918']
['45', '350', '535', '786']
['322', '410']
['253', '809']
['211', '370', '470', '935']
['53', '347', '429', '846']
['259', '657', '863']
['86', '396', '673', '930']
['4', '510', '900', '938']
['405']
['13', '59', '75', '250']
['446', '919']
['203', '731', '895']
['108', '457', '467', '608']
['252']
['875', '983']
['70']
['99', '379', '481', '755']
['56', '733']
['341', '649', '931']
['60', '455']
['112', '359', '743', '806']
['497', '524', '884']
['754', '929']
['185', '305', '767']
['628', '633']
['113', '911']
['277', '703', '716']
['297', '531', '631', '667']
['537']
['79', '292', '611', '710']
['372', '545', '619', '663']
['390', '609', '689', '823']
['955']
['26', '121', '559', '748']
['9', '33', '648', '674']
['210']
['100', '158', '437', '522']
['315', '675', '720', '952']
['393', '893']
['498']
['547', '564', '627', '658']
['131', '160', '219', '725']
['209', '584', '758', '796']
['139', '439', '953']
['318', '885']
['285', '723', '849']
['562']
['61', '124', '129', '388']
['66', '853']
['2', '107', '266', '267']
['687', '852']
['171', '789', '904']
['409', '580', '773', '851']
['192', '434', '724']
[]
['119', '123', '391', '475']
['225', '230', '245', '520']
['492', '752', '818', '917']
['6', '529', '693', '848']
['63', '374', '392', '502']
['145', '571', '630', '881']
['31', '42', '273', '646']
['308']
['501', '589']
['546', '653', '722', '769']
['681', '727', '801', '896']
['337', '398', '408', '533']
['468', '585', '697', '790']
['177', '294', '536', '632']
['553', '740', '774', '810']
['57', '314', '605', '750']
['403', '756']
['899', '943']
['561']
['613', '686']
['102', '412', '521', '843']
['49', '128', '328', '399']
['281', '464', '660', '695']
['169', '288', '333', '519']
['51', '701', '784', '876']
['303', '821', '860']
['556', '738', '832']
['438', '625']
['212', '382']
['696', '771']
['46', '260', '290', '766']
['178', '812', '886']
['22', '299', '965', '981']
['421', '775', '795', '937']
['734']
['678', '982']
['400', '599']
['167', '269', '401', '588']
['560', '830']
['450', '867', '969']
['425', '426']
['19', '151', '216', '479']
['7']
['175', '232', '417', '507']
['64', '90', '195', '256']
['39', '222', '454']
['331', '587', '593', '746']
['309', '523']
['282', '926', '941']
['111', '174', '802', '909']
['530', '799', '811', '947']
['173', '213', '526', '741']
[]
['298', '839', '932']
['316', '612', '877']
['168', '369', '684', '800']
