['Brigida', 'Caryl', 'Celie', 'Ashly', 'Christiane', 'Bettina', 'Brinna', 'Penny', 'Beulah', 'Brandy']
['Camala', 'Ailey', 'Cecil', 'Alysa', 'Aggy', 'Carlin', 'Bernadette', 'Adrian', 'Caye', 'Britte']
['Ardisj', 'Anselma', 'Barbara', 'Carolan', 'Amandi', 'Binnie', 'Annamarie', 'Cati', 'Brittany', 'Cassondra']
['Ashli', 'Bernardine', 'Christian', 'Caritta', 'Berny', 'Ayn', 'Amandie', 'Cathryn', 'Ashla', 'Benny']
['Audre', 'Billi', 'Bethena', 'Aurore', 'Ambur', 'Annetta', 'Annalee', 'Bobette', 'Ainsley', 'Belle']
['Bertha', 'Adey', 'Berthe', 'David', 'Anitra', 'Beckie', 'Christy', 'Alis', 'Caresse', 'Anette']
['Austin', 'Carina', 'Carmela', 'Cathie', 'Ali', 'Annora', 'Ava', 'Charlotta', 'Ardelia', 'Adina']
['Adelice', 'Allyson', 'Andromache', 'Cammie', 'Adah', 'Audra', 'Carole', 'Bonny', 'Casi', 'Candi']
['Cathy', 'Catriona', 'Bobbette', 'Cammi', 'Alvina', 'Charlene', 'Angy', 'Alexia', 'Caty', 'Brinn']
['Celine', 'Bridget', 'Beverlee', 'Arlina', 'Avrit', 'Ange', 'Bobbye', 'Aeriell', 'Cherye', 'Christye']
['Adelheid', 'Annis', 'Christin', 'Cele', 'Billye', 'Alika', 'Abbey', 'Beth', 'Cate', 'Chris']
['Bathsheba', 'Antoinette', 'Camel', 'Ardella', 'Angelique', 'Alexina', 'Andie', 'Agnes', 'Bobbee', 'Blanche']
['Benoite', 'Arlinda', 'Bennie', 'Britt', 'Arabelle', 'Arielle', 'Christean', 'Andee', 'Cherin', 'Abbi']
['Casie', 'Carlotta', 'Brittni', 'Annette', 'Amy', 'Celestine', 'Babs', 'Bee', 'Adi', 'Brittne']
['Cody', 'Chrysler', 'Aurel', 'Alix', 'Alica', 'Adeline', 'Ami', 'Amara', 'Abagael', 'Briney']
['Ardyce', 'Calypso', 'Alidia', 'Bibby', 'Aryn', 'Ashley', 'Carlynne', 'Bibbye', 'Anthia', 'Benita']
['Britta', 'Bobby', 'Amabelle', 'Cathyleen', 'Adrienne', 'Anni', 'Alyce', 'Arlen', 'Chelsey', 'Brier']
['Anastasie', 'Caitrin', 'Camellia', 'Cassandry', 'Caroline', 'Auberta', 'Amaleta', 'Cassandra', 'Bobine', 'Alicia']
['Ashlan', 'Aliza', 'Belvia', 'Aubrie', 'Andria', 'Carleen', 'Alaine', 'Angelia', 'Angie', 'Alta']
['Arda', 'Amalea', 'Alverta', 'Adriane', 'Cherlyn', 'Carly', 'Celinka', 'Bridie', 'Jean', 'Cesya']
['Anjanette', 'Addy', 'Ann', 'Brandie', 'Anatola', 'Carolyn', 'Alice', 'Antonia', 'Abigale', 'Cherri']
['Cariotta', 'Adrea', 'Bryn', 'Camella', 'Charlotte', 'Alexandra', 'Cathee', 'Chloette', 'Candra', 'Ashlen']
['Andi', 'Bryana', 'Bili', 'Bobbi', 'Chelsy', 'Anthiathia', 'Angelica', 'Biddy', 'Bree', 'Amelia']
['Betteann', 'Adel', 'Aurelea', 'Carri', 'Bari', 'Aridatha', 'Ashia', 'Arleyne', 'Cathe', 'Aigneis']
['Bonnie', 'Allsun', 'Betty', 'Cherilyn', 'Amargo', 'Antonie', 'Ana', 'Atlanta', 'Carlye', 'Blancha']
['Charmain', 'Agace', 'Ailsun', 'Abigail', 'Annalise', 'Carmella', 'Aloise', 'Celestina', 'Alyda', 'Aimee']
['Carla', 'Benedikta', 'Catha', 'Alanna', 'Bettye', 'Camila', 'Betsey', 'Adoree', 'Aura', 'Abigael']
['Chloris', 'Bette', 'Bernadine', 'Ailis', 'Alma', 'Audrie', 'Amalle', 'Batsheva', 'Barbe', 'Bethany']
['Abbie', 'Aloysia', 'Britney', 'Ardenia', 'Arluene', 'Caterina', 'Andra', 'Aile', 'Calli', 'Amalita']
['Carine', 'Adela', 'Bobbie', 'Arabella', 'Beverley', 'Charleen', 'Arlie', 'Caryn', 'Birdie', 'Angil']
['Ania', 'Amity', 'Christiana', 'Alexa', 'Alikee', 'Andy', 'Breanne', 'Alissa', 'Carmina', 'Analiese']
['Blakeley', 'Alie', 'Amberly', 'Bernita', 'Bella', 'Carry', 'Blondell', 'Adora', 'Berrie', 'Alvera']
['Bettine', 'Babb', 'Carline', 'Benedicta', 'Carley', 'Brit', 'Berta', 'Bernardina', 'Annelise', 'Alene']
['Brande', 'Charlot', 'Aggie', 'Blakelee', 'Adella', 'Brook', 'Brina', 'Albertine', 'Carin', 'Amabel']
['Ardys', 'Carolina', 'Beatrisa', 'Andree', 'Ainslee', 'Cara', 'Anetta', 'Aline', 'Carolee', 'Christina']
['Charmane', 'Carlen', 'Bert', 'Betteanne', 'Cecilia', 'Bernadene', 'Carmelle', 'Anthe', 'Brittney', 'Audrey']
['Betta', 'Agneta', 'Anica', 'Catlin', 'Brear', 'Bernetta', 'Andreana', 'Mary', 'Cecelia', 'Alameda']
['Barbi', 'Blake', 'Beret', 'Chad', 'Anny', 'Anett', 'Babara', 'Ardyth', 'Brenna', 'Alyss']
['Annadiane', 'Bea', 'Carlina', 'Carlynn', 'Beryl', 'Aurelie', 'Ailina', 'Alida', 'Bebe', 'Charmion']
['Celia', 'Camile', 'Alanah', 'Christine', 'Atlante', 'Adrianna', 'Caressa', 'Arly', 'Aeriela', 'Adelaida']
['Ashleigh', 'Cathrin', 'Agretha', 'Ardis', 'Bellanca', 'Augustine', 'Cheslie', 'Blithe', 'Addi', 'Ashlie']
['Allina', 'Alejandra', 'Alexis', 'Annie', 'Amitie', 'Chrissie', 'Carmita', 'Aprilette', 'Carilyn', 'Ame']
['Bonita', 'Avis', 'Bambi', 'Aurilia', 'Alecia', 'Bev', 'Chandal', 'Annabella', 'Britni', 'Birgitta']
['Bill', 'Ardith', 'Alisa', 'Candide', 'Allyn', 'Billie', 'Agata', 'Cacilia', 'Alane', 'Brandais']
['Blythe', 'Allegra', 'Arlyne', 'Arliene', 'Anne', 'Barry', 'Belicia', 'Carma', 'Charlena', 'Brenda']
['Cherida', 'Caitlin', 'Binny', 'Almira', 'Alberta', 'Annabal', 'Blondy', 'Carroll', 'Brunhilde', 'Agatha']
['Cherianne', 'Catie', 'Anderea', 'Beverly', 'Alayne', 'Aila', 'Bekki', 'Carmel', 'Annamaria', 'Annaliese']
['Bren', 'Cathleen', 'Amelita', 'Ashlee', 'Cammy', 'Arlena', 'Bambie', 'Brigid', 'Catlaina', 'Bess']
['Brynne', 'Cassie', 'Barbabra', 'Alex', 'Cher', 'Bride', 'Charla', 'Amii', 'Benetta', 'Ceciley']
['Anastassia', 'Carlene', 'Averil', 'Callie', 'Allison', 'Babette', 'Carlita', 'Carrissa', 'Chere']
['Audie']
