['189', '140', '433', '178', '96', '323', '158', '294', '63', '432', '423', '277', '347', '69', '402', '487', '176', '492', '447', '56', '321', '161', '88', '186', '11', '163', '316', '185', '65', '445', '424', '70', '210', '415', '123', '333', '287', '324', '164', '226', '204', '86', '358', '53', '387', '126', '364', '33', '343', '427', '307', '378', '430', '171', '248', '275', '188', '359', '89', '4', '263', '397', '412', '271', '38', '13', '393', '254', '306', '187', '283', '102', '64', '84', '157', '31', '261', '342', '42', '77', '121', '389', '80', '494', '353', '101', '284', '416', '229', '469', '184', '113', '326', '479', '456', '264', '484', '117', '394', '365', '15', '392', '182', '406', '82', '350', '382', '141', '410', '329', '296', '9', '444', '215', '380', '367', '379', '471', '388', '449', '22', '244', '168', '401', '235', '58', '146', '147', '337', '384', '395', '446', '314', '286', '137', '443', '288', '257', '409', '142', '71', '150', '458', '466', '481', '49', '17', '98', '315', '7', '460', '90', '24', '311', '205', '375', '120', '396', '87', '297', '227', '14', '477', '8', '356', '355', '451', '52', '303', '340', '436', '320', '61', '285', '454', '292', '169', '222', '280', '476', '136', '488', '59', '23', '34', '440', '270', '118', '300', '234', '331', '354', '421', '317', '36', '293', '115', '442', '465', '74', '76', '110', '173', '281', '493', '404', '179', '459', '94', '279', '322', '107', '377', '79', '148', '362', '269', '92', '83', '225', '309', '149', '475']
['327', '230', '243', '128', '66', '192', '233', '46', '305', '114', '81', '328', '132', '203', '405', '167', '425', '91', '196', '461', '97', '170', '16', '276', '463', '152', '130', '231', '464', '363', '267', '376', '220', '351', '431', '240', '62', '45', '253', '93', '219', '428', '256', '12', '383', '190', '344', '172', '419', '139', '144', '278', '251', '352', '485', '40', '55', '44', '467', '398', '50', '26', '180', '448', '193', '452', '174', '238', '201', '260', '361', '135', '127', '241', '450', '268', '160', '291', '247', '191', '145', '399', '211', '72', '6', '214', '108', '208', '339', '37', '2', '482', '100', '308', '301', '199', '27', '255', '435', '32', '414', '207', '242', '143', '246', '299', '478', '106', '474', '385', '495', '177', '470', '155', '200', '197', '418', '43', '373', '206', '357', '489', '116', '21', '28', '224', '403', '312', '273', '386', '223', '237', '310', '302', '57', '48', '439', '162', '78', '250', '109', '67', '194', '54', '19', '483', '366', '209', '99', '75', '195', '239', '381', '457', '258', '313', '266', '330', '181', '318', '490', '325', '10', '119', '138', '95', '122', '73', '349', '133', '166', '334', '198', '111', '282', '289', '272', '131', '429', '125', '336', '360', '153', '319', '85', '156', '338', '29']
['290', '480', '420', '216', '298', '1', '218', '468', '20', '154', '60', '175', '217', '202', '213', '221', '0', '129', '371', '112', '391', '453', '426', '332', '5', '407', '390', '151', '473', '183', '3', '304', '47', '249', '124', '472', '39', '413', '497', '274', '372', '165', '262', '496', '228', '35', '18', '369', '341', '265', '499', '455', '346', '41', '245', '51', '30', '259', '408', '348', '232', '411', '103', '212', '134', '335', '438', '105', '498']
['368', '236', '486', '491']
['370']
['104']
['422']
['68']
['400']
['441']
['159']
['345']
['437']
['462']
['434']
['25']
['295']
['417']
['374']
['252']
