['221', '122', '812', '629', '347', '197', '111', '718', '151', '147', '22', '242', '599', '685', '755', '596', '584', '419']
['150', '341', '525', '786', '481', '494', '756', '368', '677', '185', '288', '799', '228', '780', '126', '498', '165', '193', '413', '125', '631', '772', '669', '180', '109', '123', '543', '219', '817', '678', '55', '354', '551', '129', '49', '691', '705', '294', '94', '34', '670', '830', '819', '268', '161', '457', '103', '204', '217', '464']
['236', '690', '13', '283', '532', '733', '1', '811', '709', '363', '487', '250', '312', '252', '580', '80', '835', '76', '418', '766', '405', '246', '816', '773', '801', '330', '45', '546', '119', '544', '77', '509', '665', '567', '735', '759', '802', '473', '575', '776', '85', '169', '215', '600', '68', '513', '564', '777', '133', '352']
['387', '190', '758', '514', '774', '576', '515', '399', '42', '664', '574', '516', '139', '537', '770', '673', '36', '648', '781', '511', '765', '579', '86', '748', '704', '548', '200', '650', '657', '220', '747', '27', '420', '455', '141', '767', '606', '547', '12', '253', '832', '47', '323', '672', '428', '174', '367', '52', '72', '342']
['211', '738', '101', '143', '478', '212', '274', '44', '136', '64', '258', '512', '700', '633', '710', '708', '335', '46', '595', '698', '23', '730', '695', '769', '714', '431', '432', '560', '9', '66', '254', '726', '152', '612', '57', '269', '654', '4', '731', '501', '701', '175', '238', '592', '791', '144', '29', '728', '306', '475']
['2', '395', '248', '565', '245', '225', '336', '536', '278', '132', '743', '285', '433', '522', '630', '526', '117', '396', '495', '313', '490', '578', '496', '404', '156', '264', '344', '493', '594', '337', '435', '166', '469', '79', '768', '627', '358', '230', '130', '234', '102', '118', '40', '374', '41', '520', '394', '834', '18', '542']
['614', '170', '131', '438', '287', '658', '35', '194', '188', '262', '808', '99', '107', '671', '687', '378', '370', '179', '771', '440', '652', '412', '349', '216', '510', '813', '784', '357', '459', '178', '364', '289', '635', '61', '100', '63', '618', '653', '503', '24', '502', '489', '697', '303', '297', '208', '553', '583', '541', '95']
['65', '302', '280', '573', '613', '563', '693', '463', '5', '90', '247', '625', '256', '796', '442', '642', '723', '177', '60', '778', '71', '75', '318', '533', '451', '227', '309', '818', '321', '276', '98', '320', '483', '328', '291', '202', '229', '158', '110', '610', '350', '329', '26', '637', '379', '507', '402', '634', '148', '81']
['636', '719', '518', '171', '74', '696', '688', '550', '668', '470', '33', '266', '617', '674', '815', '569', '641', '198', '443', '554', '732', '552', '53', '751', '593', '724', '176', '530', '744', '112', '729', '456', '529', '753', '720', '314', '656', '83', '694', '338', '477', '105', '505', '590', '434', '214', '804', '699', '146', '559']
['649', '622', '737', '356', '760', '96', '186', '182', '189', '259', '69', '58', '445', '568', '223', '384', '485', '619', '195', '707', '10', '717', '205', '734', '659', '831', '222', '504', '689', '149', '607', '381', '187', '441', '93', '793', '300', '787', '820', '406', '824', '517', '351', '284', '462', '479', '38', '224', '538', '764']
['371', '466', '257', '251', '213', '446', '609', '524', '822', '621', '20', '486', '556', '304', '562', '134', '343', '331', '686', '521', '196', '84', '183', '458', '531', '168', '15', '78', '265', '436', '722', '124', '298', '19', '244', '218', '472', '666', '121', '91', '429', '615', '16', '716', '21', '233', '299', '142', '644', '452']
['0', '267', '679', '292', '365', '825', '602', '577', '277', '240', '239', '792', '192', '833', '806', '255', '527', '409', '826', '829', '154', '231', '410', '373', '400', '742', '794', '315', '810', '408', '660', '332', '203', '561', '582', '293', '164', '232', '209', '683', '348', '372', '207', '346', '89', '823', '56', '181', '803', '604']
['628', '414', '647', '761', '163', '272', '461', '680', '115', '317', '611', '484', '184', '403', '263', '800', '713', '391', '376', '684', '608', '326', '785', '624', '535', '589', '32', '162', '11', '159', '499', '566', '427', '745', '460', '360', '305', '597', '137', '345', '558', '640', '307', '465', '798', '752', '643', '28', '616', '623']
['8', '157', '663', '423', '308', '383', '661', '603', '523', '754', '491', '557', '106', '549', '167', '301', '390', '237', '113', '682', '439', '290', '260', '311', '31', '692', '30', '437', '353', '534', '316', '39', '783', '7', '295', '750', '199', '173', '795', '587', '279', '626', '639', '763', '449', '92', '67', '261', '155', '426']
['605', '425', '836', '59', '545', '736', '838', '362', '711', '393', '54', '805', '807', '646', '48', '88', '740', '51', '411', '581', '741', '809', '87', '444', '638', '270', '598', '333', '476', '555', '539', '837', '322', '779', '50', '114', '725', '369', '375', '273', '782', '401', '281', '506', '82', '790', '108', '681', '282', '839']
['497', '828', '488', '645', '746', '480', '243', '407', '296', '739', '662', '43', '340', '160', '191', '601', '675', '361', '319', '706', '667', '172', '324', '715', '286', '585', '366', '789', '271', '97', '397', '135', '508', '415', '138', '448', '727', '712', '591', '421', '586', '467', '422', '588', '398', '380', '620', '128', '775', '6']
['655', '762', '651', '471', '632', '116', '127', '676', '70', '454', '572', '416', '749', '424', '140', '468', '339', '571', '570', '474', '14', '275', '206', '417', '757', '327', '359', '702', '120', '519', '310', '382', '450', '540', '821', '430']
['389', '235', '241', '153']
['392']
['797']
['325']
['827']
['210']
['25']
['226']
['447']
['385']
['814']
['355']
['62']
['377']
['201']
['104']
['528']
['3']
['386']
['388']
['482']
['500']
['249']
['721']
['73']
['17']
['334']
['788']
['453']
['37']
['492']
['145']
['703']
