['32', '31', '33', '34', '35', '36', '37', '38', '39', '40', '41', '428', '427', '429', '430', '431', '432', '433', '434', '435', '436', '437']
['479', '478', '480', '481', '482', '483', '484', '485', '486', '487', '579', '578', '580', '581', '582', '583', '584', '585', '586', '587']
['351', '350', '352', '353', '354', '355', '356', '357', '358', '418', '417', '419', '420', '421', '422', '423', '424', '425', '426']
['84', '83', '85', '86', '87', '88', '89', '90', '91', '92', '93', '439', '438', '440', '441', '442', '443', '444', '445', '446']
['569', '568', '570', '571', '572', '573', '574', '575', '576', '577', '688', '687', '689', '690', '691', '692', '693', '694', '695']
['22', '21', '23', '24', '25', '26', '27', '28', '29', '30', '600', '599', '601', '602', '603', '604', '605', '606', '607', '608']
['267', '266', '268', '269', '270', '271', '272', '273', '274', '275', '276', '448', '447', '449', '450', '451', '452', '453', '454', '455', '456']
['247', '246', '248', '249', '250', '251', '252', '253', '254', '628', '627', '629', '630', '631', '632', '633', '634', '635', '636', '637']
['330', '329', '331', '332', '333', '334', '335', '336', '337', '338', '458', '457', '459', '460', '461', '462', '463', '464', '465', '466']
['706', '705', '707', '708', '709', '710', '711', '712', '713', '766', '765', '767', '768', '769', '770', '771', '772', '773', '774']
['197', '196', '198', '199', '200', '201', '202', '203', '204', '726', '725', '727', '728', '729', '730', '731', '732', '733', '734', '735']
['287', '286', '288', '289', '290', '291', '292', '293', '294', '295', '296', '589', '588', '590', '591', '592', '593', '594', '595', '596', '597', '598']
['2', '1', '3', '4', '5', '6', '7', '8', '9', '10', '11', '670', '669', '671', '672', '673', '674', '675', '676', '677']
['216', '215', '217', '218', '219', '220', '221', '222', '223', '224', '225', '399', '398', '400', '401', '402', '403', '404', '405', '406']
['737', '736', '738', '739', '740', '741', '742', '743', '744', '746', '745', '747', '748', '749', '750', '751', '752', '753']
['137', '136', '138', '139', '140', '141', '142', '143', '144', '145', '146', '278', '277', '279', '280', '281', '282', '283', '284', '285']
['43', '42', '44', '45', '46', '47', '48', '49', '50', '51', '105', '104', '106', '107', '108', '109', '110', '111', '112', '113', '114']
['126', '125', '127', '128', '129', '130', '131', '132', '133', '134', '135', '206', '205', '207', '208', '209', '210', '211', '212', '213', '214']
['13', '12', '14', '15', '16', '17', '18', '19', '20', '499', '498', '500', '501', '502', '503', '504', '505', '506']
['116', '115', '117', '118', '119', '120', '121', '122', '123', '124', '256', '255', '257', '258', '259', '260', '261', '262', '263', '264', '265']
['167', '166', '168', '169', '170', '171', '172', '173', '174', '175', '380', '379', '381', '382', '383', '384', '385', '386', '387', '388']
['360', '359', '361', '362', '363', '364', '365', '366', '367', '610', '609', '611', '612', '613', '614', '615', '616', '617']
['468', '467', '469', '470', '471', '472', '473', '474', '475', '476', '477', '679', '678', '680', '681', '682', '683', '684', '685', '686']
['340', '339', '341', '342', '343', '344', '345', '346', '347', '348', '349', '639', '638', '640', '641', '642', '643', '644', '645', '646', '647']
['53', '52', '54', '55', '56', '57', '58', '59', '60', '61', '157', '156', '158', '159', '160', '161', '162', '163', '164', '165']
['148', '147', '149', '150', '151', '152', '153', '154', '155', '227', '226', '228', '229', '230', '231', '232', '233', '234', '797', '796', '798']
['508', '507', '509', '510', '511', '512', '513', '514', '515', '516', '697', '696', '698', '699', '700', '701', '702', '703', '704']
['298', '297', '299', '300', '301', '302', '303', '304', '305', '306', '489', '488', '490', '491', '492', '493', '494', '495', '496', '497']
['308', '307', '309', '310', '311', '312', '313', '314', '315', '316', '317', '528', '527', '529', '530', '531', '532', '533', '534', '535', '536']
['408', '407', '409', '410', '411', '412', '413', '414', '415', '416', '619', '618', '620', '621', '622', '623', '624', '625', '626']
['0', '236', '235', '237', '238', '755', '754', '756', '757', '758', '759', '760', '761', '762', '763', '764', '799']
['239', '240', '241', '242', '243', '244', '245', '369', '368', '370', '371', '372', '373', '374', '375', '376', '377', '378']
['548', '547', '549', '550', '551', '552', '553', '554', '555', '556', '557', '786', '785', '787', '788', '789', '790', '791', '792', '793', '794', '795']
['319', '318', '320', '321', '322', '323', '324', '325', '326', '327', '328', '538', '537', '539', '540', '541', '542', '543', '544', '545', '546']
['63', '62', '64', '65', '66', '67', '68', '69', '70', '71', '72', '776', '775', '777', '778', '779', '780', '781', '782', '783', '784']
['649', '648', '650', '651', '652', '653', '654', '655', '656', '657', '658', '715', '714', '716', '717', '718', '719', '720', '721', '722', '723', '724']
['186', '185', '187', '188', '189', '190', '191', '192', '193', '194', '195', '518', '517', '519', '520', '521', '522', '523', '524', '525', '526']
['74', '73', '75', '76', '77', '78', '79', '80', '81', '82', '559', '558', '560', '561', '562', '563', '564', '565', '566', '567']
['95', '94', '96', '97', '98', '99', '100', '101', '102', '103', '177', '176', '178', '179', '180', '181', '182', '183', '184']
['390', '389', '391', '392', '393', '394', '395', '396', '397', '660', '659', '661', '662', '663', '664', '665', '666', '667', '668']
