['245', '735']
['481', '552', '681', '778', '854']
['93', '403', '561', '864']
['484', '612']
['33', '567', '790', '803']
['146', '342', '801', '814']
['167', '347']
['169']
['569', '641', '659']
['248', '807']
['227', '691', '797', '855']
['115', '205', '269', '555', '696']
['401', '489']
['427', '544', '598', '749', '757']
['60', '306', '364', '655']
['284', '604', '638', '707', '724']
['61', '370', '482', '725']
['75', '84', '199', '303', '312']
['385', '660']
['406', '609', '815']
['14', '273', '865']
['133', '413', '688']
['121', '705', '786']
['19', '47', '464', '525', '546']
['216', '283', '793']
['36', '73', '259', '336', '521']
['381', '404', '668', '785', '844']
['66', '191', '217', '230', '540']
['176', '287', '574']
['359', '419', '841']
['95', '639', '747', '823', '856']
['6', '580', '885', '892']
['8', '225', '630']
['274', '607', '623', '640', '893']
['72', '148', '182', '234', '240']
['23', '430', '596', '620', '711']
['28', '98', '317', '325', '613']
['159', '518', '583', '643']
['51', '549', '796']
['365']
['71', '221']
['535', '591', '744']
['209', '614', '866']
['186', '222', '276', '466', '694']
['739']
['320']
['122', '386', '670']
['610', '635', '669', '816', '912']
['201', '211', '880']
['156', '177', '293']
['20', '108', '224', '352', '675']
['150', '410', '605', '788', '910']
['104', '314', '400', '508', '564']
['127', '480']
['74', '332', '361', '422']
['345', '618', '634', '890']
['161', '334', '515', '830']
['383', '435', '595', '678', '852']
['80', '212', '358', '432', '522']
['0', '120', '756']
['445', '742']
['32', '214', '267', '541', '836']
['226', '838']
['229', '492', '777', '804']
['247', '882']
['236', '331', '339', '455', '680']
['846']
['126', '170', '194', '706']
['292', '353', '431', '907']
['810', '896']
['310', '774', '802', '906']
['70', '85', '168', '642', '676']
['17', '35', '315', '572']
['45', '241', '243']
['298', '338', '617', '734', '916']
['82', '208', '395', '597']
['165', '783', '805']
['308', '437', '825', '833']
['162', '215']
['278', '664', '822']
['105', '242', '459', '644', '650']
['11', '34', '106', '441', '444']
['63', '590']
['76', '181', '260', '305', '547']
['249', '344', '571', '647', '740']
['59', '322', '462', '504', '861']
['252']
['533', '733']
['52', '493', '568', '674', '842']
['157', '363', '530', '748']
['118', '809']
['478']
['62', '239']
['178', '399', '677', '840', '914']
['7', '693']
['173']
['128', '246', '479', '819']
['22', '752']
['393', '528']
['116', '611', '776']
['50', '330', '652']
['26', '102', '451', '773']
['512', '579', '648', '729', '800']
['188']
['68', '125', '349', '834']
['9', '190', '218', '559', '780']
['449', '758']
['16', '67', '111', '517', '543']
['119', '232']
['321', '368', '779', '915']
['333', '398', '534', '628', '656']
['145', '782']
['172', '318', '382', '581']
['667', '721', '806', '857', '888']
['258', '575', '737', '775', '889']
['460']
['15', '29', '83', '90', '97']
['354', '495']
['57', '158', '873']
['577', '661']
['103', '300', '425', '710', '764']
['371', '687', '900']
['213', '428', '516', '685']
['136', '277', '340', '828']
['30', '465', '523', '646']
['96', '576', '732']
['25', '100', '570', '602']
['414', '473', '750', '766']
['511', '545', '795', '817']
['124']
['690']
['195', '456', '467', '726']
['42', '458', '849']
['78', '263', '285', '551', '619']
['38', '91', '196', '490', '507']
['477', '649', '843', '853']
['202', '233', '348', '606']
['164', '335', '448', '476', '761']
['672', '821']
['137', '253', '264']
['171', '311', '329', '446', '506']
['132', '378', '622', '632', '753']
['219', '450', '603', '741', '767']
['1', '295', '789', '820', '824']
['636', '699', '799']
['131', '886']
['180', '588', '624']
['270', '384', '909']
['94', '286', '550', '895', '899']
['12', '21', '129', '434', '714']
['114', '257', '720', '858']
['390']
['301', '519', '695', '751']
['527', '728']
['187', '272', '307', '337', '592']
['255', '536', '587', '894']
['372', '697', '784', '835']
['53', '375', '470']
['313', '392', '908']
['39', '275', '457']
['228', '671', '770']
['56', '689', '746', '787']
['24', '189', '200', '281', '387']
['153', '250', '271', '565', '727']
['302', '369', '442', '475', '771']
['197', '637', '654', '765']
['380', '633', '683']
['231', '469', '532', '848']
['130', '702', '845']
['113']
['107', '112']
['92', '117', '142', '175', '309']
['424']
['374', '897']
['280', '488']
[]
['101', '513', '616', '686', '713']
['193', '299']
['279', '296', '316', '411', '439']
['46', '294', '615', '718', '881']
['304', '402']
['328', '394', '408', '420', '520']
['768']
['64', '89', '645', '673', '847']
['562', '631', '723']
['360', '461', '472', '524', '701']
['529', '911']
['436', '483', '653']
['913']
['154', '391', '501', '704']
['902']
['143', '599', '730', '738']
['109', '203', '875']
['160', '166', '829', '839', '903']
['58', '514', '566']
['183', '327', '341', '560', '712']
['319', '658', '698', '708']
['37', '152', '185', '409', '415']
['379', '736']
['44', '99', '831']
['151', '174', '297', '346', '418']
['123', '556', '665', '862', '898']
['140', '423', '438', '496', '537']
['138', '147']
['256', '265', '343', '692']
['682', '798']
['367', '454', '505', '582', '731']
['5', '772', '904']
['77', '141', '290', '760']
['27', '357', '558', '629', '813']
['18', '86', '362', '487', '510']
['41', '48', '326', '745', '878']
['589', '870']
['79', '763', '887']
['206']
['223', '388', '452']
['43', '55', '261', '684']
['324', '717', '860']
['110', '851']
['238', '578', '762', '808']
['743', '791', '869', '905']
['54', '548', '719', '755', '884']
['502', '716', '837']
['474', '827']
['266', '485', '531', '557']
['2', '31', '700']
['198', '251', '553', '586', '608']
['88', '538', '594', '621', '877']
['69', '625', '759', '792', '901']
['134', '204', '397', '407', '832']
['4', '433', '703']
['155', '416', '498', '593', '601']
['13', '235', '356', '585', '626']
['526', '573']
['184', '468', '794', '818']
['867']
['509', '542']
['220', '237', '262', '443', '563']
['366', '494', '863']
['417', '662', '871']
['65', '373', '486', '627', '679']
['463', '651', '891']
['503']
['81', '447', '600']
['144', '207', '268', '282', '405']
['40']
['87', '872']
['663', '781']
['10', '288', '440', '497', '500']
['350', '657']
['289', '859', '876']
['412', '666', '754', '769', '812']
['139', '421', '850', '868']
['210', '376', '426', '709', '715']
['192', '377', '554']
['149', '179', '351', '491', '499']
['389', '453', '874']
['244', '429', '811', '879']
['3', '163', '291', '396', '539']
['471', '584']
['323', '355', '722']
['49', '135', '254', '826', '883']
