['463', '453', '632']
['360', '335', '286', '256', '252', '185', '173', '366', '190', '203', '311', '164', '310', '263', '653', '363', '397', '264', '300', '240', '613', '449', '339', '137', '336', '351', '332', '273', '399', '276', '282', '369', '352', '120', '135']
['693', '110', '704', '118', '684', '676', '48', '711', '58', '57', '32', '680', '695', '8', '696', '678', '640', '664', '692', '691', '648', '662', '35', '647', '316', '663', '655', '682', '656', '76', '11143', '677', '705', '709', '643']
['553', '414', '576', '502', '437', '490', '433', '532', '586', '482', '455', '445', '570', '635', '527', '422', '496', '489', '551', '606', '431', '574', '409', '515', '466', '634', '410', '633', '54', '592', '429', '556', '442', '443', '642']
['356', '362', '374', '324', '386', '381', '418', '396', '387', '388', '398', '392', '358', '368', '345', '330', '327', '318', '492', '618', '370', '384', '325', '331', '373', '380', '367', '407', '404', '401', '421', '448', '359', '326', '395']
['225', '219', '218', '297', '314', '216', '191', '296', '328', '323', '347', '307', '272', '248', '224', '299', '210', '280', '298', '202', '285', '278', '186', '213', '205', '244', '209', '197', '260', '217', '176', '201', '312', '228', '250']
['130', '161', '18', '143', '42', '15', '71', '152', '148', '153', '79', '101', '40', '9', '184', '162', '33', '66', '171', '113', '192', '105', '112', '69', '322', '44', '122', '150', '108', '37', '73', '86', '127', '142', '169']
['617', '636', '697', '11', '671', '658', '652', '690', '675', '615', '703', '614', '611', '699', '628', '627', '689', '620', '674', '719', '673', '621', '650', '12', '645', '715', '714', '619', '661', '702', '85', '637', '718', '666', '707']
['577', '552', '604', '607', '539', '573', '559', '668', '600', '685', '538', '595', '510', '550', '564', '603', '567', '547', '517', '537', '566', '525', '569', '597', '593', '598', '520', '602', '549', '584', '587', '512', '534', '581', '518']
['513', '484', '514', '426', '493', '458', '483', '501', '487', '543', '415', '451', '430', '460', '519', '441', '516', '464', '417', '499', '500', '468', '486', '495', '505', '503', '438', '427', '470', '479', '439', '435', '498', '461', '485']
['355', '354', '400', '279', '320', '390', '287', '341', '288', '378', '309', '346', '353', '313', '294', '348', '308', '306', '391', '419', '11119', '393', '334', '383', '333', '372', '343', '402', '365', '411', '364', '340', '281', '284', '301']
['229', '198', '246', '232', '261', '195', '222', '177', '253', '329', '237', '208', '187', '293', '274', '254', '193', '183', '251', '258', '257', '236', '234', '275', '266', '292', '269', '268', '214', '291', '211', '238', '178', '231', '271']
['95', '128', '93', '165', '167', '134', '1116', '114', '138', '111', '174', '107', '129', '141', '124', '158', '78', '84', '146', '91', '116', '109', '259', '302', '151', '172', '106', '100', '99', '102', '81', '159', '98', '305', '166']
['74', '52', '16', '649', '56', '61', '708', '39', '24', '34', '19', '654', '21', '68', '639', '687', '659', '64', '72', '29', '55', '43', '28', '701', '23', '10', '660', '41', '11140', '686', '50', '67', '45', '38', '669']
['11131', '11138', '11137', '572', '521', '557', '594', '528', '548', '641', '626', '530', '522', '560', '694', '616', '554', '571', '523', '568', '623', '579', '11133', '608', '599', '612', '11134', '11135', '631', '11132', '11136', '540', '11139', '585', '625']
['589', '588', '11130', '472', '428', '11129', '473', '408', '452', '11141', '11142', '477', '11125', '471', '542', '476', '491', '591', '531', '469', '504', '481', '456', '541', '432', '462', '11123', '605', '447', '450', '403', '474', '506', '423', '475']
['394', '11122', '249', '262', '11120', '379', '454', '245', '283', '11117', '385', '11124', '321', '11118', '239', '241', '315', '11115', '247', '295', '11128', '11127', '11116', '290', '11126', '319', '344', '375', '242', '337', '377', '357', '361', '342', '350']
['175', '170', '155', '180', '147', '115', '11112', '227', '226', '199', '126', '119', '220', '212', '182', '267', '149', '136', '168', '103', '154', '123', '117', '1117', '144', '265', '157', '11111', '139', '1118', '235', '223', '156', '207', '233']
['1112', '712', '49', '22', '657', '89', '59', '65', '27', '17', '25', '700', '1113', '1119', '679', '75', '97', '90', '82', '667', '36', '88', '70', '63', '683', '1115', '77', '11110', '92', '60', '47', '30', '1114', '125', '710']
['546', '488', '644', '609', '716', '508', '558', '536', '215', '303', '596', '578', '20', '317', '304', '382', '11121', '413', '629', '11113', '582', '610', '497', '204', '440', '457', '630', '529', '406', '565', '494', '524', '255', '511', '11114']
['121', '179', '555', '145', '46', '698', '583', '7', '188', '131', '270', '622', '563', '53', '434', '624', '31', '14', '160', '545', '601', '181', '163', '132', '51', '206', '338', '80', '200', '189', '672', '104', '688', '140', '196']
['230', '349', '4', '465', '133', '444', '0', '87', '194', '478', '412', '62', '3', '5', '2', '277', '221', '96', '243', '389', '1', '670', '6', '26']
['13', '420', '1111', '535']
['467']
['416']
['371']
['544']
['459']
['665']
['681']
['480']
['507']
['706']
['562']
['533']
['646']
['446']
['651']
['289']
['424']
['509']
['436']
['561']
['526']
['376']
['713']
['405']
['638']
['717']
['575']
['94']
['580']
['590']
['425']
['83']
