['KQX', 'JWA', 'VFA', 'YAN', 'DXV', 'WEV', 'OAB', 'EUE', 'KJM', 'HPS', 'VJE', 'BAH', 'XZP', 'GTN', 'FQL', 'LJQ', 'SEI', 'RKH', 'KDF', 'ITY', 'MJT', 'NZL', 'HGI', 'YVJ', 'VZE', 'HSL', 'ZEW', 'PEE', 'AAJ', 'DBI']
['OSS', 'XUN', 'DEW', 'LER', 'OED', 'VPF', 'JIP', 'KXE', 'GUG', 'WRA', 'WBM', 'DBJ', 'SDA', 'CUE', 'GML', 'NYA', 'HAI', 'JSR', 'WZZ', 'DQM', 'UGM', 'ZXK', 'UBB', 'HEH', 'VZT', 'UON', 'TKH', 'MDJ', 'HSW', 'SLE']
['PCP', 'MMG', 'HDA', 'ZGA', 'VDX', 'SBM', 'DCQ', 'KMQ', 'DZF', 'CNE', 'URP', 'BZS', 'MET', 'HMK', 'NRJ', 'KHE', 'DAI', 'VAS', 'BWX', 'EPX', 'SVO', 'NHU', 'HVH', 'PII', 'HWR', 'DLO', 'KFF', 'TII', 'SOU', 'IKQ']
['MIT', 'QVZ', 'YPQ', 'ULL', 'CEP', 'YGB', 'GBS', 'AGI', 'KKF', 'WXT', 'VXC', 'WAV', 'CVW', 'HPX', 'SWX', 'PJU', 'ATZ', 'ENK', 'FDG', 'GMC', 'QBY', 'YZG', 'KMF', 'FPF', 'HTW', 'FOR', 'RXF', 'MIH', 'CCV', 'MWP']
['VVU', 'FTH', 'VLB', 'HGR', 'IZZ', 'SET', 'KOR', 'DOE', 'JPJ', 'XOB', 'HPL', 'PCS', 'LOV', 'MIO', 'VYR', 'USR', 'AWX', 'IOM', 'ATC', 'MMO', 'HUP', 'LYC', 'SFC', 'FNZ', 'HBS', 'MQY', 'CGK', 'KSI', 'ITE', 'YZR']
['ILK', 'YAK', 'BCL', 'MRS', 'GZN', 'SOV', 'BKM', 'TOH', 'BHQ', 'BUI', 'PNL', 'RWI', 'QEA', 'WRS', 'ELO', 'JZT', 'NDE', 'GTT', 'OLN', 'ZZD', 'DAA', 'VYO', 'BVK', 'HLJ', 'CPB', 'IAK', 'IZV', 'NIE', 'YNN', 'AHE']
['KPH', 'CZR', 'PPW', 'XJH', 'TTC', 'SDG', 'QLE', 'YMM', 'GIA', 'CJX', 'DKW', 'GXL', 'UAO', 'XVL', 'ZHH', 'TEJ', 'NAH', 'TZY', 'ILY', 'UKU', 'OSB', 'WUC', 'LGC', 'SWM', 'DOA', 'EDW', 'HJX', 'KXK', 'MHL', 'IFN']
['NVJ', 'KZR', 'FWC', 'SIF', 'DRY', 'UTJ', 'FER', 'MBK', 'GMS', 'EJZ', 'DLP', 'QTY', 'DXT', 'MMT', 'VYL', 'MRP', 'PBM', 'CPP', 'IGA', 'YZY', 'EUL', 'RDK', 'OLK', 'RXZ', 'UEA', 'QKB', 'TWR', 'EHR', 'JVQ', 'SBB']
['UYC', 'PUK', 'SWJ', 'DLY', 'KTI', 'KUG', 'VLU', 'VQN', 'TGH', 'KVV', 'VUO', 'ASK', 'DDZ', 'MCF', 'JPX', 'SDI', 'XKH', 'KJZ', 'XFG', 'GTL', 'BQL', 'SBW', 'IWT', 'URH', 'MUA', 'YUA', 'EES', 'CGN', 'CSV', 'KPT']
['FIV', 'EYR', 'BEU', 'QZE', 'YPK', 'IXY', 'UXA', 'MUN', 'NLK', 'AON', 'RBH', 'EBF', 'SHV', 'KEF', 'FES', 'XPS', 'BNV', 'VZW', 'HXA', 'UWW', 'HQD', 'PYS', 'YBA', 'VUK', 'YJK', 'TRW', 'TFQ', 'ANZ', 'MOM', 'SFY']
['NSO', 'TJK', 'OFA', 'ZXM', 'ICX', 'DLA', 'ZGG', 'PDK', 'OOM', 'BML', 'ZCY', 'GXC', 'YWU', 'NFC', 'TKK', 'RVW', 'LHC', 'BYS', 'WKZ', 'HHE', 'KAU', 'NAU', 'HWA', 'FQK', 'EGA', 'ATA', 'NPC', 'PSL', 'QAL', 'LCQ']
['IAP', 'CMU', 'ILN', 'BZF', 'BLF', 'KAC', 'BME', 'ASB', 'WAD', 'VTK', 'RVE', 'VQD', 'RAF', 'OTF', 'TUN', 'DER', 'FAM', 'OIH', 'EWF', 'KZY', 'AZT', 'STX', 'WKW', 'VMJ', 'WDU', 'GIT', 'WNV', 'CHQ', 'SDJ', 'VAK']
['PVK', 'MQL', 'HYB', 'CBT', 'SBC', 'OLU', 'TID', 'KMB', 'QTN', 'OVW', 'IWE', 'UJM', 'WRL', 'RNO', 'EBB', 'IXZ', 'IYH', 'KVA', 'UIG', 'CCN', 'UUV', 'OYQ', 'ROV', 'OWI', 'FJY', 'JAF', 'BTJ', 'JVH', 'IOA', 'YRG']
['QPF', 'DLT', 'NBO', 'CAJ', 'IAO', 'NXE', 'MIP', 'IQX', 'GCG', 'AZR', 'NVU', 'VIN', 'WUO', 'SGJ', 'NKQ', 'BPX', 'PUR', 'WCM', 'XZX', 'XWK', 'YXQ', 'ZKF', 'NBH', 'SAH', 'WGF', 'RUQ', 'EAH', 'UWB', 'MOL', 'MHD']
['MEU', 'IGS', 'SJD', 'ODT', 'KXW', 'NJG', 'TPR', 'RYB', 'DSQ', 'QIP', 'DYY', 'NAE', 'MQC', 'WQO', 'BQS', 'WTU', 'SDV', 'FEL', 'SHN', 'AFQ', 'ZOD', 'LDB', 'VOC', 'WHQ', 'CDH', 'YNK', 'FUP', 'GJV', 'XPH', 'WTN']
['GKN', 'MFE', 'YQC', 'LHE', 'ZFP', 'TIA', 'GSG', 'JXJ', 'DSH', 'MQT', 'ZVT', 'UUC', 'RTD', 'GYQ', 'KPU', 'QYS', 'ANU', 'PFE', 'BQE', 'IJY', 'ULZ', 'BVY', 'OZO', 'SXV', 'FDH', 'XMY', 'WZE', 'BET', 'MKX', 'KXP']
['HPQ', 'EYJ', 'ZSA', 'OXG', 'KIA', 'ATL', 'TRY', 'BPP', 'REW', 'IET', 'NDS', 'QTB', 'QXV', 'KGM', 'VVA', 'YVA', 'DJD', 'ABN', 'TBB', 'EYQ', 'NYK', 'JXG', 'ITP', 'OMX', 'NMM', 'ITG', 'KTZ', 'EFF', 'XDT', 'QTL']
['FQW', 'LCI', 'IBB', 'HZO', 'QZW', 'XYV', 'IRD', 'WJF', 'QBC', 'QSF', 'KLD', 'MZW', 'XMC', 'CNA', 'JPI', 'UCC', 'NWU', 'TPK', 'GUD', 'IPI', 'BFW', 'ADN', 'EXV', 'ESM', 'MRA', 'GZB', 'LZC', 'IKD', 'ZJY', 'VOY']
['JCN', 'SCT', 'NFZ', 'USH', 'KQP', 'RSG', 'UBM', 'OVD', 'XXQ', 'UST', 'MYR', 'AMO', 'HOW', 'SEX', 'VGG', 'SYF', 'NTP', 'IZD', 'WGE', 'PTS', 'COH', 'PSP', 'GUV', 'PUM', 'FFC', 'LUM', 'DBU', 'LDS', 'ZCT', 'MWF']
['RGG', 'DCW', 'ZJP', 'OUM', 'YKJ', 'QPG', 'XHQ', 'YZX', 'ZQL', 'ODG', 'JLD', 'XDB', 'HBJ', 'CVP', 'TXE', 'GXR', 'QDT', 'KMZ', 'WJG', 'KHH', 'XYY', 'MPK', 'JSH', 'GSP', 'NNP', 'GEJ', 'GMV', 'YUY', 'KNQ', 'ZMN']
['LZE', 'FPX', 'RQQ', 'CAM', 'RET', 'JFC', 'ZUT', 'TWQ', 'FPP', 'ANX', 'HOK', 'CRU', 'LWS', 'RAA', 'AWY', 'GPR', 'OTQ', 'STY', 'GGE', 'UWF', 'HDH', 'OFU', 'YQI', 'FGV', 'RYI', 'IVB', 'PAB', 'ICW', 'VJJ', 'QUN']
['HXZ', 'SYH', 'ZNX', 'CGB', 'VMA', 'YAY', 'QZX', 'MXX', 'GWA', 'HMB', 'MES', 'VCD', 'QSN', 'RPD', 'VJD', 'HWG', 'KIK', 'PBN', 'IKV', 'OTS', 'XIP', 'QNM', 'WMM', 'TUP', 'QXJ', 'LUN', 'UGS', 'LWQ', 'QGM', 'KRQ']
['HBR', 'JLY', 'TYW', 'NEI', 'LFY', 'ZJO', 'MTX', 'TRN', 'QIT', 'BWO', 'POE', 'MTC', 'GIL', 'YFE', 'SKP', 'GKI', 'SSH', 'EQW', 'QNR', 'VPM', 'AMX', 'XZC', 'GXN', 'OIG', 'NCO', 'ATB', 'QSC', 'BCZ', 'DGN', 'IOT']
['DHI', 'TIO', 'GAW', 'KMM', 'TMG', 'TWD', 'BCD', 'IUW', 'KBC', 'GYT', 'AQD', 'ERM', 'ANM', 'GNV', 'NTQ', 'DZY', 'FTZ', 'POT', 'BOO', 'HOD', 'HKF', 'HKI', 'BVZ', 'LRD', 'POR', 'UGC', 'MBN', 'GMI', 'GNS', 'XLN']
['LXU', 'YDB', 'HBU', 'KDZ', 'NSD', 'SVM', 'WLN', 'MSE', 'CFX', 'XBM', 'ATO', 'OCM', 'UNU', 'IXQ', 'VYN', 'HRX', 'DFV', 'LIP', 'FBH', 'LTB', 'IDK', 'SGP', 'VTT', 'FVN', 'ISR', 'OZB', 'FKE', 'DAQ', 'LRA', 'PZP']
['ZUQ', 'SLN', 'FNA', 'AVW', 'SGF', 'BDN', 'WCJ', 'HUO', 'UEU', 'GJL', 'DFE', 'UEH', 'GNK', 'JUO', 'TGM', 'ELS', 'DYX', 'UGR', 'OZU', 'EYM', 'RCL', 'UTO', 'SDN', 'VYF', 'SDB', 'YCY', 'VKQ', 'RUY', 'XCP', 'EQJ']
['HAE', 'NPZ', 'OKK', 'NQF', 'DQG', 'NIL', 'YBM', 'UMR', 'BKI', 'SMW', 'HUS', 'KBU', 'EAT', 'VHZ', 'ASQ', 'AOV', 'GBN', 'RTR', 'TLX', 'SQB', 'PGB', 'DFX', 'BVA', 'ZFD', 'FWT', 'LBW', 'VMC', 'AKA', 'ZKP', 'PAE']
['KUV', 'UYU', 'DAU', 'WZU', 'HKP', 'SXM', 'OEF', 'BTR', 'EOL', 'TMW', 'TNN', 'VBK', 'LYE', 'FOU', 'PEC', 'MVM', 'LOB', 'RZG', 'QZU', 'QBK', 'HIC', 'DZC', 'GMP', 'FCT', 'HUJ', 'YTW', 'GTV', 'LTV', 'LAL', 'MAS']
['VRT', 'TYO', 'GQN', 'XAN', 'HYZ', 'ZTQ', 'TDD', 'DZX', 'SLC', 'JTO', 'BOQ', 'VDC', 'IPZ', 'VID', 'GQD', 'SID', 'HUW', 'UFB', 'DWC', 'WOC', 'SSQ', 'YRF', 'CSW', 'UZC', 'RPU', 'HNY', 'BFX', 'JZD', 'FCO', 'YTT']
['IIY', 'IKZ', 'PQL', 'ZWO', 'DMK', 'KUO', 'DZW', 'VOT', 'OIN', 'BFJ', 'OBX', 'UWA', 'JYC', 'OFD', 'XTE', 'VLZ', 'YGV', 'WWB', 'VOL', 'SPS', 'PJS', 'WED', 'UKA', 'QWJ', 'FNT', 'RAO', 'EEW', 'LND', 'VTG', 'CQG']
