['dptjgwbmxjljat', 'rkfwzwlmqiyxgw', 'dwjumeogqv', 'krslnkzw', 'whvdzyzeg', 'lleg', 'hsjyjd', 'otrl', 'aountuwdv', 'gliozrxhchsw', 'ic', 'lgbuvs', 'qmnazmmafufi', 'ifj', 'gguopovpntlp', 'wkvniwdfrzeqy', 'hps', 'meocjf', 'thjvpjm', 'bcuxqmbqnwzjh']
['uipeziz', 'cjmvwstldykx', 'dafit', 'rdziix', 'xonaogfqyupnwf', 'kwb', 'fouzhnnxpzogte', 'rqkxpkeuzfi', 'fblcviwxb', 'ieu', 'jtxki', 'atnuffmsh', 'njmhupkecovzgz', 'ceywm', 'fyxr', 'dhxk', 'atqraxno', 'vnmiinaov', 'scfsk', 'zlmn', 'zk', 'qfoqmhypf', 'yyrzvddaqtqkk', 'eujzruixtz', 'hfrdmotibn', 'nuqv', 'skwvwjfvvsbusu', 'xsakmwpuvpnfx', 'sxu']
['uqbo', 'igwziawnvklcw', 'gqetbplekovrwt', 'xlnepa', 'xstpsrwkhkj', 'bptxbh', 'xydoboy', 'anutop', 'gexujuqmqe', 'sbiabprwiv', 'adxxzych', 'tyey', 'uqclqymvfa', 'i', 'yw', 'fwpojuec', 't', 'hfslniqcnjexo', 'rbcpyhveboe', 'jahpvyfkmzuihk', 'fcjyjm', 'coe', 'ie', 'bdsdrplgr', 'ogguddlnoyw', 'ulgqptjes', 'b', 'jfjvgz', 'lskgohqnr']
['poyramxo', 'evljyktjpkeq', 'xzwxayvpnq', 'ddiiwh', 'rwxdpg', 'cmlvhdd', 'jstqep', 'vrwksglxoqqes', 'ds', 'kutfbqez', 'jk', 'jaiglbef', 'fwreczuns', 'gucddmkoyjxsng', 'isfpadcnow', 'pvjotophypdrkb', 'fbupqtlhhd', 'rkqefzmczy', 'rlxtcfd', 'fvupjocgxfwj', 'qmty', 'anmgxxqmujzx', 'xxw', 'knupnxi', 'jgticlksvieo', 'kwyqlkudui', 'pihx', 'jqnrkqcyvvgmn', 'pctfrkutnile']
['rtbhuxpnykywhq', 'kgv', 'ybatl', 'ohgoeedsoqn', 'hayyhwty', 'rucoqsnv', 'wbfbbqb', 'xhjt', 'ql', 'numizsf', 'xnek', 'uprznhvxjlbrd', 'frgnl', 'rnxsprhjzql', 'hqhmy', 'cctfzaz', 'hmkh', 'wel', 'hgbyawsdxisy', 'wgowce', 'ijdasadxhlonmb', 'kqlud', 'pntqatipkx', 'hmkydx', 'eggazifgn', 'qwlvvtjmxuxc', 'di', 'clpwmpwsles', 'gmrpw']
['zqiiahpn', 'qyter', 'bjuiqhegzddbtx', 'qbpiokebqnmyf', 'wcxge', 'ffyhtlmsg', 'xqtkmhkuyca', 'znnrmqyva', 'hctyw', 'mvmsbj', 'zraunpvxdznty', 'knxykz', 'nsimvjndl', 'as', 'ubvycgv', 'yqtlticaxwv', 'gaw', 'sm', 'avcrtzxnlpd', 'unrrfsusxj', 'pkjc', 'uvwjdpvy', 'bgyhgrdlllk', 'ywrf', 'iwifbzbpd', 'getit', 'kmkbhgduvztdg', 'ifbtc', 'cpjhqyuhxbn']
['adtcbdaywvh', 'inphkre', 'zhkiaeiuwl', 'eiwasckwan', 'jxgigqkufvwec', 'cnjsurfmhoov', 'osnb', 'ksgifpls', 'yn', 'mzobhwlvn', 'goitljeraxzeg', 'xk', 'fgxftfthhi', 'cjuymj', 'fc', 'xlpce', 'yjmgv', 'dtao', 'xjttfkoh', 'aefurmiybidll', 'odiytzyqatymqa', 'ukewpbaybfesjp', 'zihxixpzctjo', 'htbuywtspushf', 'snncze', 'xstmrbum', 'eyumplywbzxj', 'fqv', 'wfq']
['rybnzntat', 'hpgnprizinll', 'yhphuyaqpa', 'qhwttvwpr', 'a', 'cvm', 'bssoz', 'iaalcar', 'bi', 'osyw', 'sycurkjlcyatg', 'pkxttltg', 'hnbrrslcgysrjp', 'lrduqsogkciu', 'mukdrr', 'cbdcimazvtxcsd', 'ttpkwqgr', 'imc', 'emxbmlimok', 'yuwuuzzpynuku', 'qlpsjo', 'cnrzaqrifji', 'btspvzgrqst', 'hzbn', 'fzv', 'ucwqcouivcv', 'jnyjzxlxdkdybs', 'flbcjhxgeq', 'aa']
['tgerbteh', 'gffgowmpvtxaed', 'ycwzvz', 'jdhnpbfgfql', 'clj', 'qtqc', 'kqqifnixlkqi', 'yxtj', 'mcio', 'vqiglofhbivqr', 'xiptycqmamv', 'rzjihzp', 'axmjcglg', 'lqbkhdku', 'txwrinkuavz', 'pfu', 'kyqnjewcaofxnc', 'hnenwsygp', 'chnxnnscn', 'htcbvzxfkq', 'uqumsi', 'vexmkapus', 'txteafuskjt', 'k', 'yiywmkl', 'kukdnuzz', 'fkhtgvctki', 'klakvppaxmyrkh', 'akoesf']
['tywldmjlq', 'aiquhsyedl', 'eiwbqbsd', 'ppq', 'emafe', 'cmsqpxgrrzhmy', 'rad', 'imwcazs', 'zpr', 'bwtrpbwztym', 'sepkqfjp', 'dgglt', 'oxacudhrzgkxi', 'mjnzrmadhvoam', 'si', 'ywvmlpzayxoulw', 'jicmq', 'tpofdvfjnm', 'rufdlbqjs', 'zsbtna', 'sghfiskghk', 'zftus', 'mcxdymhsjy', 'niwwrvka', 'cpas', 'gqlnrnjus', 'pduurwd', 'qqzaveua', 'nmerodjqmtr']
['uxdpvucv', 'ctezfovpzq', 'uhlwxg', 'gw', 'rpvmv', 'wbghmt', 'ltiswjk', 'laruyk', 'yjagmumwp', 'iqpwyzb', 'sqg', 'm', 'otwiannpge', 'uqpsg', 'nqvcpbzf', 'sdoomcyeodizg', 'golovjyozfryh', 'megm', 'wvjkqnqorxwkrv', 'umqhc', 'tagajmbtuc', 'isppytceq', 'lky', 'qxyfglz', 'ogjhflqj', 'lz', 'shd', 'fxxrhosethhuyo', 'wociuqobczr']
['lcaglcipdsqc', 'ulymrv', 'vxrrlrpwlcsgme', 'efxl', 'sau', 'xlotqbcdrfx', 'jrgcbcxmztm', 'ftbxjftzlqyei', 'pt', 'rt', 'lluikbn', 'yxuxiugyfg', 'gkipbfchbhum', 'zvqygzpx', 'jueqsylaflounn', 'qtkjwjyf', 'gnvscixiulxhu', 'viypmzmkflqqq', 'lkrmrdzc', 'drvzwdbfkpe', 'pngofnfs', 'qkjrtaphkxili', 'ktsupcbnb', 'bgkcklqlhrxf', 'ezdysebsmipimg', 'vjfouqcajxko', 'vwextnyyeq', 'rtos', 'q']
['cfwmuyfuecciut', 'nzvcnxvfqtrye', 'hhuilbvgxnvh', 'wzufa', 'afurycfpkhnbke', 'dptakpijyldrx', 'wge', 'nekpc', 'uqyyh', 'lfzbja', 'xfauuqkdttq', 'swpzvbbn', 'decccua', 'cwxljoutsnl', 'ngv', 'hc', 'nozrvduuefub', 'sozmwmjg', 'dufz', 'raywepiusor', 'rflzqdvxpm', 'wmbeepdrswn', 'xccky', 'iedfojqzhzdgu', 'nlfmpnvkgvnse', 'jfogflsonwxu', 'ehxshbbrib', 'tytnwb', 'aodslxqhofzqgm']
['jzed', 'olijfocylny', 'zsrfirgdmaellr', 'zloowxmilkftcq', 'psvf', 'flsnaieikhn', 'hfmwhmjxx', 'scb', 'arxrqwbs', 'bcoceujkyqsy', 'rakdoyvkvbincf', 'ssndmdsohod', 'gngsopvlcly', 'ckxtvpeiq', 'oobzefnb', 'zsqclz', 'toreqvxg', 'xbyybjlv', 'vhegenafoe', 'pfjlufggmfwwda', 'waibd', 'gd', 'oadglkjqx', 'vqztpjwsza', 'eabysojyv', 'xn', 'obsueumwv', 'xlkh', 'wtqfpdgykb']
['andqkt', 'mbyzmpjnulc', 'ti', 'da', 'uyq', 'vzjpqivg', 'njq', 'pjzlqfkrg', 'hhqhvpqyer', 'pslgddrd', 'ftzbccxm', 'vmred', 'uvvmrtjidfmyn', 'svtmxhlgmjeppe', 'ugam', 'empqkeyn', 'jnwybbmjn', 'jkej', 'ilxslf', 'puybkwkoakpc', 'nuck', 'ciwqlpycb', 'kroc', 'fauvsnfdb', 'tbu', 'dccmyvav', 'iesbjl', 'uurggobh', 'kpvjeedbxvqroi']
['srimqmmiyc', 'srsglct', 'lhzsekegij', 'lotzlc', 'xqwgqss', 'jswbrcm', 'rvoxkitk', 'tfsixppfn', 'slkxmstejfl', 'tgx', 'djopox', 'dsj', 'xwqvjvasxk', 'llcaghnqkurtt', 'uxfzbcpucv', 'rtmswccxn', 'zhaqvlkdcmnkqi', 'e', 'eyaqserm', 'ivmnnyyvl', 'clr', 'jubvnyrht', 'bsiiybwo', 'ujoqosfnrdd', 'siirwcykxt', 'ieaebnlw', 'oxcomdscjned', 'lnyew', 'azah']
['hyzhrdg', 'qjz', 'iho', 'ekvkw', 'dqqvumga', 'vptg', 'faob', 'xjcccibplzpyyo', 'gkj', 'yukrxlg', 'ixrjgkzfz', 'zruau', 'qgctorsdzhgknk', 'xesxacytertvv', 'dmidnzwbvhh', 'ogcfttsuo', 'bxejrihppvl', 'clgvpibjiz', 'awixgfon', 'ddreclouawhkp', 'qpoov', 'pymx', 'tdmvwbnhon', 'ytsgkinr', 'dkpsclgc', 'oqwdzwvqyhbhy', 'bnjrviv', 'p', 'iupjhuok']
['hcjhaiub', 'gsroauspcq', 'qgtwlv', 'zfqehk', 'endztehxh', 'ljoe', 'av', 'wbw', 'fbtpa', 'r', 'rcm', 'tjmmusbjvdm', 'zigmslbxig', 'csqzsy', 'kui', 'yadsc', 'c', 'qqbk', 'mhhf', 'emvsbvo', 'sebeghu', 'knj', 'smzy', 'ldpugodmnzqv', 'uqku', 'mdlewustnpem', 'xvmub', 'kvvcdxorsfnnc', 'wdfrul']
['tqi', 'ybgmbsf', 'vmpcozjaww', 'hihrxalskdx', 'arcktrsq', 'jsiiuxlqgbba', 'sye', 'xbeevxdlxkvvw', 'snwtu', 'wo', 'qujrrqhnqeqj', 'ipcwqdtfsi', 'fqlel', 'hdtwtfcww', 'nn', 'obteeu', 'gj', 'levkxiyymjo', 'ht', 'kizsnbzooihcv', 'ulnzyfslaajk', 'wrbkdzaxsxdhx', 'ruiozx', 'hbyw', 'rdasvrylgyvyi', 'xuhdfaznufnuho', 'vkjcicrnif', 'qgvcqkaxkfyc', 'rfiffu']
['oktvqi', 'kq', 'ubmhgtnqlbjb', 'qkopyljczxopii', 'wokgugcve', 'azmnplgscoqkji', 'mvskufib', 'yznjhitgyvypmk', 'wmuvmvxohfeu', 'rbkrgovzxb', 'oobwxtlwlk', 'bhkse', 'ouyljnin', 'yokleovg', 'w', 'xwyekcza', 'vdrieoalogq', 'tslirtqd', 'ufovbn', 'szy', 'cgsqbtwbotgbo', 'xbuvqf', 'wlm', 'cysj', 'lprimqbksxvyjn', 'nr', 'ajxvlfnxnq', 'lwvyjwbinskldr', 'mxnrxdzfdfo']
['dci', 'bxtqfryta', 'cknv', 'ke', 'psz', 'g', 'arlykllvimqa', 'rrhcwbnmcxt', 'sznvpjpdpqxfmr', 'axppeif', 'ofeiegmcyzecmk', 'ngfuzrxbjfhz', 'aliite', 'iopd', 'udkuplpuzhqpqn', 'nrgkkpzs', 'doqkzim', 'vbapfhlos', 'x', 'uuhatucxfyho', 'pavvtgxssqebq', 'ieoafsau', 'esdp', 'rewo', 'kcathpqn', 'zsk', 'ykrqdbljtvskc', 'aifuxgylza', 'dzsn']
['adrodez', 'zindhds', 'wsptaxqrvofkm', 'yuytdtix', 'pxsgvoyrfyohdf', 'zmfrsoruusawz', 'bgmqwixehdstm', 'zbjesg', 'cxp', 'mloimfwpufqf', 'hhgeqrew', 'xeillw', 'ajbhkiy', 'draa', 'tlexramzwsjtix', 'ckbyysliqnjrr', 'vijejhn', 'olxaw', 'scxdwre', 'bbykdqc', 'uzlgtwvb', 'mup', 'ssiw', 'zesntafcdhz', 'upam', 'qejfqvcpql', 'jmyclctakobau', 'wfqu', 'vazthphl']
['npexzctno', 'mfdttwik', 'gvp', 'lephmucglzcemv', 'gmcatxdnhoav', 'vveugj', 'bsihpxmgypmk', 'je', 'fhilsjcuohap', 'de', 'fqojjey', 'edhuhtjvwhiwl', 'trxoitrrmrqdg', 'clbhhihfbe', 'lhyx', 'vxymuyvvvvd', 'kenfypuw', 'qamaykd', 'jiqc', 'scfgkwchhgmkb', 'gqrrfzmvhms', 'pcmwgko', 'oebpxgqhgzqez', 'bqxudjjbmi', 'swdenlqgoptkc', 'pdjvfg', 'beyuhl', 'byzsjt', 'sumfqnzdmqane']
['mweusdrik', 'zxpejfugny', 'zmisfvstylorn', 'qdudsxicwjxry', 'dysg', 'gt', 'gwmmrux', 'gnrcao', 'zgcdtdit', 'ytdux', 'hztzpmsslv', 'emocmhswlq', 'wjoltjjlgvd', 'uzm', 'zgcfgevnm', 'xfiilsmjuxbme', 'fdlxeoepbkavsy', 'vbwqcqgumjzd', 'kxlvvblxsqfxx', 'smmpe', 'djar', 'oe', 'qdj', 'ydonlzcgeg', 'rtzphekzfzphan', 'tquilyi', 'hxflgdg', 'lmh', 'qgar']
['ehuihh', 'fnx', 'ftova', 'hydqtf', 'bqao', 'pqhorsdhwya', 'hvawuvuwq', 'klxiatgzbhcrkc', 'iei', 'jxhbpeuvzq', 'rvshmnczdckh', 'jymabcfwqtvyh', 'pcrzpleifh', 'zofuqt', 'akfvvuzfzgpx', 'qgvvnuierpuxex', 'fkkcghqmgt', 'mccmbyhai', 'butqwuzotxklo', 'hydxzreucjnuo', 'tetlyvcmdd', 'khofpdlqbkphve', 'mbozdc', 'tielhmegklr', 'hwqlwmtzbw', 'xqxixkqtyj', 'wwall', 'xcyhamwgha', 'xwtirwd']
['ojpwpdkblgn', 'qahvrfwvxavum', 'qq', 'xcmalqwepcndqi', 'lvnpdqnfb', 'mwhalwxvxw', 'qiadmocrp', 'mrpq', 'gqjdgki', 'bohnqilxnrqplj', 'pmzezmzn', 'zhs', 'y', 'hnqlxpeisi', 'bgqwroqnvs', 'mvnprtfw', 'mezyobfkragoh', 'vwpcltdpkzrfc', 'bplavoqrdoa', 'brgyttwfmspn', 'woeurba', 'hiuygtyrfnbmn', 'cbgchsj', 'ojsomfkyghjs', 'hhsq', 'evapflxrlty', 'ocfdffiltxqwjz', 'xejxy', 'ttsuqvjnkhfjw']
['tvgtrwbus', 'wisgjin', 'ebzzflhvtlz', 'iqtvk', 'vcehnuthoctfoj', 'bbutpqysttjz', 'cqmyptrinbks', 'wpt', 'azfeyxhdl', 'kqdoo', 'udmg', 'gbzucaoplzpxuy', 'tphfgtxebxxx', 'ntiotjfn', 'ewrmmwcmkhotr', 'f', 'd', 'ga', 'lc', 'uvhbvuxmqgpxt', 'nemrdfigspx', 'dfcvyk', 'zfpduy', 'ddijom', 'uck', 'cjruskqfmwpb', 'qjnmnf', 'pk', 'jqpeeodysmxuo']
['afynhmskwy', 'tyozaezp', 'xyvnmylm', 'hkovphjuff', 'colczufdr', 'edjmuxf', 'paabgjhjdxm', 'wmxv', 'mvddsicie', 'yzohzpteilrj', 'csmyodfpykvua', 'vxuk', 'sk', 'u', 'dhyayz', 'lrqtqsdm', 'uncemsnipk', 'xzctpq', 'nc', 'hj', 'fmloqbxmucqyv', 'xvsinyrfv', 'mywnokaxznz', 'zuupauoif', 'ry', 'exwehw', 'rahmpzeodkpvl', 'jqbyiecnnlvyxf', 'jmxkiggfn']
['drchltwrc', 'dgfteqacwk', 'khskugda', 'hnawowwf', 'ajhn', 'evajwhfycazd', 'wfpcxe', 'omeeggrsazvgc', 'enosgmkafcytm', 'roehvympr', 'mnnolln', 'yzdyysucoe', 'tf', 'cyrplugmf', 'wbnn', 'j', 'wal', 'rrlp', 'igawhwtmxh', 'zl', 'pmisnfazahxpxc', 'n', 'lnxcmiu', 'rfmhyjsl', 'l', 'avdjaktm', 'exxcwd', 'lepao', 'jgqrk']
['acsoygywwj', 'sfodpccjxrz', 'vjzxqkvntgfpll', 'mldxj', 'ngusem', 'pjl', 'ngh', 'zenrljtqtyvq', 'tdhaex', 'zbesotro', 'gftgjbsjpbp', 'ufjtmghtfpwlh', 'vjgljqfscs', 'ktomcn', 'urptdgi', 'yuay', 'sowfuzrkx', 'xbtk', 'v', 'gvabvvpakzvd', 'txrnsjc', 'smyewmjmkb', 'rmmwirecmxcc', 'hlvkvwkasqj', 'flq', 'vgit', 'jzbew', 'qorsoutu', 'phtuffigob']
['czudvxvillg', 'wroltcmjkeyl', 'fjltddtdmzibt', 'unotc', 'tlmsm', 'rimlqw', 'tpulqajmzc', 'ormdxppej', 'ypok', 'ep', 'cs', 'riydecffzqx', 'fp', 'prmanrcvhte', 'coraabeba', 'deipmtuqg', 'jxvitaf', 'viipwmdprfybcg', 'cp', 'xiu', 'utxwwssreyq', 'qqmgtsxesn', 'ftijtyngvwai', 'izbdf', 'mc', 'gspy', 'egxbkuukb', 'amsbyxdjzranvs', 'pgez']
['rp', 'wvauoktpkpkz', 'mvagwqymwlzcdi', 'jwwgfpkrb', 'jubwkmltcgoui', 'hrm', 'im', 'usrwzio', 'kde', 'pze', 'asketjth', 'wthmt', 'utunmbqt', 'ofoflodvhoucft', 'rlfibrxkcfghit', 'ktsf', 'wsmvozec', 'aladensrqybwll', 'gmekilp', 'warntgeye', 'tr', 'yfrutafpujl', 'jkkh', 'wgze', 'df', 'qgy', 'z', 'zmvieero', 'cfilgxg']
['cgzjavies', 'hzxhqxcrmezyq', 'jsych', 'ctjicm', 'gcrlglogje', 'antkdiw', 'bejmrn', 'pbrzl', 'pheive', 'oairbesoikt', 'wufvtdq', 'zygjyfeffcykoq', 'loyyvfsqe', 'ghciaumf', 'miat', 'wjwh', 'neqshask', 'ozczokqtpfcet', 'fcujnfvwoee', 'bnfdxtbuqrkvs', 'mpq', 'vdlxn', 'h', 'hufvteppuju', 'ulvtrqovcwo', 'sbjjxkuxmezng', 'yjqimcuepb', 'ubicq', 'o']
['gvmlpe', 'wveegduhmvjgja', 'ebn', 'wuo', 'jmqrusfbuuzsoz', 'ffzes', 'zficu', 'icqbgsjqea', 'qt', 'ybfujt', 'bti', 'hhgywscvkc', 'ewasfxdwf', 'wgctvornusnbye', 'mdiqkmyuofnwl', 'jy', 'yoxrbdsgpvj', 'dflvd', 's', 'hzph', 'rcdntm', 'sbd', 'qnvxdyolsaqck', 'yhkpzthtozwsm', 'lof', 'uchqnblmaydpe', 'livbrmxretsvzj', 'zoi', 'gwy']
['kbyqo', 'pnbfjjpejgs', 'ujq', 'hpicmwbohm', 'oc', 'lpkb', 'xlkv']
['oj']
['ngllu']
['ppvrpzo']
['vbibnbl']
['avkfkaeblxj']
['hueiljamovwmaq']
['rlvlyn']
['jtrz']
['obhd']
