['12', '18', '44', '58', '67', '77', '84', '97', '107', '134', '145', '154', '183', '238', '262', '274', '333', '353', '417', '423', '701', '716', '789', '821', '912', '937', '924']
['226', '300', '340', '356', '402', '447', '467', '482', '516', '532', '545', '561', '584', '661', '669', '695', '761', '765', '839', '875', '888', '939', '862', '931', '895', '918', '852']
['39', '48', '102', '136', '169', '180', '197', '209', '218', '247', '259', '279', '299', '318', '354', '384', '711', '717', '739', '753', '809', '830']
['308', '368', '412', '439', '460', '473', '490', '505', '554', '558', '590', '602', '613', '627', '641', '644', '682', '692', '763', '785', '803', '855', '882', '885', '909', '927', '936']
['22', '28', '33', '59', '140', '157', '164', '181', '229', '248', '276', '301', '312', '320', '406', '443', '454', '466', '543', '571', '593', '631']
['201', '224', '341', '349', '366', '376', '383', '405', '484', '503', '520', '530', '575', '635', '657', '672', '680', '715', '723', '737', '754', '807', '825', '860', '878', '893', '904']
['89', '121', '260', '282', '325', '427', '441', '507', '585', '601', '612', '620', '643', '731', '780', '802', '827', '844', '853', '890', '905', '915', '925']
['2', '13', '37', '50', '62', '73', '94', '109', '115', '132', '146', '152', '174', '185', '200', '231', '421', '456', '497', '510', '550', '564', '709', '724', '762', '777', '832']
['198', '207', '245', '264', '291', '328', '342', '345', '369', '387', '394', '485', '534', '544', '592', '630', '660', '665', '683', '691', '790', '819', '868', '884']
['53', '64', '98', '117', '131', '137', '160', '173', '179', '215', '220', '257', '270', '360', '419', '483', '502', '569', '746', '877', '901', '907']
['41', '286', '329', '347', '385', '397', '438', '446', '469', '535', '577', '606', '632', '642', '655', '694', '703', '729', '775', '788', '799', '806', '842', '843', '854', '881', '935']
['5', '8', '27', '204', '268', '311', '330', '386', '393', '407', '458', '489', '536', '586', '658', '670', '725', '784', '813', '836', '850', '871', '889', '919']
['11', '15', '30', '31', '60', '74', '90', '95', '110', '124', '125', '141', '158', '163', '182', '193', '426', '472', '508', '562', '600', '676', '698', '710', '741', '752', '911']
['222', '239', '242', '256', '277', '297', '305', '322', '338', '343', '371', '382', '435', '457', '518', '531', '615', '629', '656', '771', '793', '828', '856', '899']
['57', '70', '86', '99', '133', '143', '175', '189', '206', '223', '234', '254', '273', '298', '459', '587', '603', '625', '728', '742', '748', '774']
['1', '40', '317', '335', '348', '358', '378', '398', '408', '431', '474', '480', '496', '519', '526', '541', '568', '574', '653', '708', '795', '805', '808', '831', '883', '891', '916']
['7', '16', '26', '34', '155', '187', '236', '246', '316', '357', '493', '515', '524', '548', '556', '598', '756', '804', '833', '910', '926', '932']
['56', '65', '79', '83', '111', '118', '122', '135', '162', '190', '195', '213', '217', '255', '278', '313', '381', '552', '581', '595', '617', '624', '722', '738', '750', '768', '866']
['267', '294', '373', '399', '414', '425', '442', '453', '475', '478', '498', '559', '639', '645', '666', '671', '686', '687', '714', '781', '810', '845', '851', '861']
['42', '55', '75', '104', '119', '148', '156', '166', '176', '205', '232', '243', '250', '272', '289', '331', '363', '422', '432', '492', '566', '668', '679', '699', '820', '908']
['379', '400', '461', '463', '495', '513', '528', '549', '589', '611', '618', '640', '654', '706', '721', '736', '755', '767', '797', '840', '872', '898']
['20', '29', '63', '78', '82', '112', '127', '153', '167', '192', '211', '227', '266', '283', '337', '588', '647', '696', '700', '730', '760', '773', '787', '815']
['35', '46', '296', '304', '324', '344', '365', '380', '410', '436', '449', '487', '494', '527', '551', '555', '596', '621', '664', '782', '826', '863', '870', '896', '914', '933']
['96', '100', '138', '150', '170', '186', '199', '202', '230', '235', '244', '252', '288', '310', '332', '351', '359', '445', '486', '500', '514', '525']
['61', '281', '374', '403', '416', '430', '476', '546', '573', '580', '607', '626', '651', '684', '713', '732', '751', '776', '798', '824', '846', '865', '886', '917', '930', '934']
['19', '32', '51', '87', '265', '302', '321', '392', '418', '452', '477', '547', '560', '649', '677', '688', '720', '747', '772', '786', '814', '823', '880', '894']
['3', '9', '23', '66', '80', '106', '116', '120', '130', '144', '168', '178', '210', '216', '258', '271', '309', '319', '336', '355', '372', '390', '413', '428', '434', '464', '511']
['501', '529', '542', '557', '576', '605', '610', '619', '637', '650', '667', '673', '690', '707', '719', '743', '759', '779', '816', '829', '848', '858', '876', '922']
['10', '43', '71', '101', '113', '126', '149', '171', '184', '214', '233', '240', '261', '269', '287', '315', '364', '389', '604', '609', '622', '648', '734', '749', '791', '903']
['395', '440', '451', '471', '488', '499', '517', '540', '563', '578', '681', '704', '726', '740', '770', '778', '801', '812', '837', '879', '900', '938']
['4', '14', '25', '49', '91', '103', '228', '253', '275', '323', '361', '429', '450', '614', '633', '659', '678', '818', '874', '897', '913', '940']
['17', '36', '68', '76', '85', '93', '123', '129', '142', '159', '165', '177', '194', '203', '221', '241', '263', '401', '444', '455', '468', '481', '623', '675', '689', '705', '835']
['280', '292', '306', '334', '346', '370', '388', '415', '504', '512', '533', '537', '570', '583', '597', '636', '733', '735', '745', '766', '794', '800', '859', '869']
['47', '69', '88', '105', '147', '161', '188', '212', '225', '249', '285', '293', '307', '314', '352', '362', '465', '479', '509', '521', '599', '674', '702', '841']
['45', '52', '391', '404', '409', '424', '433', '462', '522', '553', '567', '579', '634', '652', '697', '727', '757', '764', '796', '817', '834', '857', '867', '887', '906', '923', '928']
['72', '81', '108', '114', '251', '290', '327', '377', '411', '448', '470', '539', '565', '582', '594', '616', '646', '693', '718', '792', '822', '847', '902', '920', '929']
['0', '6', '21', '38', '54', '92', '128', '139', '151', '172', '191', '196', '208', '219', '237', '284', '295', '303', '339', '523', '572', '628', '638', '662']
['24', '326', '350', '367', '375', '396', '420', '437', '491', '506', '538', '591', '608', '663', '685', '712', '744', '758', '769', '783', '811', '838', '849', '864', '873', '892', '921']
