['440', '648', '36', '177', '569', '902', '813', '396', '405', '390', '424', '140', '831', '801', '344', '333', '747', '159', '397', '555', '265', '504', '837', '745', '436', '270', '744', '37', '597', '993', '692', '949', '437', '876', '469', '666', '896', '768', '197', '502', '85', '691', '207', '877', '215', '519', '374', '28', '823', '449', '978', '853', '564', '303', '958', '457', '933', '8', '628', '392', '663', '245', '25', '811', '545', '407', '70', '184', '754', '956', '250', '384', '662', '522', '771', '252', '368', '684', '216', '60', '707', '23', '361', '528', '884', '490', '246', '988', '788', '227', '682', '585', '809', '974', '937', '567', '275', '149', '965', '91', '164', '558', '925', '327', '575', '465', '718', '83', '824', '882', '338', '517', '716', '94', '592', '181', '402', '204', '217', '676', '738', '65', '257', '514', '283', '651', '243', '950', '574', '99', '843', '942', '240', '549', '954', '80', '76', '198', '686', '510', '533', '389', '657', '659', '193', '357', '715', '176', '539', '818', '135', '874', '254', '345', '187', '529', '381', '253', '591', '232', '503', '900', '401', '16', '763', '234', '507', '34', '175', '819', '367', '584', '644', '419', '371', '885', '918', '873', '302', '655', '647', '438', '452', '565', '325', '936', '96', '446', '188', '602', '609', '903', '362', '969', '223', '62', '619', '946', '20', '987', '33', '153', '134', '845', '748', '816', '734', '929', '126', '535', '165', '730', '883', '183', '852', '404', '231', '444', '531', '15', '955', '794', '98', '244', '375', '561', '435', '759', '448', '111', '467', '656', '984', '294', '346', '870', '865', '38', '72', '636', '190', '867', '170', '210', '859', '356', '272', '532', '488', '737', '611', '481', '871', '991', '512', '889', '285', '909', '860', '869', '266', '886', '673', '416', '86', '717', '521', '319', '981', '953', '724', '482', '286', '339', '598', '271', '970', '888', '906', '276', '112', '474', '63', '782', '57', '241', '358', '804', '731', '639', '22', '224', '56', '620', '29', '144', '803', '777', '583', '728', '604', '258', '975', '690', '74', '213', '194', '976', '336', '688', '960', '808', '278', '992', '363', '895', '277', '378', '756', '630', '562', '412', '71', '806', '892', '228', '784', '113', '947', '413', '410', '948', '458', '9', '594', '997', '114', '19', '722', '689', '202', '855', '802', '793', '12', '973', '123', '899', '219', '422', '426', '588', '957', '89', '40', '520', '18', '634', '596', '880', '387', '248', '915', '733', '774', '841', '645', '226', '746', '1', '664', '995', '43', '340', '881', '792', '723', '486', '335', '46', '765', '318', '766', '945', '32', '324', '431', '944', '373', '872', '78', '66', '742', '453', '337', '332', '455', '218', '735', '618', '293', '300', '316', '473', '653', '757', '269', '55', '643', '129', '372', '672', '68', '878', '310', '489', '351', '697', '394', '681', '41', '342', '157', '649', '864', '576', '287', '59', '308', '848', '825', '274', '875', '447', '403', '385', '523', '913', '711', '263', '770', '239', '642', '749', '580', '780', '785', '732', '706', '552', '578', '773', '3', '498', '237', '932', '156', '364', '638', '571', '493', '570', '669', '141', '767', '121', '206', '547', '857', '421', '199', '637', '477', '701', '118', '479', '834', '380', '699', '233', '775', '941', '282', '261', '842', '211', '236', '940', '879', '280', '471', '939', '536', '463', '985', '550', '44', '910', '454', '822', '370', '247', '376', '677', '674', '48', '891', '914', '624', '409', '451', '829', '650', '73', '289', '315', '322', '305', '726', '607', '959', '720', '943', '798', '627', '173', '702', '105', '590', '47', '434', '626', '506', '108', '830', '428', '268', '450', '133', '417', '541', '719', '921', '131', '461', '171', '480', '613', '116', '186', '225', '525', '127', '931', '743', '961', '494', '433', '796', '442', '977', '288', '908', '968', '667', '205', '496', '51', '751', '249', '439', '11', '982', '45', '979', '321', '27', '544', '298', '124', '328', '893', '166', '964', '273', '703', '983', '850', '832', '4', '26', '678', '82', '169', '279', '462', '284', '242', '382', '755', '847', '920', '791', '553', '540', '155', '120', '306', '839', '95', '352', '840', '614', '518', '423', '658', '267', '189', '399', '69', '709', '858', '739', '136', '54', '355', '470', '557', '235', '192', '710', '117', '708', '88', '255', '826', '926', '200', '695', '856', '162', '290', '264', '309', '866', '432', '560', '476', '260', '369', '420', '229', '612', '441', '353', '534', '122', '39', '783', '7', '329', '776', '654', '551', '587', '92', '208', '764', '185', '81', '430']
['986', '35', '990', '484', '516', '90', '807', '331', '670', '861', '513', '429', '789']
['805', '750', '360', '460', '641', '846', '911', '154', '468']
['499', '251', '500']
['725']
['762']
['827']
['632']
['851']
['292']
['182']
['515']
['262']
['963']
['487']
['687']
['989']
['107']
['139']
['556']
['195']
['713']
['781']
['608']
['601']
['191']
['495']
['994']
['922']
['53']
['172']
['411']
['178']
['631']
['635']
['530']
['50']
['927']
['427']
['415']
['291']
['934']
['100']
['152']
['347']
['586']
['314']
['307']
['600']
['398']
['238']
['685']
['901']
['128']
['146']
['148']
['559']
['24']
['967']
['2']
['758']
['143']
['760']
['836']
['414']
['696']
['115']
['854']
['786']
['693']
['838']
['524']
['814']
['999']
['625']
['894']
['201']
['304']
['106']
['849']
['646']
['418']
['167']
['10']
['196']
['313']
['548']
['17']
['400']
['508']
['119']
['905']
['509']
['665']
['483']
['137']
['203']
['180']
['158']
['966']
['787']
['230']
['694']
['795']
['505']
['323']
['887']
['916']
['67']
['52']
['6']
['103']
['0']
['605']
['150']
['13']
['101']
['761']
['163']
['844']
['622']
['466']
['341']
['679']
['42']
['671']
['700']
['256']
['537']
['621']
['633']
['485']
['952']
['391']
['617']
['951']
['343']
['75']
['698']
['799']
['675']
['554']
['301']
['388']
['593']
['769']
['459']
['168']
['87']
['366']
['320']
['907']
['492']
['408']
['912']
['311']
['660']
['810']
['93']
['812']
['753']
['640']
['348']
['904']
['379']
['359']
['49']
['130']
['21']
['174']
['599']
['142']
['334']
['862']
['680']
['573']
['917']
['58']
['296']
['568']
['572']
['393']
['179']
['938']
['898']
['652']
['962']
['815']
['778']
['326']
['835']
['595']
['833']
['972']
['443']
['897']
['84']
['386']
['589']
['125']
['330']
['566']
['930']
['97']
['61']
['971']
['779']
['868']
['77']
['14']
['928']
['30']
['472']
['919']
['221']
['606']
['610']
['615']
['350']
['209']
['295']
['817']
['683']
['281']
['354']
['790']
['214']
['616']
['538']
['299']
['980']
['863']
['161']
['542']
['821']
['924']
['475']
['464']
['623']
['497']
['478']
['828']
['998']
['383']
['365']
['212']
['259']
['736']
['577']
['603']
['160']
['491']
['800']
['377']
['526']
['349']
['579']
['104']
['740']
['704']
['527']
['923']
['741']
['581']
['220']
['721']
['714']
['222']
['546']
['772']
['145']
['138']
['31']
['729']
['456']
['727']
['582']
['110']
['712']
['79']
['629']
['109']
['820']
['543']
['406']
['752']
['102']
['705']
['151']
['147']
['501']
['890']
['297']
['511']
['935']
['996']
['797']
['395']
['425']
['563']
['317']
['132']
['445']
['661']
['64']
['668']
['5']
['312']
