['0', '2', '4', '6', '20', '22', '168', '170', '221', '223', '329', '331', '373', '375', '657', '659']
['5', '7', '29', '31', '37', '39', '61', '63', '73', '75', '149', '151', '201', '203', '225', '227', '233', '235', '249', '251', '257', '259', '353', '355', '381', '383', '448', '450', '469', '471', '485', '487', '493', '495', '525', '527', '533', '535', '549', '551', '561', '563', '597', '599', '613', '615', '677', '679', '689', '691']
['1', '3', '8', '10', '17', '19', '21', '23', '57', '59', '133', '135', '237', '239', '301', '303', '425', '427', '477', '479', '541', '543', '693', '695']
['24', '26']
['12', '14', '16', '18', '25', '27', '32', '34', '36', '38', '40', '42', '141', '143', '153', '155', '241', '243', '248', '250', '317', '319', '369', '371', '385', '387', '405', '407', '429', '431', '492', '494', '501', '503', '513', '515', '557', '559', '569', '571', '577', '579', '581', '583', '605', '607', '621', '623', '637', '639']
['28', '30']
['9', '11', '48', '50', '53', '55', '65', '67', '69', '71', '80', '82', '100', '102', '113', '115', '120', '122', '125', '127', '129', '131', '240', '242', '244', '246', '265', '267', '421', '423', '473', '475', '589', '591', '596', '598', '604', '606', '616', '618', '625', '627', '644', '646', '665', '667', '669', '671', '673', '675']
['56', '58', '72', '74', '93', '95', '132', '134', '148', '150', '160', '162', '165', '167', '217', '219', '260', '262', '289', '291', '293', '295', '333', '335', '348', '350', '393', '395', '481', '483', '529', '531', '536', '538', '540', '542', '592', '594', '609', '611', '624', '626', '636', '638', '649', '651', '676', '678', '681', '683']
['145', '147', '200', '202', '204', '206', '212', '214', '236', '238', '300', '302', '320', '322', '340', '342', '357', '359', '365', '367', '380', '382', '384', '386', '389', '391', '428', '430', '432', '434', '444', '446', '476', '478', '516', '518', '553', '555', '565', '567', '593', '595', '628', '630', '633', '635', '645', '647', '661', '663']
['137', '139', '152', '154', '188', '190', '192', '194', '224', '226', '273', '275', '277', '279', '281', '283', '285', '287', '308', '310', '313', '315', '368', '370', '388', '390', '400', '402', '408', '410', '436', '438', '489', '491', '497', '499', '508', '510', '517', '519', '588', '590', '612', '614', '641', '643', '653', '655', '684', '686']
['45', '47', '64', '66', '92', '94', '105', '107', '157', '159', '177', '179', '185', '187', '193', '195', '205', '207', '220', '222', '253', '255', '272', '274', '276', '278', '304', '306', '316', '318', '344', '346', '360', '362', '376', '378', '424', '426', '456', '458', '472', '474', '545', '547', '601', '603', '660', '662', '668', '670']
['49', '51', '88', '90', '101', '103', '169', '171', '176', '178', '184', '186', '208', '210', '252', '254', '264', '266', '268', '270', '284', '286', '324', '326', '332', '334', '356', '358', '404', '406', '413', '415', '437', '439', '452', '454', '468', '470', '512', '514', '544', '546', '576', '578', '585', '587', '640', '642', '685', '687']
['84', '86', '104', '106', '128', '130', '161', '163', '181', '183', '196', '198', '229', '231', '245', '247', '288', '290', '305', '307', '309', '311', '372', '374', '397', '399', '401', '403', '420', '422', '433', '435', '440', '442', '445', '447', '457', '459', '520', '522', '532', '534', '537', '539', '573', '575', '652', '654', '696', '698']
['44', '46', '81', '83', '140', '142', '144', '146', '216', '218', '228', '230', '364', '366', '417', '419', '465', '467', '584', '586', '632', '634', '656', '658', '697', '699']
['108', '110', '232', '234', '297', '299', '396', '398', '449', '451', '524', '526', '648', '650']
['52', '54', '89', '91', '97', '99', '109', '111', '121', '123', '189', '191', '197', '199', '213', '215', '261', '263', '325', '327', '341', '343', '349', '351', '409', '411', '461', '463', '484', '486', '488', '490', '521', '523', '560', '562', '564', '566', '568', '570', '572', '574', '580', '582', '617', '619', '672', '674', '680', '682']
['124', '126', '337', '339', '352', '354']
['68', '70', '76', '78', '85', '87', '116', '118', '136', '138', '173', '175', '256', '258', '269', '271', '296', '298', '336', '338', '345', '347', '377', '379', '392', '394', '412', '414', '460', '462', '464', '466', '504', '506', '528', '530', '552', '554', '556', '558', '608', '610', '620', '622', '629', '631', '688', '690', '692', '694']
['41', '43', '156', '158', '209', '211', '312', '314', '321', '323']
['13', '15', '33', '35', '60', '62', '77', '79', '96', '98', '112', '114', '117', '119', '164', '166', '172', '174', '180', '182', '280', '282', '292', '294', '328', '330', '361', '363', '416', '418', '441', '443', '453', '455', '480', '482', '496', '498', '500', '502', '505', '507', '509', '511', '548', '550', '600', '602', '664', '666']
