['6', '9', '13', '14', '15', '20', '114', '116', '180', '243', '273', '284', '326', '384', '560', '586', '689', '693', '784', '859']
['491']
['227', '239', '473', '532', '566', '627', '727', '852', '938', '934']
['88', '144', '165', '185', '193', '215', '224', '225', '229', '235', '237', '293', '819', '845', '868', '910', '917', '935', '965', '984']
['23', '504', '549', '876', '892']
['553', '595', '881', '966']
['632', '656', '789']
['593', '661', '735', '796', '871', '893', '915']
['710', '712', '772', '901']
['912', '988']
['629', '718', '906']
['782', '885']
['0', '27', '42', '64', '70', '94', '210', '333', '408', '425', '438', '470', '485', '674', '752', '756', '825', '950', '973', '997']
['383', '502', '515', '561', '711', '961']
['670']
['66', '71', '91', '125', '128', '134', '136', '140', '196', '360', '505', '523', '563', '739', '741', '776', '842', '960', '975', '980']
['191', '194', '198', '256', '267', '279', '285', '286', '298', '304', '308', '312', '415', '442', '492', '647', '786', '883', '959', '985']
['1', '4', '7', '62', '137', '160', '250', '257', '259', '283', '316', '501', '516', '524', '546', '793', '826', '865', '902', '952']
['612', '794', '899']
['146', '211', '295', '296', '297', '289', '299', '300', '302', '306', '301', '313', '506', '538', '640', '645', '702', '721', '853', '976']
['142', '231', '266', '271', '272', '275', '277', '278', '280', '282', '339', '378', '509', '555', '619', '657', '663', '724', '831', '904']
['2', '67', '238', '268', '314', '317', '320', '335', '347', '368', '371', '373', '374', '376', '377', '389', '503', '625', '644', '847']
['511', '641', '664', '705', '897', '916']
['590', '592', '600']
['536', '596', '821', '900']
['95', '181', '449', '528', '713', '824', '829', '837', '861', '894']
['318', '350', '375', '381', '385', '393', '396', '399', '401', '403', '405', '521', '569', '597', '736', '757', '762', '854', '923', '995']
['583', '750', '895']
['25', '31', '32', '33', '34', '85', '203', '208', '212', '270', '429', '444', '537', '559', '578', '599', '704', '914', '929', '945']
['493', '567', '791', '905']
['92', '118', '161', '163', '168', '172', '173', '174', '175', '176', '228', '269', '305', '361', '539', '575', '774', '808', '834', '877']
['12', '21', '35', '39', '38', '41', '58', '78', '156', '254', '328', '394', '458', '486', '631', '669', '843', '884', '918', '962']
['110', '113', '103', '149', '153', '154', '145', '159', '197', '206', '226', '332', '365', '369', '510', '703', '732', '951', '968', '981']
['98', '214', '351', '427', '531', '550', '662', '700', '701', '989']
['72', '104', '131', '213', '209', '218', '219', '221', '222', '290', '327', '386', '397', '484', '621', '624', '637', '737', '860', '939']
['500', '685', '925']
['513', '678', '740', '751']
['45', '100', '135', '141', '143', '147', '148', '150', '151', '152', '179', '294', '307', '310', '379', '380', '481', '527', '606', '630']
['358', '433', '434', '436', '437', '451', '454', '452', '457', '463', '468', '469', '456', '495', '534', '608', '643', '764', '811', '978']
['422', '508', '655', '706', '720', '760', '869', '932']
['490', '605', '729', '738', '911', '922']
['832', '867']
['690', '698', '779']
['617', '672', '719']
['182', '195', '199', '200', '201', '202', '204', '205', '207', '388', '400', '407', '410', '648', '680', '806', '815', '838', '866', '948']
['19', '90', '96', '97', '99', '112', '122', '188', '247', '343', '420', '431', '461', '494', '694', '715', '722', '844', '850', '874']
['387', '412', '416', '445', '447', '450', '475', '476', '477', '478', '479', '480', '482', '660', '777', '785', '818', '873', '987', '999']
['543', '646', '691']
['246', '321', '324', '329', '331', '319', '334', '336', '337', '340', '341', '421', '455', '565', '742', '755', '770', '817', '887', '977']
['574', '677']
['676', '697', '723', '780', '858', '949']
['564', '639', '675', '863', '880', '919']
['571', '579', '587', '768']
['618', '870']
['107', '233', '242', '245', '258', '260', '261', '262', '263', '264', '276', '325', '448', '471', '570', '613', '773', '775', '933', '956']
['733', '964']
['43', '59', '60', '84', '80', '87', '158', '164', '232', '309', '330', '348', '370', '406', '460', '483', '598', '758', '943', '991']
['747', '807', '840']
['749', '759', '830', '896', '907']
['28', '36', '49', '61', '76', '73', '82', '89', '117', '244', '372', '398', '466', '499', '544', '653', '658', '673', '857', '953']
['552', '615', '890']
['102', '111', '120', '123', '124', '126', '138', '139', '169', '216', '435', '562', '591', '607', '652', '696', '763', '846', '841', '994']
['812', '909', '958']
['602', '668', '716', '944']
['426', '432', '453', '474', '472', '488', '525', '529', '573', '708', '765', '875', '928', '974']
['540', '787', '810', '879', '998']
['498', '665', '728', '745', '921']
['554', '778', '913', '941']
['545', '557', '626', '638', '761', '839']
['650', '788', '814', '849', '940']
['822', '963', '979']
['423', '441', '446', '465', '467', '487', '530', '588', '601', '649', '734', '792', '967', '969']
['507', '514', '542', '798', '955']
['409', '584', '585', '623', '783', '864']
['93', '105', '106', '108', '109', '119', '121', '129', '133', '287', '291', '345', '352', '391', '428', '709', '726', '753', '771', '856']
['548', '558', '568', '684', '993']
['692', '926', '971']
['40', '68', '69', '189', '230', '240', '241', '248', '249', '251', '252', '253', '356', '417', '517', '520', '535', '827', '851', '908']
['547', '582', '717', '781', '802']
['580', '679', '872', '882', '931', '946']
['496', '533', '800', '947', '983']
['8', '11', '16', '17', '18', '48', '57', '236', '292', '303', '414', '633', '636', '666', '707', '714', '748', '799', '903', '937']
['622', '730', '731', '891']
['589', '878', '992']
['3', '22', '24', '10', '26', '29', '50', '127', '265', '323', '338', '353', '363', '382', '392', '395', '418', '462', '654', '681']
['616', '699']
['577', '795', '833']
['610', '628', '682', '803', '805', '898']
['187', '390', '576', '744', '835', '936', '972', '986']
['512', '686', '746']
['30', '63', '74', '75', '77', '81', '83', '86', '190', '192', '439', '464', '522', '594', '642', '659', '687', '804', '855', '889']
['809', '886', '957']
['37', '44', '46', '51', '53', '65', '255', '342', '424', '430', '440', '459', '541', '695', '790', '816', '828', '848', '927', '982']
['572', '581', '820', '930']
['609', '683', '725', '920']
['497', '766', '769', '797', '888', '990']
['166', '186', '322', '346', '354', '355', '357', '359', '362', '364', '366', '367', '411', '526', '556', '620', '767', '813', '836', '942']
['79', '101', '115', '130', '132', '183', '184', '217', '234', '274', '404', '413', '489', '551', '604', '634', '667', '688', '754', '801']
['5', '47', '52', '54', '55', '56', '220', '223', '288', '311', '344', '402', '419', '443', '635', '671', '743', '862', '924', '970']
['155', '157', '162', '170', '171', '177', '167', '178', '281', '315', '349', '518', '519', '603', '611', '614', '651', '823', '954', '996']
