['65', '130', '195', '260', '325', '390', '585', '650', '780', '975']
['13', '26', '52', '104', '156', '208', '312', '416', '520', '624', '936']
['39', '78', '117', '234', '351', '468', '702', '767', '793']
['127', '169', '254', '381', '507', '508', '635', '762', '845']
['155', '173', '338', '346', '519', '676', '692', '832', '865']
['71', '142', '213', '284', '355', '426', '568', '639', '710', '852', '923']
['95', '190', '285', '380', '475', '570', '741', '760', '855', '950']
['38', '57', '76', '114', '152', '228', '304', '342', '456', '608', '684', '912']
['19', '171', '209', '247', '361', '418', '494', '627', '722', '836', '988']
['107', '214', '321', '428', '513', '535', '642', '856', '963']
['163', '305', '326', '489', '610', '652', '815', '915', '978']
['61', '122', '183', '244', '366', '488', '549', '732', '976']
['15', '45', '135', '270', '405', '465', '540', '555', '810', '930']
['20', '40', '80', '120', '160', '240', '320', '480', '640', '960']
['5', '10', '30', '60', '90', '180', '310', '360', '620', '720', '900']
['59', '177', '295', '354', '487', '531', '590', '885', '974']
['25', '50', '100', '200', '250', '300', '400', '500', '600', '800', '1000']
['75', '125', '150', '225', '375', '450', '625', '675', '750']
['111', '206', '222', '333', '412', '444', '618', '666', '824', '888', '999']
['227', '311', '317', '454', '622', '634', '681', '908', '933', '951']
['118', '236', '409', '457', '472', '708', '818', '914', '944']
['3', '6', '18', '36', '54', '72', '108', '216', '432', '648', '864']
['9', '27', '81', '162', '243', '324', '486', '729', '972']
['2', '4', '8', '16', '32', '64', '128', '256', '384', '512', '768']
['12', '24', '48', '96', '144', '192', '288', '337', '576', '674']
['121', '242', '363', '484', '539', '649', '726', '847', '968']
['11', '66', '77', '154', '231', '308', '396', '462', '616', '671', '924']
['22', '44', '88', '132', '176', '264', '352', '440', '528', '704', '792', '880']
['143', '286', '297', '429', '572', '715', '781', '858', '891']
['33', '99', '165', '198', '330', '495', '594', '693', '990']
['55', '110', '220', '275', '385', '550', '605', '660', '770', '825']
['83', '166', '249', '332', '415', '498', '664', '747', '830', '913', '996']
['47', '94', '141', '188', '282', '376', '423', '564', '752', '846', '940']
['235', '257', '470', '514', '517', '611', '705', '771', '893']
['179', '277', '358', '537', '554', '716', '831', '895']
['67', '134', '201', '268', '335', '402', '536', '603', '670', '804', '938']
['251', '373', '383', '469', '502', '737', '746', '753', '766', '871']
['63', '105', '189', '210', '315', '441', '567', '630', '882', '945']
['14', '28', '56', '112', '168', '224', '336', '448', '672', '896']
['21', '42', '84', '126', '252', '378', '420', '504', '756', '840']
['91', '182', '273', '364', '455', '546', '728', '819', '910']
['7', '35', '70', '140', '175', '280', '350', '525', '560', '700', '777', '875']
['329', '413', '497', '581', '658', '749', '826', '889', '987', '994']
['119', '238', '357', '421', '476', '595', '714', '842', '952']
['49', '98', '196', '245', '343', '392', '490', '686', '784', '980']
['147', '239', '294', '478', '588', '637', '717', '735', '833', '956']
['103', '113', '226', '309', '339', '452', '515', '678', '721', '904', '927']
['133', '266', '399', '532', '565', '665', '791', '798', '931']
['101', '202', '303', '404', '505', '548', '606', '707', '808', '909']
['137', '274', '411', '427', '491', '685', '822', '854', '959', '982']
['161', '322', '345', '483', '575', '644', '805', '966', '989']
['46', '92', '115', '184', '230', '368', '460', '690', '736', '920']
['23', '69', '138', '207', '276', '414', '529', '552', '621', '667', '828']
['199', '299', '398', '597', '598', '796', '897', '967', '995']
['223', '437', '446', '617', '619', '669', '751', '874', '887', '892']
['253', '506', '547', '587', '607', '709', '733', '743', '759', '859']
['129', '301', '387', '467', '602', '903', '934', '997']
['43', '86', '172', '215', '258', '344', '430', '516', '688', '774', '860']
['229', '458', '473', '559', '645', '687', '731', '817', '916', '946']
['217', '434', '443', '557', '647', '651', '868', '877', '886', '961']
['62', '93', '124', '186', '248', '372', '496', '558', '744', '992']
['31', '279', '341', '403', '589', '682', '713', '775', '806', '837', '899']
['203', '261', '319', '406', '522', '609', '638', '783', '812', '957']
['29', '58', '87', '116', '174', '232', '348', '464', '696', '870', '928']
['145', '290', '377', '435', '551', '580', '725', '754', '841']
['157', '263', '314', '471', '526', '601', '628', '785', '789', '942']
['233', '461', '463', '466', '699', '787', '922', '926', '932', '983']
['193', '281', '359', '386', '562', '579', '718', '772', '843', '965']
['349', '353', '499', '673', '698', '706', '727', '739', '919', '998']
['73', '146', '219', '292', '365', '438', '511', '584', '657', '730', '876']
['479', '503', '683', '691', '761', '803', '941', '949', '958']
['131', '262', '347', '393', '524', '655', '661', '694', '786', '917']
['149', '298', '419', '439', '447', '596', '745', '838', '878', '894']
['197', '331', '379', '394', '591', '662', '758', '788', '985', '993']
['211', '422', '509', '523', '563', '569', '633', '769', '844', '991']
['153', '221', '323', '442', '459', '646', '663', '918', '969']
['34', '68', '136', '170', '272', '340', '544', '680', '816', '884']
['17', '51', '102', '204', '306', '408', '493', '510', '527', '612', '986']
['367', '391', '571', '659', '734', '782', '799', '907', '929']
['289', '313', '521', '578', '593', '599', '626', '677', '867', '939']
['85', '187', '255', '374', '425', '561', '748', '765', '850', '935']
['205', '389', '410', '615', '757', '778', '827', '829', '911', '943']
['41', '82', '123', '164', '246', '328', '369', '492', '656', '738', '984']
['287', '451', '533', '574', '697', '779', '820', '861', '902']
['139', '278', '417', '431', '556', '695', '834', '857', '862', '973']
['109', '218', '327', '436', '545', '631', '654', '763', '872', '981']
['271', '541', '542', '577', '613', '643', '653', '813', '823', '853']
['433', '701', '719', '773', '866', '883', '947', '971', '977']
['53', '106', '159', '212', '318', '424', '477', '636', '848', '954']
['265', '371', '530', '583', '689', '742', '795', '811', '839', '901']
['97', '194', '291', '388', '485', '582', '679', '776', '873', '970']
['37', '74', '148', '185', '259', '296', '370', '518', '592', '740', '925']
['407', '481', '629', '641', '703', '814', '851', '863', '937', '962']
['167', '307', '334', '501', '614', '668', '809', '835', '921']
['89', '178', '267', '356', '445', '534', '623', '712', '801', '890', '979']
['269', '283', '293', '538', '566', '586', '807', '849', '879', '881']
['79', '158', '237', '316', '395', '474', '553', '632', '711', '790', '948']
['181', '362', '449', '543', '724', '869', '898', '905', '953']
['191', '241', '382', '401', '482', '573', '723', '764', '802', '955', '964']
['151', '302', '397', '453', '604', '755', '794', '797', '821', '906']
