['82', '139', '269', '346', '407', '439', '638', '785']
['129', '224', '239', '353', '371', '442', '504', '640', '772', '872', '969']
['20', '162', '177', '333', '487', '511', '693', '754', '895', '927']
['7', '285', '390', '395', '603', '644', '764', '945', '993']
['21', '43', '59', '63', '143', '182', '414', '701', '717', '795']
['29', '153', '267', '329', '364', '514', '530', '862', '932', '988', '997']
['0', '245', '271', '393', '495', '540', '738', '855', '907', '920']
['13', '157', '300', '319', '681', '733', '807', '874', '886', '986']
['18', '265', '273', '422', '535', '803', '804', '850', '884', '913', '974']
['50', '272', '594', '723', '727', '841', '858', '866', '883']
['46', '107', '203', '323', '617', '625', '631', '715', '934', '981']
['147', '242', '468', '658', '802', '853', '865', '909', '953', '967']
['355', '429', '433', '562', '626', '703', '799', '899']
['23', '68', '79', '507', '523', '620', '648', '649', '666', '739']
['74', '180', '286', '351', '365', '670', '705', '712', '720', '919', '922']
['124', '280', '347', '382', '412', '413', '463', '689', '731', '963']
['138', '331', '399', '543', '642', '800', '854', '867', '938', '955']
['317', '444', '457', '630', '646', '652', '664', '836', '896', '973']
['45', '131', '190', '303', '471', '485', '621', '745', '762', '771']
['106', '125', '231', '302', '466', '509', '806', '863', '888', '943', '985']
['94', '121', '360', '417', '419', '574', '776', '868', '999']
['28', '105', '122', '240', '326', '678', '698', '730', '759', '815', '873']
['247', '250', '297', '339', '350', '357', '396', '426', '441', '459', '460', '637']
['62', '330', '359', '527', '587', '793', '870', '926']
['17', '246', '293', '432', '521', '663', '837', '852', '889', '982']
['15', '279', '388', '423', '550', '561', '708', '823', '904', '950']
['48', '76', '370', '545', '628', '636', '657', '677', '692', '975']
['96', '156', '266', '410', '434', '494', '571', '691', '830', '861', '887']
['2', '84', '200', '431', '488', '564', '610', '650', '743']
['328', '615', '669', '674', '732', '773', '921', '928', '959', '979']
['127', '169', '183', '195', '356', '473', '672', '768', '770', '965']
['176', '189', '204', '263', '368', '387', '816', '834', '893']
['11', '58', '98', '112', '168', '492', '554', '581', '676', '706', '825']
['47', '128', '179', '213', '217', '227', '453', '613', '882', '910', '925']
['165', '188', '191', '310', '456', '679', '779', '819', '951']
['55', '132', '215', '304', '537', '595', '611', '700', '747', '908', '980']
['88', '171', '496', '549', '589', '654', '718', '777', '801']
['73', '201', '219', '295', '518', '601', '680', '724', '757', '946']
['1', '262', '284', '299', '309', '565', '622', '728', '827', '835']
['151', '232', '252', '343', '499', '580', '655', '753', '794', '957']
['86', '222', '301', '443', '461', '536', '766', '805', '849', '978']
['89', '90', '116', '152', '256', '261', '307', '479', '532', '573']
['178', '697', '820', '842', '890', '900', '901', '929', '935', '996']
['150', '342', '568', '578', '633', '643', '661', '808']
['9', '56', '146', '345', '369', '380', '566', '618', '721', '894']
['35', '216', '230', '529', '575', '704', '809', '810', '905', '915', '961', '995']
['8', '12', '289', '694', '713', '722', '774', '784', '826', '897']
['60', '197', '314', '318', '446', '501', '522', '576', '737', '840']
['30', '184', '381', '424', '438', '484', '516', '533', '843', '879', '991']
['66', '298', '361', '379', '478', '489', '491', '609', '911']
['14', '81', '144', '145', '458', '683', '864', '871', '941']
['31', '385', '437', '448', '450', '498', '506', '616', '813', '992']
['25', '83', '208', '209', '384', '560', '832', '876', '940', '952']
['101', '270', '274', '281', '378', '405', '430', '699', '783', '857']
['24', '72', '207', '337', '366', '394', '525', '608', '936', '964']
['36', '53', '119', '251', '313', '341', '590', '796', '944', '956']
['32', '37', '160', '282', '354', '623', '797', '829', '848']
['113', '198', '308', '420', '597', '627', '714', '752', '844', '947']
['108', '118', '283', '305', '362', '476', '508', '604', '668', '818', '856']
['4', '70', '415', '500', '510', '585', '635', '966', '998']
['27', '39', '255', '277', '311', '332', '475', '659', '788', '845']
['34', '42', '187', '226', '233', '292', '449', '477', '520', '563', '686', '736']
['140', '237', '259', '363', '377', '462', '624', '645', '726', '746']
['19', '181', '212', '278', '348', '349', '400', '763', '780', '859']
['78', '236', '372', '519', '553', '673', '814', '833', '846', '994']
['134', '135', '159', '404', '408', '425', '531', '579', '606', '839']
['38', '115', '123', '258', '452', '552', '750', '781', '821', '971']
['320', '335', '607', '647', '775', '812', '916', '948', '968', '990']
['166', '234', '440', '547', '548', '593', '687', '930', '983']
['102', '367', '427', '469', '481', '685', '716', '869', '877', '933']
['44', '93', '133', '170', '175', '257', '542', '582', '756', '924', '989']
['51', '54', '103', '117', '155', '358', '598', '600', '651', '851', '984']
['172', '192', '223', '551', '555', '729', '838', '937', '960']
['174', '296', '373', '428', '472', '490', '513', '662', '847', '954']
['161', '167', '254', '322', '324', '336', '614', '761', '828', '878']
['114', '249', '418', '435', '455', '524', '538', '539', '629', '656']
['5', '22', '33', '77', '210', '288', '421', '447', '653', '702', '786']
['220', '235', '374', '402', '497', '559', '710', '734', '906']
['100', '260', '391', '411', '591', '831', '891', '903', '912']
['10', '104', '109', '141', '406', '528', '596', '740', '769', '885']
['65', '85', '87', '97', '158', '243', '398', '467', '605', '675', '758']
['3', '148', '264', '268', '503', '570', '719', '749', '787', '824']
['505', '567', '709', '711', '735', '741', '744', '782', '918', '949']
['67', '110', '136', '196', '211', '248', '464', '486', '765', '792']
['80', '275', '325', '403', '493', '557', '639', '790', '892', '972']
['69', '75', '244', '287', '291', '451', '482', '569', '641', '817']
['40', '206', '238', '436', '454', '465', '572', '586', '958', '970']
['6', '41', '185', '294', '334', '392', '546', '667', '690']
['64', '164', '315', '338', '376', '474', '556', '588', '880']
['61', '71', '205', '228', '276', '480', '558', '682', '748', '798', '917']
['312', '321', '470', '517', '684', '751', '755', '860', '923', '931']
['92', '99', '111', '221', '229', '599', '602', '695', '778', '939']
['91', '137', '142', '202', '445', '502', '544', '577', '660', '742', '760']
['126', '149', '316', '483', '526', '634', '707', '942']
['193', '327', '340', '383', '401', '584', '592', '632', '696', '725']
['49', '130', '199', '253', '306', '344', '352', '389', '397', '512', '791', '962']
['218', '225', '386', '671', '688', '789', '881', '914', '976', '987']
['16', '95', '163', '194', '409', '583', '612', '619', '767', '875']
['57', '120', '154', '241', '375', '416', '541', '811', '902', '977']
['26', '52', '173', '186', '214', '290', '515', '534', '665', '822', '898']
