['34', '289', '310', '316', '327', '452', '477', '487', '680']
['48', '421', '425', '481', '532', '560', '590', '594', '723', '749']
['40', '74', '100', '134', '161', '206', '319', '423', '651', '740']
['6', '274', '301', '346', '398', '401', '545', '547', '567', '592']
['14', '111', '138', '184', '189', '214', '216', '220', '290', '341', '453']
['120', '185', '273', '295', '407', '454', '461', '494', '736']
['150', '159', '160', '174', '200', '440', '578', '581', '614', '673']
['30', '171', '243', '333', '383', '431', '448', '462', '587', '598', '656']
['96', '133', '332', '404', '420', '508', '534', '626', '646']
['25', '168', '188', '204', '224', '329', '422', '483', '551', '624']
['21', '84', '102', '247', '331', '377', '419', '538', '596', '602', '716']
['0', '39', '91', '198', '219', '472', '544', '679', '717']
['3', '115', '210', '230', '303', '318', '406', '495', '575', '706']
['98', '116', '190', '284', '335', '339', '340', '402', '524', '574', '693']
['207', '212', '516', '521', '609', '611', '630', '637', '694']
['13', '33', '55', '101', '136', '269', '304', '400', '549', '658']
['65', '164', '172', '176', '312', '320', '345', '464', '542', '564']
['27', '88', '90', '256', '358', '451', '485', '613', '665', '730']
['112', '306', '347', '348', '373', '501', '504', '687', '726']
['77', '173', '179', '180', '223', '426', '435', '515', '605', '741']
['44', '47', '73', '75', '131', '283', '336', '344', '520', '616', '728']
['121', '278', '337', '386', '418', '428', '559', '569', '577', '674']
['104', '177', '225', '248', '282', '443', '459', '509', '517', '663', '671']
['8', '18', '78', '118', '226', '361', '434', '444', '588']
['110', '233', '359', '412', '441', '471', '512', '667', '675', '745']
['4', '32', '93', '144', '155', '191', '270', '392', '416', '627']
['7', '257', '307', '442', '475', '498', '505', '572', '621', '631']
['23', '368', '379', '390', '394', '414', '473', '645', '669']
['15', '36', '68', '95', '99', '328', '380', '546', '666', '720']
['42', '105', '201', '239', '496', '535', '678', '733', '748']
['10', '79', '218', '228', '254', '265', '372', '474', '568', '682']
['38', '157', '222', '263', '286', '354', '548', '565', '620', '661', '708', '735']
['2', '24', '81', '170', '238', '255', '529', '555', '597', '617', '691']
['149', '151', '271', '321', '360', '563', '579', '618', '662']
['35', '156', '181', '192', '240', '317', '381', '399', '543', '655']
['64', '72', '87', '167', '227', '252', '446', '634', '668', '743']
['137', '260', '285', '315', '342', '497', '550', '552', '603', '610']
['92', '97', '163', '186', '338', '378', '389', '457', '729', '746']
['139', '142', '388', '450', '510', '623', '652', '692', '727']
['125', '175', '221', '232', '244', '264', '468', '558', '601', '615', '689']
['152', '262', '349', '382', '397', '562', '604', '683', '703']
['108', '130', '217', '237', '279', '292', '507', '539', '713']
['31', '61', '153', '209', '355', '470', '480', '573', '690', '698']
['16', '51', '63', '199', '251', '356', '408', '455', '688']
['67', '76', '82', '259', '268', '384', '465', '479', '506', '536', '607']
['52', '215', '234', '261', '458', '523', '557', '566', '576', '608', '622', '672']
['11', '19', '20', '53', '71', '86', '187', '296', '721']
['37', '69', '140', '208', '280', '291', '518', '526', '712']
['5', '17', '126', '132', '365', '391', '438', '541', '747']
['45', '70', '275', '276', '297', '403', '460', '533', '629', '732', '744']
['89', '94', '122', '165', '202', '231', '249', '314', '330', '387', '486', '654', '677']
['9', '143', '492', '530', '531', '582', '635', '638', '643', '644']
['62', '325', '405', '413', '489', '528', '599', '606', '660']
['229', '300', '350', '357', '502', '525', '593', '625', '714', '718']
['57', '287', '366', '385', '427', '432', '484', '522', '649', '681', '705']
['1', '56', '58', '242', '250', '343', '449', '657', '737']
['205', '211', '277', '293', '364', '430', '653', '676', '715']
['107', '193', '302', '351', '352', '409', '584', '595', '709', '719']
['123', '148', '203', '272', '369', '417', '429', '433', '478', '491', '561']
['49', '80', '482', '488', '493', '511', '554', '639', '664']
['41', '83', '169', '178', '183', '197', '396', '589', '702']
['59', '119', '322', '323', '367', '476', '500', '583', '700']
['12', '26', '50', '54', '213', '466', '513', '696', '710']
['146', '158', '236', '266', '410', '415', '437', '519', '640', '704', '707']
['29', '106', '166', '235', '362', '375', '411', '469', '503', '514', '580', '641', '697']
['113', '114', '117', '147', '241', '370', '456', '463', '591', '685']
['66', '162', '245', '334', '537', '540', '648', '701', '731', '739']
['194', '253', '294', '313', '324', '353', '363', '395', '734']
['28', '46', '128', '267', '281', '439', '527', '571', '647', '695', '711', '722']
['85', '135', '154', '196', '376', '553', '600', '642', '670', '738']
['145', '288', '298', '299', '309', '570', '586', '632', '686']
['109', '127', '182', '258', '311', '447', '556', '619', '659', '742']
['124', '129', '195', '499', '585', '633', '650', '684', '725']
['22', '60', '141', '326', '371', '393', '445', '490', '612', '724']
['43', '103', '246', '305', '308', '374', '424', '436', '467', '628', '636', '699']
