['352']
['425']
[]
[]
['177']
['28', '472']
['252']
['354']
['141', '388']
['232']
['35']
[]
[]
['392']
['231', '334', '410', '431']
['154']
['51']
[]
['158']
[]
['101', '144', '217', '309', '463']
['128']
[]
[]
['179', '374']
['31', '165', '258']
['486']
['280', '283', '458']
['15', '288']
[]
['26', '53', '60', '107']
[]
['189']
['47', '139', '317']
['96', '123']
['259']
['446']
[]
['106', '336', '444']
['437']
['405', '449']
['303', '353']
[]
[]
[]
['274']
['208']
[]
['350']
['114', '136']
['490']
['183', '468']
[]
[]
['25', '215']
['192', '219', '470']
[]
['167']
['180']
['48']
['122']
['198']
[]
['7', '279']
['440']
['302']
['275']
['498']
[]
[]
['88', '397']
['371', '493']
[]
['299', '400']
[]
[]
['222']
['323', '339']
['266', '307']
['115', '464']
[]
['186', '286']
['218', '239']
['94']
['130', '312']
['484']
['22']
['17']
['62', '148']
['363']
['268']
['234']
[]
[]
[]
[]
['187']
['36', '126']
['83']
[]
['12', '212', '375']
['175']
[]
['338']
['43']
[]
[]
[]
[]
[]
['46']
[]
['477']
[]
['433']
[]
[]
['151', '164']
['496']
['355']
[]
[]
['376', '462']
[]
['152']
[]
['38']
['102', '135']
['387']
['430']
['267']
['394']
['64', '243']
[]
['380']
['73', '191']
['465']
[]
['445']
['161', '340']
['227', '246']
['178', '332']
['99', '142', '454']
['8', '277', '310']
['381']
[]
[]
[]
[]
['11']
['305']
['29']
['68']
[]
['24']
['89', '138']
[]
['322']
['296', '435']
[]
['228', '314']
[]
['86']
[]
['2', '197']
[]
['13', '195']
[]
['253', '255']
['412']
[]
[]
[]
['16', '149']
['140', '200', '281']
['72']
[]
[]
[]
['23', '247']
['469']
['55', '276', '428']
[]
['245']
['137']
['49', '209']
[]
['113', '117', '182', '242']
['407']
[]
['111']
['329']
['406']
[]
['75', '461']
[]
[]
[]
['82', '129', '308']
['289']
[]
[]
[]
['116']
[]
['80', '193', '278']
['157', '471']
[]
[]
[]
['361']
[]
['110']
['98', '109']
['497']
['171', '401']
['271', '328', '420']
[]
[]
['6', '481']
['74']
[]
['439']
['459']
[]
[]
['159']
['358', '487']
[]
[]
['58']
['133']
[]
['147']
['166', '181', '377']
['270']
['169']
['56', '316']
[]
[]
[]
[]
['18']
[]
['65']
['426']
['398', '455']
[]
['495']
[]
['326', '452']
['150']
[]
['124']
['9']
['473']
['229']
['318']
['146']
['21', '127', '418']
[]
['413']
['390', '450']
['59']
['489']
[]
['347']
['39']
[]
[]
[]
['475']
[]
['33']
[]
['378']
[]
[]
['120', '356', '366']
['396']
['436']
['447']
['499']
['416', '424']
['482']
[]
['134']
['403', '491']
[]
[]
[]
['221', '368']
['5', '385']
['260', '362']
[]
['230']
['360']
['404']
[]
[]
['357', '417', '443']
['319']
[]
['10', '250', '273', '331']
['476']
[]
['78']
['105']
[]
['199', '343']
['411']
['3', '70']
[]
[]
['365', '383']
['395']
['61', '364']
['42']
['44', '422']
[]
['87']
['438']
['76']
[]
[]
['125']
['456']
[]
['103']
['14']
[]
['170', '173']
['45']
['349']
['206']
['1']
[]
['251']
[]
['188', '382', '399']
['32', '131', '327']
['202', '415', '429']
[]
['320']
[]
['225', '293']
[]
[]
['184']
[]
['143', '254']
['204', '263']
['162', '348']
['207', '391', '448']
['20', '244', '294', '384']
[]
[]
['393']
['163']
['337', '432']
[]
[]
[]
[]
['269']
['389', '451']
['196', '203', '467']
['423']
[]
[]
['172']
[]
['69', '168', '237']
[]
['4', '67']
['287']
['216', '248', '284']
['63', '210', '291', '292']
['153']
['297']
['30', '97', '479']
[]
['81']
['480']
['201', '223']
[]
['313']
['261', '321']
[]
['156', '214']
[]
['324']
['90', '300', '344']
['84', '369']
['370']
[]
['66', '100', '408']
[]
[]
[]
['40', '160', '466']
[]
[]
[]
[]
['325']
['19', '71']
['112', '185', '194']
['213']
[]
[]
['290', '421']
[]
[]
['93', '238', '373']
['176', '236', '333']
['205']
['0']
[]
[]
['295', '341']
['235']
['118', '414']
[]
[]
['457']
['77', '119', '226', '272']
[]
['190', '304']
[]
[]
['174', '492']
[]
[]
['50', '121', '265']
[]
[]
['37', '79', '240']
['298']
[]
[]
[]
['453']
[]
[]
['92']
[]
[]
['359']
[]
[]
[]
['54']
['41', '367']
['145']
[]
['345', '460']
[]
['262']
['427']
['306', '351', '442']
[]
['220', '434']
['241', '474']
[]
[]
['233', '409']
[]
[]
['155', '256']
['402']
['335']
['386']
['57', '488']
[]
[]
['34', '249']
[]
['91', '315', '346', '379']
['419', '494']
['108', '282']
['104']
[]
['85', '301']
['285']
['211']
[]
['478']
['95', '330']
['52']
[]
['27', '342', '483', '485']
[]
['132', '224', '441']
['264', '372']
['311']
['257']
[]
[]
[]
