['Jenna', 'Caroline', 'Brooke', 'Andrea', 'Michelle', 'Vanessa', 'Brittany', 'Jacqueline', 'Sierra', 'Katelyn']
['Zoe', 'Caitlin', 'Briana', 'Trinity', 'Laura', 'Kaylee', 'Catherine', 'Melissa', 'Jada', 'Christina']
['Sabrina', 'Mia', 'Alexandria', 'Tiffany', 'Molly', 'Lindsey', 'Diana', 'Isabel', 'Erica', 'Kylie']
['Lily', 'Maya', 'Kelly', 'Melanie', 'Alicia', 'Jocelyn', 'Erika', 'Miranda', 'Audrey', 'Heather']
['Skylar', 'Daisy', 'Crystal', 'Isabelle', 'Kristen', 'Mckenzie', 'Summer', 'Veronica', 'Riley', 'Meghan']
['Shannon', 'Karen', 'Michaela', 'Diamond', 'Cynthia', 'Sofia', 'Bethany', 'Payton', 'Alexia', 'Jamie']
['Alondra', 'Mya', 'Brenda', 'Desiree', 'Naomi', 'Hanna', 'Ariel', 'Camryn', 'Rebekah', 'Alejandra']
['Cameron', 'Selena', 'Kendall', 'Kyra', 'Abby', 'Kara', 'Jasmin', 'Kathleen', 'Esmeralda', 'Karla']
['Aaliyah', 'Kate', 'April', 'Mallory', 'Lauryn', 'Adrianna', 'Natalia', 'Giselle', 'Valeria', 'Aubrey']
['Allyson', 'Sadie', 'Kyla', 'Alison', 'Elena', 'Fatima', 'Juliana', 'Nancy', 'Gracie', 'Macy']
['Elise', 'Alana', 'Tori', 'Kirsten', 'Sidney', 'Tatiana', 'Cindy', 'Ella', 'Jayla', 'Alexus']
['Priscilla', 'Cecilia', 'Kassandra', 'Celeste', 'Carmen', 'Ciara', 'Mercedes', 'Vivian', 'Bridget', 'Miriam']
['Deanna', 'Kristin', 'Imani', 'Dakota', 'Marisa', 'Eva', 'Shania', 'Meredith', 'Kira', 'Kailey']
['Callie', 'Kassidy', 'Gillian', 'Clarissa', 'Shayla', 'Addison', 'Lucy', 'Alaina', 'Dana', 'Ashlee']
['Deja', 'Raquel', 'Emilee', 'Teresa', 'Georgia', 'Monique', 'Krystal', 'Ruth', 'Bryanna', 'Mariana']
['Heidi', 'Clara', 'Anahi', 'Renee', 'Jenny', 'Daniella', 'Ashton', 'Lizbeth', 'Meagan', 'Ivy']
['Eleanor', 'Haleigh', 'Martha', 'Harley', 'Eliza', 'Hailee', 'Lacey', 'Madalyn', 'Jaden', 'Marie']
['Allie', 'Francesca', 'India', 'Hunter', 'Noelle', 'Marisol', 'Alisha', 'Viviana', 'Carla', 'Cara']
['Iris', 'Yasmin', 'Abbey', 'Sharon', 'Janet', 'Carissa', 'Tamia', 'Alice', 'Tyler', 'Kaleigh']
['Ayanna', 'Phoebe', 'Jane', 'Kiersten', 'Mckayla', 'Halle', 'Kiera', 'Annika', 'Karissa', 'Serenity']
['Colleen', 'Annabelle', 'Emely', 'Kaila', 'Kiley', 'Alina', 'Alyson', 'Madisyn', 'Rhiannon', 'Jaclyn']
['Felicia', 'Madyson', 'Emilie', 'Paris', 'Chelsey', 'Larissa', 'Justine', 'Brisa', 'Cora', 'Janelle']
['Nora', 'Chasity', 'Alma', 'Ann', 'Carrie', 'Elaina', 'Deborah', 'Kailee', 'Sylvia', 'Nichole']
['Eden', 'Barbara', 'Kaley', 'Tayler', 'Macey', 'Leilani', 'Marlene', 'Miracle', 'Amari', 'Devin']
['Melina', 'Tierra', 'Adrienne', 'Shyanne', 'Breana', 'Toni', 'Madelynn', 'Arielle', 'Luz', 'Cristal']
['Destiney', 'Halie', 'Edith', 'Laurel', 'Isis', 'Abbigail', 'Alivia', 'Maritza', 'Ebony', 'Lexie']
['Kyleigh', 'Simone', 'Frances', 'Mollie', 'Nikki', 'Essence', 'Nathalie', 'Tanya', 'Tina', 'Paula']
['Noemi', 'Montana', 'Itzel', 'Aleah', 'Ally', 'Leila', 'Candace', 'Nayeli', 'Kailyn', 'Abbie']
['Brynn', 'Emilia', 'Jaelyn', 'Yvette', 'Anika', 'Desirae', 'Micaela', 'Juliet', 'Raegan', 'Antonia']
['Kayley', 'Rosemary', 'Laila', 'Karli', 'Rylie', 'Madilyn', 'Daphne', 'Blanca', 'Kacie', 'Micah']
['Kaelyn', 'Jazmyn', 'Margarita', 'Helena', 'Lea', 'Madisen', 'Bria', 'Jazlyn', 'Carson', 'Kathy']
['Lexus', 'Sydnie', 'Robyn', 'Alessandra', 'Mariam', 'Delilah', 'Stacey', 'Hayden', 'Salma', 'Moriah']
['Jaida', 'Lizette', 'Aisha', 'Shawna', 'Laney', 'Estrella', 'Brielle', 'Marley', 'Loren', 'Rosalinda']
['Aylin', 'Shea', 'Valentina', 'Alena', 'Chandler', 'America', 'Diane', 'Abigayle', 'Aniyah', 'Jacey']
['Carli', 'Damaris', 'Janice', 'Dorothy', 'Marian', 'Annette', 'Gretchen', 'Alexandrea', 'Gwendolyn', 'Savana']
['Kelsi', 'Ansley', 'Lila', 'Armani', 'Maci', 'Lia', 'Aubree', 'Anissa', 'Catalina', 'Shyann']
['Kari', 'Cecelia', 'Noelia', 'Maegan', 'Gabriel', 'Kallie', 'Hailie', 'Haven', 'Kaylah', 'Christa']
['Aiyana', 'Rachelle', 'Yadira', 'Reilly', 'Allyssa', 'Marianna', 'Shaina', 'Elissa', 'Christiana', 'Drew']
['Caitlynn', 'Princess', 'Cortney', 'Giovanna', 'Darlene', 'Brook', 'Graciela', 'Annalise', 'Selina', 'Jolie']
['Yamilet', 'Shaylee', 'Sheridan', 'Shakira', 'Ryleigh', 'Amira', 'Myah', 'Kacey', 'Kristy', 'Alexys']
['Eryn', 'Silvia', 'Tatianna', 'Abril', 'Jaycee', 'Lisette', 'Ivana', 'Shirley', 'Monserrat', 'Lori']
['Nikita', 'Dayana', 'Asha', 'Ayla', 'Kaela', 'Chantel', 'Jaylin', 'Rita', 'Katia', 'Bridgette']
['Kaia', 'Dallas', 'Joelle', 'Michele', 'Cielo', 'Hazel', 'Arely', 'Misty', 'Sonya', 'Patience']
['Bryana', 'Maryam', 'Aracely', 'Joana', 'Dawn', 'Hadley', 'Shaniya', 'Alysha', 'Martina', 'Jazmyne']
['Myra', 'Annabel', 'Ashly', 'Aliza', 'Daisha', 'Lilliana', 'Joanne', 'Anjali', 'Scarlett', 'Nyasia']
['Fabiola', 'Abigale', 'Raina', 'Katy', 'Janiya', 'Ashtyn', 'Abagail', 'Dayna', 'Kaci', 'Lourdes']
['Annamarie', 'Beatrice', 'Kori', 'Amina', 'Jayde', 'Blair', 'Leann', 'Laisha', 'Jailyn', 'Breonna']
['Keeley', 'Maiya', 'Ashley', 'Rayna', 'Iyana', 'Hannah', 'Alexis', 'Kenia', 'Emily', 'Madison']
['Emma', 'Victoria', 'Jasmine', 'Sydney', 'Rachel', 'Alyssa', 'Taylor', 'Jessica', 'Lauren', 'Destiny']
['Hailey', 'Haley', 'Rebecca', 'Allison', 'Maria', 'Savannah', 'Katherine', 'Stephanie', 'Kaitlyn', 'Natalie']
['Jillian', 'Erin', 'Shelby', 'Margaret', 'Kiara', 'Cassandra', 'Jordan', 'Breanna', 'Chelsea', 'Leslie']
['Julie', 'Savanna', 'Bianca', 'Evelyn', 'Gianna', 'Sophie', 'Claudia', 'Ava', 'Cierra', 'Nina']
['Esther', 'Rylee', 'Ruby', 'Natasha', 'Liliana', 'Paola', 'Heaven', 'Brenna', 'Skyler', 'Whitney']
['Brandy', 'Lexi', 'Ellie', 'Carley', 'Mikaela', 'Elisabeth', 'Lilly', 'Cheyanne', 'Marina', 'Susan']
['Skye', 'Carlie', 'Ellen', 'Marilyn', 'Lucia', 'Elisa', 'Janae', 'Regina', 'Sydnee', 'Fiona']
['Savanah', 'Celia', 'Karlee', 'Sarai', 'Dulce', 'Ciera', 'Thalia', 'Shayna', 'Jadyn', 'Aspen']
['Nataly', 'Karlie', 'Donna', 'Jenifer', 'Sheila', 'Alia', 'Kourtney', 'Kristine', 'Harmony', 'Joselyn']
['Ryann', 'Citlalli', 'Kaylynn', 'Iliana', 'Lyric', 'Chaya', 'Willow', 'Karley', 'Jaquelin', 'Presley']
['Jakayla', 'Jasmyn', 'Elsa', 'Kalyn', 'Reina', 'Bonnie', 'Caleigh', 'Unique', 'Anaya', 'Aja']
['Kameron', 'Antoinette', 'Marlen', 'Olivia', 'Megan', 'Breanne', 'Roxanne', 'Kenna', 'Chloe', 'Mackenzie']
['Danielle', 'Sara', 'Gabrielle', 'Kimberly', 'Makayla', 'Autumn', 'Paige', 'Bailey', 'Mary', 'Courtney']
['Cassidy', 'Cheyenne', 'Marissa', 'Katie', 'Kelsey', 'Alexa', 'Kathryn', 'Mikayla', 'Angela', 'Gabriella']
['Arianna', 'Lillian', 'Caitlyn', 'Ariana', 'Angel', 'Kennedy', 'Angelica', 'Adriana', 'Gabriela', 'Britney']
['Peyton', 'Lydia', 'Brooklyn', 'Brittney', 'Monica', 'Karina', 'Carly', 'Kaitlin', 'Hayley', 'Angelina']
['Lindsay', 'Kylee', 'Amelia', 'Holly', 'Ashlyn', 'Mckenna', 'Makenzie', 'Maggie', 'Casey', 'Kendra']
['Joanna', 'Jazmine', 'Kristina', 'Patricia', 'Rachael', 'Serena', 'Christine', 'Asia', 'Tara', 'Katelynn']
['Haylee', 'Dominique', 'Jaqueline', 'Sandra', 'Camille', 'Makenna', 'Yesenia', 'Genesis', 'Julianna', 'Carolina']
['Rose', 'Carolyn', 'Alissa', 'Aliyah', 'Charlotte', 'Madeleine', 'Nia', 'Josephine', 'Anne', 'Hallie']
['Tabitha', 'Wendy', 'Cristina', 'Logan', 'Baylee', 'Denise', 'Ashleigh', 'Katlyn', 'Anastasia', 'Josie']
['Linda', 'Gloria', 'Julissa', 'Jacquelyn', 'Kayleigh', 'Cassie', 'Tiana', 'Gisselle', 'Kaitlynn', 'Tiara']
['Lesly', 'Tatyana', 'Layla', 'Kaylie', 'Jessie', 'Ashlynn', 'Krista', 'Brandi', 'Melody', 'Talia']
['Lesley', 'Tatum', 'Kali', 'Bailee', 'Yasmine', 'Precious', 'Zoey', 'Jayda', 'Kelsie', 'Tamara']
['Kaylin', 'Paulina', 'Regan', 'Tania', 'Charity', 'Taryn', 'Irene', 'Pamela', 'Johanna', 'Tyra']
['Sage', 'Angie', 'Mayra', 'Kenya', 'Zaria', 'Alanna', 'Genevieve', 'Malia', 'Aurora', 'Macie']
['Kelli', 'Lorena', 'Piper', 'Esperanza', 'Eve', 'Perla', 'Brooklynn', 'Eliana', 'Athena', 'Chyna']
['Elaine', 'Sydni', 'Destini', 'Amya', 'Leticia', 'Aimee', 'Maia', 'Tess', 'Fernanda', 'Justice']
['Nicolette', 'Reyna', 'Araceli', 'Jewel', 'Ryan', 'Aniya', 'Stacy', 'Robin', 'Keely', 'Kaylyn']
['Eileen', 'Sienna', 'Carlee', 'Alisa', 'Leanna', 'Haylie', 'Kianna', 'Lyndsey', 'Hana', 'Katelin']
['Devon', 'Christy', 'Lizeth', 'Katharine', 'Sandy', 'Maribel', 'Kellie', 'Joyce', 'Camila', 'Juliette']
['Brianne', 'Jalyn', 'Meaghan', 'Beatriz', 'Lilian', 'Kenzie', 'Karly', 'Ayana', 'Rebeca', 'Devyn']
['Violet', 'Tracy', 'Aliya', 'Jaime', 'Jackeline', 'Susana', 'Jaiden', 'Zoie', 'Casandra', 'Stephany']
['Amani', 'Celina', 'Mattie', 'Kaya', 'Kasandra', 'Lillie', 'Quinn', 'Kayli', 'Maura', 'Bella']
['Izabella', 'Jesse', 'Nyah', 'Rocio', 'Jacklyn', 'Jeanette', 'Amara', 'Arlene', 'Yolanda', 'Kennedi']
['Liana', 'Teagan', 'Dasia', 'Elyse', 'London', 'Kiarra', 'Chanel', 'Juanita', 'Yvonne', 'Berenice']
['Parker', 'Lara', 'Randi', 'Darian', 'Reanna', 'Darby', 'Isabela', 'Keara', 'Baby', 'Kinsey']
['Stefanie', 'Yazmin', 'Trisha', 'Magdalena', 'Aryanna', 'Paloma', 'Nadine', 'Samara', 'Elyssa', 'Taya']
['Belen', 'Jana', 'Katerina', 'Dejah', 'Ali', 'Estefania', 'Deasia', 'Emmalee', 'Saige', 'Alex']
['Rhianna', 'Destany', 'Aria', 'Gia', 'Neha', 'Daija', 'Kirstin', 'Keira', 'Marlee', 'Delia']
['Adrian', 'Melisa', 'Katlynn', 'Sky', 'Yessenia', 'Kaylan', 'Yasmeen', 'Jill', 'Samantha', 'Abigail']
['Sophia', 'Brianna', 'Anna', 'Amanda', 'Alexandra', 'Isabella', 'Kayla', 'Elizabeth', 'Julia', 'Morgan']
['Madelyn', 'Jade', 'Amber', 'Amy', 'Claire', 'Madeline', 'Faith', 'Leah', 'Mariah', 'Ana']
['Hope', 'Jazmin', 'Jordyn', 'Daniela', 'Delaney', 'Valerie', 'Raven', 'Katrina', 'Avery', 'Amaya']
['Lisa', 'Nadia', 'Kamryn', 'Kiana', 'Guadalupe', 'Destinee', 'Tessa', 'Rosa', 'Annie', 'Reagan']
['Alayna', 'Tia', 'Maddison', 'Gina', 'Kierra', 'Theresa', 'Litzy', 'Virginia', 'Helen', 'Kasey']
['Jayden', 'Angelique', 'Clare', 'Julianne', 'Felicity', 'Tianna', 'Aileen', 'Sonia', 'Sasha', 'Joy']
['Anya', 'Christian', 'Corinne', 'Cayla', 'Ericka', 'Lena', 'Calista', 'Mara', 'Judith', 'Carina']
['Anita', 'Janessa', 'Skyla', 'Katarina', 'Stella', 'Sally', 'Candice', 'Carol', 'Celine', 'Melinda']
['Greta', 'Dariana', 'Mariela', 'Nya', 'Cali', 'Alysa', 'Alize', 'Sarina', 'Maeve', 'Adeline']
['Maranda', 'Mireya', 'Norma', 'Ingrid', 'Reese', 'Alycia', 'Amiya', 'Hillary', 'Dianna', 'Brionna']
['Emerald', 'Luisa', 'Sarah', 'Nicole', 'Cydney', 'Mandy', 'Jennifer', 'Grace', 'Jena', 'Odalys']
