['9', '55', '136', '141', '429', '747']
['151', '245']
['104', '114', '471']
['53', '145', '734']
['1', '25', '225', '273', '444', '554', '652']
['97', '276', '775']
['240', '616', '617', '733']
['163', '296', '330', '399', '457', '501', '685']
['222', '354', '385']
['242', '556', '626', '758']
['35', '89', '358', '451']
['183', '743']
['545', '722']
['192', '355', '705', '754']
['132', '502', '579', '751']
['264', '576', '659']
['129', '708']
['261', '615', '795']
['185', '186', '507', '739', '741', '771']
['137', '322', '360', '487']
['6', '254', '277', '331', '416', '450', '544']
['158', '717', '762']
['94', '320', '352', '455']
['534', '653']
['105', '449']
['79', '414', '430']
['260', '298', '461', '581', '598', '700', '718']
['75', '84', '211', '447', '564', '709']
['39', '299', '464']
['205', '394', '783', '787']
['43', '113', '134', '269', '522', '588', '769']
['38', '315', '334', '441', '796']
['101', '474', '557', '703']
['119', '349', '350', '794']
['162', '309', '318', '620', '793']
['537', '649']
['237', '375', '676']
['62', '238', '302']
['146', '321', '488', '550']
['434']
['364']
['36', '42', '433', '512', '728', '759', '789']
['345', '348', '592']
['506']
['323', '406']
['123', '420', '595', '716']
['230', '395', '493']
['221', '558', '737']
['54', '210', '675']
['14', '231', '583', '662']
['71', '341', '361', '546', '671']
['168', '319', '337', '431', '459', '742']
['293', '643', '740', '780']
['69']
['64', '235', '477', '539', '624', '768']
['41', '138', '549', '746', '778']
['233', '378', '610']
['373', '419']
['92', '517']
['24', '325']
['679']
['295', '347', '381', '422']
['156', '613', '707', '713', '732']
['19', '22', '200', '357', '699']
['106', '286', '382', '437', '505']
['82', '86', '498', '542']
['12', '372', '632', '689']
['7', '66', '516', '730', '757', '784']
['278', '423', '594']
['107', '160', '393', '668', '696']
['481']
['27', '112', '300', '678', '725']
['256', '398', '648', '660']
['90', '232', '292', '311', '749']
['195', '376', '387']
['37', '117']
['582']
['207', '267']
['46', '91', '191', '274', '635', '667', '761']
['161', '243', '289', '338', '766']
['150', '159', '266', '490']
['28', '148', '356', '456', '603']
['508', '599']
['147', '519', '538']
['13', '197', '515', '574']
['239', '535', '670']
['103', '415']
['44', '313', '402', '731']
['215', '291', '466', '485', '510', '567', '786']
['255', '779']
['329', '343', '443', '600']
['50', '164', '442', '744', '748']
['219', '270', '463', '589']
['523', '799']
['362']
['23', '248', '790']
['110', '174', '383', '469', '618']
['88', '201', '333', '483', '621']
['111', '170', '209', '217', '568', '654']
['157', '305', '326', '681', '798']
['26', '241', '263', '521', '628']
['17', '57', '78', '135', '439', '453', '763']
['327', '470', '480', '633', '656', '683']
['18', '40', '405', '478', '646', '767']
['99', '109', '258', '377', '570', '625', '657']
['121', '173', '281', '745']
['8', '605']
['31', '307', '448', '638', '655', '680', '701']
['172', '308', '445', '476', '482', '552', '684']
['213']
['421', '424', '536']
['73', '102', '140', '755', '760']
['514', '529', '697']
['67', '645', '782']
['198', '234', '484', '541', '561']
['596', '666', '756']
['116', '408']
['310', '379', '770']
['128', '149', '206', '630', '674']
['58', '76', '317', '397', '693']
['203', '212', '226', '342', '511', '525']
['188', '658']
['175', '468', '706']
['20', '83', '543', '664']
['723', '735']
['229', '257', '265', '412', '452', '555', '644']
['214', '353', '391', '401', '467', '520']
['49', '339', '551']
['15', '155', '597']
['125', '204', '316', '637']
['366', '636', '669']
['251', '792']
['16', '304', '403', '547', '609']
['52', '72', '388', '410', '584', '682']
['80', '247', '253', '661', '665']
['56', '184', '432', '479', '518']
['177', '178', '672', '695', '773']
['48', '133', '328', '627']
['216', '282', '370', '389', '533']
['404', '426']
['32', '504', '569', '726']
['60']
['218', '249', '371', '631']
['351', '396', '528', '694']
['98', '118']
['202', '332', '651', '715']
['602', '788']
['165', '187']
['259', '287', '509', '606', '772']
['5', '29', '208', '268', '335', '446']
['497', '650', '719', '753', '764', '777']
['74', '127', '367']
['236', '386', '526', '791']
['0', '47', '120', '297', '301', '462']
['454', '496', '553', '686']
['224', '491', '548', '563', '566', '647', '712']
['641', '774']
['4', '21', '70', '96', '131', '272', '427']
['220', '729']
['714']
['575']
['440', '702']
['346', '540', '721']
['475', '587', '752']
['45', '336', '465', '494', '663']
['10', '93', '143', '166', '368']
['34', '100', '122', '190', '489', '503']
['68', '153', '182', '223', '365', '428', '486']
['3', '81', '179', '246', '585', '634', '639']
['108', '144', '275', '306', '407', '411', '425']
['87', '271', '472', '608']
['126', '590']
['51', '436', '593', '622', '623']
['374', '562', '591', '750']
['252', '384', '495', '611', '704', '776']
['115', '142', '176', '180', '194', '417']
['167', '193', '390', '438']
['392', '499', '513', '560', '565', '711']
['607']
['59', '95', '283', '460', '578', '619']
['340', '409', '458']
['77', '139', '500', '531', '738']
['11', '33', '473', '698', '710']
['573', '614']
['30', '344']
['2', '61', '124', '524', '530', '559']
['63', '169', '400', '586', '629']
['284', '294', '413', '577', '673', '690']
['181', '228', '244', '580', '642', '692']
['290', '380', '527', '604', '687', '720']
['171', '250', '279', '435', '688']
['199', '280', '601', '677', '785']
['65', '85', '303', '571', '691', '736']
['196', '262', '363', '418', '492']
['152', '189', '312', '797']
['359', '781']
['154', '227', '640']
['572', '765']
['314', '324', '532', '612']
['130', '285', '288', '369', '724', '727']
