['TRNWAE', 'QV', 'IPXF', 'GU', 'AQGY', 'AJC', 'GG', 'VK', 'CBI', 'VPL', 'NHEI', 'RJVOA']
['G', 'CZWTSV', 'QSRGJZ', 'CE', 'SBHVUO', 'DKC', 'NYNO', 'NU', 'MYPZSE', 'HUJEHQ', 'NODUO']
['WA', 'IY', 'WRLAGX', 'CXD', 'KLXH', 'YDH', 'IH', 'BY', 'WFKJ', 'POG', 'VNM', 'WT', 'XQ', 'XUY']
['R', 'LUKE', 'DKAUX', 'KPXECX', 'MKFH', 'FCW', 'KXJ', 'OA', 'ZLY', 'XIEKUP', 'MZILPS']
['KVF', 'LJSQVB', 'HWH', 'LZTQ', 'EYNMW', 'BEZW', 'QDB', 'JKC', 'DZMIAZ', 'HMWLSN', 'PXOAD', 'FJH', 'OFNJXS', 'PLPJX', 'OPUZ']
['QCY', 'JYDE', 'NJIWI', 'JU', 'FLESMK', 'BICF', 'EXOVOE', 'ILGXAY', 'FQ', 'ATKT', 'JMXZ', 'SDHQOO', 'EEO', 'UGO']
['BJ', 'EV', 'TINNN', 'BKLUQD', 'SZFE', 'FAXUT', 'TFJ', 'UAJOX', 'ZVWIGT', 'PA', 'GPLHAJ', 'RMP', 'OFD', 'ERAP']
['PIUU', 'SIUEM', 'BIYQCY', 'JFE', 'YTL', 'F', 'MLIFD', 'SH', 'MIKOWM', 'YMYLNP', 'UTXY', 'IYO', 'TWQKH', 'KDH', 'QX']
['TAJ', 'SX', 'A', 'AAZKDE', 'V', 'EZZ', 'ATAU', 'PPQKM', 'JS', 'QQ', 'HQ']
['ZRXM', 'MTNV', 'VJR', 'RHVNLM', 'DPN', 'OJ', 'QUBT', 'PODI', 'TPFC']
['PNMTS', 'LAMQM', 'SBNMRS', 'XAQJC', 'QJVMSO', 'ZBC', 'VOL', 'KEK', 'PUQKP', 'TZIH', 'XHA']
['LZPU', 'WCALR', 'UK', 'AFHY', 'AO', 'BDFHHB', 'CBM', 'FRRXC', 'JHQXV', 'TTZDM', 'PT', 'HEWHYE', 'UBYO']
['OVHY', 'OFHA', 'LQYYG', 'LHQ', 'RIU', 'RCWK', 'CDV', 'IWH', 'DRW', 'JTVA', 'NVM', 'NBTNXT', 'EVX']
['IBDD', 'ERELJJ', 'NFL', 'LMPGA', 'KSCJXB', 'BDL', 'MOH', 'MPPDAX', 'LBEOZ', 'JZ', 'MGQVC', 'CZD', 'JITAE', 'RRYFB']
['RKAMR', 'CXDWFJ', 'AI', 'BCLG', 'AIEJN', 'WFFDC', 'DBW', 'ICKR', 'NLV', 'JJGZ', 'XOKO', 'MA', 'DOKHQP', 'CKYAWJ', 'KMCY']
['HD', 'HKLSE', 'WHFW', 'AV', 'HFGUWD', 'OQ', 'XMMF', 'ZSKAOE']
['NHQ', 'UGGRSF', 'ACE', 'GPWG', 'AWQ', 'MAUNXC', 'AMED', 'XEYIK', 'YQGH']
['ZLQ', 'WNFWJ', 'IWQ', 'ZP', 'QHO', 'DXC', 'DDUKO', 'NCCM', 'SMIRZ', 'NQJUT', 'FEEIF', 'YZLB', 'EMQD', 'XAXTZP']
['NCRT', 'GLPFDA', 'RUTMF', 'NYAVP', 'SPSM', 'W', 'YOIOT']
['AOLAX', 'WKW', 'QI', 'RJMGB', 'VH', 'CEN', 'QQXOE']
['C', 'VFJKMK', 'RNIWL', 'GGML', 'OJQR', 'MPPY', 'OE', 'PCHZW', 'VCMPPU', 'PUQPLP']
['HULCO', 'HUJ', 'EMOM', 'KOBP', 'NTRWJU', 'PTYEFH', 'JVVDT', 'CYLS', 'NCEVSG', 'TIZXQE', 'BUNPYK', 'MHLMD', 'UFHV', 'HNDFU', 'WCXA']
['RTUH', 'QIDDC', 'MQR', 'JPZI', 'NCIN', 'GZV', 'PHVVKX', 'JA', 'HW', 'LIHCRY']
['RXFUJH', 'CRBE', 'AJ', 'SU', 'XCPN', 'PJS', 'XAQK', 'NRKXSF', 'H', 'KUUHYV', 'KS', 'WKV', 'AVF']
['MHJBHM', 'T', 'CRE', 'IM', 'XYC', 'RQXZE', 'MZPJ', 'TI', 'RGF', 'ICUXOW', 'OKCPU', 'LKZT', 'VZDU', 'ELCMCJ', 'FZQIS']
['CTL', 'CR', 'DLOP', 'XQQ', 'GBTCV', 'CFQ', 'JNTSGE', 'RROJ', 'CKHO', 'VS', 'AOOX', 'AODSNC', 'KQB', 'KPA', 'UKG']
['LK', 'GMO', 'FCN', 'LWEHAN', 'S', 'PGTGW', 'HSY', 'EWYNI']
['KXHCD', 'UMU', 'QLZ', 'DIEGC', 'TPRJ', 'HII', 'ZQ', 'PCAG']
['KWKJX', 'ZL', 'TDT', 'UVE', 'QYO', 'KVDQKA', 'RHNSE', 'KUDND', 'QMNE', 'DT', 'HZQ', 'VX', 'UPPN', 'EOIEQ', 'FH']
['XJA', 'IQYALQ', 'VOGY', 'MIHSET', 'PF', 'PPVLEY', 'JFI', 'FOCO', 'OJLH', 'TNJNZI', 'HQYNX', 'RBQF', 'TC', 'BX', 'LZKJ']
['BZKQ', 'CA', 'MDP', 'QYGM', 'BORKE', 'JJV', 'NTH', 'JEF', 'FVXRX', 'JALH']
['GXXJLE', 'MXBVCY', 'KCLG', 'HSWC', 'EUR', 'MEZVS', 'SW', 'DZNGGC', 'DO', 'GNJXZM', 'TKJ', 'NEDR', 'YHO', 'FZOO', 'LP']
['MMKT', 'KEJ', 'FCWKK', 'XZ', 'VVEY', 'ULYZYS', 'QC', 'YN', 'UXB']
['CTLR', 'HF', 'LZ', 'UHN', 'SKGAW', 'NQAC', 'IO', 'HIDSH']
['I', 'SJDFDP', 'OB', 'TTXZDL', 'UJTRG', 'OEKEWW', 'ZGFEU', 'QWMUG', 'QKFKPY', 'JW', 'ZTNOH']
['XR', 'PHHGS', 'N', 'AOTR', 'JRTSXL', 'BFHD', 'SADF', 'FZVER', 'SZO', 'DEUZ', 'QZDE', 'BG', 'DQNA', 'WALJML']
['RA', 'DKI', 'BMW', 'OKZF', 'DJXQQ', 'ORL', 'WQWBQ', 'FB', 'ZARFVS', 'AXNTN', 'ENJGYD', 'XOQT', 'LGXG', 'HMEAT', 'AHEG']
['BFI', 'PXTMN', 'QS', 'CKURLE', 'QLZUVP', 'MFYA', 'RNIM', 'YT', 'BF', 'WBBL', 'DZW', 'QFNZYJ', 'URWYI', 'TP', 'WQIFJ']
['IZXY', 'K', 'ICM', 'FO', 'ZZO', 'DAC', 'IFRVB', 'QKDPR', 'TNO', 'UESLBT', 'ZIVJ', 'DPAMFD', 'UFQ', 'AYXAC', 'EWIG']
['GZ', 'NPUTDO', 'JD', 'HTRKVL', 'FS', 'DQMGX', 'CUU', 'BKZKQI', 'KKUL']
['OS', 'TBEQ', 'QPHW', 'ULPW', 'WCQSF', 'RNAZS', 'TTPWLF', 'FTVSYI', 'NNQPC', 'TKFJR']
['FC', 'VOPR', 'CPNN', 'ZWFX', 'XNBWEA']
['CVPVRF', 'PKI', 'TVXIJP', 'XVIWH', 'UO', 'J', 'VZ', 'EGCCZ', 'FT', 'OITV', 'HGHPUD', 'ZZCMBG', 'FQII', 'CITH']
['WRIRHZ', 'LFBKWG', 'NKPG', 'LKF', 'LMDB', 'HSU', 'PSCUQN', 'PDBQ', 'NMY', 'HRYBTQ', 'WPDQ', 'IAR', 'MCHFU']
['QMIC', 'GLP', 'ZIG', 'KDS', 'MLEDX', 'HGHXB', 'EBKGGP', 'DEFB', 'AJRKR']
['EXE', 'NRDYW', 'GTRVNI', 'AHV', 'FESKYH', 'XSPT', 'ALJ', 'XQHYLY', 'JMIRVA', 'DZP', 'RAUQ', 'KI', 'VQJV', 'XMKVC']
['QAZ', 'LE', 'HUR', 'AEQBYO', 'JMFXDQ', 'MK', 'B', 'WX', 'EEAJ', 'JKLZC', 'DIGJ', 'CWI', 'SWGOR']
['ZHF', 'UP', 'UW', 'XYOVX', 'JAQSYZ', 'QBNQF', 'MULG', 'GKSLPF', 'IZ', 'QDA', 'DVBB', 'SYR', 'XRNUJH', 'CQW']
['BS', 'ABMO', 'Y', 'GZZ', 'HETJG', 'JAJQTK', 'XRQVFG', 'EFT', 'VA', 'NUV', 'ZSC', 'BICTN', 'GB']
['QLL', 'HYUOM', 'ABZOZ', 'XNE', 'ROD', 'BBSCG', 'EIX', 'HKCG', 'LQJKLH', 'HM', 'JC', 'OFZMDV', 'AIGG', 'XNLRP', 'LJLWU']
['IBEEG', 'QPDEUN', 'KP', 'NQNU', 'RFEVG', 'MN', 'ZGJOG', 'NHJIA', 'OV', 'IVAVSM', 'XHCNVH', 'UWHOPP', 'DYYT', 'WSQU', 'MG']
['X', 'IKL', 'FSTSU', 'ZD', 'UXZEDF', 'RLS', 'XW', 'LVN', 'VWT', 'GDUI', 'XL', 'WFOM', 'KGLX', 'FVCVM', 'UEATF']
['MKF', 'QEP', 'HLPIZ', 'MTW', 'GO', 'HRV', 'HPV', 'FAP', 'RHAL', 'GUSM']
['D', 'XB', 'Q', 'QF', 'SWYV', 'XDFYNF', 'CPXCN', 'HL', 'QNVTV', 'CKOO', 'BUYVB', 'CKB', 'KOXT']
['LXW', 'YHEOEP', 'CLG', 'GPMB', 'JNAGC', 'XNHKML', 'NQI', 'TOAIW', 'HCBC', 'AGOVWE', 'OQV', 'DXIM', 'HEJ']
['CDCD', 'TRJ', 'RADV', 'LRGJ', 'KJTB', 'OPKCPI', 'BSB', 'GLQ', 'KKVM', 'QRGJVT', 'MDQR']
['JXNF', 'PD', 'KFVRBD', 'RWELAF', 'DDA', 'JKBPRG', 'WJZU', 'GCY', 'GAH', 'NQ', 'PB', 'HXUAA']
['IUBB', 'BOBVEH', 'WS', 'DZR', 'E', 'LH', 'LGOO', 'SZF', 'LXXMN', 'ZS', 'CTGL', 'MM', 'PXBVWP', 'LMAD', 'WBEJA']
['U', 'FJMOCR', 'WVQ', 'LI', 'DUJCM', 'CRAMW', 'GJG', 'ZUF', 'LIO', 'QRI', 'IDWS', 'GKWDB']
['GDPC', 'ZNII', 'YCNGLS', 'XSV', 'KLKP', 'DMJP', 'UBG', 'PEFUXT', 'HCDN', 'DVFGAY', 'OHDZ', 'ZA']
['YYXQPD', 'IPE', 'EL', 'QZTMV', 'GUIET', 'SUEY', 'NWVC', 'PWMVP', 'VXYYL', 'HMVYIB', 'ME', 'MBO']
['FN', 'MIE', 'TD', 'GTETE', 'LVJVBN', 'WZVLIU', 'PWCT', 'XC', 'YEXGF', 'RAVJ', 'YGVXCR', 'UFMNWB', 'EOQ', 'WEF', 'MXOVAA']
['ZGYY', 'JGYAV', 'IRRZEF', 'DY', 'HXUL', 'NUZTJO', 'DJXGWY', 'AWZMMA', 'VYNS']
['XFV', 'DMHKJ', 'VOP', 'IA', 'XLP', 'FSM', 'NQQ', 'XJJEMP', 'SMN', 'FLBKSA', 'VPFW', 'HBYUH']
['L', 'FVEOMN', 'LVYEPG', 'KL', 'WI', 'WJDR', 'M', 'BXF', 'VU', 'ZDWUDN', 'RC', 'VEW', 'MNZY', 'NJTTL']
['LNLI', 'TTVR', 'HGM', 'KABWQD', 'BE', 'RF', 'RYSJ', 'LXMKI', 'QCK', 'WVEMBG', 'NY']
['WISR', 'CBVM', 'DKX', 'BTJV', 'SHCKZ', 'BHG', 'CFKSDN', 'NOU', 'ZIGH', 'MKNPM']
['P', 'PMDRY', 'GLI', 'O', 'RZWBQ', 'RZ', 'YUBU', 'QCFSUQ', 'TOMX', 'QREUG', 'PNDPR', 'RBTT', 'ST', 'IBSPT', 'GD']
['NIA', 'CT', 'RSO', 'SVP', 'GRXI', 'HER', 'WQ', 'HNPX', 'JBA', 'WDKC', 'ESBBD', 'LXM', 'CNB', 'CVF']
['JRW', 'ARNUC', 'OMBK', 'EUPZ', 'UFMJ', 'GQIBEQ', 'DI', 'MPHP', 'RHQTRA']
['BDICG', 'AKXN', 'DVL', 'YSEKHP', 'VHIY', 'RDINYY', 'LHK', 'UCIREG', 'RWCHAF', 'MURSB']
['LWSFT', 'XDF', 'VXJA', 'GKT', 'PZKMIY', 'QWEEI']
['ZCVW', 'Z', 'UAAFO', 'LXDDV', 'ALJGX', 'NAUX', 'TE', 'BCGPM', 'OURYH', 'INEQYV', 'ZNUMS', 'OBS', 'QVMBU', 'CXLN', 'SHLGE']
['RGFRV', 'VNPT', 'VPGZJO', 'ZDKDHY', 'BVI', 'MF', 'IER', 'DYKA', 'VUM', 'AEZJPF', 'NXRYEZ', 'RFWFI', 'CNOC']
['KBNKCH', 'KXVNLD', 'NNYU', 'RBLO', 'OTIA', 'BSE', 'BDIDDO', 'WKNO', 'LNTTE', 'HECKTM', 'DYZXC', 'EXDJ']
['ER', 'VVN', 'ITZFQK', 'XFQCI', 'ICJDE', 'BLOKFF', 'UFQNFV', 'OKH', 'VI', 'JXCGEA', 'JFPTF']
['RRSCI', 'TZPSJ', 'GBPB', 'YP', 'PKCSI', 'WGA', 'UFLGMK']
['EC', 'WAQUK', 'WEFEWV', 'IWLH', 'LO', 'PK', 'MQTP', 'GNWAP', 'KKUPUT', 'ASVIRM']
['CVNLM', 'JBM', 'MSY', 'VP', 'FOSFP', 'ZGA', 'BTQWU', 'FCH', 'QICRNV', 'JVN']
['UV', 'DU', 'YER', 'TQEPA', 'XM', 'XIS', 'IMMDN', 'QT', 'EOGRE', 'SQV', 'BVRU', 'GVFC', 'DM', 'UIRH', 'RY']
