['ET', 'KJ', 'RE', 'BJX', 'PP']
['MR', 'DN', 'LE', 'BAO', 'BK', 'BIV']
['YA', 'CJ', 'FI', 'A', 'IH']
['BJS', 'CS', 'NI', 'HY', 'MU']
['WA', 'MK', 'BGZ', 'NA', 'OG', 'I']
['TU', 'BEK', 'BLB', 'EQ', 'BDJ']
['QP', 'ZW', 'XD', 'BJH', 'EM']
['TV', 'RI', 'LL', 'F', 'IK', 'WQ']
['BAV', 'BFB', 'WY', 'BAT', 'NF']
['RJ', 'NV', 'RU', 'BEO', 'BKQ', 'VF']
['GC', 'HM', 'VJ', 'B', 'PW', 'XC']
['OO', 'YO', 'PR', 'E', 'BCP']
['RC', 'ZF', 'BEU', 'BEM', 'BKT', 'CF']
['DL', 'WG', 'XL', 'VH', 'UM', 'MD']
['BGS', 'OC', 'JF', 'CT', 'WW']
['VG', 'BKB', 'LR', 'BEZ', 'KO', 'BJC']
['BCV', 'UX', 'YS', 'ZN', 'YY', 'XO']
['BFI', 'DI', 'GN', 'C', 'GE']
['WC', 'KE', 'OP', 'FQ', 'BHA']
['BCM', 'BFJ', 'DV', 'BDV', 'RT', 'UH']
['KW', 'CY', 'BBE', 'HN', 'BJO']
['BEL', 'BCS', 'YT', 'EO', 'VU', 'GO', 'UO']
['BES', 'TE', 'OI', 'GI', 'JE']
['BDF', 'BIA', 'BGY', 'BDB', 'BKK']
['BDY', 'BBI', 'MH', 'TJ', 'BJZ', 'OL']
['BHB', 'VI', 'BAS', 'BIZ', 'GF', 'BCE']
['BO', 'BAY', 'ZM', 'BMB', 'JV']
['LY', 'UW', 'OQ', 'LF', 'BCH']
['BMD', 'FX', 'MF', 'BJK', 'DY', 'TP']
['J', 'BMJ', 'BFW', 'GV', 'HD', 'IE']
['JS', 'HH', 'CZ', 'BJD', 'VP', 'T']
['KQ', 'FN', 'OS', 'JO', 'KD', 'LT']
['BIY', 'BHD', 'YC', 'BGX', 'BLF']
['BHM', 'NB', 'UZ', 'EA', 'VB']
['RO', 'BBK', 'JL', 'FZ', 'BCC', 'BEA']
['MC', 'BKE', 'WK', 'BLE', 'BFV']
['LZ', 'YQ', 'XN', 'BU', 'ZL', 'BFN']
['EV', 'PI', 'GT', 'U', 'LV', 'ID']
['NU', 'BJT', 'JU', 'CH', 'SS']
['BFE', 'BBN', 'ML', 'EY', 'RW']
['KS', 'QL', 'SW', 'IJ', 'MW', 'FE']
['RN', 'DO', 'DH', 'SJ', 'BGB', 'BKO']
['BKM', 'PV', 'IC', 'KN', 'BEC']
['QX', 'HB', 'HP', 'FH', 'UV', 'LP', 'QS']
['OU', 'HG', 'PE', 'ZI', 'BBD']
['BHX', 'KV', 'BGI', 'WV', 'RM']
['BML', 'US', 'BIM', 'BHZ', 'BIG', 'DU']
['JD', 'KC', 'BKJ', 'PN', 'BLZ']
['V', 'NK', 'KF', 'PC', 'NH', 'BHL']
['BKV', 'TO', 'BGW', 'HA', 'BCB', 'BKA']
['BIL', 'TD', 'BCG', 'BAH', 'BHJ']
['OW', 'PF', 'IN', 'CG', 'PB', 'BFL']
['M', 'CR', 'TF', 'MJ', 'BKP']
['CW', 'BC', 'TX', 'BH', 'BJB', 'BJR']
['BEP', 'QY', 'BAA', 'CV', 'BIJ', 'QV']
['PZ', 'TM', 'BLJ', 'BMF', 'RZ', 'XR']
['BIC', 'BAF', 'BG', 'Z', 'BDL']
['MO', 'BGQ', 'BJM', 'FS', 'BGH', 'BJV']
['XQ', 'BBV', 'BKF', 'TN', 'VR']
['HW', 'YK', 'BBG', 'Y', 'NT', 'BV']
['OF', 'NM', 'IT', 'BFK', 'BKC', 'K']
['BJU', 'LC', 'BMK', 'TI', 'BBW']
['BKU', 'BKW', 'JP', 'WN', 'GR', 'XZ']
['XE', 'LD', 'BLT', 'RV', 'BHY']
['SG', 'QU', 'CD', 'WO', 'BFM', 'RF']
['EP', 'WH', 'BCW', 'NY', 'IB', 'BJF', 'VE']
['EC', 'YU', 'BAR', 'BIE', 'YW']
['BQ', 'BBQ', 'BLW', 'CU', 'P']
['BFF', 'ES', 'HF', 'DC', 'UK', 'BLK']
['FO', 'BFO', 'BGD', 'PH', 'BEJ', 'VK']
['HI', 'Q', 'LX', 'BCK', 'KM']
['SD', 'DT', 'TK', 'FM', 'GM']
['YJ', 'TA', 'WR', 'NJ', 'BAW', 'KG']
['BER', 'H', 'OZ', 'XK', 'WL', 'N']
['PM', 'UQ', 'BLP', 'SX', 'BBY']
['FF', 'EH', 'ZQ', 'BDD', 'BHU', 'BMH']
['BCA', 'KB', 'BIU', 'RA', 'BBT', 'BAB']
['ZY', 'BAP', 'JI', 'WF', 'BIT']
['OA', 'BJI', 'BAQ', 'BIP', 'XX', 'BCU']
['UI', 'KR', 'BEV', 'CB', 'BGG', 'IZ']
['PT', 'BFQ', 'BKL', 'PL', 'BKG', 'BMA']
['WJ', 'HL', 'WX', 'NC', 'NS']
['GG', 'GP', 'CP', 'ZS', 'DZ']
['DG', 'UE', 'LQ', 'BFT', 'JH']
['BLO', 'HX', 'MT', 'BY', 'WZ']
['RR', 'DJ', 'QI', 'SA', 'BHE']
['YB', 'VM', 'TC', 'PU', 'BBA', 'BHI', 'BEF']
['CC', 'BIO', 'SE', 'RL', 'TT']
['XU', 'CM', 'BKH', 'YG', 'IS', 'RK', 'EU']
['BEN', 'BGP', 'BB', 'YE', 'UF']
['XT', 'YN', 'BLS', 'VA', 'SI', 'BLY']
['MP', 'LI', 'BW', 'EK', 'KX']
['BCX', 'QB', 'KL', 'EJ', 'BFA', 'BBH']
['ZB', 'BGN', 'BHW', 'IM', 'YL', 'GH']
['BCI', 'BJN', 'WP', 'JY', 'BAM', 'DR']
['NL', 'QD', 'ZK', 'XH', 'VT', 'FP']
['TG', 'MA', 'XJ', 'BJP', 'RQ', 'BA']
['BCZ', 'LK', 'HR', 'SH', 'DP']
['DK', 'BEW', 'BJL', 'BJA', 'BHG', 'EN']
['BN', 'KK', 'PS', 'QT', 'QR']
['GS', 'BDW', 'BLV', 'LW']
['JZ', 'LU', 'QW', 'OD', 'BEX']
['ZX', 'SN', 'BDS', 'UT', 'BED', 'D']
['W', 'XW', 'BD', 'ME', 'BDG', 'PJ']
['BBC', 'HK', 'XS', 'GL', 'BDM', 'BLM']
['DX', 'BIQ', 'BII', 'NO', 'FK']
['MG', 'BFH', 'BHN', 'HT', 'MS', 'UL']
['BX', 'BDH', 'FV', 'KP', 'EE']
['JM', 'BF', 'BBO', 'BAD', 'BHQ', 'OB']
['BHC', 'BHS', 'ST', 'IQ', 'UC']
['YF', 'JN', 'WE', 'DS', 'ED', 'BFY']
['BLL', 'DB', 'MZ', 'BGT', 'LH']
['SC', 'X', 'BGM', 'BIS', 'GK']
['BLC', 'LJ', 'ZE', 'ZP', 'IF']
['JQ', 'VV', 'ZJ', 'WI', 'LM', 'SF']
['KH', 'KY', 'JK', 'BBP', 'BS', 'BP']
['DD', 'TZ', 'BKI', 'FC', 'S']
['XF', 'IV', 'SM', 'IL', 'TL']
['PK', 'BHF', 'BEE', 'BDA', 'SB', 'QE']
['JJ', 'YM', 'R', 'BLG', 'VD']
['BLX', 'OX', 'BGK', 'BGE', 'EZ', 'RX']
['UG', 'BFX', 'BBB', 'CI', 'BKZ', 'FJ', 'BE']
['ZU', 'BAU', 'YV', 'ZV', 'BIF']
['FR', 'YP', 'BFG', 'BFZ', 'IA', 'KZ']
['BEB', 'BDN', 'BGF', 'XB', 'XG', 'BDU']
['BDI', 'NZ', 'FL', 'BEI', 'QQ']
['CA', 'BL', 'BBZ', 'BHK', 'OV', 'PX']
['QO', 'BAI', 'BDE', 'BIN', 'QJ', 'FU']
['PD', 'RY', 'BFR', 'YH', 'FG', 'UJ']
['ZD', 'PA', 'WS', 'BBX', 'QK', 'BHP']
['DW', 'BZ', 'VX', 'GX', 'BLN', 'HO', 'BJE']
['BBU', 'HU', 'BEQ', 'BBS', 'BJQ']
['BCQ', 'BAK', 'OH', 'CX', 'BKR']
['LO', 'OJ', 'JB', 'CQ', 'SP']
['UN', 'WM', 'LN', 'JX', 'QM']
['BLA', 'BJW', 'BFU', 'IU', 'QG']
['EW', 'FA', 'CK', 'XI', 'VS']
['VL', 'ND', 'BCY', 'PQ', 'BFS', 'HE']
['JT', 'UR', 'BCO', 'DA', 'SL', 'BAX']
['KA', 'HZ', 'BKY', 'SU', 'CE', 'UD']
['KU', 'BET', 'UA', 'BLU', 'GQ', 'VY']
['ZR', 'OT', 'BDR', 'BAJ', 'NX', 'BDK']
['BLI', 'EG', 'G', 'FD', 'BIK']
['QC', 'OR', 'EF', 'WD', 'BCD', 'BBF']
['RS', 'KI', 'BM', 'OE', 'BBJ']
['BGO', 'MX', 'OM', 'EI', 'HC']
['BCF', 'BJY', 'BAZ', 'BFC', 'VC', 'MY']
['NQ', 'SO', 'XA', 'JW', 'BDX', 'MV']
['VZ', 'BAL', 'FW', 'XV', 'WU']
['BME', 'GB', 'BCN', 'YI', 'NG', 'BJJ']
['OY', 'NP', 'BLQ', 'BI', 'ER']
['MN', 'HS', 'BHV', 'BHT', 'O', 'DQ']
['TQ', 'RH', 'BMC', 'IX', 'GY', 'BBL', 'BID']
['BEG', 'BIH', 'GU', 'YZ', 'GA', 'QA']
['HJ', 'QH', 'BHR', 'MQ', 'HQ']
['WT', 'ON', 'JC', 'DF', 'YR']
['RD', 'BGJ', 'NW', 'BEY', 'BDO']
['BFP', 'SV', 'ZZ', 'JG', 'GW', 'BGV']
['YX', 'XP', 'BAG', 'BGR', 'VW', 'NE']
['EB', 'EL', 'BIX', 'BEH']
['ZC', 'TH', 'BKX', 'II', 'IY', 'PO']
['DE', 'BMG', 'BCJ', 'JR', 'BCL']
['TB', 'ZO', 'BGA', 'VN', 'OK']
['BHH', 'BKN', 'IG', 'CL', 'TW', 'LS']
['SR', 'BGC', 'BDC', 'BAE', 'IP', 'SZ']
['BCT', 'BLR', 'ZG', 'XM', 'WB', 'CN']
['BJG', 'LG', 'SK', 'GD', 'YD', 'BAN']
['ZT', 'NN', 'FB', 'BLH', 'XY', 'VQ']
['UB', 'MM', 'BDT', 'BR', 'GZ']
['BIB', 'RP', 'BLD', 'BGU', 'IR', 'SQ']
['BIR', 'NR', 'RG', 'JA', 'UY', 'KT']
['BBM', 'CO', 'BKD', 'BT', 'VO']
['FT', 'BDP', 'IO', 'BDQ', 'QZ', 'BGL']
['QN', 'BFD', 'UP', 'DM', 'ZH', 'MI']
['IW', 'TR', 'BCR', 'QF', 'UU', 'BHO']
['BKS', 'BDZ', 'SY', 'RB', 'BAC', 'MB']
['L', 'BJ', 'FY', 'EX', 'LB']
['BIW', 'TS', 'HV', 'GJ', 'BBR']
['PG', 'LA', 'ZA', 'TY', 'BMI', 'PY']
