['720', '662', '104', '499', '162', '352', '116', '431', '284', '399', '558', '749', '190', '679', '628', '213', '495', '176', '44', '83', '16', '256', '199', '562', '218', '220', '301', '743', '247', '515', '204', '642', '82', '379', '336', '102', '263']
['101', '171', '445', '446', '344', '635', '646', '658', '501', '417', '292', '10', '222', '252', '631', '289', '22', '545', '50', '34', '225']
['502', '357', '621', '32', '360', '414', '678', '251', '179', '411', '610', '28', '539', '657', '708', '517', '63', '504', '52', '659', '65', '17', '305', '150', '394', '283', '641', '546', '335', '239', '692', '710', '329', '195', '36', '673', '384']
['592', '340', '581', '645', '168', '626', '489', '68', '166', '627', '112', '306', '479', '347', '244', '280', '462', '438', '18', '664', '547', '322', '524', '148', '43', '525', '522', '76', '459', '246', '275', '31', '687', '255', '616', '226', '665']
['42', '748', '716', '6', '578', '660', '90', '77', '285', '129', '643']
['254', '726', '133', '132', '393', '229', '533', '430', '311', '175', '719', '270', '732', '721', '449', '608', '426', '617']
['594', '364', '21', '706', '737', '503', '238', '739', '549', '139', '553', '307', '185', '158', '109', '386', '514', '143', '637', '497', '590', '13', '268', '656', '565', '481', '170', '71', '249', '370', '413', '729', '359', '531', '652', '433', '151']
['538', '440', '619', '747', '343', '398', '295', '178', '258', '164', '186', '403', '287', '572', '422', '606', '551', '520', '648']
['227', '602', '550', '472', '443', '114', '105', '712', '589', '240']
['674', '85', '245', '390', '323', '453', '328', '526', '169', '216', '469', '125', '219', '78', '746', '632', '51', '566', '597', '23', '435', '235', '677', '650', '73', '193', '297', '231', '194', '686', '236', '492', '19', '189', '160', '127', '556']
['2', '485', '483', '99', '734', '402', '8', '81', '296', '358', '702', '353', '215', '605', '722', '183', '529', '177', '429', '259', '494', '507', '208', '241', '300', '272', '584', '79', '482', '362', '639', '147', '45', '217', '500', '145', '412']
['365', '741', '174', '544', '622', '321', '672', '484', '666', '165', '157', '273']
['428', '269', '338', '649', '557', '463', '234', '288', '620', '120', '630', '644', '111', '604', '290', '250', '108', '337', '248', '368', '201', '555', '404', '214', '405', '60', '205', '373', '585', '612', '694', '350', '378', '136', '728', '470', '294']
['527', '4', '680', '571', '25', '121', '476', '75', '326', '131', '55', '141', '432', '279', '682', '115', '261', '667', '187', '146', '535', '56', '586', '568', '740', '211', '154', '408', '325', '701', '634', '600', '510', '224', '342']
['576', '366', '380', '442', '521', '367', '92', '314', '493', '569', '714', '356', '1', '596', '327', '332', '488', '444', '448', '607', '140', '191', '66', '37', '421', '717', '47', '437', '180', '223', '266', '24', '579', '473', '123', '374', '242']
['455', '14', '267', '466', '389', '376', '7', '207', '351', '153', '593', '381', '698', '685', '299', '395', '731', '130', '237', '257', '118', '29', '57', '319', '671', '636', '723', '97', '221', '696', '67', '513', '303', '406', '230', '377', '699']
['304', '744', '128', '540', '498', '9', '117', '89', '653', '425', '243', '382', '313', '588', '509']
['277', '506', '491', '618', '451', '689', '695', '730', '467', '676']
['475', '35', '74', '119', '478', '91', '691', '441', '460', '33', '633', '534', '281', '401', '651', '458', '192', '346', '339', '561', '58', '409', '669', '464', '86', '542', '745', '705', '265', '595', '61', '317', '490', '486', '137', '228', '355']
['724', '711', '155', '30', '684', '418', '427', '38', '554', '697', '400', '465', '661', '48', '468']
['567', '385', '197', '310', '324', '11', '439', '84', '110', '98', '184', '742', '40', '5', '625', '675', '93', '560', '80', '736', '291', '690']
['704', '457', '663', '126', '718', '182', '543', '750', '69', '655', '647']
['334', '512', '345', '96', '95', '688', '496', '541', '396', '333', '559', '735', '354', '15', '330', '601', '700', '670', '278', '161', '46', '274', '629', '94', '142', '474', '487', '392', '264', '598', '603', '452', '308', '260', '564', '286', '580']
['41', '480', '434', '233', '361', '253', '537', '528', '387', '447', '733', '371', '302', '613', '316', '156', '703', '209', '563']
['70', '471', '200', '173', '276', '715', '423', '318', '511', '454', '397', '624', '709', '298']
['349', '456', '410', '20', '388', '416', '516', '39', '577', '424', '599']
['106', '668', '615', '614', '623', '203', '54', '122', '100', '210', '727', '363', '124', '113', '309', '369', '575', '654', '348', '591', '407', '611', '232', '582', '519', '505', '159', '738', '103', '188']
['198', '312', '49', '72', '64', '262', '27', '420', '271', '477', '415', '138', '331', '372']
['88', '282', '172', '3', '609', '149', '693', '181', '725', '375', '163', '107', '461', '536', '134', '53', '436', '212', '450', '573', '320', '570', '552', '293', '152', '419', '518', '391', '315', '87', '12', '681', '583', '196', '523', '341', '202']
['638', '640', '206', '707', '62', '167', '508', '59', '530', '144', '713', '574', '383', '135', '532', '26', '587', '683', '548']
