['24', '78', '82', '139', '298', '304', '346', '354', '398', '476']
['11', '35', '379', '395']
['339', '361', '370', '431', '454', '460', '491']
['48', '50', '134', '342', '364', '407', '428', '495']
['4', '29', '61', '64', '74', '110', '132', '347', '373', '382']
['70', '244', '275', '287', '328', '380', '435']
['160', '169', '173', '310', '312', '333']
['10', '56', '209', '213', '268', '280', '327', '403', '409', '423']
['16', '76', '88', '222', '236', '319']
[]
['53', '89', '186', '219', '224', '272', '320', '358', '441']
['83', '234', '271', '289', '334', '372', '374', '459']
['6', '207', '261', '303', '318', '340']
['96', '106', '212', '306', '307', '408', '485']
['119', '127', '146', '147', '200', '256', '291', '322', '357', '429']
['2', '187', '220', '292']
['108', '122', '273', '324']
['9', '100', '315', '349']
['98', '107', '238', '297', '464']
['63', '155', '226', '255', '344']
['215', '259', '260', '424']
['15', '66', '177', '235', '263', '278', '350', '405', '433', '449']
['80', '240', '419', '455', '490']
['93', '138', '178', '217', '262', '301', '418', '426', '478']
['47', '51', '202', '264', '399', '430', '498']
['20', '22', '31', '135', '168', '191', '199', '362', '465']
['73', '125', '266', '293', '368']
['90', '123', '176', '189', '305', '376']
['65', '99', '158', '185', '227', '250', '329', '348', '360']
['124', '161', '252', '290', '300', '387', '480', '494']
['12', '109', '284']
['30', '143', '388']
['34', '192', '254', '461']
['299', '356', '400', '481']
['14', '149', '150', '193', '228', '390']
['42', '45', '52', '95', '411', '421', '440', '487']
['144', '314', '377', '443', '493']
['41', '57', '208', '317', '384', '432', '474']
['194', '282', '285', '351', '396', '420']
['33', '166', '279', '308', '437']
['68', '126', '230', '496']
['183', '223', '401']
['46', '59', '114', '121', '170', '233', '276', '468']
['55', '67', '72', '105', '422', '499']
['91', '102', '458']
['225', '309', '391', '397', '462', '473']
['111', '164', '203', '232', '246', '286', '296']
['17', '136', '311', '367', '385', '442']
['101', '184', '197', '221', '389']
['13', '21', '211', '381', '416', '446', '482', '492']
['62', '92', '97', '151', '179', '248', '336', '338', '345', '444']
['210', '218', '245', '470']
['131', '241', '242', '283']
['0', '137', '174', '190', '195', '295', '406', '436', '448', '453']
['44', '103', '253', '270', '365', '375', '402', '414', '472']
['104', '239', '321', '410']
['77', '157', '204', '332', '366', '425', '434', '467', '483']
['1', '75', '87', '128', '180', '249', '265', '323', '413', '457']
['8', '28', '142', '196', '231', '247', '392', '451', '469', '471']
['145', '352']
['60', '117', '167', '171', '267', '439']
['37', '58', '85', '113', '198', '330', '371', '394', '412', '450']
['32', '84', '148', '153', '159', '181']
['23', '49', '274', '302', '383']
['27', '54', '81', '115', '118', '130', '175', '313', '475']
['7', '38', '43', '188', '206', '258', '353', '463']
['18', '26', '163', '237']
['19', '39', '156', '172', '331', '355', '417', '427']
['251', '337', '363', '497']
['182', '269', '277']
['116', '201', '335', '445']
['25', '69']
['36', '79', '205', '343', '378']
['112', '120', '154', '214', '281', '316', '466']
['71', '129', '140', '288', '359', '489']
['3', '94', '294', '325', '415']
['133', '152', '257']
['5', '162', '243', '477']
['229', '341', '369', '386', '447', '456', '479', '484', '486', '488']
['40', '86', '141', '165', '216', '326', '393', '404', '438', '452']
