['D39BF3', '58C2AC', 'B0C48A', '25C12B', '931958', 'B3ADBE', 'D28790', '4DB13D', '5865B9', 'AD30B1', 'C41C13', 'E32E1B', '2B053C', '8E5A74', 'BDAE2B', '166144', '7E6F84', '8FF82D', '662386', '6F6150']
['0B3657', 'F6D914', '21D4EF', 'B30209', '5044AF', '10AA93', '1EDF33', '828A27', 'B4D19E', '531609', 'E21A9D', '534678', '33FD6F', '5399B6', 'F3B7E8', '1050A1', '874D87', 'E35C77', '41C73D', '54FD50']
['C58A5B', '3E7572', '294D61', '06C085', '3BEA3A', 'F6A1FE', '82B9D6', 'F43598', 'CC99BE', 'B401D1', 'D670D6', '5832FE', '00D12A', '495837', 'A6F922', '389A06', '495BB3', 'FAC9A5', 'EFE6D4', '61B4D6']
['D00A38', '22C20B', '88B4FB', '178D9C', '20A3C4', '668BD6', 'BBFBC3', '75B5C7', '8FB884', '521A90', 'A8F831', '916CFB', '97FEFE', '601EB2', '40F15B', '2B8168', '92DC45', '2C7824', '4BA3B6', '814496']
['8EB062', '0CCD83', '81F252', '704C3B', '3C594A', '49FC67', 'E5669F', '26C52E', '65F1F6', '42E761', '2B9A39', '52F44D', '02C6C3', '696CC9', '504599', '54F422', '2CA3D9', 'D783D0', '7BB154', '51C133']
['7774E0', '082B08', '4F7C41', '047CF0', '1A38DA', '8E715B', '6C743B', 'F49FF6', '98EDDE', 'F18AC9', 'CEA21A', '1F3A59', 'C75F0A', '04F658', 'C62B50', '97EF79', '2D0A40', '877921', 'F09B9E', 'F6F022']
['174C31', 'E23534', '5AE3A2', '8BF6EB', 'F37473', 'D01DF2', '32FA85', 'BDD506', '1745CF', '6FBEA0', '29B5D2', '23A208', '72B8D2', 'A3D059', '38A1EF', 'D6CFD3', 'D4FAA1', '60E2A5', '6D7BC4', '46A2DE']
['E83F3A', '98BB64', '5E0297', '79FD51', '89D1DA', '99767B', '296950', 'D9126C', 'D46B33', '2EFA06', '051447', 'FAFDC0', '69C438', '580B97', '08EAAB', 'A0A341', '49D6E2', '741295', '93679A', 'A991D3']
['E5B63F', 'C539DA', '4B5052', '4EC392', 'B0DDCF', '265554', 'DD8183', '9B0CD1', '278048', '590A13', 'DC366B', '610C7F', '42D323', '8F6917', '197860', '8073AA', 'AAF5FB', 'D18846', '210F6B', '7A7EFA']
['2DB58E', '0C32D9', '4B6074', '0372B7', 'D96F17', '03C0BF', '632E21', '805660', '480904', '55901D', 'DC4B9C', '5B428C', '506DA8', 'AA7CF0', '37ED7B', '642633', '703C81', 'D61775', '40DBB5', '2B7BA7']
['40A265', '010A8E', 'A17316', '395EFD', '3BB975', '23DE40', 'AC2467', 'B2B759', 'F90911', 'C68A63', '5FD5FD', '465C65', '900972', '74013D', 'ACAF5B', 'DCE6D7', 'D9008A', 'D3D709', 'B42617', '71E849']
['389EF7', 'A366A3', 'F0EF55', '85F06F', '162D2B', '2A68D5', '87B9A1', '8CCB3C', 'CC70D1', '018F88', 'D212D8', '261610', '72AEE2', 'F84737', 'FBD021', 'DC1AA9', '405722', '184086', 'D7BAF8', '58AA7E']
['A18DE2', '0DAAED', 'FEFBEB', '2E1A70', 'D3A127', 'B407F0', '5363FB', '3B2B82', 'E0AB16', 'BCFA2A', '5BCA8F', '92EC92', 'D7C29A', '550D13', '5D2F55', 'C2EA00', '46CA45', '3D0320', '050F79', '1516C6']
['19DF3C', 'E9C0DB', '0511AF', '5305DC', '56F6B3', 'ACD80A', '9FEC07', '12BCED', 'AB0091', 'F7897D', 'A2F670', '57E8F8', '9AB89E', '9668A1', '0459DD', '656CAF', '43085A', '519BB1', '1B3BB2', '1EDBBC']
['DE7A88', 'B25ED9', 'C91A6D', 'EFBDD9', '824DEE', 'F9E41E', '5B24C2', '2C9762', '11256D', '2A4678', '0D6B75', '110CAE', '4D6A27', '115A9F', '6954BC', 'BA4A32', '9C1F1E', 'D27589', '8466F4', '3273D8']
['4524C5', 'D6B361', '97710D', '5CE804', '7D01B0', 'F2E3D0', '73837C', '92F171', '78C00D', 'CCCB2C', '86909F', '363BA8', '1EF2C0', '326962', '0EAC7E', '9353B5', 'B2393E', 'C9485B', 'F6C508', 'FEB106']
['0DF355', '0C7BEA', 'D1C86D', 'F91C0D', '9205E9', '5627B9', 'F3C1D1', '2A4865', '09960E', '15B633', 'D82EE1', '050755', '6EC7AE', '085771', 'EB1689', 'CD9F8E', '45DD45', 'ABA340', '8BCB1E', 'DEA774']
['42BBE4', 'E1B1C7', 'DAF215', '2CFCAD', 'D87BC7', 'D148BB', '756883', 'C06879', 'C9D985', '06006E', '242129', '655495', '51C926', 'B626AD', 'CBE1F1', 'CFFA39', '1DEC7F', 'C767C4', '8129A2', '331C15']
['C27F13', '34E68B', '77A111', '18D38F', '45579C', '50AF7A', 'A206B6', 'E054B5', 'B796A4', '9536C0', 'C9809F', 'D68800', 'DCC2EE', '86F423', 'B6828A', '1A550D', '58B63E', '1ACEA4', '7D1D9A', 'C70FDA']
['8F4B2A', '498D35', '1C498A', '3AD5AF', 'ACD48B', '682195', '866153', '9DA776', '41182D', 'CC92A0', '85F08F', '3DD364', 'A9060D', '7D23B1', 'C78D01', 'AD4751', '0AC38B', 'B93AFC', 'BC2DF6', '64CB67']
['FB1695', '6E736A', '3ED06E', '19CD8A', '804C51', '36B749', 'BC7104', '198719', '0E766F', 'D99D73', '97D16E', '74A63D', 'FDD1F9', '4F3EB0', '816A65', '0BFA62', '2546CB', 'ABB7E1', '45FDF9', 'DE8EFA']
['8D18EB', 'FF5526', '2C8695', 'ABAEBE', '03900B', 'AC005F', 'D31616', 'DFDF35', 'BC9D07', '27526A', '8C7D2C', '0D4B21', '1AAF3F', 'E17D1E', 'FB89A6', 'D767A6', '9C4BD0', '4A610E', '0E0621', '5BA9F5']
['8B1878', 'C2FEAF', '518983', '8EC4A5', 'FCE536', 'AED2F4', '019523', '5EA24C', 'D0A0C2', '589067', 'DFD9A5', '9AACC7', '26357C', '37CB3D', 'A15669', '2ECB91', 'F6FD02', 'C974B1', '9A3DF4', '6722C1']
['679AC9', '3B4E98', '5B7555', 'C2F201', 'CF05B3', 'ABD913', '3667E1', 'C1CF9D', '0D415E', '3145DC', 'D0F91A', '2478BE', '3ABBB3', 'C5983E', 'FA77A1', '872FB4', '531ABE', 'B01EFE', '6C77A5', 'F589C7']
['AA8871', '3E63CD', '9AC33C', '2F50D4', 'B84363', '4791F8', '108A86', 'B1FF31', 'BA2412', '3C4F97', '63F8CA', '25543F', '79B660', 'FB0008', 'E16AC8', '4F8B74', '675D0E', '4CA6E4', '8540DA', '1D2B1D']
['B926DC', '757A98', 'C6663A', '4F5A07', '563DB6', '69E65E', 'A33032', '8F3267', '0BB826', '96E01C', '88C404', 'A7D95D', '35A3DD', 'B8C245', 'D06E65', '4E7A07', '8BB297', '39950D', 'E4F6D3', '9725D2']
['08581B', 'D5C0D6', 'ED8DEE', '232EA3', '27C736', '595697', '245AE0', 'B16767', '0B4E3F', '731D43', '01AF84', '6D1C54', '3658E6', '1771FB', 'BD7603', '267E07', 'B5EAFE', '13EC64', '664C7D', '01C721']
['634699', '0726F7', 'C78E8E', '87148B', '2FA5B3', 'B41BDE', '6AC517', '742536', 'F2E2E2', 'EF2536', '9930E3', 'D8E8AC', 'EF9F5B', '266181', '4446DE', 'BDE1BC', '3ADA19', '16E221', '8D2F56', 'A6A244']
['64FD9D', 'BD8A02', '204555', '5F9367', '1BF69F', '5DB63B', 'F7F7C4', '1EEDD4', 'EE4272', '398249', '112A5D', '9A7B01', '479F56', '46FB99', '24D77E', 'ECFA70', '680425', '76859D', 'BB54FA', '1EF878']
['38021A', '8AB8D0', 'F87A8C', '8B4C02', '21BDB9', 'D69006', '6369EA', '386499', 'C95370', 'AF1E12', '184840', 'BE1052', 'A439E5', '539D6E', '5C7ADA', '726911', '9DE436', '319747', '824C3B', 'C77820']
['E72455', 'DF1B1B', 'EABD10', 'C6B0AC', '945560', '4ABFDE', 'A80B9C', 'DFE830', 'E1416D', '436BBD', 'E4BD2F', 'C16E96', '5CA11E', 'F29568', '6EE783', '3B2F64', '181309', '601545', '1992E4', '48CF34']
['190714', 'FE82CE', 'A947FC', '2A12DA', '8303B2', 'B012D7', '93350D', '52AB24', 'D668C6', 'FB93D8', '2EE5C3', 'E709FE', '23133D', 'A1F0D5', '0F884F', '47F582', '07D298', '900207', '859141', '0E9CE4']
['A52469', 'C47FBD', 'E75414', '9C42F7', '16251E', '55CCC8', 'A0FA13', '80C664', '8B823D', 'BBD65F', '8B3632', 'E5E763', '7DA204', '22BF50', '98417C', 'D8B4B3', '25D4A2', 'EEF437', '9FF47C', '29B795']
['FB6D61', 'C2171A', '439661', 'E1E1DA', '861C1A', 'BB1A0C', '593ABC', '345303', 'D31AE4', '9E2E77', '350AEE', 'FD7848', '00FFD9', '7795A9', 'E11E95', 'D24969', 'FD4C3F', '5FDD46', 'D3F62D', '849FA0']
['F7C362', '5DB845', 'E2FDE6', '5CEBC7', '922412', '5B3D43', 'D8CD3A', '357F5C', 'A6D718', '0F2085', '144C54', 'CDE5BD', '16BE2F', 'A75FAD', 'DCD046', 'C23084', '0C1FD2', '816FFB', 'AFACEA', 'D074AD']
['0250B9', '506A32', '038EC0', '15E761', '25088D', '9E88CA', 'DCF1DD', '7AD05F', 'A65150', 'D1F58A', '8E9F36', '9C79D5', 'E47E78', '707A9A', '46B4C1', 'D07EC6', '9CF26F', '8D520C', '6DC908', '03EA37']
['CFDA87', 'CBC0EC', 'A951B8', '3FE84E', '1F7298', 'BFCF1E', '302AA5', '16C01C', '03FB7D', '8EF45E', 'ED55AB', '0E9C0C', '7312E1', '140BFF', '5F9BF4', '820C55', '8C0368', '8C214F', 'B0579B', '6F7774']
['F3BDC6', '429B45', 'D5F9E6', 'F13656', '94CDAA', '3B32B8', 'E2112B', '4B7813', '1C562E', '622A24', '46AC52', '365F29', '7D6ABE', '9894EC', '198C93', 'B7CCD0', '9DBA7C', '76A32A', '4C8691', '969174']
['A37D21', '0A10DD', '22C96E', '63B3F9', '8FAADE', '66A26C', 'C1FAC4', '63F31C', 'BFDE09', '54F50F', '6C4504', '6D1D20', '4D0388', '12B065', 'CD7A0B', 'AEAFB7', 'BC5257', 'B0FDB7', '50B2FA', '161A8B']
['236007', '217474', '011BD7', '05392F', '318630', 'CAE9BF', '5B51BE', '07940E', '0551E4', '5DDCD0', 'F9A562', 'ABE0D2', '6AFA75', '01DEB5', '2B4454', 'DA58DF', '953987', '35FFC6', '64CAE8', '8D59DD']
['D0C3F4', 'EC1B76', 'A3A90E', '2D574D', '750C4E', 'B392EB', 'D6290D', 'E5227F', '75FD35', 'C8B2D1', 'A9310F', '59BAFE', 'FBC777', 'E32AD7', '882A47', '23F925', 'FC18D5', '8C1B87', '4E3749', '4DF4B9']
['642B0E', '64AB96', '213FEF', '60E348', '87521E', '4BEAA8', '8CE750', '3E9EC5', 'C68031', 'FAD62F', 'CFBFCE', 'E23DD5', 'CB9E0F', 'EF8B29', '876381', 'EF9229', 'EA9838', '167BF9', 'D8AF89', '06BCBD']
['63E927', '280EB5', 'CA62FE', '1E6481', 'A034B6', 'F6E8F5', 'F56B78', '593EDD', 'B81B38', '3B31CD', 'F7F468', 'B158EC', 'FB8C79', '9A0C55', '650124', '3F3650', '651634', '26014C', 'DBC960', 'BACB6C']
['E8F10C', '07FD3B', '107AE3', '6C367E', '2E07B1', 'ED8BA3', 'DDCFD0', '2AC4B2', 'FEB03E', 'CB5628', '5CE483', 'E89217', '7FD9F3', 'FFBA75', '072F7C', 'B11AFD', '2355FE', '2193BC', '1884D1', '841AB6']
['5CAA99', 'DE6D3F', 'B4A785', '4BC891', '299301', '785097', 'A02C94', '77482F', '4553A6', '9BAD1B', '38BE61', '9BAA32', 'E487A0', '8045AB', '472DE0', 'BB45E2', 'AFBC2C', 'F8FB71', 'B55315', '10C212']
['3A4A63', 'EB6336', '3B8280', '428AF7', '474359', '38B1BF', '79982A', '5D51EE', 'CBB276', '72155E', '190D3E', 'B90594', 'B94E1C', '2FBBAD', 'F9D4F2', '36C7CB', 'D8ADAB', 'F6EB9C', '67A219', '3C94CF']
['096240', '6F08B8', 'E5FA4C', 'FFEF97', 'FF1F95', '7DA6ED', 'FCB0B1', '190A16', '3AA1D0', 'C164EF', 'CDF4D0', 'DA15B6', 'CD4EE2', 'E6554B', '09649D', '91E2DB', 'BE007C', '546905', '00FE8E', '32FB9A']
['E07033', '7BEE85', 'EB535E', '383C1E', '4B9B0B', 'C84BA1', '4B6D90', 'F16F4A', '5DB6A7', '64143A', '8F5D3D', 'AEAE5D', '8CAEAC', 'CBDD58', '709407', '9CFE0D', '24905F', '11D5A0', '8BC31C', '880529']
['572039', '647775', '3E12A4', 'B5C9B5', '509D15', '667724', '19DF4F', 'DB4FC9', '4AF14D', '4A7BD4', '3807D7', '0329C7', '2C4E8D', '0A7716', '70591F', '930D20', 'EF6AC9', '20CFE1', '307E13', 'BB512B']
['FCBA61', '0D4721', '446164', '78C53F', '4DFAA5', 'D42BCD', '75800D', '6FAC22', 'F96372', 'BDE56F', '1CAAA7', '9F6100', '223FE2', 'F1B6B4', '1DA671', '3AC41C', 'CC66E7', '98C570', 'E1607C', '695D06']
