['116', '149', '150', '164', '167', '248', '282', '335', '400', '422', '437', '439', '445', '497', '533', '534', '616', '651', '707', '813']
['9', '50', '136', '145', '230', '284', '470', '487', '522', '549', '556', '560', '563', '599', '681', '723', '731', '762', '765', '777', '818']
['88', '111', '129', '139', '171', '208', '245', '265', '275', '293', '331', '475', '554', '653', '674', '682', '735', '775', '870']
['23', '29', '177', '201', '223', '237', '359', '369', '399', '453', '464', '472', '546', '604', '644', '647', '654', '659', '780', '811', '821', '855']
['207', '252', '276', '353', '370', '429', '485', '553', '586', '662', '676', '704', '712', '714', '728', '733', '800', '807', '810', '820', '824', '863']
['32', '53', '59', '63', '87', '95', '175', '180', '185', '226', '231', '244', '317', '361', '382', '388', '393', '446', '504', '752']
['2', '91', '119', '162', '197', '232', '255', '256', '273', '292', '414', '419', '442', '449', '498', '559', '580', '645', '740', '764', '782', '839']
['11', '17', '85', '106', '140', '191', '225', '227', '271', '387', '423', '456', '517', '531', '550', '575', '649', '718', '819', '830', '844']
['102', '131', '174', '371', '397', '415', '425', '435', '461', '467', '481', '520', '588', '598', '622', '671', '675', '721', '724', '737', '763']
['4', '39', '45', '274', '290', '342', '418', '455', '537', '562', '632', '633', '635', '678', '684', '725', '771', '795', '843', '856', '873', '880']
['8', '36', '46', '73', '89', '90', '210', '300', '403', '408', '436', '518', '547', '571', '576', '619', '623', '658', '667', '693', '857']
['14', '37', '74', '135', '152', '172', '200', '216', '251', '313', '339', '340', '375', '405', '474', '577', '646', '683', '722', '796', '858']
['41', '56', '84', '173', '194', '233', '283', '492', '507', '508', '565', '615', '631', '639', '661', '750', '786', '797', '828']
['103', '219', '235', '267', '328', '356', '409', '420', '428', '515', '541', '568', '618', '642', '680', '699', '711', '748', '758', '778', '785', '803']
['0', '49', '187', '238', '240', '346', '347', '355', '413', '441', '447', '494', '524', '555', '589', '591', '624', '648', '697', '720', '770', '804']
['66', '71', '128', '153', '160', '260', '325', '358', '431', '543', '574', '584', '590', '592', '666', '760', '776', '783', '790', '823', '841']
['65', '92', '108', '154', '188', '193', '241', '258', '303', '304', '366', '412', '458', '558', '564', '567', '660', '710', '727', '781', '792', '802', '866']
['3', '43', '70', '75', '82', '100', '142', '146', '220', '224', '277', '295', '324', '350', '477', '510', '538', '566', '708', '719', '876']
['51', '62', '120', '243', '278', '291', '354', '360', '374', '407', '427', '434', '585', '593', '605', '620', '634', '726', '773', '860', '875']
['38', '122', '192', '221', '249', '272', '309', '315', '430', '450', '454', '468', '581', '587', '602', '612', '641', '730', '809', '814', '854']
['80', '159', '195', '229', '247', '263', '269', '280', '281', '288', '332', '351', '505', '509', '527', '557', '686', '713', '749', '812', '826']
['20', '27', '64', '125', '126', '205', '234', '307', '327', '372', '378', '404', '421', '426', '433', '544', '551', '638', '677', '689']
['16', '40', '155', '204', '213', '289', '298', '308', '330', '396', '440', '499', '535', '594', '595', '715', '745', '753', '772', '845', '878']
['33', '48', '68', '107', '109', '165', '259', '337', '457', '480', '501', '542', '569', '600', '608', '630', '700', '734', '739', '788', '791']
['26', '42', '133', '236', '257', '261', '385', '463', '465', '488', '502', '516', '521', '528', '532', '611', '614', '706', '717', '746', '768', '862']
['34', '83', '99', '266', '279', '312', '338', '365', '381', '411', '473', '478', '578', '664', '757', '769', '794', '835', '846', '867']
['22', '124', '137', '166', '170', '228', '246', '264', '384', '406', '451', '511', '627', '702', '709', '736', '808', '825', '864', '882']
['35', '47', '55', '78', '86', '121', '168', '190', '215', '341', '391', '460', '471', '483', '484', '491', '525', '526', '637', '741', '766', '774']
['5', '97', '141', '144', '156', '214', '218', '326', '362', '395', '424', '469', '476', '561', '650', '698', '701', '738', '815', '847', '849']
['12', '25', '178', '183', '217', '239', '349', '368', '493', '523', '583', '617', '628', '640', '656', '663', '672', '679', '685', '806', '869']
['19', '31', '81', '101', '112', '114', '161', '169', '184', '206', '211', '321', '334', '506', '536', '596', '652', '732', '744', '751', '799', '853']
['30', '52', '96', '98', '189', '196', '212', '270', '287', '320', '392', '398', '443', '513', '582', '696', '767', '801', '832', '840', '850', '881']
['18', '24', '186', '199', '250', '299', '352', '383', '389', '496', '503', '530', '570', '636', '695', '747', '789', '793', '838', '874']
['54', '94', '176', '268', '306', '329', '380', '452', '462', '539', '573', '579', '688', '729', '759', '761', '784', '787', '836', '877', '883']
['60', '61', '69', '76', '127', '148', '209', '285', '286', '294', '305', '314', '318', '333', '344', '345', '373', '603', '668', '691', '829', '879']
['113', '117', '182', '198', '323', '402', '459', '486', '514', '545', '597', '606', '673', '690', '705', '742', '754', '779', '834', '865']
['6', '13', '21', '132', '138', '202', '222', '262', '316', '379', '386', '410', '438', '479', '490', '540', '552', '665', '670', '687', '798']
['7', '15', '28', '44', '79', '143', '151', '181', '296', '319', '343', '416', '448', '495', '519', '607', '655', '703', '755', '837', '848']
['67', '158', '163', '179', '242', '253', '297', '322', '377', '390', '572', '601', '610', '629', '694', '716', '756', '817', '859', '868', '872']
['10', '58', '72', '77', '115', '157', '203', '376', '394', '401', '444', '489', '529', '609', '613', '643', '743', '822', '831', '833', '852']
['57', '93', '104', '110', '123', '254', '301', '311', '357', '363', '364', '482', '512', '621', '625', '657', '669', '692', '805', '816', '861', '871']
['1', '105', '118', '130', '134', '147', '302', '310', '336', '348', '367', '417', '432', '466', '500', '548', '626', '827', '842', '851']
