['RENE', 'MEGHAN', 'JEWEL', 'MARY']
['EDMUND', 'LENORA', 'JOAQUIN', 'DANIAL']
['CAMERON', 'RAPHAEL', 'FREDERIC', 'ALLYSON']
['PATTI', 'DARRIN', 'BRITTNEY', 'INA', 'SANFORD']
['MANDY', 'LARA', 'TIA']
['KATRINA', 'SPENCER', 'EMMETT', 'BRET', 'SON']
['CLIFTON', 'ELBERT', 'AUGUST', 'BEATRIZ']
['MISTY', 'SONYA', 'CONRAD', 'CLAY']
['ANTOINETTE', 'PAIGE', 'GRAHAM', 'BERNADINE', 'SONNY']
['ARTURO', 'ALEJANDRO', 'JOANNA', 'HORACE']
['DANA', 'RUTHIE', 'BLAIR', 'SERENA']
['MARSHALL', 'EMANUEL', 'ELVA', 'WILFORD']
['BLAKE', 'DEXTER', 'ADRIANA', 'CELESTE', 'ELLIOTT', 'DUDLEY']
['DOMINIC', 'ELIJAH', 'LOGAN', 'AIDA']
['ROSEMARIE', 'LOU', 'RORY', 'ZACHERY']
['MIRIAM', 'LOLA', 'JOLENE', 'JAYNE']
['FREDA', 'MAY', 'HIRAM', 'JEANIE']
['LATOYA', 'SALVATORE', 'CLARK', 'KENDRICK', 'KRIS']
['DELBERT', 'JAMAL', 'BRAIN', 'MICHEL']
['KERRY', 'CALEB', 'LUCIA', 'ALPHONSO', 'OFELIA']
['ADRIENNE', 'ROSCOE', 'THADDEUS', 'ADAN']
['CARLTON', 'CEDRIC', 'TIMMY', 'CLARISSA']
['LYNDA', 'COURTNEY', 'DERICK', 'ISSAC', 'MARYLOU']
['LEONA', 'NADINE', 'MARCOS', 'RAQUEL']
['OMAR', 'IRVING', 'MARTY', 'SAUL', 'BRIANNA']
['LUTHER', 'ALI', 'JEANINE', 'MATILDA']
['JODY', 'DENIS', 'XAVIER', 'MASON', 'MILLARD', 'DALTON']
['SHERRI', 'AMOS', 'BASIL', 'CARMELO']
['STUART', 'KENDALL', 'RODRIGO', 'CHARLEY']
['GERARDO', 'SILVIA', 'CONSUELO', 'SONDRA', 'EMERY']
['OLGA', 'IRVIN', 'KELSEY', 'ODESSA']
['MABLE', 'WINSTON', 'QUINTON', 'SUSANA', 'BERNIE']
['ROCHELLE', 'HARLEY', 'CLARICE', 'IVY']
['ARCHIE', 'RODOLFO', 'SHERRIE', 'LORNA', 'LEA']
['JULIAN', 'TRACY', 'MAYRA', 'ERICKA']
['ROXANNE', 'WILL', 'MILES', 'DENA']
['JEANNETTE', 'ELOISE', 'TONIA', 'LATISHA', 'NELDA']
['FREDRICK', 'MELODY', 'EFFIE', 'CORINNE']
['WM', 'RUFUS', 'NOAH', 'BROCK', 'CORRINE']
['NATASHA', 'OTTO', 'URSULA', 'GABRIELLE']
['SADIE', 'JASMINE', 'DOMINGO', 'SANTOS', 'DEANA']
['ANGIE', 'ERNESTO', 'ORVILLE', 'BRADY']
['NICHOLE', 'HELENE', 'CHERIE', 'JUSTINE']
['ROSALIE', 'JOCELYN', 'IMOGENE', 'QUINCY']
['ADA', 'JEREMIAH', 'BLANCHE', 'LYNNE']
['DAISY', 'ROBIN', 'BONITA', 'FERN', 'RHODA']
['JAKE', 'CORNELIUS', 'ROYCE', 'SELMA', 'BENITA']
['BOBBIE', 'SHANNON', 'GAYLE', 'MARINA', 'JASPER', 'KATHARINE']
['RACHAEL', 'DOREEN', 'MIRANDA', 'WILMER']
['ED', 'LILA', 'MILLIE', 'ELVIS']
['MYRON', 'TOMAS', 'MAUDE', 'DION']
['BYRON', 'GERARD', 'JANINE', 'GRACIE']
['JENNY', 'ELISA', 'FLOSSIE', 'HUNTER', 'RAE']
['ALISHA', 'BLAINE', 'HARLAN', 'ELIZA']
['MARIANNE', 'MACK', 'ASHLEY', 'NELL', 'MOLLIE']
['CECELIA', 'DYLAN', 'DAPHNE', 'ROCCO']
['OTIS', 'JOHNNIE', 'ESSIE', 'CANDY']
['LORA', 'IGNACIO', 'DEMETRIUS', 'SHANNA', 'HERIBERTO']
['COLIN', 'FAY', 'DAVIS', 'SYBIL', 'LIDIA']
['SHERYL', 'ISABEL', 'GINGER', 'HENRIETTA', 'ELDON']
['DAMON', 'LORENE', 'AILEEN', 'VIRGIE']
['SIDNEY', 'GENEVIEVE', 'CARA', 'ALISA', 'COLBY']
['ALBERTA', 'KRISTINE', 'ABIGAIL', 'ROCKY']
['TERI', 'DARIN', 'ESTELLA', 'GROVER']
['MELBA', 'BUDDY', 'DANE', 'HARRIETT']
['OLIVER', 'FABIAN', 'SHAUNA', 'LANE']
['CRISTINA', 'JENNA', 'BRENDAN', 'DEE', 'CLAIR']
['SERGIO', 'VANCE', 'ELVIN', 'LANDON']
['PHIL', 'JOHANNA', 'CHUCK', 'TAMIKA', 'BOOKER']
['GEOFFREY', 'ESTELLE', 'TAMI', 'LEOLA']
['MICAH', 'JILLIAN', 'MARCY', 'ART']
['KATE', 'TRINA', 'ULYSSES', 'MILAGROS']
['ROBYN', 'LORENA', 'KIRSTEN', 'JOHNATHON']
['WILBUR', 'ALEXIS', 'IVA', 'DANTE', 'CHANDRA']
['FREDDY', 'BETTE', 'BRIDGETTE', 'EMORY']
['DONNIE', 'TREVOR', 'ANGELICA', 'MARTA', 'MYRNA']
['LUCINDA', 'ELI', 'STACI', 'AVA']
['KAYLA', 'CASEY', 'PIERRE', 'SOFIA']
['LINDSEY', 'ANDRES', 'HANNAH', 'CLEVELAND', 'DICK']
['SOPHIE', 'DARLA', 'ALVARO', 'JERI']
['JONATHON', 'STEFAN', 'WINFRED', 'FLETCHER']
['ADDIE', 'SHANA', 'DONNELL', 'LORIE']
['FANNIE', 'ABEL', 'ETHAN', 'THURMAN', 'MEAGAN', 'BARBRA']
['AMELIA', 'ROSETTA', 'GALE', 'GALEN']
['FREDDIE', 'JACKIE', 'JERALD', 'TRENTON']
['BLANCA', 'TAYLOR', 'TOBY', 'ESTEBAN', 'OLA']
['HARRIET', 'MURIEL', 'GILBERTO', 'GAVIN']
['NETTIE', 'GARLAND', 'ELLIOT', 'FIDEL', 'SOCORRO']
['PABLO', 'KELLI', 'BRYANT', 'LADONNA']
['ELLIS', 'JACLYN', 'BETTYE', 'LILLY', 'HILARY']
['LINDSAY', 'LACEY', 'GONZALO', 'TY']
['REX', 'DEWEY', 'SCOTTY', 'MAXWELL']
['MARGARITA', 'STEPHAN', 'DARWIN', 'LILY', 'JAYSON']
['HUBERT', 'EARNEST', 'MARCELLA', 'SHELDON']
['JEANNIE', 'TAMMIE', 'BRYCE', 'KERMIT', 'ANTON']
['DOUG', 'BETTIE', 'ROB', 'RICKIE']
['FELICIA', 'BEULAH', 'GUS', 'ESTELA', 'MIA']
['GABRIELA', 'MARISA', 'JARVIS', 'EMERSON']
['SANDY', 'ROSIE', 'DONOVAN', 'BRANDEN']
['JULIUS', 'KARA', 'KRYSTAL', 'SHAWN', 'JIMMIE']
['TERRANCE', 'LAUREL', 'THERESE', 'PASQUALE']
['POLLY', 'MARGO', 'COY', 'DELMAR']
['VERNA', 'CLEO', 'MARCEL', 'SEBASTIAN']
['DINA', 'AVERY', 'LETHA', 'MOHAMMAD', 'ELNORA', 'NANNIE']
['DARYL', 'DOLLY', 'LEONEL', 'JOAN']
['KENT', 'LEE', 'ERNIE', 'MANUELA']
['LULA', 'SHERI', 'KARIN', 'DOROTHEA', 'NOLA']
['KIRK', 'KARLA', 'DARREL', 'LIZZIE']
['CORA', 'WHITNEY', 'BROOKE', 'FEDERICO', 'EMILIA']
['ISMAEL', 'JOSH', 'CARMELA', 'MARISOL']
['MARION', 'LOREN', 'DARNELL', 'JODIE', 'EARLINE']
['GENEVA', 'NEAL', 'LYNETTE', 'TRISHA']
['LEIGH', 'RUSSEL', 'HANS', 'ADELINE']
['DOYLE', 'GLENNA', 'VERN', 'CLEMENT', 'MARCELINO']
['OPAL', 'YVETTE', 'CLINT', 'BRADFORD']
['LUZ', 'JEFFRY', 'ISAIAH', 'ADOLPH', 'JACQUES']
['ORLANDO', 'LIONEL', 'LOUIE', 'CONCEPCION']
['MARCO', 'ALEXANDRA', 'HOPE', 'MINDY', 'BERNARDO']
['IRIS', 'CALLIE', 'DONA', 'MELISA']
['JESS', 'GOLDIE', 'MERRILL', 'LORAINE']
['RICKEY', 'LELA', 'JANELLE', 'MAYNARD', 'GRETA']
['CECILIA', 'AIMEE', 'PATRICE', 'MICKEY']
['FLORA', 'SAMMY', 'CORNELIA', 'CATALINA', 'COLLIN']
['SALVADOR', 'JANA', 'REUBEN', 'ISIDRO']
['CANDACE', 'MARIBEL', 'BRYON', 'REED', 'ROSALYN']
['BRANDI', 'KERI', 'HOLLIS', 'RANDI']
['NICK', 'ALYSSA', 'NORBERT', 'MOISES']
['ERICK', 'MARLON', 'ALTA', 'LEANNE']
['EDUARDO', 'JEAN', 'TYSON', 'COLE']
['INEZ', 'EMIL', 'TEDDY', 'ERROL']
['TRENT', 'REBEKAH', 'MURRAY', 'ALEXANDRIA']
['SONIA', 'MATT', 'RUSTY', 'MONTY', 'JEANNINE', 'SILAS']
['DIANNA', 'RENA', 'ESTER', 'BRUNO']
['LYLE', 'WILLIS', 'LATONYA', 'STEFANIE']
['ISAAC', 'FELIPE', 'HELENA', 'CAREY']
['GUADALUPE', 'MARYANN', 'LAURENCE', 'JOSIE']
['MAMIE', 'SIMON', 'KEISHA', 'ANGELIA', 'ADELA']
['MORRIS', 'SABRINA', 'DOMINICK', 'HUMBERTO']
['TONI', 'SHAUN', 'TABITHA', 'DAMIEN', 'ESPERANZA']
['RUDY', 'RANDOLPH', 'FRANKIE', 'SHARI']
['BRIDGET', 'AGUSTIN', 'CLIFF', 'ODELL']
['MALCOLM', 'NOEL', 'CAMILLE', 'DESMOND', 'EDWARDO']
['SONJA', 'ERWIN', 'ELWOOD', 'ROSALIND']
['FRANCIS', 'FAITH', 'CHRIS', 'REGGIE']
['DIANNE', 'JUANA', 'ANGEL', 'NOE']
['EUNICE', 'LOWELL', 'OWEN', 'ELVIRA', 'JAIME', 'LATASHA']
['KARI', 'NOLAN', 'MARTINA', 'LUCILE']
['RUDOLPH', 'ERMA', 'PERCY', 'VINCE']
['SHELIA', 'EULA', 'WILFREDO', 'DARIUS', 'LESLEY']
['ALFONSO', 'BERT', 'STACY', 'BEAU']
['MYRA', 'LEONARDO', 'CATHLEEN', 'ELMA', 'GEORGINA']
['MARGUERITE', 'PAM', 'DELIA', 'PETRA']
['SUSIE', 'TOMMIE', 'EUGENIA', 'ILA', 'AVIS']
['CESAR', 'PRESTON', 'LUPE', 'NEVA']
['JOHNATHAN', 'OLIVE', 'ISABELLE', 'JOESPH']
['ABRAHAM', 'CARY', 'BOBBI', 'TABATHA']
['MADELINE', 'RODERICK', 'JARROD', 'CARMEN']
['GARRETT', 'TRUDY', 'ANGELINE', 'RIGOBERTO', 'CHRISTI']
['BETSY', 'TRICIA', 'WINIFRED', 'FRIEDA']
['ERIKA', 'ENRIQUE', 'LETICIA', 'WELDON', 'VALARIE']
['BERNADETTE', 'RACHELLE', 'LENORE', 'BUFORD']
['JAN', 'LELAND', 'RAMIRO', 'ANTOINE']
['DEVIN', 'EMILIO', 'LAMONT', 'MARGRET', 'PENELOPE']
['KELLEY', 'NIKKI', 'STERLING', 'BENITO', 'SCOT']
['GREGG', 'MEREDITH', 'STAN', 'GREGORIO', 'WILLA']
['WILSON', 'ROOSEVELT', 'SHELBY', 'CARTER']
['ERNESTINE', 'SHAWNA', 'MORGAN', 'CASSIE', 'WILLIAMS']
['EVAN', 'CURT', 'HARRIS', 'GERMAN']
['GUILLERMO', 'CHRISTIE', 'ROBBIE', 'ABBY']
['PETE', 'MARLA', 'CAITLIN', 'PATRICA']
['BETHANY', 'PAULETTE', 'MINERVA', 'KURTIS']
['WADE', 'ROGELIO', 'LANA', 'SHEENA', 'LUISA']
['ANDY', 'DELLA', 'HEATH', 'CAROLINA']
['LEVI', 'ORA', 'AURORA', 'SAMMIE', 'DALE']
['BECKY', 'LYNN', 'ELSA', 'KIMBERLEY']
['PATTY', 'EMMANUEL', 'JENIFER', 'NESTOR']
['VIRGIL', 'DESIREE', 'VICENTE', 'NED', 'WILEY']
['AUBREY', 'FRANCISCA', 'HAL', 'JONI']
['FAYE', 'ISRAEL', 'GUSTAVO', 'SUSANNE', 'DIEGO']
['KRISTA', 'FORREST', 'OLLIE', 'JEFFERSON']
['JOEY', 'KELLIE', 'ARMAND', 'NICKOLAS', 'DIRK']
['JODI', 'MONA', 'RONDA', 'RILEY']
['JANIE', 'SOPHIA', 'CHRISTA', 'MARITZA']
['RAMONA', 'MONIQUE', 'BENNIE', 'TERENCE', 'ETTA']
['PERRY', 'TERRENCE', 'KRISTY', 'MARLIN']
['HARRISON', 'AUDRA', 'JAMI', 'MONROE']
['KIM', 'AL', 'SANTIAGO', 'TERRIE']
['BENNY', 'LAMAR', 'REYNALDO', 'KERRI', 'SOLOMON', 'WARD']
['HATTIE', 'NICOLAS', 'ROMAN', 'SUMMER']
['KRISTI', 'KENNY', 'KENDRA', 'HALEY']
['BILLIE', 'VIOLET', 'KRISTINA', 'KRISTIE', 'RODGER']
['ALTON', 'MERCEDES', 'DAMIAN', 'BURTON']
['PAT', 'DALLAS', 'BOYD', 'DEWAYNE', 'AURELIO']
['MAGGIE', 'ALONZO', 'DOMINIQUE', 'JOSUE']
['VELMA', 'LUKE', 'ANGELINA', 'ANTONIA', 'ADELE', 'SALLIE']
['CELIA', 'CHELSEA', 'GRETCHEN', 'ALLIE']
['WILBERT', 'DREW', 'ELIAS', 'TRACIE']
['EDMOND', 'DONNY', 'CARLO', 'MARIANO']
['JACQUELYN', 'ELENA', 'ROLANDO', 'ROD']
['KRISTOPHER', 'GWEN', 'QUENTIN', 'ROSARIO', 'LOYD']
['GRANT', 'RANDAL', 'BART', 'LUELLA']
['SYLVESTER', 'CARROLL', 'GRADY', 'FRANCINE', 'TRUMAN']
['SHELLEY', 'STEWART', 'REBA', 'LEILA']
['MAE', 'LORENZO', 'MARISSA', 'NORRIS']
['TERRELL', 'CLAUDETTE', 'BARNEY', 'IRWIN', 'MERLIN']
['LAVERNE', 'DIXIE', 'EFRAIN', 'JACKSON']
['BRANDY', 'ANGELO', 'STACIE', 'CRUZ', 'SHARRON']
['ERVIN', 'ELISABETH', 'CHARITY', 'LINWOOD']
['HUGO', 'JOSEFINA', 'LOURDES', 'ADOLFO', 'MAVIS']
['AUSTIN', 'OLIVIA', 'LOTTIE', 'DEBORA']
['VAN', 'CHASE', 'ELISE', 'DENVER']
['KELVIN', 'GARRY', 'CHERI', 'GRACIELA', 'DENNY']
['SHERMAN', 'ELTON', 'MAGDALENA', 'NUMBERS']
['HOMER', 'ALISON', 'WILFRED', 'GERRY', 'BIANCA']
['WOODROW', 'AUTUMN', 'SIMONE', 'LEANN']
['MOLLY', 'IRA', 'TASHA', 'MONTE', 'EDDY', 'VITO']
['WILLARD', 'JANIS', 'INGRID', 'JEWELL']
['ROSS', 'SHELLY', 'WENDELL', 'KIRBY']
['TRACEY', 'SETH', 'MERLE', 'DELORIS', 'ROMEO']
['CLAIRE', 'LUCAS', 'JERMAINE', 'STACEY']
['BELINDA', 'VICKY', 'CECILE', 'MAURICIO']
['MOSES', 'DORTHY', 'JANETTE', 'VAUGHN']
['CANDICE', 'TRACI', 'EBONY', 'JUNIOR', 'DEVON', 'WINNIE']
