['170', '171', '176', '178', '179', '182', '229', '230', '231', '232', '233', '236', '304', '320', '321', '354', '366', '388', '392', '393', '493', '495', '496', '564', '566', '568', '570', '574', '575', '579', '588']
['115', '116', '118', '121', '122', '123', '124', '125', '126', '128', '131', '368', '370', '433', '436', '444', '449', '450', '451', '578', '585', '625', '626', '628', '629', '705', '708', '709', '713', '714', '715']
['305', '307', '308', '314', '326', '328', '362', '363', '364', '365', '369', '371', '589', '762', '763', '764', '765', '767', '768', '771', '773', '774', '775', '776', '777', '781', '782', '783', '784', '786', '787']
['330', '331', '332', '333', '334', '335', '336', '337', '338', '339', '340', '341', '342', '343', '344', '345', '346', '347', '348', '349', '350', '351', '352', '353', '355', '356', '357', '358', '359', '360', '361']
['103', '104', '105', '106', '108', '109', '111', '112', '113', '114', '249', '251', '252', '257', '258', '263', '325', '372', '375', '376', '413', '435', '443', '447', '453', '455', '456', '460', '778', '788', '790']
['0', '1', '2', '3', '4', '5', '6', '7', '8', '9', '10', '11', '12', '13', '14', '15', '16', '17', '18', '19', '20', '21', '23', '24', '25', '26', '27', '28', '29', '30', '31']
['198', '199', '200', '201', '202', '203', '204', '205', '206', '207', '208', '209', '210', '211', '212', '213', '214', '215', '216', '217', '218', '219', '220', '221', '222', '223', '224', '225', '226', '227', '228']
['53', '54', '56', '58', '59', '60', '62', '63', '64', '120', '237', '306', '377', '378', '395', '766', '770', '780', '829', '830', '831', '833', '836', '846', '847', '851', '857', '880', '890', '891', '892']
['924', '925', '926', '927', '928', '930', '931', '932', '933', '934', '935', '936', '937', '938', '939', '940', '941', '942', '943', '944', '945', '946', '947', '948', '949', '950', '951', '952', '953', '954', '955']
['264', '265', '266', '267', '268', '269', '270', '271', '272', '273', '274', '275', '276', '277', '278', '279', '280', '281', '282', '283', '284', '285', '286', '288', '289', '290', '291', '292', '293', '294', '295']
['50', '52', '386', '497', '498', '499', '627', '630', '631', '632', '634', '635', '636', '638', '639', '641', '642', '643', '644', '645', '646', '647', '649', '650', '651', '652', '653', '654', '655', '657', '849']
['660', '661', '662', '663', '664', '665', '666', '667', '668', '669', '670', '671', '672', '673', '674', '675', '676', '677', '678', '679', '680', '681', '683', '684', '685', '686', '687', '688', '689', '690', '691']
['302', '303', '313', '315', '319', '324', '327', '428', '429', '430', '431', '438', '452', '500', '501', '502', '757', '758', '759', '760', '761', '840', '852', '893', '894', '898', '899', '900', '901', '902', '905']
['528', '529', '530', '531', '532', '533', '534', '535', '536', '537', '538', '539', '540', '541', '542', '543', '544', '545', '546', '547', '548', '549', '550', '551', '552', '553', '554', '555', '557', '558', '559']
['396', '397', '398', '399', '400', '401', '402', '403', '404', '405', '406', '407', '408', '409', '410', '411', '412', '414', '415', '416', '417', '418', '419', '420', '421', '422', '423', '424', '425', '426', '427']
['462', '463', '464', '465', '466', '467', '468', '469', '470', '471', '472', '473', '474', '475', '476', '477', '478', '479', '480', '481', '482', '483', '484', '485', '486', '487', '488', '489', '490', '491', '492']
['61', '127', '240', '256', '259', '309', '317', '367', '381', '382', '384', '387', '442', '454', '592', '637', '659', '696', '702', '842', '906', '907', '908', '910', '912', '913', '914', '915', '916', '917', '919']
['22', '32', '33', '34', '36', '37', '38', '39', '40', '41', '42', '43', '45', '46', '47', '48', '49', '57', '65', '250', '311', '432', '441', '572', '706', '779', '904', '909', '920', '921', '922']
['726', '727', '728', '729', '730', '731', '732', '733', '734', '735', '736', '737', '738', '739', '740', '741', '742', '743', '744', '745', '746', '747', '748', '749', '750', '751', '752', '753', '754', '755', '756']
['35', '51', '239', '242', '243', '244', '245', '255', '446', '506', '517', '520', '526', '682', '692', '693', '694', '695', '698', '699', '703', '707', '710', '716', '717', '718', '719', '720', '723', '725', '791']
['301', '522', '581', '584', '648', '656', '704', '721', '724', '956', '957', '958', '959', '960', '961', '962', '963', '964', '965', '966', '967', '968', '969', '974', '981', '984', '986', '987', '989', '990', '991']
['132', '134', '135', '136', '137', '138', '139', '140', '141', '142', '143', '144', '145', '146', '147', '148', '149', '150', '151', '152', '153', '154', '155', '156', '157', '158', '159', '160', '161', '162', '163']
['117', '130', '177', '180', '193', '196', '253', '261', '445', '457', '504', '505', '507', '513', '556', '560', '561', '562', '563', '565', '571', '573', '576', '580', '587', '700', '701', '772', '895', '992', '994']
['129', '192', '197', '248', '260', '262', '312', '373', '379', '385', '390', '439', '458', '583', '590', '658', '722', '814', '835', '838', '839', '841', '848', '850', '855', '856', '896', '897', '903', '911', '918']
['169', '172', '173', '174', '175', '184', '186', '188', '494', '503', '508', '509', '510', '511', '512', '515', '516', '518', '519', '521', '523', '524', '525', '527', '569', '769', '789', '973', '975', '976', '988']
['44', '97', '98', '99', '100', '101', '241', '287', '296', '297', '298', '299', '300', '310', '316', '318', '322', '323', '329', '448', '567', '593', '844', '993', '995', '998']
['792', '793', '794', '795', '796', '797', '798', '799', '800', '801', '802', '803', '804', '805', '806', '807', '808', '809', '810', '811', '812', '813', '815', '816', '817', '818', '819', '820', '821', '822', '823']
['55', '119', '234', '235', '238', '246', '254', '374', '380', '383', '389', '391', '434', '437', '440', '461', '514', '582', '586', '633', '640', '711', '785', '828', '832', '853', '854', '923', '977']
['858', '859', '860', '861', '862', '863', '864', '865', '866', '867', '868', '869', '870', '871', '872', '873', '874', '875', '876', '877', '878', '879', '881', '882', '883', '884', '885', '886', '887', '888', '889']
['66', '67', '68', '69', '70', '71', '72', '73', '74', '75', '76', '77', '78', '79', '80', '81', '82', '83', '84', '85', '86', '87', '88', '89', '90', '91', '92', '93', '94', '95', '96']
['594', '595', '596', '597', '598', '599', '600', '601', '602', '603', '604', '605', '606', '607', '608', '609', '610', '611', '612', '613', '614', '615', '616', '617', '618', '619', '620', '621', '622', '623', '624']
['133', '164', '165', '166', '167', '168', '181', '183', '185', '187', '189', '190', '191', '194', '195', '247', '394', '577', '824', '825', '826', '827', '979', '983', '985']
['102', '107', '110', '459', '591', '697', '712', '834', '837', '843', '845', '929', '970', '971', '972', '978', '980', '982', '996', '997']
