['1', '16', '78', '260', '308', '313', '463', '518', '552', '595']
['154', '181', '285', '425', '517', '625', '679', '992', '997']
['168', '184', '282', '730', '822', '858', '910']
['8', '97', '317', '505', '671', '694', '788', '828', '977']
['48', '268', '404', '478', '519', '712', '787', '888']
['116', '914']
['43', '138', '199', '274', '289', '511', '515', '529', '545', '758']
['90', '149', '155', '588', '617', '640', '749', '773', '875']
['568', '645', '770', '878']
['279', '499', '613', '721', '728', '844', '932', '975']
['144', '367', '504', '594', '803', '821', '883']
['322', '355', '683', '708', '791', '993']
['18', '62', '76', '143', '426', '471', '540', '800', '868', '981']
['412', '742']
['357', '409', '549', '658', '810', '881', '893', '928', '950', '984']
['307', '424', '566', '592', '620', '629', '705', '780', '823', '851']
['195', '208', '349', '417', '573', '768', '774', '797']
['118', '130', '200', '224', '226', '359', '391', '398', '442', '611']
['315', '387', '554', '636', '655', '753', '925']
['37', '258', '338', '407', '422', '491', '622', '743']
['185', '223', '272', '300', '406', '408', '562', '580', '675', '691']
['3', '245', '288', '312', '516', '676', '853', '944', '960']
['17', '31', '152', '473', '532', '698', '849', '857']
['20', '42', '94', '402', '850', '856', '897', '903']
['85', '186', '521', '585', '631', '720', '777', '966']
['63', '128', '431', '437', '664', '783', '834', '941']
['153', '198', '229', '456', '684', '767', '808', '959']
['136', '221', '329', '507', '609', '904', '957']
['50', '64', '102', '164', '166', '448', '480', '564', '714', '744']
['632', '769', '817', '982']
['108', '216', '244', '432', '531', '654', '674']
['30', '58', '243', '316', '325', '536', '727', '891', '906', '918']
['79', '292', '366', '547', '695', '757', '760', '784']
['126', '192', '328', '461', '546', '560', '583', '618', '792', '839']
['66', '96', '228', '269', '351', '388', '496', '500', '829', '935']
['337', '860', '889', '921']
['25', '34', '73', '147', '174', '278', '430', '779', '919', '943']
['150', '230', '304', '475', '527', '699', '972']
['428', '481', '539', '602', '701', '877']
['56', '233', '248', '576', '661', '696', '895']
['28', '222', '263', '523', '584', '845', '951']
['206', '215', '249', '334', '394', '435', '668', '715', '806', '954']
['139', '156', '291', '624', '765']
['4', '121', '320', '343', '482', '503', '563', '688', '782', '812']
['131', '327', '362', '490', '673', '841', '870', '887', '998']
['99', '368', '396', '403', '513', '530', '700', '735', '820', '971']
['41', '162', '173', '722', '830', '836']
['38', '204', '235', '385', '953', '985']
['61', '88', '604', '741', '751', '890', '973', '974']
['23', '24', '36', '414', '460', '548', '755', '785', '859']
['71', '83', '91', '111', '479', '709', '778', '874', '894']
['410', '452', '485', '512', '651', '734', '736', '939', '956']
['141', '294', '342', '754', '937']
['67', '112', '205', '373', '522', '569', '647', '677', '750']
['5', '104', '203', '331', '864', '996', '1000']
['483', '772', '880', '884', '900']
['129', '257', '290', '305', '324', '458', '514', '567', '582', '798']
['86', '101', '132', '179', '413', '672', '789', '869', '929']
['47', '65', '298', '393', '509', '600', '724', '746']
['39', '40', '107', '165', '196', '429', '559', '628', '814', '846']
['77', '115', '189', '377', '492', '591', '811', '931', '962']
['133', '348', '381', '607', '653', '687', '796', '940', '947', '965']
['29', '93', '169', '171', '219', '938']
['32', '255', '434', '454', '533', '587', '756', '980', '995']
['124', '420', '474', '561', '713', '729', '804', '902', '958']
['239', '538', '652', '739', '912']
['103', '170', '238', '330', '372', '599', '650', '693', '717', '738']
['59', '236', '835', '899', '922']
['123', '175', '436', '502', '747', '862', '896', '952', '994']
['33', '54', '210', '273', '494', '520', '815']
['44', '209', '356', '386', '597', '642']
['163', '379', '501', '635', '759', '882', '990']
['87', '207', '211', '451', '575', '614', '685', '764', '794', '854']
['69', '81', '110', '241', '341', '345', '541', '790', '927', '948']
['227', '251', '276', '287', '487', '489', '855', '945']
['114', '157', '323', '662']
['158', '212', '301', '423', '633', '666', '827', '892', '930', '936']
['2', '15', '74', '177', '193', '271', '493', '574', '589', '626']
['119', '182', '187', '247', '333', '361', '390', '440', '593', '991']
['213', '232', '297', '464', '571', '627', '723', '946', '963']
['109', '190', '194', '253', '256', '332', '438', '555', '558', '837']
['19', '55', '82', '217', '354', '446', '510', '579', '686', '748']
['371', '374', '415', '466', '469', '553', '637', '697', '703', '761']
['60', '380', '389', '457', '586', '669', '832', '964']
['524', '544', '634', '706', '873', '909', '916', '920']
['105', '106', '378', '384', '419', '526', '610', '711', '961', '978']
['92', '265', '401', '467', '603', '737', '968']
['7', '49', '72', '135', '140', '151', '201', '707', '781', '826']
['10', '218', '225', '252', '596', '615', '867', '934']
['51', '363', '537', '718', '799', '833', '924', '955']
['127', '202', '303', '476', '528', '619', '644', '649', '670', '681']
['134', '142', '259', '264', '360', '449', '598', '648', '863', '898']
['53', '95', '161', '309', '340', '344', '352', '358', '441', '459']
['178', '242', '346', '495', '762', '861', '988']
['22', '120', '250', '353', '488', '543', '551', '663', '719', '726']
['26', '84', '284', '365', '801']
['280', '659', '752', '763', '872']
['13', '148', '220', '262', '275', '283', '321', '443', '484', '508']
['6', '45', '146', '335', '336', '542', '731', '740', '793']
['266', '314', '319', '382', '416', '623', '786', '933']
['52', '113', '326', '453', '807', '852', '949']
['89', '246', '590', '638', '702', '704']
['14', '57', '98', '117', '281', '418', '565', '802', '847']
['369', '375', '986']
['27', '160', '176', '293', '427', '733', '745', '907']
['122', '125', '197', '318', '383', '400', '447', '656', '766', '866']
['11', '267', '347', '444', '472', '639', '813']
['70', '405', '411', '433', '477', '498', '630', '999']
['296', '399', '557', '606', '865', '908', '969']
['183', '364', '710', '795', '886', '905']
['80', '137', '188', '277', '680', '816', '819', '838', '915', '942']
['9', '172', '732', '970']
['12', '231', '310', '350', '395', '486', '578', '824', '842', '848']
['180', '468', '692', '843', '901', '923', '979']
['376', '470', '550', '776', '989']
['237', '339', '462', '570', '616', '682', '775', '840']
['234', '690', '926', '967', '983']
['392', '525', '534', '535', '608', '657', '660', '689', '976']
['100', '167', '214', '240', '270', '397', '421', '506', '572', '577']
['46', '75', '159', '299', '306', '311', '450', '556', '641', '665']
['68', '145', '646', '725', '805', '809', '871', '913']
['191', '302', '621', '818', '831', '911', '917']
['21', '439', '455', '601', '605', '667', '678']
['35', '254', '370', '445', '497', '771', '879', '885', '987']
['261', '286', '295', '465', '581', '612', '643', '716', '825', '876']
