['Allianora', 'Linnie', 'Grissel', 'Enriqueta', 'Cecil', 'Arabele', 'Merci', 'Vanna', 'Ashil', 'Felicity', 'Kitti', 'Annissa', 'Bliss', 'Beryl', 'Claudia', 'Nolana', 'Berta', 'Christine', 'Lurleen', 'Cherise']
['Matilda', 'Val', 'Cassey', 'Lola', 'Rosamond', 'Valery', 'Biddie', 'Jolene', 'Dolorita', 'Dania', 'Rachelle', 'Ivonne', 'Cora', 'Theresina', 'Elaina', 'Abigale', 'Ericka', 'Lisbeth', 'Chiquita', 'Dorise']
['Yolanthe', 'Willow', 'Lissi', 'Masha', 'Ladonna', 'Elyn', 'Tally', 'Jojo', 'Willie', 'Milka', 'Eleanora', 'Kerrill', 'Ann', 'Kaela', 'Kassia', 'Andree', 'Buffy', 'Mercy', 'Vyky', 'Iolanthe']
['Adrienne', 'Leigh', 'Kip', 'Moyra', 'Lorianne', 'Melody', 'Caria', 'Fanchette', 'Selestina', 'Vida', 'Peta', 'Margette', 'DeeDee', 'Breanne', 'Ardisj', 'Jennilee', 'Meghan', 'Cindy', 'Cinderella', 'Hatty']
['Austina', 'Phelia', 'Hilary', 'Lenora', 'Bambie', 'Gusta', 'Maurizia', 'Dode', 'Tabbi', 'Maria', 'Latrina', 'Avis', 'Karine', 'Camila', 'Lynelle', 'Kora', 'Jayme', 'Adara', 'Elisa', 'Kali']
['Lela', 'Rebeka', 'Karlotte', 'Georgeanna', 'Aime', 'Peggy', 'Alex', 'Norrie', 'Vittoria', 'Alvina', 'Lianne', 'Roanne', 'Simonne', 'Bonnee', 'Ebony', 'Konstance', 'Donna', 'Perl', 'Deerdre', 'Carmel']
['Almeta', 'Abagael', 'Marline', 'Joellen', 'Adorne', 'Ara', 'Janetta', 'Tessie', 'Natividad', 'Chrysa', 'Leonie', 'Terza', 'Rosette', 'Giuditta', 'Kattie', 'Cariotta', 'Maegan', 'Evie', 'Marlena', 'Jacquelyn']
['Modestine', 'Elnore', 'Brana', 'Ddene', 'Jonie', 'Regina', 'Ninette', 'Kass', 'Sandye', 'Austin', 'Rosaleen', 'Cherice', 'Ertha', 'Anabella', 'Mirna', 'Damita', 'Deanna', 'Charline', 'Alie', 'Louisette']
['Lexie', 'Brigitte', 'Dorey', 'Gennie', 'Nelly', 'Johnna', 'Lynnet', 'Gracia', 'De', 'Stephie', 'Aili', 'Rachel', 'Fallon', 'Tisha', 'Clarice', 'Marybelle', 'Dorrie', 'Nat', 'Cherianne', 'Charin']
['Tonye', 'Tiphanie', 'Gianna', 'Sena', 'Lian', 'Gabi', 'Krissy', 'Judi', 'Ruthi', 'Zoe', 'Odelle', 'Joycelin', 'Gilli', 'Frayda', 'Chandal', 'Faydra', 'Vernice', 'Chery', 'Miran', 'Trenna']
['Cyb', 'Drusi', 'Viki', 'Mary', 'Jazmin', 'Melisa', 'Nyssa', 'Gussi', 'Bee', 'Polly', 'Calida', 'Nani', 'Roseanna', 'Caye', 'Eilis', 'Elvira', 'Kaile', 'Tierney', 'Fifine', 'Nikoletta']
['Kasey', 'Phyllys', 'Torie', 'Olivette', 'Malia', 'Mattie', 'Natalee', 'Bernice', 'Liv', 'Martita', 'Philippe', 'Farra', 'Rasia', 'Moira', 'Oona', 'Consolata', 'Brietta', 'Vikky', 'Gilemette', 'Lonni']
['Keriann', 'Luciana', 'Winnie', 'Linea', 'Hedi', 'Julietta', 'Angelle', 'Denny', 'Ronda', 'Charissa', 'Laurene', 'Ethelind', 'Olenka', 'Mella', 'Ninnetta', 'Melinde', 'Esme', 'Emili', 'Gelya', 'Lorie']
['Dody', 'Veronike', 'Elisabetta', 'Hollyanne', 'Dorice', 'Jodee', 'Eadie', 'Emmye', 'Gayel', 'Christel', 'Tiertza', 'Cristie', 'Gloria', 'Selena', 'Anestassia', 'Leshia', 'Romola', 'Ralina', 'Beret', 'Adena']
['Galina', 'Wilona', 'Doe', 'Doralyn', 'Trescha', 'Erinn', 'Marissa', 'Aleen', 'Evita', 'Carmen', 'Goldarina', 'Jolynn', 'Marcellina', 'Daffy', 'Nada', 'Annabel', 'Michaela', 'Mariana', 'Mada', 'Issie']
['Debor', 'Cortney', 'Kristy', 'Carmencita', 'Aubine', 'AnnaDiana', 'Leeanne', 'Arleta', 'Eleonore', 'Nora', 'Kalinda', 'Gertrudis', 'Channa', 'Kelsey', 'Jacquetta', 'Elka', 'Casi', 'Jerrylee', 'Donni', 'Eden']
['Dita', 'Elnora', 'Bridget', 'Benedicta', 'Merry', 'Lacey', 'Christa', 'Josi', 'Celene', 'Tasia', 'Leland', 'Nollie', 'Bernie', 'Kessiah', 'Serene', 'Fay', 'Mickie', 'Bibi', 'Dorie', 'Raquel']
['Saloma', 'Arline', 'Zorine', 'Glynda', 'Marna', 'Ermina', 'Clary', 'Ros', 'Sella', 'Bibbie', 'Willa', 'Erina', 'Elinor', 'Mia', 'Dyanne', 'Shaylynn', 'Danice', 'Karlotta', 'Keelia', 'Alysa']
['Celestina', 'Alida', 'Tracie', 'Rivkah', 'Latrena', 'Audrye', 'Lurette', 'Sherrie', 'Giana', 'Alisa', 'Daveta', 'Eugine', 'Griselda', 'Mitzi', 'Steffie', 'Berget', 'Mikaela', 'Dniren', 'Aggi', 'Jenny']
['Adore', 'Henrieta', 'Mara', 'Agnella', 'Jess', 'Nalani', 'Paloma', 'Mandi', 'Analise', 'Helaina', 'Bettina', 'Aurelea', 'Wendy', 'Andra', 'Ginnifer', 'Nicoli', 'Tiffi', 'Ollie', 'Margi', 'Jaynell']
['Indira', 'Brandie', 'Evangelina', 'Wendie', 'Janith', 'Colline', 'Blanca', 'Neely', 'Arabella', 'Clair', 'Gabbie', 'Sybilla', 'Madelene', 'Ellie', 'Linnea', 'Linette', 'Pat', 'Dominga', 'Kerri', 'Yvette']
['Janel', 'Celesta', 'Roz', 'Kenna', 'Shir', 'Hinda', 'Malissa', 'Glori', 'Mufi', 'Doroteya', 'Hestia', 'Agneta', 'Irene', 'Gladi', 'Paolina', 'Fina', 'Arlen', 'Delphine', 'Rycca', 'Blondelle']
['Teddi', 'Bari', 'HelenElizabeth', 'Sally', 'Shela', 'Eve', 'Kandace', 'Diannne', 'Lori', 'Thomasine', 'Letisha', 'Abra', 'Heddi', 'Hildegaard', 'Joni', 'Jorie', 'Nicholle', 'Kat', 'Xenia', 'Binni']
['Suzette', 'Luce', 'Brandise', 'Bobbye', 'Shandie', 'Wilhelmine', 'Sophie', 'Minta', 'Ainslee', 'Marsha', 'Imogen', 'Analiese', 'Marcile', 'Shelli', 'Cathie', 'Joeann', 'Ediva', 'Reeta', 'Tarra', 'Caroline']
['Josefina', 'Wallie', 'Carena', 'Wilma', 'Harmonie', 'Jackqueline', 'Marlyn', 'Kiersten', 'Sibyl', 'Sela', 'Minne', 'Wendeline', 'Veronica', 'Freddy', 'Wynny', 'Page', 'Donielle', 'Daria', 'Marjie', 'Dulciana']
['Alecia', 'Maisie', 'Briana', 'Mirabella', 'Leontyne', 'Vannie', 'Ardys', 'Farica', 'Perrine', 'Alethea', 'Grayce', 'Jacenta', 'Shelby', 'Yvonne', 'Kandy', 'Megan', 'Mab', 'Noelani', 'Deane', 'Quentin']
['Krystyna', 'Colette', 'Roxy', 'Cristal', 'Sibylla', 'Gayleen', 'Rici', 'Arly', 'Fern', 'Marleah', 'Allix', 'Lillis', 'Miguelita', 'Lesli', 'Leila', 'Adrea', 'Ema', 'Phoebe', 'Clementina', 'Dru']
['Vera', 'Prudi', 'Naoma', 'Philis', 'Joye', 'Lura', 'Angil', 'Eddi', 'Roxana', 'Arlene', 'Laverna', 'Lindsay', 'Hailee', 'Benny', 'Noelle', 'Bethina', 'Leonore', 'Sarajane', 'Merrile', 'Leandra']
['Roseanne', 'Brittany', 'Camille', 'Rosemary', 'Goldina', 'Susana', 'Alexina', 'Sophia', 'Franny', 'Phebe', 'Esmaria', 'Hephzibah', 'Rozalie', 'Ilka', 'Sybil', 'Frankie', 'Mariejeanne', 'Ranee', 'Terri', 'Sabra']
['Norene', 'Cherlyn', 'Maighdiln', 'Jacqueline', 'Norina', 'Adele', 'Nydia', 'Cassandra', 'Winnifred', 'Hazel', 'Aleta', 'Danita', 'Hermia', 'Inesita', 'Cyndy', 'Bonnie', 'Meg', 'Morgan', 'Bethena', 'Tiffany']
['Cati', 'Edith', 'Celka', 'Cammy', 'Etheline', 'Tobye', 'Clarabelle', 'Tatum', 'Pierrette', 'Livvyy', 'Jerrine', 'Adriaens', 'Tiphany', 'Ursa', 'Aggie', 'Emera', 'Klarrisa', 'Lauralee', 'Brooks', 'Dionne']
['Angelica', 'Tabbatha', 'Georgie', 'Georgena', 'Caren', 'Estella', 'Petronille', 'Bunnie', 'Adel', 'Shalne', 'Fredericka', 'Yoko', 'Katheryn', 'Vevay', 'Blakelee', 'Ramonda', 'Cissy', 'Muriel', 'Wally', 'Geneva']
['Emmie', 'Glenn', 'Margaret', 'Natala', 'Katerine', 'Penny', 'Greta', 'Agathe', 'Nathalia', 'Dredi', 'Leonelle', 'Gwendolen', 'Clari', 'Ludovika', 'Enid', 'Veda', 'Reta', 'Maribeth', 'Jobyna', 'Gerianna']
['Lonnie', 'Chrissie', 'Una', 'Caprice', 'Pru', 'Aura', 'Charmine', 'Cecilia', 'Lanae', 'Lenka', 'Nanni', 'Merilee', 'Kamila', 'Allene', 'Winnah', 'Melantha', 'Genevra', 'Janey', 'Lydia', 'Becka']
['Patrizia', 'Kathrine', 'Kelila', 'Tomi', 'Helena', 'Shirl', 'Rivi', 'Alison', 'Constantine', 'Evey', 'Domeniga', 'Arlinda', 'Sissie', 'Tilly', 'Giselle', 'Minnnie', 'Shannah', 'Lotte', 'Starla', 'Arlina']
['Chelsy', 'Lise', 'Tonie', 'Thomasin', 'Friederike', 'Del', 'Heida', 'Gale', 'Klara', 'Lulita', 'Alisun', 'Danit', 'Leora', 'Donica', 'Vania', 'Maxie', 'Lorita', 'Sarita', 'Liva', 'Yasmeen']
['Leonanie', 'Iona', 'Norri', 'Nichole', 'Brittni', 'Trixy', 'Lucienne', 'Atlante', 'Randene', 'Francoise', 'Vivi', 'Cordie', 'Henriette', 'Pris', 'Mercie', 'Alessandra', 'Theressa', 'Mathilda', 'Andria', 'Dorothea']
['Moina', 'Lorianna', 'Deena', 'Marlene', 'Estrella', 'Milissent', 'Mirabelle', 'Cindelyn', 'Debby', 'Sianna', 'Misty', 'Georgia', 'Jaquelyn', 'Debera', 'Cristabel', 'Sal', 'Gratiana', 'Aprilette', 'Adi', 'Kinna']
['Melisse', 'Emalee', 'Quintilla', 'Ines', 'Modesta', 'Dianemarie', 'Violante', 'Biddy', 'Sharlene', 'Teodora', 'Arlette', 'Cornie', 'Rosanna', 'Ysabel', 'Debi', 'Tanhya', 'Kyle', 'Marcelle', 'Keely', 'Venus']
['Clara', 'Max', 'Rorie', 'Ginelle', 'Lorry', 'Penni', 'Manon', 'Isa', 'Caitrin', 'Anissa', 'Ki', 'Britte', 'Andromache', 'Georgeta', 'Ricca', 'Poppy', 'Astra', 'Mollee', 'Kerianne', 'Laryssa']
