['681', '420', '527', '676', '26', '260', '596', '722', '275', '308', '784']
['944', '456', '495', '569', '874', '908', '968', '931', '216', '842', '121', '419']
['344', '244', '263', '397', '528', '561', '107', '185', '447', '161', '252', '987', '383', '45', '916', '531']
['110', '393', '764', '446', '765', '737']
['672', '917', '71', '395', '435', '701', '227', '830', '281', '836']
['329', '541', '777', '4', '484', '798', '977', '769', '417', '638', '91', '170', '523']
['633', '903', '880', '148', '259', '189', '918', '662', '819', '628', '739']
['470', '379', '675', '736', '327', '943', '605']
['331', '458', '163', '900', '832', '199', '613', '599', '237']
['112', '326', '183', '763', '507', '789', '411', '500', '648', '922', '439', '680']
['682', '14', '455', '301', '645', '741']
['270', '492', '511', '884', '35', '715', '210', '217', '256', '617', '773']
['406', '733', '621', '517', '13', '350', '677']
['788', '253', '626', '312', '757', '48', '904']
['1', '402', '711', '58', '265', '905', '398', '388']
['96', '575', '12', '3', '513', '697', '325', '802', '625', '747', '247', '349', '582', '568']
['171', '600', '933', '168', '521', '679', '449', '756', '606', '190', '844', '642', '899', '629', '133']
['911', '557', '589', '806', '955', '640', '16', '433', '924', '360', '501', '534', '810']
['956', '130', '856', '269', '202', '553', '555']
['463', '940', '689', '831', '454', '399', '960', '963', '812']
['991', '187', '761', '671', '913', '793', '504', '544', '579', '895', '102']
['113', '979', '570', '906', '127', '851']
['20', '428', '766', '318', '173', '652', '34', '89', '307', '974', '150', '230', '80', '860', '997']
['0', '100', '506', '32', '401', '734', '8', '101', '352', '574', '69', '984']
['805', '866', '179', '412', '705', '279', '980', '298', '286', '40', '775']
['243', '404', '424', '467', '815', '985', '92', '558', '178', '423']
['49', '159', '443', '46', '468', '838', '99', '878', '892', '972']
['328', '194', '387', '429', '961', '441', '311', '614']
['996', '460', '226', '615', '77', '335', '655', '18', '792']
['241', '61', '610', '864', '593', '852', '234', '939', '330', '261', '31']
['280', '415', '9', '246', '744', '363', '954', '978', '297', '499']
['141', '316', '481', '90', '826']
['82', '627', '408', '691', '723', '376', '962', '143', '801', '530', '790', '341']
['29', '231', '391', '488', '993', '75', '43', '319', '385', '520', '696', '778']
['432', '999', '156', '907', '964', '146', '103', '340', '502', '690', '925']
['631', '193', '776', '890', '175', '361', '50', '151', '927', '17', '249', '181', '204']
['157', '538', '486', '587', '915', '23', '134', '536']
['594', '813', '111', '879', '459', '865', '514', '686', '695']
['200', '549', '730', '72', '529', '634', '154', '386', '450', '414']
['647', '846', '129', '176', '396', '535', '650', '779', '731', '64', '782', '989']
['897', '304', '932', '162', '687', '835']
['881', '322', '657', '426', '888', '445', '214', '669']
['717', '542', '224', '592', '266', '87', '941', '919']
['560', '315', '716', '821', '166', '182', '37', '658', '809', '464', '425', '607', '820', '616']
['78', '870', '953', '482', '469', '796', '473', '180', '239', '431', '973', '44', '358']
['444', '720', '251', '345', '598', '706', '313', '68', '302', '603', '355']
['604', '563', '833', '108', '525', '487', '827', '654', '868', '710', '580', '22', '942']
['219', '862', '359', '264', '94', '347', '7', '120']
['212', '516', '921', '670', '552', '863', '51', '153', '213', '160', '709', '236', '641', '508', '332', '694']
['526', '665', '233', '743', '317', '41', '698', '583', '935']
['688', '952', '858', '95', '889', '356']
['479', '581', '708', '323', '995', '818', '292']
['293', '644', '754', '767', '664', '155', '362', '608', '291', '476', '369', '370', '118', '184', '622', '770', '684', '126']
['374', '923', '975', '853']
['273', '692', '196', '945', '38', '410', '876', '588']
['215', '545', '969', '149', '164', '843', '849', '147', '804', '451', '646', '208', '268', '394', '663', '882']
['554', '867', '901', '786', '287', '618', '186', '351']
['612', '221', '930', '490', '550', '338', '480']
['19', '461', '472', '418', '965', '724', '81', '57', '556', '759', '372']
['282', '845', '104', '197', '547', '738', '348', '828', '321', '519']
['139', '167', '15', '434', '872', '201', '384', '512', '294', '683']
['430', '11', '174', '656', '5', '276', '585']
['619', '938', '203', '816', '119', '471', '578', '62', '380', '53', '138', '808', '623']
['333', '306', '442', '891', '572', '353', '422', '548', '732']
['310', '109', '283', '336', '33', '800', '967', '177', '382', '742']
['296', '896', '117', '453', '847', '368', '660', '207', '25', '601', '73']
['699', '794', '875', '289', '673', '934', '93', '371', '131', '373', '42', '337', '877', '375', '28', '602', '834']
['222', '343', '912', '774', '970', '158', '936', '829', '238', '562']
['928', '56', '114', '438', '795']
['746', '165', '567', '702', '894', '258', '643', '364', '753']
['703', '721', '898', '209', '735', '437', '946', '144', '957', '982', '278', '27', '518', '713']
['76', '277', '914', '136', '2', '218', '910', '559', '65', '966', '971']
['378', '24', '841', '854', '983', '787', '225', '745', '803', '135', '98']
['609', '685', '124', '229', '937', '986', '797', '440', '206']
['700', '727', '949', '693', '869', '566', '457', '718', '465', '837', '799', '887', '54', '539', '30']
['220', '59', '667', '926', '668', '883', '635', '334', '390', '678']
['748', '857', '295', '988', '192', '52', '474', '267', '768', '749', '97', '661', '288']
['274', '503', '83', '357', '611', '740', '405', '478', '299', '191', '88']
['211', '128', '632', '142', '235', '305', '248', '452', '245']
['509', '959', '36', '137', '651', '780', '823', '84', '403', '947', '257', '597', '817', '381', '659', '105', '811', '427']
['314', '624', '859', '346', '365', '990', '70', '839', '564', '494', '39', '79']
['466', '493', '86', '116', '496', '729', '198', '595', '591', '909', '342', '284', '66', '250']
['814', '620', '920', '123', '950', '712', '551', '491', '630', '477', '188']
['752', '271', '290', '522']
['540', '543', '573', '755', '262', '885', '771', '324', '781', '524', '758']
['992', '232', '489', '565', '674', '228']
['132', '303', '510', '636', '653', '998', '824', '861', '74', '546']
['152', '389', '413', '822', '902', '951', '122', '125', '726', '840']
['169', '255', '719', '772', '929', '958', '639']
['145', '462', '195', '55', '855', '285', '590', '242', '377', '537', '760', '948', '666', '886']
['6', '750', '825', '791', '309', '497', '976', '436', '392', '728', '272', '515']
['254', '172', '505']
['532', '21', '577', '584', '339']
['751', '47', '205', '725', '783', '498', '981', '421', '240', '714']
['10', '300', '893', '140', '366', '63', '407']
['637', '704', '367', '448', '649', '994', '106', '485', '707', '848', '871', '67', '475', '85', '115', '807']
['785', '354', '762', '483', '850', '223', '571']
['533', '586', '400', '60', '873', '409', '320', '416', '576']
