['R', 'PPPPPPPPP', 'ccccccccccccccc', 'ssssssssssssssss', 'mmmmmm', 'QQQQQ', 'ppppppppppp', 'IIIIIIIIIIIIII', 'D', 'YYYYYYYYYYYYYY', 'iiii', 'EEEEEEEEEEE', 'DDDDDDDD', 'VVVVVVVVVV', 'FFFFFF', 'yyyyyyyyyyyyyyyy', 'iiiii', 'gggggggggggg', 'LLLLLL', 'wwwwwwwwwwww', 'hhhhhhhh', 'jjjjjjj', 'nnnnnnnnnnnnnnnn', 'hhhhhhhhhhhhhh', 'eeeeeeeeeeee', 'vvvvvvvvvvvvvv', 'BBBBB', 'PPPPPPPPPP', '4444', 'jjjjjjjjjj', 'sssss', 'UUUUUUUUUUUU', 'M', 'DDDDDD', 'l', 'QQQQQQQQQQQQQQQQ', 'ccccccccccc', 'qqqqqqqqqqqqqq', 'xxxxxxxxxxxxxxx', 'eee', 'aa', 'OOOOOOOOOOOOOO', 'DDDDDDDDDDDDDD', 'rrrrrrrrrrrrrrr', 'NNNNNNNNNNNNN', 'TTTTTTTTTTTTT', 'DDDDDDDDDDDDDDDD', 'UU', 'AAAAAAAAAAAAAAA', 'hhhhh', 'II', 'rrrrrr', 'SSSSSSSSS', 'eeeeeeeee', 'pppppppppppppppp', 'OOOOOOO', 'wwwwwwwwwwwwwww', 'ppppppppp', 'SSS', 'CCCC', 'jjjjjj', 'lllllllllll', 'SSSSSSSSSSSSSS', 'AAAAAAA', 'yyyyyyyyy', 'UUUUUUUUUUUUUUUU', '2222', 'ppppppppppppp']
['mmmmmmm', 'FFFFFFFFFFFFFF', 'B', 'vvvvvvvvvvv', 'GGGGGGGGGGGGGG', '2222222222222', 'kkkkkk', 'BBBBBBBBBBBBBB', 'eeeeeeee', 'bbbbbbbbbbbbbb', 'ww', 'dddddddddd', 'dddd', 'llllll', 'oooooo', 'hhhhhhhhh', 'GGGGG', 'ttt', '44444444', 'FFFFFFF', 'eeeeeee', 'mmmmmmmmmmmmmmmm', 'qq', 'GGGGGGGGGGGGGGGG', 'tttttttttttt', '666', 'CCCCCCCCCCCC', 'mm', 'GGGGGGGGGGGG', 'ggg', 'h', 'oo', 'sssssssss', 'CCCCCC', 'zzzzzzzzzzzzzz', 'yy', 'CCCCCCCC', 'www', 'C', 'oooo', 'jj', 'qqqq', 'EEEEEEEEEE', 'o', 'uuuuuuuuuuuu', 'AAAA', 'eeeee', 'yyy', '444444444', 'ccc', 'nnnnnnn', 'wwwwwwwwwwwww', 'fffffffff', 'nnnnnnnnnnnnn', 'XXXXXXXXXXXXX', 'sssssssssssssss', '444444', 'iiiiiiiiiiiiiiii', 'cccc', 'pppp', 'FFF', 'ccccc', 'HHHH', 'ZZZ', 't', 'kkkkkkkkkkkk', 'nn', 'nnnnnnnnnnnnnnn', 'oooooooooooooo', 'wwwwwww', 'kkkkkkkkkkkkkkkk', 'XXXXXXXXXXXXXXX', 'pp', 'AAA', 'dddddddddddd', 'YYYYYYYYYYYYYYYY', 'iiiiiiiiiiii', 'q', 'vvvvvvvvvvvvv', '555555555555555', 'WWWWWWWWWWWW', 'E', '55555555555', 'vvvvvvvvvv', 'EEEEEEEEEEEEEE', 'GGGGGGGGGGG', 'aaaaaaaaa', 'hhhhhhh', 'ggggggggggggggg', 'cccccccc', 'GGGGGGGGGG', 'hhhhhhhhhhhhhhhh', 'fffffff', 'bbbbbbbbbbbbb', 'nnnnnnnnn', 'oooooooooo', 'vvvvvvvvvvvvvvv', 'eeeeeeeeeeeeeee', '2222222222222222', 'qqqqqqqqqqqqqqqq', 'DDDDDDDDDDDDD', 'nnnnnnnn', 'ppp', 'vvv', 'yyyyyyyyyy', 'nnnnn', 'ttttttttttt', 'ddddddddddd', 'mmmmmmmmm', 'jjjjjjjjj', 'DDDD', 'CCCCC', 'BBBB', 'ddddd', 'bbb', 'llllllllllllll', 'zzzzzzzzzzzzz', 'z', '88888888', 'AAAAAA']
['J', 'TTT', 'b', 'MMMM', 'SSSSSSSSSSSS', 'MMMMMMMMMMM', '44444444444444', 'ddd', '888888888', 'SSSSSSSSSS', '5555555', 'VVVVVVVV', 'SS', 'i', 'UUUUUUUUUUUUUUU', '88888888888888', 'ggggggggggggg', 'eeeeeeeeeeeeeeee', 'YYYYYYYYYYYYYYY', 'HHHHHHH', 'jjjjjjjjjjjjjj', '8888', '66666666666666', 'OOO', '777777777777', 'JJJJJJJ', 'XXXXXXXXXXX', 'N', 'bb', 'TTTTTTT', 'MMMMMMMMMM', 'ddddddd', 'eeeeeeeeeeeee', '5555555555', 'ee', 'jjjjjjjjjjj', 'XXXXXXXX', '444444444444444', '5555', '888888888888888', 'jjjj', 'hhhhhhhhhhhhh', 'iiiiii', 'WWWWWWWWWWW', 'L', 'cccccccccccc', 'cccccc', 'JJJJJJJJJJJJJJJ', 'NNNNNN', 'ffffffffffffffff', 'bbbbbbbbbbbb', 'KKKKKKK', 'XXXXXXXXXX', '11111111', 'MMMMMMMMMMMM', 'QQQQQQQQQQQQQQQ', '22222222222222', 'JJJJJJ', 'I', 'QQ', '1111111111111', 'fff', 'bbbbbbbbb', 'UUUUUUUUUU', 'WWW', 'V', 'aaaaaaaaaaaaaaaa', '33333333333333', 'PPPPPPPPPPPPPP', 'YYYYYYYY', '333333333333333', 'PPPPPPPPPPPPP', 'LLLLLLLLLLLL', '777777777777777', 'g', 'NN', 'gggggggg', 'RRRRRRRRRRR', 'TTTTT', 'jjjjjjjjjjjj', 'T', 'bbbbbbbbbbbbbbb', '8888888888888', 'iiiiiiiiiiiiii', 'NNNN', 'VVVVVVVVVVVVVV', 'YYYYYYYYY', 'ZZZZZ', 'LLLLL', '33333333', 'bbbbbb', '33333333333', 'RRRRRRR', '11', 'eeeeeeeeee', 'QQQ', 'LLLLLLL', 'ggggggggggg', '333333', 'dd', 'dddddddddddddd', 'IIIIIIIIIIIII', 'aaaaaaaaaaaaaa', 'WWWWWWWW', '1111', 'UUU', '6666666', 'WWWWWWWWWWWWWWW', 'cc', '66666666', 'KKKKKKKKKK', '33333', 'j', 'aaaaaaaaaaaaa', '888888888888', 'f', 'ZZZZZZZZZZZZZ', 'JJJJJJJJ', 'jjjjjjjjjjjjjjjj', 'RRR']
['kkkkkkkkkkkkkkk', 'ssssss', 'KKKKKKKKKKKKK', 'vvvv', 'vvvvvv', 'yyyyyyyyyyyyy', 'KKKKKKKKKKKKKKKK', 'qqqqqqqqqq', 'HHHHHHHHHH', 'yyyyyyyyyyyy', 'HHHHHHHHHHH', 'll', 'FFFFFFFFFFFF', 'uuuuuuuuuuuuuu', 'ssssssssssssss', 'FF', 'x', 'EEEEEEE', 'sssssssssssss', 'nnnnnnnnnnnnnn', 'nnnnnnnnnnn', 'qqqqqqqqqqqqqqq', 'yyyyyyyyyyyyyyy', 'GGGGGGGGGGGGGGG', 'AAAAAAAAAAAAAAAA', 'lllllllllllllll', 'FFFFFFFFFFFFFFF', 'DDDDD', 'nnnnnnnnnn', 'EE', 'uu', 'rrrrrrrrrrr', 'CCCCCCCCCCCCCCCC', 'qqqqqqqq', 'GGGGGGGGG', 'xxxx', 'mmm', 'xxxxxxx', 'mmmmmmmmmmmmm', 'ssssssssssss', 'AA', 'lll', 'CCCCCCC', 'yyyyyyyy', 'LLLLLLLLL', 'mmmmmmmmmmm', 'rrr', 'rrrrrrrrrrrr', 'lllllllllllll', 'BBBBBBBBBBBB', 'zzzzzzzzzz', 'uuuu', 'EEEEE', 'rrrrr', 'mmmmmmmmmmmmmm', 'llll', 'kkkkkkkkkkk', 'F', 'LLL', 'uuuuu', 'BBBBBBBB', 'kkkkkkkkkkkkk', 'EEEEEEEEE', 'pppppppppppppp', 'ooooooooooo', 'FFFFFFFFFF', 'HHH', 'GGGGGGG', 'm', 'qqqqqq', 'BBB', 'k', 'rrrrrrrrrrrrrr', 'zzzzzzz', 'DDDDDDDDDD', 'JJJJ', 'xx', 'kkkkkkkkk', 'III', 'rrrrrrrrr', 'xxxxxxxxxxxxxx', 'ooooooooo', 'wwwwwwwww', 'A', 'tttttt', 'qqqqqqq', 'yyyyy', 'wwww', 'vvvvvvvvvvvv', 'BBBBBB', 'HHHHH', 'uuuuuu', 'FFFFFFFFFFFFF', 'ttttttttttttttt', 'vvvvv', 'sssssssssss', 'zzzz', 'GGGG', 'yyyyyyyyyyy', 'uuuuuuuuuuuuuuu', 'ooooooooooooooo', 'sss', 'ttttttttttttt', 'ttttttttt', 'LLLLLLLLLL', 'xxxxxxxxxxxxxxxx', 'HHHHHHHHH', 'EEEEEEEEEEEEEEE', 'llllllllllllllll', 'HHHHHHHHHHHHHHHH', 'CCCCCCCCC', 'vvvvvvvv', 'qqq', 'ppppppppppppppp', 'zzzzzzzzz', 'zzzzzzzzzzz', 'wwwwww', 'qqqqq', 'JJJJJJJJJJJJJJJJ', 'vv']
['PPPP', 'ffffffffffff', 'cccccccccccccccc', '111111', 'ccccccc', 'NNNNNNNN', 'gggggggggggggg', '666666666666666', 'UUUUUUU', '5555555555555', 'RRRRRRRRR', 'PPP', 'YYYYY', 'LLLLLLLLLLLLLL', 'SSSSSSSSSSSSSSSS', 'gggggg', '6666666666666', '88888', 'TTTTTTTTTTTTTTT', 'XXXXXXXXX', 'dddddddd', 'hh', '3333333333', '7777777', 'LLLLLLLLLLLLLLLL', 'iiiiiiiiii', 'ii', 'fffffffffffff', 'UUUUUUUU', 'VVV', '6666', '5', 'UUUUUUUUUUUUUU', 'TTTTTTTTTTTT', 'SSSSSSSSSSS', 'YYYYYYYYYYYYY', '55555', 'XXXXXXXXXXXXXX', 'XXXXX', 'hhhhhh', 'aaaaaa', 'iiiiiiiiiii', 'NNNNNNNNNNNNNNN', 'ddddddddddddddd', 'RRRRRRRRRRRRRRRR', 'iiiiiii', 'OOOOOOOOOOOOOOOO', 'RRRRRRRRRRRRRR', '333333333', 'ZZZZ', 'QQQQQQQQQQQQQ', '222222222222222', 'd', '555555555', 'NNN', 'hhhhhhhhhhh', 'SSSSSSS', 'WW', 'QQQQQQQQQ', 'SSSSS', 'iii', 'ZZZZZZZZZ', '77777777777', 'ffffffffff', '8888888888888888', 'LLLLLLLLLLLLL', 'MMMMMMMMM', '2222222', '5555555555555555', '66666', 'aaaaaaaaaa', 'iiiiiiiii', 'bbbbbbbbbbbbbbbb', 'OOOO', 'ZZZZZZZZ', 'aaaaaaaaaaaaaaa', '6666666666666666', 'LLLLLLLLLLLLLLL', '777', '222222', 'ZZZZZZZZZZZZZZ', '888888', 'WWWWWWWWWW', 'iiiiiiiiiiiii', 'iiiiiiii', '11111', 'RRRRRRRRRRRRR', '55555555', 'ff', 'hhhhhhhhhhhhhhh', 'NNNNNNNNNNNNNN', 'MM', 'QQQQQQQQ', 'VVVVVVVVVVV', 'VVVVVVVVVVVVV', 'YYYYYYYYYY', 'RRRRRRRRRR', 'TTTTTTTT', '3333333', 'RRRRR', 'gggggggggggggggg', '1111111111111111', '222222222', 'jjjjjjjj', '11111111111111', '88888888888', 'ffffffffffffff', 'RR', 'QQQQQQQQQQQQQQ', 'aaaaaaa', 'WWWWWWWWWWWWWWWW', '1111111', 'O', 'VVVVVVV', 'eeeeee', 'ffffffff', '111111111111', 'MMMMMMM', '333', 'aaaaaaaaaaaa']
['zzzzzzzzzzzzzzz', 'IIIIIIIIIII', 'n', 'rrrrrrrrrr', 'TT', 'PPPPPPPPPPPPPPPP', 'PPPPP', 'BBBBBBBBB', 'KKKKKKKKKKKK', 'OOOOOOOOOOOOOOO', 'LL', 'EEEEEEEEEEEE', 'IIIIIIIIIIIIIII', 'mmmmmmmm', 'xxxxxx', 'MMMMMMMM', 'JJJ', 'uuuuuuuuuuuuuuuu', 'qqqqqqqqqqqqq', 'JJJJJJJJJJJJ', 'GGGGGGGG', 'NNNNN', 'H', 'DDDDDDDDD', 'AAAAAAAAAA', 'KKK', 'lllllll', 'OOOOOOOOOOOOO', 'y', 'ttttttt', 'OO', 'zzzzzz', 'xxxxxxxxx', 'HHHHHHHHHHHHH', 'tttttttt', 'ooooooo', 'EEEEEE', 'u', 'UUUUUU', 'Q', 'KKKKKK', 'MMMMM', 'W', 's', 'MMMMMMMMMMMMMMM', 'NNNNNNNNNNN', 'xxx', 'uuu', 'qqqqqqqqqqqq', 'xxxxxxxxxxxxx', 'yyyy', 'llllllll', 'FFFFFFFF', 'UUUUUUUUUUUUU', 'GGG', 'HHHHHHHHHHHHHH', 'JJJJJJJJJJJJJJ', 'RRRRRR', 'ooo', 'OOOOOO', 'QQQQ', 'zzzzzzzz', 'tttttttttttttttt', 'CCC', 'mmmmmmmmmmmmmmm', 'ooooo', 'kkk', 'VVVVVVVVVVVV', 'v', 'CCCCCCCCCCCCC', 'nnnnnnnnnnnn', 'FFFFF', 'wwwwwwwwwwwwww', 'p', 'kkkk', 'OOOOOOOOO', 'AAAAAAAAAAAAAA', 'xxxxxxxx', 'CCCCCCCCCCCCCCC', 'TTTTTTTTTTT', 'PPPPPPPPPPPPPPP', 'kkkkkkk', 'OOOOO', 'EEEE', 'DDDDDDDDDDD', 'RRRR', 'RRRRRRRR', 'G', 'K', 'EEEEEEEEEEEEEEEE', 'rrrrrrrrrrrrrrrr', 'CC', 'PPPPPPPPPPP', 'rrrrrrrr', 'llllllllll', 'VVVVVVVVV', 'uuuuuuuuuuu', 'OOOOOOOOOOOO', 'tttt', 'VVVVVV', 'PP', 'AAAAAAAAAAAAA', 'BBBBBBBBBB', 'mmmm', 'kkkkkkkkkkkkkk', 'AAAAAAAAA', 'nnn', 'NNNNNNNNNNNN', 'DDD', 'wwwwwwwwwwwwwwww', 'oooooooooooooooo', 'tttttttttt', 'IIIIIIIIIIII', 'MMMMMMMMMMMMM', 'CCCCCCCCCCCCCC', 'IIIIIIIIIIIIIIII', 'DD', 'NNNNNNN', 'JJJJJJJJJJ', 'BBBBBBBBBBBBBBBB']
['e', 'X', '4444444', '2', 'NNNNNNNNNNNNNNNN', '11111111111', 'llllllllllll', 'PPPPPP', 'CCCCCCCCCC', '666666666', 'WWWW', 'OOOOOOOOOO', '555555', 'CCCCCCCCCCC', 'IIIII', 'oooooooooooo', 'zz', 'AAAAA', 'IIIIIIII', 'IIIIIIIII', 'NNNNNNNNNN', '444444444444', '22222222', 'fffffffffffffff', 'aaaaaaaaaaa', 'qqqqqqqqqqq', '111111111111111', 'ooooooooooooo', 'dddddd', '4444444444', 'gggggggggg', '666666', 'eeeeeeeeeee', 'ssssssssss', 'DDDDDDDDDDDDDDD', 'EEEEEEEEEEEEE', 'ZZZZZZZZZZZ', 'tttttttttttttt', 'xxxxxxxxxx', 'ddddddddd', 'ZZZZZZ', '8888888888', 'fffff', '44444444444', '222222222222', 'jjj', 'pppppppppppp', 'ZZZZZZZZZZZZZZZZ', 'ggggggggg', 'lllllllll', 'QQQQQQ', 'ppppp', 'bbbbbbbbbb', 'KKKK', 'bbbb', 'AAAAAAAA', 'pppppp', 'rrrrrrrrrrrrr', 'uuuuuuuuu', 'dddddddddddddddd', 'mmmmmmmmmm', 'YY', '111111111', 'gggg', 'ddddddddddddd', 'ZZ', 'ppppppp', 'qqqqqqqqq', 'JJJJJ', 'BBBBBBB', 'uuuuuuuuuuuuu', 'rr', 'KKKKK', 'YYYYYYYYYYY', 'jjjjjjjjjjjjj', 'bbbbbbbb', 'NNNNNNNNN', 'ZZZZZZZZZZZZZZZ', '44444', 'LLLLLLLLLLL', '1', 'FFFFFFFFFFF', 'hhhhhhhhhhhh', 'MMMMMMMMMMMMMM', 'tt', 'YYYYYY', 'eeeeeeeeeeeeee', 'JJJJJJJJJJJ', 'HHHHHHHHHHHH', 'XXXXXXX', 'AAAAAAAAAAA', 'WWWWWWW', 'ffffff', 'QQQQQQQQQQQ', 'aaaa', 'yyyyyyy', '22222', 'zzzzzzzzzzzz', 'vvvvvvv', 'FFFF', '77777', 'XX', 'OOOOOOOO', '6666666666', 'KK', '7777777777777', 'nnnnnn', 'sssssss', 'Z', 'yyyyyyyyyyyyyy', 'oooooooo', 'vvvvvvvvv', 'BBBBBBBBBBBBB', 'MMM', 'QQQQQQQQQQQQ', 'HH', 'IIIIIII', '8888888', 'RRRRRRRRRRRR', 'MMMMMM']
['BBBBBBBBBBB', 'ccccccccccccc', 'VVVV', 'mmmmm', '666666666666', 'U', '3333333333333333', 'XXXXXXXXXXXXXXXX', '77777777', 'P', 'zzz', '555555555555', 'wwwwwwww', '3333', 'DDDDDDD', 'VVVVVVVVVVVVVVVV', 'a', 'wwwwwwwwwww', 'LLLL', '111', 'UUUUUUUUUUU', 'UUUUUUUUU', 'XXXX', 'hhhhhhhhhh', 'kkkkkkkk', '77777777777777', 'IIII', '77', 'SSSSSS', 'GGGGGG', '3', 'w', '88', 'zzzzzzzzzzzzzzzz', 'zzzzz', 'RRRRRRRRRRRRRRR', 'PPPPPPP', 'VVVVV', '7', 'YYY', 'TTTT', 'UUUU', 'iiiiiiiiiiiiiii', 'UUUUU', 'cccccccccccccc', 'WWWWWWWWW', '6', 'xxxxx', 'fffffffffff', 'AAAAAAAAAAAA', 'SSSSSSSSSSSSSSS', 'MMMMMMMMMMMMMMMM', 'mmmmmmmmmmmm', '33', 'ss', '22', '444', '44', '66666666666', 'ggggggg', '222', '888', 'WWWWW', '777777777', 'wwwww', 'KKKKKKKK', '7777', 'rrrrrrr', 'kkkkkkkkkk', 'ZZZZZZZ', 'c', 'uuuuuuuu', 'YYYY', '1111111111', 'r', 'lllll', '3333333333333', 'YYYYYYY', 'wwwwwwwwww', 'SSSSSSSSSSSSS', 'WWWWWW', 'ZZZZZZZZZZ', 'ZZZZZZZZZZZZ', 'FFFFFFFFFFFFFFFF', 'ccccccccc', '777777', '22222222222', 'uuuuuuu', '55', 'pppppppp', 'SSSSSSSS', 'S', 'jjjjjjjjjjjjjjj', '8', 'eeee', 'JJ', '333333333333', 'JJJJJJJJJ', 'PPPPPPPPPPPP', '7777777777', 'nnnn', 'YYYYYYYYYYYY', 'hhh', 'aaaaa', 'WWWWWWWWWWWWWW', 'ssssssss', 'LLLLLLLL', '66', 'TTTTTTTTTTTTTTTT', '4444444444444', '4444444444444444', 'TTTTTT', 'ttttt', 'bbbbbbb', '55555555555555', 'EEE', 'XXX', 'VV', 'pppppppppp', '2222222222']
['uuuuuuuuuu']
['HHHHHHHH']
['ffff']
['PPPPPPPP']
['IIIIIIIIII']
['XXXXXX']
['EEEEEEEE']
['yyyyyy']
['KKKKKKKKKKK']
['WWWWWWWWWWWWW']
['TTTTTTTTTT']
['VVVVVVVVVVVVVVV']
['DDDDDDDDDDDD']
['kk']
['xxxxxxxxxxx']
['rrrr']
['KKKKKKKKKKKKKKK']
['xxxxxxxxxxxx']
['XXXXXXXXXXXX']
['7777777777777777']
['jjjjj']
['HHHHHH']
['QQQQQQQ']
['bbbbb']
['FFFFFFFFF']
['GGGGGGGGGGGGG']
['KKKKKKKKK']
['aaa']
['QQQQQQQQQQ']
['gg']
['aaaaaaaa']
['555']
['hhhh']
['BB']
['ggggg']
['JJJJJJJJJJJJJ']
['GG']
['BBBBBBBBBBBBBBB']
['kkkkk']
['bbbbbbbbbbb']
['IIIIII']
['cccccccccc']
['KKKKKKKKKKKKKK']
['ssss']
['vvvvvvvvvvvvvvvv']
['SSSS']
['TTTTTTTTTTTTTT']
['OOOOOOOOOOO']
['Y']
['4']
['HHHHHHHHHHHHHHH']
['TTTTTTTTT']
