['Fiorenzo8', 'Giulio9', 'Elda6', 'Odino5', 'Ariel9', 'Amos5', 'Karim4', 'Noemi5', 'Mercedes0', 'Aroldo1', 'Primo1', 'Fatima1', 'Maika5', 'Giacinta7', 'Baldassarre7', 'Patrizio9', 'Neri1', 'Augusto3', 'Ausonio7', 'Carlo5', 'Sue0', 'Tristano4', 'Tosca4', 'Gastone3', 'Jelena3']
['Demis2', 'Pablo1', 'Marino4', 'Piccarda4', 'Gianleonardo8', 'Artemide8', 'Nico6', 'Giovanna5', 'Kai8', 'Priamo9', 'Maria7', 'Laura4', 'Giuliano7', 'Bacchisio5', 'Jelena7', 'Luna2', 'Sabino4', 'Sibilla3', 'Danthon7', 'Demian2', 'Kai1', 'Nunzia4', 'Eriberto4', 'Nunzia0', 'Tazio5']
['Fiorentino1', 'Pablo7', 'Folco4', 'Nabil9', 'Abramo8', 'Audenico1', 'Costantino1', 'Secondo3', 'Jole7', 'Irene7', 'Valdo5', 'Diamante2', 'Mauro1', 'Vinicio6', 'Vitalba2', 'Giorgio5', 'Miriana4', 'Monia0', 'Olimpia0', 'Rosaria5', 'Monia1', 'Giorgio7', 'Kris5', 'Gaetano1', 'Jarno1']
['Ermes0', 'Jelena6', 'Noel5', 'Grazia6', 'Alan3', 'Ciro1', 'Lorenzo4', 'Silverio7', 'Augusto2', 'Santo5', 'Jarno9', 'Damiano9', 'Filomena9', 'Lamberto0', 'Augusto0', 'Eriberto3', 'Sesto2', 'Lisa8', 'Trevis3', 'Harry5', 'Romeo4', 'Naomi7', 'Tommaso8', 'Nestore9', 'Edvige7']
['Rudy6', 'Giacinto4', 'Caio4', 'Dante8', 'Carmela0', 'Giulietta0', 'Ariel6', 'Odone7', 'Alighieri2', 'Terzo6', 'Furio2', 'Fabiano7', 'Thea1', 'Lauro5', 'Monia9', 'Giordano0', 'Ivano4', 'Secondo0', 'Rosita1', 'Umberto7', 'Noel9', 'Damiana7', 'Liborio7', 'Arduino8', 'Davide3']
['Fortunata3', 'Antimo8', 'Rosolino5', 'Loris8', 'Mauro4', 'Antimo2', 'Alighieri9', 'Naomi6', 'Bibiana7', 'Vienna6', 'Teseo4', 'Lino9', 'Vania2', 'Ulrico1', 'Ubaldo6', 'Manuele4', 'Olimpia9', 'Nathan4', 'Giacobbe1', 'Ciro8', 'Laerte8', 'Tristano8', 'Lucrezia5', 'Akira8', 'Benedetta8']
['Penelope3', 'Muzio1', 'Guido8', 'Rosolino4', 'Audenico4', 'Ermes5', 'Sabino1', 'Eusebio3', 'Guido5', 'Shaira8', 'Leonardo5', 'Giorgio0', 'Morgana0', 'Filomena1', 'Ferdinando2', 'Isira2', 'Kris9', 'Antonio4', 'Flavio2', 'Mercedes3', 'Patrizio1', 'Romolo7', 'Alan9', 'Anastasio9', 'Carlo6']
['Danuta6', 'Marzio5', 'Vera4', 'Alighiero1', 'Evita5', 'Cleopatra6', 'Tommaso9', 'Tristano7', 'Genziana1', 'Mauro5', 'Marvin4', 'Joseph6', 'Giacobbe5', 'Mariapia6', 'Noel6', 'Karim1', 'Manfredi2', 'Rosalba5', 'Mariagiulia3', 'Costanzo0', 'Noah8', 'Damiano3', 'Manfredi4', 'Sue7', 'Gavino8']
['Emilia4', 'Timothy1', 'Furio6', 'Quirino2', 'Enrica2', 'Hector1', 'Miriana6', 'Sabatino8', 'Loris3', 'Bibiana4', 'Max4', 'Pacifico2', 'Karim3', 'Diana0', 'Luna3', 'Antimo3', 'Oreste8', 'Arduino9', 'Siro7', 'Fiorenzo9', 'Trevis0', 'Nicoletta5', 'Silvano1', 'Cira3', 'Edipo9']
['Rocco5', 'Gianleonardo2', 'Vinicio0', 'Mecren5', 'Matilde9', 'Mecren6', 'Emilia5', 'Jelena2', 'Giorgio2', 'Cleros0', 'Edvige2', 'Jarno3', 'Clea7', 'Primo3', 'Lauro1', 'Giacobbe9', 'Noemi8', 'Renzo6', 'Mirco8', 'Audenico5', 'Joshua3', 'Bettino5', 'Abramo9', 'Claudia2', 'Doriana5']
['Pierfrancesco4', 'Anastasio3', 'Sesto0', 'Lino1', 'Gianmaria5', 'Erminio9', 'Azue3', 'Jelena8', 'Aroldo6', 'Bortolo7', 'Eufemia8', 'Demian5', 'Leonardo6', 'Umberto8', 'Kayla1', 'Celeste3', 'Marvin8', 'Leone4', 'Piccarda2', 'Isabel5', 'Noah0', 'Folco6', 'Ivano2', 'Raoul2', 'Mietta2']
['Samira9', 'Moreno2', 'Lucia7', 'Elsa0', 'Samira3', 'Boris2', 'Maruska1', 'Nabil5', 'Adriano2', 'Vitalba8', 'Fiorentino0', 'Anselmo0', 'Carmelo4', 'Renzo5', 'Olimpia1', 'Isabel9', 'Alighiero7', 'Giovanna3', 'Ortensia0', 'Isira1', 'Gianriccardo0', 'Ethan2', 'Sue4', 'Emidio3', 'Davis2']
['Demis9', 'Sandro4', 'Erminia7', 'Ubaldo2', 'Lucrezia2', 'Isabel4', 'Noemi1', 'Tommaso4', 'Sarita5', 'Maristella5', 'Osea0', 'Edipo8', 'Diamante4', 'Arduino0', 'Cristyn4', 'Ivano9', 'Nabil1', 'Tazio0', 'Odino6', 'Fulvio0', 'Mirco7', 'Gianriccardo1', 'Benedetta5', 'Ethan0', 'Jacopo7']
['Mauro2', 'Demis0', 'Enzo3', 'Gioacchino8', 'Dylan0', 'Mirko8', 'Isira0', 'Yago5', 'Rosalino5', 'Sibilla1', 'Ione8', 'Matilde1', 'Osvaldo1', 'Priamo2', 'Nadir0', 'Damiana5', 'Nestore5', 'Bettino0', 'Ursula8', 'Lamberto7', 'Eusebio5', 'Egidio7', 'Demis5', 'Kris0', 'Noemi3']
['Lia4', 'Artes0', 'Loredana3', 'Mirko4', 'Albino9', 'Piererminio3', 'Muzio8', 'Oretta7', 'Giacinta5', 'Modesto6', 'Carmela7', 'Antonio8', 'Luigi4', 'Violante9', 'Demian6', 'Elga8', 'Serse5', 'Doriana1', 'Marianita1', 'Violante3', 'Damiana0', 'Harry0', 'Lia1', 'Matteo8', 'Elsa1']
['Graziano9', 'Isabel0', 'Elio1', 'Rufo9', 'Alighiero8', 'Radio2', 'Vitalba5', 'Timoteo1', 'Noemi4', 'Ludovico8', 'Mariano0', 'Sarita6', 'Moreno8', 'Joannes6', 'Giulietta8', 'Mercedes1', 'Liborio5', 'Domiziano6', 'Umberto2', 'Caligola2', 'Joey0', 'Moreno5', 'Arcibaldo7', 'Noel7', 'Timoteo7']
['Quarto0', 'Gaetano9', 'Dindo9', 'Brigitta5', 'Tolomeo0', 'Marco7', 'Shaira6', 'Cristyn0', 'Quarto6', 'Pietro2', 'Olo1', 'Manuele6', 'Ivonne4', 'Irene6', 'Max2', 'Thea7', 'Samira2', 'Patrizio2', 'Rodolfo6', 'Ettore5', 'Carmela2', 'Joannes8', 'Tazio1', 'Maria4', 'Artes9']
['Rosalino0', 'Genziana8', 'Santo9', 'Fernando5', 'Zaccaria3', 'Clea5', 'Rosita4', 'Diana4', 'Ninfa1', 'Rita9', 'Ruth0', 'Kristel0', 'Arturo2', 'Marino1', 'Furio9', 'Rudy3', 'Joey2', 'Fiorentino2', 'Gianmarco4', 'Giancarlo8', 'Terzo2', 'Genziana5', 'Tristano5', 'Gianantonio7', 'Vera8']
['Demi2', 'Secondo7', 'Olo8', 'Ileana6', 'Amedeo8', 'Irene4', 'Harry3', 'Mirko1', 'Egidio1', 'Clodovea6', 'Carmelo9', 'Rosolino1', 'Rocco0', 'Piererminio9', 'Piererminio5', 'Gelsomina3', 'Trevis7', 'Quasimodo8', 'Nico3', 'Emilia2', 'Mercedes7', 'Evita0', 'Assia4', 'Fiorentino9', 'Tancredi0']
['Germano3', 'Eufemia7', 'Costanzo4', 'Giuliano2', 'Harry2', 'Rosolino3', 'Filomena3', 'Flaviana4', 'Demian8', 'Fiorenzo7', 'Enzo8', 'Zaccaria7', 'Marianita0', 'Edipo6', 'Antonino4', 'Leonardo9', 'Maggiore1', 'Costantino2', 'Moreno0', 'Umberto1', 'Costantino5', 'Marvin7', 'Noel1', 'Jole2', 'Bortolo8']
['Marvin6', 'Enrica1', 'Costanzo6', 'Arcibaldo1', 'Michele1', 'Ubaldo8', 'Antonino2', 'Pericle4', 'Nico9', 'Claudia4', 'Michele5', 'Ivonne0', 'Amos3', 'Soriana4', 'Ubaldo1', 'Flaviana9', 'Gianleonardo3', 'Tommaso5', 'Eliziario7', 'Danny9', 'Vania3', 'Odone4', 'Joshua5', 'Maika0', 'Ileana8']
['Bacchisio2', 'Tancredi4', 'Romeo2', 'Sabatino6', 'Pericle1', 'Rufo5', 'Lia3', 'Lucrezia0', 'Dimitri8', 'Modesto2', 'Kai2', 'Morgana9', 'Giobbe4', 'Demi6', 'Lidia0', 'Costantino4', 'Orfeo5', 'Assia6', 'Artemide0', 'Maria6', 'Maristella6', 'Ivonne8', 'Donatella4', 'Patrizio6', 'Elda9']
['Ivonne9', 'Giobbe0', 'Romeo3', 'Sandro1', 'Cassiopea3', 'Ivano1', 'Mattia6', 'Jack2', 'Nabil4', 'Cirino7', 'Olo0', 'Osvaldo3', 'Eusebio8', 'Laerte6', 'Giorgio1', 'Serse7', 'Mariagiulia5', 'Samira5', 'Bortolo3', 'Matteo7', 'Clodovea1', 'Lucrezia7', 'Rosalino1', 'Sabatino0', 'Zelida1']
['Yago0', 'Iacopo0', 'Romeo6', 'Mirko2', 'Tazio2', 'Teseo0', 'Arturo1', 'Amos9', 'Benedetta3', 'Maristella0', 'Terzo0', 'Fulvio7', 'Boris8', 'Harry9', 'Osvaldo2', 'Silverio2', 'Nicoletta7', 'Giordano7', 'Pacifico5', 'Gerlando4', 'Kristel7', 'Olo2', 'Gianmarco9', 'Ettore7', 'Jacopo8']
['Piererminio4', 'Quarto8', 'Osvaldo7', 'Mercedes2', 'Luna8', 'Marco6', 'Neri3', 'Nazzareno8', 'Arturo3', 'Oretta8', 'Nick8', 'Gabriele7', 'Evangelista5', 'Priamo6', 'Erminio2', 'Edilio3', 'Matteo5', 'Caligola8', 'Gioacchino3', 'Loris7', 'Pierfrancesco8', 'Tristano1', 'Concetta7', 'Lazzaro5', 'Olimpia7']
['Miriana8', 'Terzo3', 'Ettore3', 'Gerlando6', 'Sesto4', 'Kayla5', 'Ortensia4', 'Mecren7', 'Artemide4', 'Dylan2', 'Ruth8', 'Giobbe2', 'Helga1', 'Ileana0', 'Pericle7', 'Sibilla4', 'Ettore9', 'Abramo4', 'Bortolo0', 'Aroldo3', 'Alighiero5', 'Omar3', 'Elio6', 'Michael0', 'Samuel0']
['Gregorio8', 'Lamberto5', 'Isira7', 'Tosca6', 'Joey7', 'Rudy1', 'Ubaldo0', 'Gelsomina5', 'Bernardo7', 'Eriberto8', 'Alan5', 'Kociss8', 'Ferdinando0', 'Guendalina8', 'Brigitta1', 'Lidia7', 'Loris9', 'Lisa0', 'Marino0', 'Lazzaro4', 'Ruth9', 'Nadir3', 'Ercole1', 'Ausonio9', 'Mariapia4']
['Sebastian1', 'Alighiero4', 'Abramo6', 'Giovanna8', 'Luce3', 'Lauro0', 'Loredana6', 'Sebastian6', 'Davide7', 'Antonio3', 'Carmelo7', 'Nestore2', 'Sandro0', 'Cristyn3', 'Nabil0', 'Graziano4', 'Akira0', 'Olimpia4', 'Alessio4', 'Marieva2', 'Assia7', 'Maika6', 'Olo4', 'Battista4', 'Antonino9']
['Clodovea9', 'Danny7', 'Grazia0', 'Marino2', 'Lorenzo8', 'Ingrid4', 'Alessandro8', 'Erminio6', 'Cleros2', 'Flaviana3', 'Cassiopea7', 'Concetta9', 'Fulvio8', 'Violante2', 'Alberto8', 'Selvaggia5', 'Shaira0', 'Sabatino2', 'Gianmaria3', 'Tolomeo5', 'Danthon6', 'Abramo3', 'Cleopatra7', 'Liborio0', 'Ian2']
['Mietta7', 'Genziana0', 'Aaron7', 'Marieva0', 'Romolo3', 'Noel3', 'Nayade8', 'Neri6', 'Gregorio6', 'Fiorenzo5', 'Romolo5', 'Rebecca6', 'Tosca3', 'Matteo9', 'Ciro9', 'Eustachio6', 'Arduino7', 'Cesidia4', 'Pericle9', 'Germano9', 'Eusebio0', 'Tancredi3', 'Loredana8', 'Raniero4', 'Fiorenzo4']
['Thea6', 'Rosaria1', 'Rudy7', 'Ulrico8', 'Vinicio4', 'Modesto1', 'Amos1', 'Mecren0', 'Davis0', 'Filomena8', 'Ermes4', 'Rosita8', 'Kris8', 'Nestore4', 'Lia8', 'Lucrezia8', 'Brigitta0', 'Danny6', 'Donatella8', 'Luce6', 'Giuliano5', 'Lisa3', 'Gastone7', 'Sue8', 'Benedetta7']
['Ruth2', 'Rita2', 'Eufemia2', 'Celeste2', 'Lauro6', 'Bernardo3', 'Renzo0', 'Teseo5', 'Folco7', 'Costanzo5', 'Alighieri6', 'Bacchisio1', 'Gianriccardo7', 'Cassiopea6', 'Ausonio5', 'Fulvio6', 'Secondo6', 'Furio1', 'Bortolo9', 'Priamo5', 'Pablo6', 'Walter8', 'Adriano4', 'Samira0', 'Giordano8']
['Aaron1', 'Marcella4', 'Jack4', 'Lazzaro0', 'Mirco0', 'Furio7', 'Guido6', 'Piersilvio6', 'Azue2', 'Pacifico1', 'Gastone1', 'Emidio4', 'Ciro5', 'Dylan1', 'Doriana2', 'Oreste7', 'Tolomeo2', 'Siro9', 'Samuel4', 'Thea2', 'Fiorentino5', 'Doriana8', 'Eliziario8', 'Giordano1', 'Carlo0']
['Caio5', 'Rocco2', 'Gaetano3', 'Oretta9', 'Edilio0', 'Jelena4', 'Rosolino8', 'Gioacchino1', 'Osvaldo6', 'Marina7', 'Radames6', 'Raoul0', 'Lino5', 'Ippolito6', 'Joshua8', 'Emilia6', 'Penelope5', 'Rosalino8', 'Quasimodo7', 'Fabio1', 'Ingrid7', 'Sebastian3', 'Raniero1', 'Odino9', 'Ivonne3']
['Albino4', 'Ingrid9', 'Concetta1', 'Adriano0', 'Danthon1', 'Sandro7', 'Arturo8', 'Cira9', 'Pietro1', 'Laerte3', 'Omar0', 'Fernando7', 'Danny5', 'Isabel6', 'Fortunata8', 'Romeo0', 'Egisto6', 'Mecren2', 'Ursula5', 'Manuele3', 'Marianita6', 'Shaira5', 'Gaetano7', 'Quasimodo5', 'Ariel1']
['Joseph8', 'Rufo2', 'Iacopo1', 'Lino7', 'Fatima3', 'Isira8', 'Fatima0', 'Flaviana2', 'Ivonne6', 'Genziana2', 'Cecco8', 'Vitalba9', 'Danuta9', 'Lauro9', 'Rebecca5', 'Nunzia9', 'Isabel8', 'Ippolito5', 'Gabriele3', 'Giacinta1', 'Dimitri1', 'Silverio3', 'Loredana4', 'Alighieri1', 'Tazio4']
['Assia9', 'Piersilvio4', 'Ian3', 'Osvaldo0', 'Cira2', 'Nadir2', 'Kayla9', 'Lorenzo3', 'Silvano0', 'Irene2', 'Tancredi2', 'Quasimodo1', 'Amedeo3', 'Battista6', 'Matteo1', 'Liborio6', 'Dimitri0', 'Giacinta8', 'Quasimodo3', 'Lia7', 'Jacopo6', 'Giacinto1', 'Mauro8', 'Enrica3', 'Olo3']
['Timoteo3', 'Kris3', 'Marcella1', 'Samira7', 'Diamante8', 'Gavino6', 'Demi9', 'Sue3', 'Guido3', 'Rebecca2', 'Michael6', 'Luigi7', 'Valdo2', 'Sasha9', 'Trevis2', 'Primo2', 'Aroldo5', 'Sirio7', 'Ethan4', 'Oretta6', 'Eustachio5', 'Giovanna7', 'Teseo2', 'Audenico7', 'Nestore7']
['Ileana9', 'Fatima7', 'Helga9', 'Diana7', 'Nico7', 'Erminio5', 'Liborio8', 'Lino8', 'Loretta3', 'Hector7', 'Ludovico2', 'Bettino4', 'Primo4', 'Rocco6', 'Joshua1', 'Radames1', 'Jari8', 'Rosalino7', 'Cassiopea5', 'Gregorio0', 'Max3', 'Violante6', 'Violante4', 'Piccarda1', 'Karim7']
['Odino2', 'Giulietta7', 'Bernardo2', 'Graziano2', 'Evita2', 'Ercole2', 'Cleopatra4', 'Giancarlo9', 'Joseph9', 'Piererminio7', 'Laura3', 'Aroldo0', 'Renato0', 'Nazzareno0', 'Laura6', 'Albino6', 'Bortolo1', 'Walter4', 'Demis6', 'Maruska9', 'Kris1', 'Lisa1', 'Egisto2', 'Rosolino9', 'Graziano0']
