['63', '135', '185', '257', '285', '298', '396', '411', '425', '439', '447', '480', '512', '544', '568', '619', '660', '667', '678', '682', '688', '737', '780', '796', '850', '872', '876', '965', '987', '999']
['10', '28', '48', '89', '123', '216', '272', '274', '275', '325', '333', '406', '479', '573', '582', '594', '598', '630', '632', '637', '653', '689', '732', '882', '915', '948', '954', '959', '971', '981', '989']
['64', '88', '233', '254', '265', '278', '283', '304', '336', '375', '429', '448', '534', '559', '590', '627', '736', '802', '809', '817', '829', '835', '868', '869', '943', '949', '951', '956', '975', '988', '995']
['95', '110', '119', '173', '184', '238', '264', '279', '306', '314', '334', '382', '384', '399', '430', '445', '464', '466', '471', '491', '493', '537', '538', '562', '566', '576', '613', '729', '739', '803', '826', '836', '839']
['70', '106', '196', '234', '284', '289', '511', '516', '575', '595', '664', '679', '686', '720', '727', '730', '757', '795', '807', '808', '843', '860', '921', '992']
['49', '55', '76', '114', '122', '140', '152', '165', '192', '218', '243', '247', '273', '311', '332', '351', '423', '518', '531', '596', '623', '647', '713', '776', '778', '779', '824', '859', '862', '890', '893', '901', '945']
['14', '68', '94', '102', '107', '133', '215', '229', '280', '310', '350', '364', '377', '380', '391', '400', '404', '405', '413', '418', '535', '621', '631', '769', '791', '806']
['12', '93', '168', '174', '199', '219', '223', '227', '252', '262', '271', '344', '416', '468', '470', '472', '503', '524', '527', '574', '606', '638', '722', '751', '767', '851', '866', '884', '933', '964', '977', '985']
['40', '75', '115', '153', '163', '205', '305', '389', '436', '438', '555', '605', '649', '690', '710', '763', '815', '852', '886', '900', '950', '953', '962', '984', '996']
['18', '131', '156', '197', '246', '276', '302', '319', '390', '409', '437', '446', '451', '452', '477', '495', '513', '586', '611', '614', '625', '635', '652', '716', '728', '750', '753', '768', '774', '789', '819', '822', '825']
['7', '20', '22', '36', '42', '43', '62', '117', '162', '171', '193', '198', '204', '236', '241', '327', '358', '362', '363', '379', '395', '481', '539', '604', '626', '642', '659', '672', '725', '832', '846', '927']
['8', '27', '33', '86', '92', '96', '116', '170', '267', '286', '291', '307', '318', '321', '323', '328', '329', '352', '421', '433', '484', '489', '499', '550', '554', '674', '681', '691', '695', '708', '719', '777', '793']
['31', '66', '77', '84', '101', '109', '141', '201', '226', '300', '359', '367', '368', '383', '394', '455', '486', '496', '505', '526', '530', '618', '693', '770', '811', '837', '842', '847', '875', '902', '903', '937', '946']
['4', '54', '56', '67', '80', '124', '129', '132', '138', '150', '188', '220', '221', '222', '231', '256', '315', '317', '340', '346', '442', '474', '476', '519', '551', '741', '804', '816', '820', '867', '871', '889', '908']
['1', '6', '23', '161', '191', '194', '249', '313', '324', '435', '488', '498', '545', '588', '661', '662', '714', '746', '747', '857', '874', '897', '912', '968', '969']
['9', '15', '34', '98', '146', '164', '189', '258', '299', '356', '397', '403', '450', '456', '497', '548', '565', '612', '634', '683', '706', '743', '764', '790', '961', '994']
['38', '44', '53', '121', '145', '182', '195', '316', '387', '392', '462', '465', '514', '515', '523', '560', '567', '570', '600', '610', '646', '735', '801', '838', '881', '894', '941', '967', '973', '979', '986']
['21', '24', '25', '72', '74', '126', '202', '212', '214', '251', '269', '290', '301', '398', '420', '454', '475', '502', '533', '561', '591', '592', '628', '633', '654', '658', '841', '879', '887', '898', '931', '934', '958']
['61', '65', '118', '127', '160', '166', '239', '244', '255', '294', '309', '381', '415', '453', '458', '463', '469', '482', '552', '673', '703', '752', '754', '759', '794', '814', '828', '834', '892', '910', '920', '924', '938']
['46', '51', '104', '108', '128', '186', '230', '245', '348', '353', '361', '432', '504', '541', '620', '676', '697', '709', '711', '717', '724', '742', '848', '855', '865', '916', '919', '923', '929', '955']
['139', '157', '158', '176', '187', '237', '287', '320', '343', '372', '407', '546', '564', '643', '651', '680', '827', '883', '906', '917', '936', '957', '998']
['52', '73', '87', '209', '266', '282', '322', '330', '342', '371', '385', '412', '506', '553', '563', '601', '639', '648', '657', '666', '670', '675', '684', '696', '712', '775', '784', '788', '863', '864', '925', '978', '990']
['99', '177', '179', '293', '326', '331', '355', '365', '388', '424', '426', '487', '492', '508', '547', '549', '557', '645', '685', '704', '715', '721', '734', '738', '760', '766', '783', '797', '849', '854', '935']
['16', '47', '91', '143', '149', '167', '180', '217', '345', '408', '460', '521', '529', '579', '597', '607', '616', '624', '655', '740', '765', '771', '792', '813', '831', '840', '904', '907', '909', '939', '970', '991']
['97', '136', '155', '190', '248', '268', '312', '335', '393', '422', '434', '483', '494', '536', '589', '593', '622', '641', '671', '692', '700', '705', '773', '853', '861', '877', '885', '913', '914', '922', '926', '963', '972']
['2', '11', '29', '32', '35', '58', '79', '81', '105', '125', '147', '154', '178', '181', '213', '224', '242', '281', '303', '360', '369', '373', '444', '467', '473', '507', '528', '542', '578', '603', '656', '707', '733']
['19', '111', '113', '142', '232', '297', '341', '386', '402', '431', '485', '520', '571', '580', '583', '584', '663', '744', '749', '758', '856', '873', '888', '899', '974', '976']
['13', '26', '30', '59', '71', '103', '200', '206', '260', '376', '378', '449', '478', '490', '522', '569', '577', '602', '608', '609', '668', '677', '772', '786', '805', '844', '896', '905', '944', '982']
['17', '37', '41', '50', '78', '82', '112', '144', '159', '357', '370', '427', '459', '461', '501', '540', '558', '615', '629', '669', '699', '745', '755', '756', '762', '782', '799', '823', '833', '858', '870', '928', '930']
['57', '83', '134', '137', '148', '151', '169', '172', '207', '208', '210', '235', '270', '288', '292', '308', '419', '440', '457', '509', '572', '587', '640', '644', '694', '701', '723', '878', '911', '918', '960', '980', '983']
['60', '69', '120', '175', '183', '228', '253', '259', '263', '277', '295', '337', '349', '374', '401', '417', '441', '443', '532', '556', '636', '702', '718', '726', '731', '748', '785', '798', '812', '818', '830', '880', '947']
['0', '3', '85', '90', '100', '203', '211', '240', '261', '296', '338', '410', '428', '510', '650', '687', '698', '787', '800', '845', '891', '895', '932', '940', '942', '993']
['5', '39', '45', '130', '225', '250', '339', '347', '354', '366', '414', '500', '517', '525', '543', '581', '585', '599', '617', '665', '761', '781', '810', '821', '952', '966', '997']
