['Vertex449', 'Vertex485', 'Vertex517', 'Vertex518', 'Vertex523', 'Vertex686', 'Vertex688', 'Vertex692', 'Vertex693', 'Vertex704', 'Vertex708', 'Vertex719', 'Vertex723', 'Vertex771', 'Vertex824', 'Vertex1000', 'Vertex1026', 'Vertex1129', 'Vertex1133', 'Vertex1224']
[]
['Vertex614', 'Vertex1064', 'Vertex1066', 'Vertex1125', 'Vertex1149']
[]
['Vertex629', 'Vertex645']
[]
[]
['Vertex653', 'Vertex662', 'Vertex1020', 'Vertex1025', 'Vertex1101', 'Vertex1121', 'Vertex1127', 'Vertex1132', 'Vertex1139', 'Vertex1148', 'Vertex1168', 'Vertex1174', 'Vertex1184', 'Vertex1187', 'Vertex1197', 'Vertex1198', 'Vertex1217', 'Vertex1218', 'Vertex1220', 'Vertex1239']
['Vertex585']
[]
['Vertex471']
[]
['Vertex451', 'Vertex496', 'Vertex514', 'Vertex528', 'Vertex530', 'Vertex533', 'Vertex539', 'Vertex543', 'Vertex553', 'Vertex556', 'Vertex649', 'Vertex779', 'Vertex848', 'Vertex865', 'Vertex877', 'Vertex914', 'Vertex925', 'Vertex1114', 'Vertex1195', 'Vertex1205']
['Vertex742', 'Vertex882', 'Vertex1011', 'Vertex1102', 'Vertex1231']
[]
['Vertex605', 'Vertex608', 'Vertex628', 'Vertex706', 'Vertex709', 'Vertex729', 'Vertex736', 'Vertex738', 'Vertex773', 'Vertex777', 'Vertex781', 'Vertex782', 'Vertex795', 'Vertex800', 'Vertex956', 'Vertex969', 'Vertex1008', 'Vertex1179', 'Vertex1183', 'Vertex1214']
[]
['Vertex448', 'Vertex450', 'Vertex458', 'Vertex494', 'Vertex500', 'Vertex501', 'Vertex525', 'Vertex567', 'Vertex584', 'Vertex607', 'Vertex684', 'Vertex689', 'Vertex698', 'Vertex730', 'Vertex754', 'Vertex955', 'Vertex960', 'Vertex963', 'Vertex985', 'Vertex1233']
['Vertex509', 'Vertex666', 'Vertex718', 'Vertex1147']
['Vertex454', 'Vertex468', 'Vertex475', 'Vertex487', 'Vertex562', 'Vertex579', 'Vertex610', 'Vertex612', 'Vertex613', 'Vertex616', 'Vertex626', 'Vertex632', 'Vertex699', 'Vertex715', 'Vertex946', 'Vertex978', 'Vertex1080', 'Vertex1085', 'Vertex1145', 'Vertex1161']
['Vertex474', 'Vertex513', 'Vertex638', 'Vertex641', 'Vertex679', 'Vertex682', 'Vertex732', 'Vertex740', 'Vertex743', 'Vertex746', 'Vertex750', 'Vertex814', 'Vertex817', 'Vertex818', 'Vertex949', 'Vertex995', 'Vertex1058', 'Vertex1103', 'Vertex1116', 'Vertex1164']
['Vertex444', 'Vertex453', 'Vertex484', 'Vertex510', 'Vertex575', 'Vertex636', 'Vertex647', 'Vertex691', 'Vertex701', 'Vertex716', 'Vertex756', 'Vertex757', 'Vertex762', 'Vertex778', 'Vertex780', 'Vertex807', 'Vertex829', 'Vertex943', 'Vertex1065', 'Vertex1092']
['Vertex635']
['Vertex1015']
[]
[]
['Vertex466', 'Vertex486', 'Vertex489', 'Vertex504', 'Vertex563', 'Vertex621', 'Vertex745', 'Vertex785', 'Vertex812', 'Vertex816', 'Vertex881', 'Vertex889', 'Vertex903', 'Vertex961', 'Vertex1009', 'Vertex1037', 'Vertex1153', 'Vertex1175', 'Vertex1196', 'Vertex1209']
['Vertex850', 'Vertex866', 'Vertex927', 'Vertex1022', 'Vertex1038', 'Vertex1190']
['Vertex455', 'Vertex547', 'Vertex570', 'Vertex587', 'Vertex591', 'Vertex598', 'Vertex639', 'Vertex648', 'Vertex654', 'Vertex658', 'Vertex668', 'Vertex675', 'Vertex724', 'Vertex880', 'Vertex887', 'Vertex977', 'Vertex999', 'Vertex1017', 'Vertex1039', 'Vertex1144']
[]
['Vertex592', 'Vertex1211']
['Vertex476', 'Vertex601', 'Vertex660', 'Vertex726', 'Vertex758', 'Vertex805', 'Vertex831', 'Vertex834', 'Vertex857', 'Vertex862', 'Vertex871', 'Vertex896', 'Vertex897', 'Vertex921', 'Vertex923', 'Vertex929', 'Vertex931', 'Vertex935', 'Vertex1071', 'Vertex1109']
['Vertex512', 'Vertex516', 'Vertex559', 'Vertex602', 'Vertex611', 'Vertex624', 'Vertex630', 'Vertex634', 'Vertex640', 'Vertex643', 'Vertex651', 'Vertex667', 'Vertex670', 'Vertex685', 'Vertex772', 'Vertex806', 'Vertex808', 'Vertex959', 'Vertex1143', 'Vertex1172']
['Vertex1096', 'Vertex1115', 'Vertex1229']
['Vertex482', 'Vertex536', 'Vertex540', 'Vertex766', 'Vertex821', 'Vertex826', 'Vertex840', 'Vertex953', 'Vertex965', 'Vertex973', 'Vertex974', 'Vertex993', 'Vertex1006', 'Vertex1023', 'Vertex1032', 'Vertex1042', 'Vertex1047', 'Vertex1059', 'Vertex1077', 'Vertex1176']
[]
['Vertex633', 'Vertex637', 'Vertex690', 'Vertex705', 'Vertex720', 'Vertex721', 'Vertex760', 'Vertex775', 'Vertex776', 'Vertex804', 'Vertex823', 'Vertex830', 'Vertex837', 'Vertex841', 'Vertex867', 'Vertex915', 'Vertex952', 'Vertex1118', 'Vertex1180', 'Vertex1191']
['Vertex456', 'Vertex506', 'Vertex532', 'Vertex541', 'Vertex544', 'Vertex546', 'Vertex566', 'Vertex569', 'Vertex573', 'Vertex597', 'Vertex619', 'Vertex744', 'Vertex747', 'Vertex759', 'Vertex836', 'Vertex839', 'Vertex917', 'Vertex970', 'Vertex1045', 'Vertex1070']
['Vertex498', 'Vertex916', 'Vertex1049', 'Vertex1171', 'Vertex1204', 'Vertex1236']
['Vertex467', 'Vertex469', 'Vertex507', 'Vertex538', 'Vertex576', 'Vertex650', 'Vertex687', 'Vertex697', 'Vertex739', 'Vertex749', 'Vertex774', 'Vertex788', 'Vertex797', 'Vertex810', 'Vertex922', 'Vertex948', 'Vertex1104', 'Vertex1146', 'Vertex1166', 'Vertex1199']
[]
[]
['Vertex792', 'Vertex958', 'Vertex1108', 'Vertex1131']
['Vertex492', 'Vertex618', 'Vertex789', 'Vertex811', 'Vertex847', 'Vertex1018', 'Vertex1033', 'Vertex1110', 'Vertex1112', 'Vertex1126', 'Vertex1136', 'Vertex1157', 'Vertex1158', 'Vertex1186', 'Vertex1189', 'Vertex1194', 'Vertex1201', 'Vertex1216', 'Vertex1219', 'Vertex1222']
['Vertex461', 'Vertex615', 'Vertex1035', 'Vertex1100', 'Vertex1226']
['Vertex473', 'Vertex511', 'Vertex669', 'Vertex741', 'Vertex786', 'Vertex791', 'Vertex803', 'Vertex819', 'Vertex853', 'Vertex855', 'Vertex860', 'Vertex870', 'Vertex873', 'Vertex879', 'Vertex884', 'Vertex899', 'Vertex934', 'Vertex1141', 'Vertex1154', 'Vertex1162']
['Vertex1030']
[]
['Vertex531', 'Vertex1083', 'Vertex1135', 'Vertex1177', 'Vertex1182', 'Vertex1210', 'Vertex1223', 'Vertex1225', 'Vertex1235']
[]
['Vertex1013', 'Vertex1057', 'Vertex1117', 'Vertex1128', 'Vertex1163', 'Vertex1169']
['Vertex1056']
['Vertex936']
[]
['Vertex452', 'Vertex508', 'Vertex521', 'Vertex542', 'Vertex565', 'Vertex578', 'Vertex588', 'Vertex589', 'Vertex590', 'Vertex620', 'Vertex664', 'Vertex725', 'Vertex784', 'Vertex888', 'Vertex911', 'Vertex937', 'Vertex1010', 'Vertex1060', 'Vertex1212', 'Vertex1213']
['Vertex678']
['Vertex564', 'Vertex646']
[]
['Vertex1079']
['Vertex464', 'Vertex472', 'Vertex534', 'Vertex550', 'Vertex561', 'Vertex594', 'Vertex603', 'Vertex659', 'Vertex711', 'Vertex734', 'Vertex735', 'Vertex761', 'Vertex820', 'Vertex838', 'Vertex908', 'Vertex939', 'Vertex983', 'Vertex1091', 'Vertex1098', 'Vertex1113']
['Vertex890']
['Vertex885', 'Vertex905', 'Vertex909', 'Vertex910', 'Vertex924', 'Vertex933', 'Vertex938', 'Vertex941', 'Vertex954', 'Vertex964', 'Vertex968', 'Vertex971', 'Vertex982', 'Vertex990', 'Vertex1002', 'Vertex1031', 'Vertex1046', 'Vertex1090', 'Vertex1137', 'Vertex1203']
[]
[]
[]
[]
['Vertex470', 'Vertex583', 'Vertex904', 'Vertex980', 'Vertex1061', 'Vertex1105', 'Vertex1155', 'Vertex1185', 'Vertex1206', 'Vertex1227']
['Vertex572', 'Vertex661', 'Vertex1165']
['Vertex477', 'Vertex488', 'Vertex490', 'Vertex493', 'Vertex497', 'Vertex520', 'Vertex524', 'Vertex537', 'Vertex558', 'Vertex568', 'Vertex574', 'Vertex581', 'Vertex696', 'Vertex793', 'Vertex798', 'Vertex984', 'Vertex997', 'Vertex1068', 'Vertex1081', 'Vertex1200']
[]
[]
['Vertex446', 'Vertex462', 'Vertex593', 'Vertex599', 'Vertex665', 'Vertex677', 'Vertex703', 'Vertex722', 'Vertex748', 'Vertex751', 'Vertex752', 'Vertex768', 'Vertex794', 'Vertex919', 'Vertex979', 'Vertex1028', 'Vertex1041', 'Vertex1088', 'Vertex1173', 'Vertex1230']
['Vertex940', 'Vertex945', 'Vertex1107', 'Vertex1207', 'Vertex1228']
['Vertex783']
['Vertex480', 'Vertex595', 'Vertex625', 'Vertex753', 'Vertex755', 'Vertex796', 'Vertex801', 'Vertex849', 'Vertex852', 'Vertex868', 'Vertex874', 'Vertex891', 'Vertex892', 'Vertex893', 'Vertex894', 'Vertex895', 'Vertex1151', 'Vertex1167', 'Vertex1208', 'Vertex1215']
['Vertex463', 'Vertex604', 'Vertex731', 'Vertex851', 'Vertex907', 'Vertex926', 'Vertex928', 'Vertex932', 'Vertex975', 'Vertex992', 'Vertex998', 'Vertex1012', 'Vertex1014', 'Vertex1016', 'Vertex1024', 'Vertex1029', 'Vertex1040', 'Vertex1052', 'Vertex1054', 'Vertex1122']
[]
[]
['Vertex519', 'Vertex631', 'Vertex713', 'Vertex733', 'Vertex769', 'Vertex827', 'Vertex872', 'Vertex876', 'Vertex906', 'Vertex942', 'Vertex950', 'Vertex967', 'Vertex976', 'Vertex989', 'Vertex991', 'Vertex994', 'Vertex996', 'Vertex1021', 'Vertex1159', 'Vertex1221']
['Vertex554', 'Vertex845']
[]
['Vertex442', 'Vertex479', 'Vertex491', 'Vertex515', 'Vertex522', 'Vertex527', 'Vertex557', 'Vertex560', 'Vertex586', 'Vertex673', 'Vertex737', 'Vertex764', 'Vertex863', 'Vertex1073', 'Vertex1076', 'Vertex1106', 'Vertex1156', 'Vertex1160', 'Vertex1188', 'Vertex1238']
['Vertex478', 'Vertex763', 'Vertex833', 'Vertex886', 'Vertex913', 'Vertex920', 'Vertex1036', 'Vertex1062', 'Vertex1069', 'Vertex1087', 'Vertex1123', 'Vertex1124', 'Vertex1140', 'Vertex1142', 'Vertex1150', 'Vertex1152', 'Vertex1170', 'Vertex1178', 'Vertex1181', 'Vertex1193']
['Vertex600']
['Vertex440', 'Vertex443', 'Vertex445', 'Vertex457', 'Vertex459', 'Vertex503', 'Vertex526', 'Vertex577', 'Vertex710', 'Vertex767', 'Vertex787', 'Vertex813', 'Vertex815', 'Vertex822', 'Vertex832', 'Vertex835', 'Vertex856', 'Vertex900', 'Vertex1097', 'Vertex1119']
[]
['Vertex972', 'Vertex1027', 'Vertex1234', 'Vertex1237']
['Vertex502', 'Vertex505', 'Vertex912', 'Vertex944', 'Vertex947', 'Vertex1001', 'Vertex1019', 'Vertex1044', 'Vertex1050', 'Vertex1055', 'Vertex1063', 'Vertex1067', 'Vertex1072', 'Vertex1078', 'Vertex1084', 'Vertex1086', 'Vertex1089', 'Vertex1093', 'Vertex1094', 'Vertex1120']
[]
[]
['Vertex460', 'Vertex529', 'Vertex545', 'Vertex609', 'Vertex622', 'Vertex655', 'Vertex674', 'Vertex680', 'Vertex683', 'Vertex694', 'Vertex700', 'Vertex714', 'Vertex717', 'Vertex878', 'Vertex902', 'Vertex962', 'Vertex1034', 'Vertex1082', 'Vertex1099', 'Vertex1130']
['Vertex499']
['Vertex465', 'Vertex495', 'Vertex596', 'Vertex606', 'Vertex695', 'Vertex770', 'Vertex790', 'Vertex799', 'Vertex809', 'Vertex828', 'Vertex844', 'Vertex846', 'Vertex854', 'Vertex861', 'Vertex864', 'Vertex869', 'Vertex898', 'Vertex981', 'Vertex1134', 'Vertex1232']
[]
['Vertex441', 'Vertex883']
[]
['Vertex535', 'Vertex552']
['Vertex483', 'Vertex548', 'Vertex549', 'Vertex551', 'Vertex555', 'Vertex571', 'Vertex617', 'Vertex623', 'Vertex627', 'Vertex657', 'Vertex676', 'Vertex727', 'Vertex843', 'Vertex858', 'Vertex930', 'Vertex1005', 'Vertex1048', 'Vertex1074', 'Vertex1138', 'Vertex1202']
['Vertex447', 'Vertex580', 'Vertex642', 'Vertex644', 'Vertex656', 'Vertex663', 'Vertex671', 'Vertex681', 'Vertex702', 'Vertex707', 'Vertex712', 'Vertex728', 'Vertex765', 'Vertex802', 'Vertex842', 'Vertex859', 'Vertex875', 'Vertex1075', 'Vertex1111', 'Vertex1192']
['Vertex481', 'Vertex582', 'Vertex652', 'Vertex672', 'Vertex825', 'Vertex901', 'Vertex918', 'Vertex951', 'Vertex957', 'Vertex966', 'Vertex986', 'Vertex987', 'Vertex988', 'Vertex1003', 'Vertex1004', 'Vertex1007', 'Vertex1043', 'Vertex1051', 'Vertex1053', 'Vertex1095']
