['225', '208', '278', '220', '40', '494', '90', '355', '460']
['283', '267', '264', '468', '22', '469', '367', '75', '486', '330', '322']
['488', '83', '25', '395', '406', '5', '454', '34', '67', '86', '17']
['339', '316', '184', '321', '88', '214', '196', '303', '360', '110', '232']
['129', '51', '168', '145', '109', '485', '436', '156', '434', '418', '73']
['357', '388', '279', '441', '415', '259', '329', '380', '242', '295', '228']
['116', '30', '85', '43', '139', '118', '452', '114', '32', '103', '99']
['163', '176', '212', '255', '269', '235', '252', '247', '206', '199', '287']
['297', '397', '365', '446', '352', '349', '364', '305', '340', '396', '412']
['478', '466', '80', '500', '39', '58', '108', '495', '52', '77', '448']
['135', '172', '158', '198', '174', '137', '233', '178', '177', '221', '237']
['337', '282', '309', '241', '317', '250', '304', '261', '277', '311', '327']
['489', '2', '410', '465', '427', '400', '409', '6', '383', '492', '432']
['111', '16', '31', '68', '87', '127', '125', '14', '9', '98', '36']
['130', '157', '187', '222', '173', '151', '134', '205', '164', '189', '161']
['347', '256', '245', '318', '288', '231', '263', '331', '285', '301', '333']
['390', '404', '425', '435', '358', '382', '455', '389', '433', '370', '394']
['471', '24', '26', '479', '475', '27', '464', '473', '29', '484', '459']
['91', '115', '42', '105', '123', '120', '54', '131', '93', '69', '63']
['146', '188', '190', '195', '201', '193', '132', '159', '136', '207', '149']
['266', '296', '230', '226', '274', '324', '272', '302', '229', '244', '238']
['392', '384', '387', '399', '438', '378', '336', '439', '407', '356', '346']
['463', '53', '13', '462', '23', '44', '46', '59', '467', '451', '487']
['144', '121', '65', '119', '95', '143', '192', '141', '154', '62', '100']
['224', '217', '218', '219', '254', '213', '223', '249', '260', '200', '240']
['328', '315', '299', '281', '293', '344', '270', '313', '262', '325', '286']
['353', '348', '416', '376', '408', '391', '424', '366', '354', '375', '393']
['442', '429', '450', '474', '481', '20', '470', '11', '499', '1', '28']
['101', '122', '74', '49', '71', '70', '92', '133', '112', '97', '84']
['162', '148', '204', '203', '152', '186', '210', '142', '147', '181', '140']
['227', '271', '306', '312', '268', '323', '234', '300', '216', '334', '251']
['430', '345', '443', '421', '341', '350', '420', '440', '426', '338', '428']
['498', '8', '444', '12', '491', '15', '449', '10', '461', '480', '482']
['209', '81', '38', '35', '89', '165', '107', '55', '64', '197', '76']
['342', '215', '276', '265', '280', '373', '292', '290', '401', '284', '289']
['79', '56', '453', '4', '457', '96', '496', '33', '405', '477', '57']
['275', '182', '170', '258', '314', '248', '179', '319', '202', '273', '243']
['369', '490', '403', '458', '359', '431', '398', '0', '368', '419', '374']
['78', '94', '104', '66', '48', '102', '106', '117', '128', '3', '72']
['294', '456', '372', '138', '411', '445', '343', '246', '185', '363', '180']
['160', '171', '169', '472', '476', '45', '37', '155', '183', '167', '493']
['253', '381', '447', '335', '239', '351', '332', '422', '236', '211', '307']
['153', '308', '257', '298', '150', '61', '82', '166', '124', '483', '362']
['379', '402', '371', '320', '423', '386', '21', '18', '19', '361', '385']
['413', '60', '417', '191', '291', '50', '41', '377', '310', '497', '47']
['175', '126', '414']
['7', '326']
['113']
['437']
['194']
