['Jesus', 'Joel', 'August', 'Omar', 'Bradley', 'Zander', 'Riley', 'Titus', 'Romeo', 'Braylen', 'Damon', 'Pablo', 'Derrick', 'Milan', 'Alijah', 'Saul', 'Dustin', 'Justice', 'Callen', 'Keaton', 'Lucian', 'Neil', 'Roger', 'Larry', 'Mack']
['Noah', 'Matthew', 'Dylan', 'Jack', 'Mateo', 'Asher', 'Adam', 'Bryson', 'Miles', 'Cole', 'Rowan', 'Gael', 'Aidan', 'Javier', 'Walter', 'Tanner', 'Ali', 'Warren', 'Jared', 'Allen', 'Remy', 'Kian', 'Landyn', 'Dennis', 'Carl']
['Elijah', 'Gabriel', 'Anthony', 'Nicholas', 'Jordan', 'Ayden', 'Jonah', 'Elliott', 'Lukas', 'Brady', 'Francisco', 'Keegan', 'Marco', 'Gregory', 'Malcolm', 'Finnegan', 'Kade', 'Cyrus', 'Lawson', 'Mohamed', 'Benson', 'Aden', 'Duke', 'Edison', 'Forrest']
['Michael', 'Jeremiah', 'Maverick', 'Juan', 'Eric', 'Camden', 'Amir', 'Israel', 'Karson', 'Ricardo', 'Jase', 'Zayn', 'Kash', 'Marshall', 'Porter', 'Kendrick', 'Esteban', 'Braylon', 'Darius', 'Isaias', 'Mathew', 'Memphis', 'Jasiah', 'Chris', 'Alden']
['Connor', 'Kayden', 'Diego', 'Carlos', 'Antonio', 'Xander', 'Matteo', 'Kyrie', 'Knox', 'Archer', 'Finley', 'Cristian', 'Bodhi', 'Jaiden', 'Jaylen', 'Kayson', 'Atticus', 'Emanuel', 'Drew', 'Otto', 'Keith', 'Mohammed', 'Issac', 'Makai', 'Jakob']
['Joseph', 'Jaxon', 'Hunter', 'Austin', 'Max', 'Maddox', 'Alex', 'Bryce', 'Remington', 'Erick', 'Emilio', 'Colt', 'Theo', 'Lane', 'Conor', 'Ellis', 'Hendrix', 'Jaxton', 'Pedro', 'Francis', 'Raphael', 'Roy', 'Tatum', 'Kellen', 'Crosby']
['Grayson', 'Ezra', 'Greyson', 'Victor', 'Zion', 'River', 'Andres', 'Beckett', 'Leon', 'Angelo', 'Julius', 'Peyton', 'Prince', 'Kane', 'Grady', 'Noel', 'Khalil', 'Dax', 'Bowen', 'Omari', 'Apollo', 'Curtis', 'Gary', 'Zain']
['Logan', 'Angel', 'Gavin', 'Braxton', 'Ryder', 'Jayce', 'Calvin', 'Avery', 'Jasper', 'Marcus', 'Josue', 'Simon', 'Jayceon', 'Malik', 'Harvey', 'Nico', 'Ruben', 'Sterling', 'Kyson', 'Franklin', 'Matthias', 'Donald', 'Trey', 'Alberto', 'Hezekiah']
['James', 'Charles', 'Leonardo', 'Bentley', 'Everett', 'Zayden', 'Charlie', 'Jaden', 'Cayden', 'Cody', 'Rafael', 'Eduardo', 'Dakota', 'Andy', 'Reed', 'Princeton', 'Winston', 'Maximilian', 'Nixon', 'Asa', 'Davis', 'Brendan', 'Raul', 'Elian', 'Finnley']
['Daniel', 'Thomas', 'Leo', 'Ezekiel', 'Wesley', 'Silas', 'King', 'Judah', 'Tobias', 'Manuel', 'Cash', 'Raymond', 'Walker', 'Dalton', 'Fabian', 'Ismael', 'Leland', 'Royal', 'Cullen', 'Izaiah', 'Wilder', 'Jalen', 'Raylan', 'Hamza', 'Ares']
['Henry', 'Isaac', 'Jace', 'Sawyer', 'Weston', 'Nathaniel', 'Ivan', 'Edward', 'Mark', 'Brian', 'Killian', 'Rylan', 'Mario', 'Cohen', 'Atlas', 'Daxton', 'Roberto', 'Phillip', 'Ezequiel', 'Rocco', 'Gerardo', 'Jaime', 'Kieran', 'Brock', 'Mauricio']
['Alexander', 'Samuel', 'John', 'Ryan', 'Christian', 'Hudson', 'Robert', 'Timothy', 'Finn', 'Abraham', 'Myles', 'Paul', 'Andre', 'Reid', 'Johnathan', 'Rory', 'Hayes', 'Landen', 'Johan', 'Luciano', 'Rodrigo', 'Sam', 'Kyree', 'Reece', 'Zeke']
['Santiago', 'Luca', 'Blake', 'Rhett', 'Dean', 'Bryan', 'Matias', 'Derek', 'Damien', 'Beckham', 'Cesar', 'Orion', 'Troy', 'Trevor', 'Odin', 'Luka', 'Cade', 'Mathias', 'Ronald', 'Lawrence', 'Cason', 'Nikolas', 'Callum', 'Bruno']
['Eli', 'Evan', 'Cooper', 'Zachary', 'Declan', 'Emmett', 'Emmanuel', 'Zane', 'Gunner', 'Spencer', 'Maximiliano', 'Dante', 'Tyson', 'Edwin', 'Kason', 'Chandler', 'Arjun', 'Ahmed', 'Casey', 'Ryland', 'Jerry', 'Alfredo', 'Brennan', 'Ty', 'Rex']
['Liaam', 'Ethan', 'Jayden', 'Cameron', 'Easton', 'Axel', 'Micah', 'Miguel', 'Kaleb', 'Holden', 'Dallas', 'Jett', 'Seth', 'Major', 'Devin', 'Jensen', 'Erik', 'Jamison', 'Gianni', 'Soren', 'Bryant', 'Case', 'Alvin', 'Quincy', 'Kylan']
['Benjamin', 'Joshua', 'Caleb', 'Xavier', 'Brody', 'Grant', 'Kenneth', 'Jorge', 'Jake', 'Chance', 'Emerson', 'Louis', 'Arlo', 'Donovan', 'Desmond', 'Zayne', 'Adan', 'Augustus', 'Kolton', 'Kasen', 'Pierce', 'Aarav', 'Samson', 'Kamari', 'Alessandro']
['Jacob', 'Sebastian', 'Colton', 'Roman', 'Jameson', 'Luis', 'Tristan', 'Kai', 'Steven', 'Kaden', 'Felix', 'Amari', 'Ace', 'Anderson', 'Muhammad', 'Solomon', 'Hugo', 'Taylor', 'Dillon', 'Uriel', 'Niko', 'Conrad', 'Santino', 'Bo']
['William', 'Christopher', 'Kevin', 'Brandon', 'Giovanni', 'Richard', 'Jesse', 'Dawson', 'Lorenzo', 'Emiliano', 'Kyle', 'Arthur', 'Corbin', 'Iker', 'Nash', 'Frank', 'Adonis', 'Abram', 'Zachariah', 'Drake', 'Deacon', 'Kobe', 'Rayan', 'Kaison', 'Lance']
['Nolan', 'Jose', 'Tyler', 'Damian', 'Bennett', 'Patrick', 'Clayton', 'Legend', 'Phoenix', 'Joaquin', 'Wade', 'Lennox', 'Zaiden', 'Marcos', 'Bruce', 'Kamden', 'Skyler', 'Julio', 'Alec', 'Dorian', 'Quentin', 'Jamari', 'Cayson', 'Darren', 'Stetson']
['Oliver', 'Jonathan', 'Brayden', 'Kingston', 'Beau', 'Brooks', 'Paxton', 'Thiago', 'Milo', 'Griffin', 'Enzo', 'Leonel', 'Gunnar', 'Hank', 'Royce', 'Moses', 'Brycen', 'Alonzo', 'Braden', 'Sincere', 'Cassius', 'Jimmy', 'Titan', 'Fletcher']
['Lucas', 'Owen', 'Ian', 'Jaxson', 'Carson', 'Chase', 'Ryker', 'Ashton', 'Abel', 'Jude', 'Brantley', 'Alejandro', 'Adriel', 'Sullivan', 'Albert', 'Tate', 'Rhys', 'Oakley', 'Scott', 'Rowen', 'Nikolai', 'Tony', 'Moshe', 'Kellan', 'Nelson']
['Levi', 'Adrian', 'Karter', 'Jeremy', 'Colin', 'Kameron', 'Martin', 'Ronan', 'Gideon', 'Fernando', 'Jeffrey', 'Cruz', 'Malakai', 'Russell', 'Moises', 'Jayson', 'Danny', 'Armani', 'Roland', 'Quinton', 'Yusuf', 'Colby', 'Briggs', 'Julien', 'Kashton']
['Jackson', 'Andrew', 'Nathan', 'Vincent', 'George', 'Alan', 'Graham', 'Stephen', 'Kyler', 'Gage', 'Collin', 'Johnny', 'Jay', 'Shawn', 'Ibrahim', 'Raiden', 'Nasir', 'Dexter', 'Trenton', 'Sage', 'Eden', 'Frederick', 'Ronin', 'Ayaan', 'Lionel']
['Wyatt', 'Luke', 'Julian', 'Isaiah', 'Theodore', 'Elias', 'Parker', 'Kaiden', 'Hayden', 'Preston', 'Maximus', 'Nicolas', 'Barrett', 'Hector', 'Sergio', 'Dominick', 'Quinn', 'Alexis', 'Ariel', 'Gustavo', 'Ahmad', 'Mohammad', 'Arturo', 'Douglas', 'Wilson']
['Mason', 'David', 'Carter', 'Josiah', 'Landon', 'Dominic', 'Jason', 'Malachi', 'Elliot', 'Waylon', 'Travis', 'Caiden', 'Conner', 'Nehemiah', 'Jonas', 'Corey', 'Armando', 'Enrique', 'Leonidas', 'Emmitt', 'Uriah', 'Cannon', 'Marvin', 'Mekhi', 'Marcelo']
['Aiden', 'Lincoln', 'Aaron', 'Harrison', 'Justin', 'Maxwell', 'Tucker', 'Oscar', 'Messiah', 'Peter', 'Jax', 'Caden', 'Sean', 'Garrett', 'Edgar', 'Shane', 'Clark', 'Ari', 'Philip', 'Lewis', 'Korbin', 'Leonard', 'Devon', 'Axton']
