['9', '55', '136', '141', '429']
['151', '245']
['104', '114', '471']
['53', '145', '734', '802', '816']
['1', '25', '225', '273', '444', '554', '652', '706', '814']
['97', '276', '775']
['240', '616', '617', '733']
['163', '296', '330', '399', '457', '501', '685']
['222', '354', '385', '800', '890', '896']
['242', '556', '626', '758', '825']
['35', '89', '358', '451', '900']
['183', '743']
['545', '722', '838']
['192', '355', '705', '754', '827']
['132', '502', '579', '751', '821']
['264', '576', '659']
['129', '708', '808', '871']
['261', '615', '795', '895']
['185', '186', '507', '739', '741', '771']
['137', '322', '360', '487', '861', '869']
['6', '254', '277', '331', '416', '450', '544', '737', '774', '836']
['158', '717', '762', '898']
['94', '320', '352', '455']
['534', '653', '841']
['105', '449']
['79', '414', '430', '853']
['260', '298', '461', '581', '598', '700', '718', '801']
['75', '84', '211', '447', '564', '709']
['39', '299', '464']
['205', '394', '783', '787']
['43', '113', '134', '269', '522', '588', '788', '840', '847']
['38', '315', '334', '441', '796']
['101', '474', '557', '703']
['119', '349', '350', '794', '831']
['162', '309', '318', '620', '793']
['537', '649', '822']
['237', '375', '676']
['62', '238', '302']
['146', '321', '488', '550']
['434']
['364']
['36', '42', '433', '512', '728', '759', '789', '884']
['345', '348', '592']
['506', '857']
['323', '406']
['123', '420', '595', '716']
['230', '395', '493', '854']
['221', '558']
['54', '210', '675']
['14', '231', '583', '662']
['71', '341', '361', '546', '671', '807']
['168', '319', '337', '431', '459', '742']
['293', '643', '740', '780']
['69']
['64', '235', '477', '539', '624', '768']
['41', '138', '549', '746', '778']
['233', '378', '610']
['373', '419']
['92', '517']
['24', '325']
['679']
['295', '347', '381', '422', '842']
['156', '613', '707', '713', '732']
['19', '22', '200', '357', '699']
['106', '286', '382', '437', '505']
['82', '86', '498', '542', '878', '891']
['12', '372', '632', '689']
['7', '66', '516', '730', '757', '784', '876']
['278', '423', '594', '826']
['107', '160', '393', '668', '696']
['481']
['27', '112', '300', '725']
['256', '398', '648', '660', '850', '866']
['90', '232', '292', '311', '749', '845']
['195', '376', '387', '819']
['37', '117']
[]
['207', '267', '809', '849']
['46', '91', '191', '274', '635', '667', '761', '769', '867', '899']
['161', '243', '289', '338', '766']
['150', '159', '266', '490', '888']
['28', '148', '356', '456', '603']
['508', '599']
['147', '519', '538', '897']
['13', '197', '515', '574', '804']
['239', '535', '670']
['103', '415', '886']
['44', '313', '402', '731']
['215', '291', '466', '485', '510', '567', '786']
['255']
['329', '343', '443', '600']
['50', '164', '442', '744', '748']
['219', '270', '463', '589']
['523', '799']
['362', '859']
['23', '248', '790', '823']
['110', '174', '383', '469', '618']
['88', '201', '333', '483', '621']
['111', '170', '209', '217', '568', '654']
['157', '305', '326', '681', '798', '893']
['26', '241', '263', '521', '628']
['17', '57', '78', '135', '439', '453', '763']
['327', '470', '480', '633', '656', '683']
['18', '40', '405', '478', '646', '767']
['99', '109', '258', '377', '570', '625', '657', '872']
['121', '173', '281', '745']
['8', '605']
['31', '307', '448', '638', '655', '680', '701', '868']
['172', '308', '445', '476', '482', '552', '684']
['213']
['421', '424', '536']
['73', '102', '140', '755']
['514', '529']
['67', '645', '782', '852', '874']
['198', '234', '484', '541', '561', '856', '879', '881']
['596', '666', '756']
['116', '408']
['310', '379', '770', '834']
['128', '149', '206', '630', '674']
['58', '76', '317', '397', '693', '889']
['203', '212', '226', '342', '511', '525', '839']
['188', '658', '846']
['175', '468']
['20', '83', '543', '664', '837']
['723', '843', '875', '892']
['229', '257', '265', '412', '452', '555', '644', '735']
['214', '353', '391', '401', '467', '520', '887']
['49', '339', '551', '818', '863']
['15', '155', '597']
['125', '204', '316', '637']
['366', '636', '669']
['251', '792']
['16', '304', '403', '547', '609', '894']
['52', '72', '388', '410', '584', '682', '870']
['80', '247', '253', '661', '665']
['56', '184', '432', '479', '518']
['177', '178', '672', '695', '773']
['48', '133', '328', '627']
['216', '282', '370', '389', '533', '865']
['404', '426']
['32', '504', '569', '726', '880']
['60', '885']
['218', '249', '371', '631']
['351', '396', '528', '694']
['98', '118', '817']
['202', '332', '651', '715']
['602', '860', '864']
['165', '187', '828']
['259', '287', '509', '606', '772']
['5', '29', '208', '268', '335', '446']
['497', '650', '719', '753', '764', '777']
['74', '127', '367', '832']
['236', '386', '526', '791', '813']
['0', '47', '120', '297', '301', '462', '873']
['454', '496', '553', '686']
['224', '491', '548', '563', '566', '647', '712']
['641', '829', '877']
['4', '21', '70', '96', '131', '272', '427', '582']
['220', '729']
['714']
['575']
['440', '702']
['346', '540', '721', '806', '848']
['475', '587', '752', '833']
['45', '336', '465', '494', '663', '811']
['10', '93', '143', '166', '368', '862']
['34', '100', '122', '190', '489', '851']
['68', '153', '182', '223', '365', '428', '486', '591', '747']
['3', '81', '179', '246', '585', '634', '639', '678', '760', '779']
['108', '144', '275', '306', '407', '411', '425', '503', '697']
['87', '271', '472', '608']
['126', '590']
['51', '436', '593', '622', '623']
['374', '562', '750']
['252', '384', '495', '611', '704', '776', '810']
['115', '142', '176', '180', '194', '417', '883']
['167', '193', '390', '438']
['392', '499', '513', '560', '565', '711', '844']
['607', '812']
['59', '95', '283', '460', '578', '619']
['340', '409', '458']
['77', '139', '500', '531', '738', '820', '830', '858']
['11', '33', '473', '698', '710']
['573', '614', '803']
['30', '344']
['2', '61', '124', '524', '530', '559', '805', '882']
['63', '169', '400', '586', '629', '855']
['284', '294', '413', '577', '673', '690']
['181', '228', '244', '580', '642', '692']
['290', '380', '527', '604', '687', '720']
['171', '250', '279', '435', '688']
['199', '280', '601', '677', '785', '824']
['65', '85', '303', '571', '691', '736']
['196', '262', '363', '418', '492']
['152', '189', '312', '797', '835']
['359', '781', '815']
['154', '227', '640']
['572', '765']
['314', '324', '532', '612']
['130', '285', '288', '369', '724', '727']
