['Ranvir', 'Mishal', 'Karimah', 'Nayomie', 'Stiven', 'Hena', 'Surabhi', 'Disa', 'Beryl', 'Jamarrius', 'Giacomo', 'Tejaswini', 'Alayza', 'Khyana', 'Mainor', 'Jasmina', 'Amara', 'Rionna']
['Eugenia', 'Shannelle', 'Melyssa', 'Edwen', 'Nikholas', 'Karlette', 'Janaiyah', 'Jacaden', 'Raylie', 'Legacy', 'Khaleed', 'Hudsen', 'Nakaiya', 'Jonthan', 'Damarea', 'Jesua', 'Jemima', 'Shirlee']
['Ayvree', 'Julliana', 'Anaysha', 'Samah', 'Travelle', 'Raziya', 'Emoree', 'Oktober', 'Anselm', 'Johathan', 'Naidelyn', 'Siosiua', 'Cyrus', 'Shamal', 'Tabatha', 'Jorge']
['Aeris', 'Emah', 'Envee', 'Kirby', 'Tayden', 'Treniyah', 'Waled', 'Nishi', 'Taleia', 'Shamaree', 'Reganne', 'Dionysios', 'Hopelynn', 'Kayshia', 'Xoe', 'Jamauria', 'Serjio', 'Eris', 'Jordin']
['Morghan', 'Kadean', 'Talaya', 'Jalesa', 'Keelin', 'Liliahna', 'Teniya', 'Alija', 'Rayann', 'Taleen', 'Ashar', 'Brelan', 'Gaylon', 'Simi', 'Herlinda', 'Georgianna', 'Cardyn']
['Eber', 'Yashvi', 'Sylah', 'Jachob', 'Vivian', 'Willi', 'Cobi', 'Nazere', 'Holland', 'Bhavesh', 'Tadeja', 'Haidy', 'Hadeel', 'Shannen', 'Antoin', 'Danyah']
['Josaiah', 'Prudence', 'Maelin', 'Tyland', 'Ellana', 'Eljin', 'Thaleia', 'Kashawna', 'Katilyn', 'Cian', 'Lam', 'Maelie', 'Shevy', 'Luay', 'Ingram', 'Teddy', 'Dalia', 'Tamyrah', 'Aquil']
['Svanik', 'Yendy', 'Beatrice', 'Zaaire', 'Ziva', 'Orren', 'Tamaya', 'Katianna', 'Kipp', 'Tahj', 'Wolf', 'Jaslin', 'Leiby', 'Maryori', 'Eulogio', 'Ion', 'Darlyne', 'Winter']
['Lazare', 'Navy', 'Javen', 'Narciso', 'Markese', 'Devynn', 'Trelon', 'Demontrell', 'Arnela', 'Koleigh', 'Keyashia', 'Carine', 'Breezie', 'Sumayya', 'Jaidin', 'Kahleah', 'Khanh', 'Diar']
['Icker', 'Giulian', 'Damaria', 'Slaton', 'Librado', 'Dexter', 'Urias', 'Azaryah', 'Youcef', 'Zalea', 'Takuma', 'Maddix', 'Anoush', 'Garren', 'Ariannah', 'Vedant']
['Amyiah', 'Edden', 'Sadeel', 'Camoren', 'Lania', 'Raegen', 'Avary', 'Raia', 'Brecklyn', 'Djuan', 'Ellary', 'Rosey', 'Gamya', 'Keelie', 'Harpreet', 'Larri', 'Balie', 'Keiasia', 'Andriana']
['Jadine', 'Torah', 'Everlyn', 'Dayja', 'Eyad', 'Alexander', 'Aleeha', 'Kaitlynne', 'Kamdon', 'Cristofher', 'Chanda', 'Yancey', 'Mylz', 'Mert', 'Anieya', 'Takeria', 'Juwon']
['Rohil', 'Ithan', 'Kristie', 'Crystin', 'Kiahra', 'Thaine', 'Timber', 'Keyshia', 'Allycia', 'Sinead', 'Sahib', 'Cate', 'Malayasia', 'Ronisha', 'Jaquavis', 'Dariona', 'Sharleen']
['Renay', 'Lynett', 'Atiya', 'Genae', 'Carlia', 'Tlaloc', 'Eviana', 'Azera', 'Cinthya', 'Fatema', 'Trang', 'Caeley', 'Kiersten', 'Nardos', 'Brit', 'Arali', 'Tyner']
['Alexei', 'Zayvien', 'Brookley', 'Marquasia', 'Kaeden', 'Jamara', 'Brinton', 'Kambrea', 'Malak', 'Lyndee', 'Shemia', 'Zaria', 'Jahmad', 'Herbert', 'Tyrese', 'Mellony', 'Ilan', 'Tais']
['Lovelee', 'Perl', 'Paxten', 'Manasvi', 'Joeangel', 'Elainah', 'Zohair', 'Damieon', 'Haila', 'Beny', 'Ondrej', 'Akeya', 'Brogan', 'Addalee', 'Maile', 'Andia', 'Taray', 'Davell', 'Cyarra', 'Wilbur']
['Kirk', 'Lynette', 'Moustapha', 'Fatouma', 'Aayanah', 'Ingrid', 'Mishti', 'Jontavious', 'Marques', 'Heylee', 'Avel', 'Anfernee', 'Havilah', 'Olivya', 'Gad', 'Hagan']
['Kawon', 'Kaimana', 'Elliet', 'Siddhanth', 'Takera', 'Kenniah', 'Janeen', 'Abdalrahman', 'Miabella', 'Hrishi', 'Kavan', 'Thea', 'Gabryelle', 'Akia', 'Amunique', 'Mykenzie', 'Talisha', 'Nathaniel']
['Santhosh', 'Evana', 'Kaiea', 'Kore', 'Casyn', 'Karli', 'Chanie', 'Jordian', 'Aleyah', 'Shavon', 'Brayten', 'Lya', 'Izellah', 'Kijuan']
['Julieanne', 'Zvi', 'Bania', 'Aneyah', 'Leondra', 'Kiyani', 'Aulelei', 'Kasim', 'Shadrach', 'Pranjal', 'Albert', 'Kaytlin', 'Raoul', 'Takyra', 'Jesper', 'Shyla', 'Mehmet', 'Mabry', 'Gadge', 'Itzy']
['Olya', 'Sissy', 'Maika', 'Keyri', 'Amilya', 'Zyshaun', 'Kaylla', 'Kyrra', 'Kenniya', 'Katalina', 'Adylin', 'Korianna', 'Aalayah', 'Juanmiguel', 'Brady', 'Abdulhadi', 'Demitrus', 'Tarron']
['Oluwadara', 'Willamina', 'Gerard', 'Shani', 'Chava', 'Jamorian', 'Abygael', 'Karsten', 'Diangelo', 'Sima', 'Danali', 'Taaliyah', 'Aasiya', 'Abagale', 'Lyliana', 'Kyrillos', 'Davarius', 'Socorro', 'Zyquez']
['Miu', 'Semir', 'Demarques', 'Tommaso', 'Zinnia', 'Analaura', 'Laylene', 'Timofey', 'Michaelle', 'Jazmaine', 'Yoanna', 'Waneta', 'Shaley', 'Abrea', 'Skyi', 'Madelin', 'Zakyrah', 'Pavlos']
['Javin', 'Raiya', 'Gwynne', 'Dearies', 'Samajae', 'Zanay', 'Mazee', 'Raiden', 'Zahirah', 'Ilani', 'Austynn', 'Sai', 'Sidnei', 'Quinley', 'Journe']
['Reeve', 'Alexas', 'Anjani', 'Amanee', 'Kenderick', 'Xena', 'Izai', 'Sunshine', 'Yaniyah', 'Ahilyn', 'Lean', 'Brien', 'Sharell', 'Salome', 'Vivika', 'Kaleya', 'Makayden', 'Guinness']
['Hellen', 'Evon', 'Khamar', 'Renato', 'Francella', 'Monzerath', 'Madalynn', 'Yitzel', 'Vinicio', 'Raylon', 'Katherin', 'Olajuwon', 'Jafari', 'Audrina', 'Vandon', 'Mckayla', 'Caoimhe']
['Analleli', 'Brighid', 'Dontavis', 'Stanly', 'Tyasiah', 'Azriel', 'Atalie', 'Azhia', 'Nilaja', 'Eziah', 'Rossie', 'Markavious', 'Shanay', 'Shay', 'Illyana', 'Jakavion', 'Krystie', 'Madox']
['Genise', 'Abrham', 'Andin', 'Ilma', 'Chau', 'Kip', 'Chanze', 'Nazire', 'Sinay', 'Khadijatou', 'Zalmen', 'Amayia', 'Zarif', 'Cierrah', 'Carriana', 'Hasnain', 'Jahir']
['Bryleigh', 'Tearsa', 'Jakiah', 'Josearmando', 'Jewelian', 'Ninah', 'Rye', 'Johanne', 'Rut', 'Kahliya', 'Jeffry', 'Akiyah', 'Katalyna', 'Anju', 'Cayde', 'Giovann', 'Shanya']
['Bayle', 'Mavis', 'Xzavion', 'Lehua', 'Markevion', 'Samba', 'Rogelio', 'Eryanna', 'Zamirra', 'Dolores', 'Siddhant', 'Eileen', 'Genavive', 'Asheton', 'Matea', 'Annalicia', 'Dreson', 'Mckell']
['Rolondo', 'Whitney', 'Eliot', 'Klair', 'Kristlyn', 'Gabryel', 'Kiani', 'Zaniyla', 'Enmanuel', 'Julea', 'Aleise', 'Edwinn', 'Mishael', 'Avriel', 'Xzavian', 'Nishka', 'Ceana']
['Rokas', 'Dallin', 'Angelene', 'Sylar', 'Allegra', 'Kedus', 'Akif', 'Lisseth', 'Briajah', 'Thayer', 'Duwayne', 'Tavarian', 'Yasmyn', 'Gwyneth', 'Takeru', 'Jadah', 'Latravia', 'Jaxon']
['Isai', 'Tullia', 'Bence', 'Daritza', 'Shlomo', 'Jakaila', 'Mikye', 'Allizzon', 'Teniola', 'Saidi', 'Elvis', 'Jassiel', 'Sommer', 'Severin', 'Brando', 'Poetri', 'Skilar']
['Viera', 'Deontray', 'Keynia', 'Gayathri', 'Breia', 'Govani', 'Oluwanifemi', 'Yahir', 'Brock', 'Grady', 'Farrell', 'Kiristen', 'Raiyan', 'Alexandr', 'Cort', 'Evy']
['Lloyd', 'Shahir', 'Evany', 'Mikko', 'Skylee', 'Dereonna', 'Tashaun', 'Yackelin', 'Kaleem', 'Makaylynn', 'Arianna', 'Jaeliah', 'Eliseo', 'Labrandon', 'Lizet', 'Winifred', 'Aroldo', 'Vyncent', 'Holdan']
['Dshawn', 'Zaliyah', 'Geovonni', 'Ferdinand', 'Traymon', 'Zanden', 'Dilraj', 'Shakiya', 'Tamirra', 'Pratham', 'Rochel', 'Zackaria', 'Haileigh', 'Ejay', 'Lavon', 'Horace', 'Yengkong', 'Lark']
['Suhail', 'Rheana', 'Giona', 'Senay', 'Shya', 'Nived', 'Rayson', 'Jahvion', 'Grisham', 'Idaly', 'Zyanya', 'Yoseline', 'Adalai', 'Niara', 'Hailyn', 'Ihsaan']
['Navin', 'Harshil', 'Felicia', 'Aditri', 'Mally', 'Rayleen', 'Abbagail', 'Bellagrace', 'Ilai', 'Trason', 'Cato', 'Ahmarie', 'Alicyn', 'Tamila', 'Eirene', 'Karilynn', 'Nathanyal', 'Jazzlene', 'Katurah']
['Adriauna', 'Calaya', 'Irene', 'Kayan', 'Anaili', 'Cailen', 'Kwaku', 'Marx', 'Estella', 'Breylen', 'Jazzmyne', 'Essence', 'Mychael', 'Lucca', 'Daffne', 'Kalyn', 'Kmya', 'Treveon']
['Jaysiah', 'Abshir', 'Tanyiah', 'Anevay', 'Richie', 'Joey', 'Cobe', 'Javant', 'Octaviana', 'Matison', 'Anoushka', 'Erandy', 'Chazity', 'Zila', 'Kellianne', 'Avigail', 'Nkechi', 'Westley', 'Surafel', 'Cytlali']
['Lilyanna', 'Fadi', 'Ambreal', 'Derron', 'Kiylee', 'Tilynn', 'Malaki', 'Thaddaeus', 'Rafi', 'Jacque', 'Ankita', 'Coryn', 'Andalasia', 'Tanzania', 'Trasean', 'Job', 'Albin', 'Trent']
['Iian', 'Viola', 'Keimari', 'Quavon', 'Jocilynn', 'Elanah', 'Sariya', 'Leela', 'Ahmyah', 'Artavis', 'Makhayla', 'Kieron', 'Ascher', 'Elizabethmarie']
['Marayna', 'Steven', 'Aaniah', 'Niang', 'Orlin', 'Brynna', 'Avinash', 'Jaqui', 'Kirollos', 'Afia', 'Zariea', 'Jerzy', 'Yaitza', 'Srihita', 'Valente', 'Eirik', 'Kadidia']
['Loren', 'Laiyah', 'Amirrah', 'Kaeliegh', 'Lajaya', 'Makaylla', 'Natsuki', 'Esli', 'Nikiyah', 'Malaijah', 'Grabiela', 'Keighan', 'Brynne', 'Norelle', 'Jabaree', 'Stavros', 'Donoven', 'Jorrin']
['Nouvelle', 'Khyla', 'Fitzgerald', 'Jeliyah', 'Saxon', 'Khailee', 'Ryllie', 'Jonpaul', 'Janelli', 'Durham', 'Tuesday', 'Ernestine', 'Jasmen', 'Rogers', 'Orry', 'Ermina', 'Christy', 'Kieth']
['Mcrae', 'Kaser', 'Paityn', 'Beauty', 'Rayniyah', 'Havanna', 'Amador', 'Danette', 'Kaydynce', 'Addalina', 'Yerick', 'Vatsal', 'Nitzia', 'Janis', 'Aseel', 'Ameerah', 'Brinklee', 'Danyal', 'Kaija']
['William', 'Yoceline', 'Jayen', 'Shephard', 'Roderick', 'Lazavion', 'Bentley', 'Zackry', 'Jnya', 'Trever', 'Antionette', 'Jeralyn', 'Haji', 'Jaiona', 'Emontae', 'Rhiannon', 'Damiyon']
['Yoali', 'Jakobie', 'Jali', 'Rigo', 'Thristan', 'Alayasia', 'Benson', 'Cherish', 'Rich', 'Constantino', 'Aundra', 'Jermaya', 'Trung', 'Jezrael', 'Elsa', 'Jerry', 'Blaike']
['Mahum', 'Galina', 'Tierney', 'Ciarah', 'Andy', 'Tytus', 'Jailen', 'Hazelyn', 'Ender', 'Mikea', 'Sevon', 'Tameia', 'Joanna', 'Aerin', 'Dreanna', 'Brecken', 'Jamella', 'Mirtha']
['Jamy', 'Dontrae', 'Ivett', 'Ladainian', 'Keandra', 'Gracelynne', 'Karaleigh', 'Shivani', 'Jasan', 'Savaughn', 'Myha', 'Kenton', 'Falisha', 'Madelyne', 'Adalyn', 'Mitch', 'Dalli', 'Naja', 'Adarion']
['Emalynn', 'Kosta', 'Fabyan', 'Ward', 'Karas', 'Mathews', 'Nerik', 'Joriel', 'Tyreonna', 'Jadelyn', 'July', 'Deavon', 'Minal', 'Bellamy', 'Damariah', 'Anahi', 'Zaheem']
['Umar', 'Nerissa', 'Tatyiana', 'Jt', 'Atreus', 'Everson', 'Eamon', 'Duke', 'Xela', 'Issabelle', 'Guadalupe', 'Gabby', 'Kotaro', 'Jeovanny', 'Feliciana', 'Torrie', 'Shandra', 'Milia']
['Nicolet', 'Niera', 'Emilie', 'Reily', 'Nazario', 'Llayla', 'Cale', 'Shatoya', 'Colter', 'Shakia', 'Argel', 'Zaniyha', 'Dalyn', 'Jacob', 'Jaiyon', 'Paytn']
['Gabrianna', 'Rane', 'Ivin', 'Sivad', 'Filipe', 'Basya', 'Sunday', 'Aideliz', 'Chrissie', 'Peniel', 'Jaci', 'Gustabo', 'Kadija', 'Kla', 'Drue', 'Temia', 'Nella', 'Alianne']
['Pranita', 'Jeancarlo', 'Rheagan', 'Quincey', 'Gabe', 'Jeramy', 'Kamal', 'Kellsie', 'Keno', 'Johnson', 'Liesel', 'Georgie', 'Latricia', 'Sequoia', 'Rosali', 'Haidon']
['Dayn', 'Izaiyah', 'Vida', 'Ulyssa', 'Coben', 'Znya', 'Nasean', 'Aubrieanna', 'Chananya', 'Faybian', 'Jenniyah', 'Guiliana', 'Daphnee', 'Jackelynn', 'Jarek', 'Kaison', 'Haiden', 'Brieann']
['Caly', 'Renata', 'Kailie', 'Emrey', 'Ariston', 'Nakyla', 'Brittney', 'Dorianna', 'Makalee', 'Bodyn', 'Loghan', 'Ike', 'Syria', 'Micael', 'Osias', 'Yulianna', 'Emily', 'Malaya']
