['684', '690', '700', '715', '719', '733', '734', '745', '762', '813', '816', '823', '825', '834', '858', '877', '907', '913', '922', '923', '929', '945', '948', '953', '956', '995']
['3', '40', '61', '64', '135', '137', '192', '212', '215', '224', '275', '283', '422', '428', '455', '489', '527', '579', '625', '786', '800', '819', '820', '822', '851', '905', '963', '970', '981']
[]
[]
[]
['5', '27', '175', '248', '391', '447', '513', '576', '588', '608', '635', '658', '870', '906', '909', '964']
[]
[]
['28', '42', '292', '368', '464', '477', '604', '605', '611', '778', '808', '855', '887']
[]
[]
[]
[]
[]
['72', '108', '147', '229', '233', '378', '449', '453', '537', '586', '669', '674', '713', '722']
[]
['200', '307', '470', '556', '571', '612', '640', '701', '714', '769', '949']
[]
[]
['149', '179', '240', '282', '322', '359', '432', '434', '517', '544', '546', '628', '754', '831', '843', '875', '938', '977']
['6', '22', '26', '43', '45', '49', '85', '88', '95', '100', '102', '103', '106', '107', '112', '115', '120', '128', '129', '132', '139', '156', '157', '168', '170', '177', '183', '191', '194', '196', '211', '220', '221', '230', '235', '236', '250', '737']
['589', '597', '599', '609', '623', '624', '626', '631', '632', '642', '646', '649', '654', '655', '659', '660', '665', '675', '677', '679', '686', '693', '698', '702', '704', '723', '736', '739', '743', '758', '763', '765', '772', '773', '785', '788', '818', '933']
[]
[]
['789', '792', '798', '809', '811', '833', '837', '849', '862', '872', '884', '889', '890', '893', '894', '897', '899', '902', '910', '911', '916', '918', '920', '925', '937', '959', '971', '972', '973', '974', '979', '983', '984', '989', '996']
[]
[]
[]
[]
[]
[]
[]
[]
['91', '187', '258']
[]
[]
['94', '357', '394', '429', '475', '483', '490', '502', '670', '695', '716', '735', '780', '796', '829', '852', '908', '927']
['195', '231', '369', '380', '997']
[]
[]
[]
[]
[]
[]
[]
[]
[]
[]
[]
['1', '261', '400', '420', '848', '936', '940']
[]
[]
['51', '57', '65', '69', '188', '219', '321', '413', '459', '463', '468', '564', '587', '603', '711', '740', '793', '803', '840', '873', '903', '978']
['755', '802', '828', '830', '904', '985', '987', '994']
[]
[]
[]
[]
[]
[]
[]
['228', '246', '260', '270', '273', '295', '298', '299', '310', '312', '313', '324', '333', '334', '340', '343', '348', '352', '366', '375', '377', '384', '390', '402', '408', '409', '412', '417', '430', '433', '437', '440', '457', '472', '474', '485', '516', '886']
[]
[]
['444', '567', '683', '717', '797', '900', '954']
[]
[]
[]
['332', '757']
[]
[]
['2', '4', '8', '9', '11', '16', '18', '19', '20', '21', '24', '29', '48', '53', '54', '59', '62', '70', '73', '87', '92', '99', '101', '104', '109', '117', '121', '122', '125', '131', '133', '136', '185', '271', '505', '531', '832', '880']
['245', '874', '931', '999']
['14', '126', '296', '450', '835', '932', '951', '952', '965', '967', '968', '969', '976']
[]
[]
[]
[]
[]
[]
['252', '253', '256', '259', '262', '269', '308', '318', '336', '354', '361', '371', '373', '374', '383', '401', '421', '423', '424', '436', '443', '445', '446', '456', '460', '487', '488', '514', '515', '522', '525', '529', '545', '550', '569', '591', '896', '960']
[]
[]
[]
[]
[]
['0', '7', '12', '23', '37', '52', '113', '152', '159', '162', '189', '205', '218', '284', '314', '319', '320', '414', '451', '476', '508', '539', '551', '583', '594', '600', '616', '619', '622', '645', '647', '648', '667', '694', '710', '718', '726', '731']
[]
[]
['411', '461', '559', '774', '804', '941']
[]
[]
[]
[]
[]
[]
[]
[]
['311', '316', '323', '326', '337', '345', '349', '353', '356', '385', '393', '396', '404', '406', '431', '439', '448', '458', '462', '471', '473', '481', '495', '506', '507', '511', '526', '575', '577', '606', '636', '653', '661', '663', '668', '742', '817', '980']
[]
[]
[]
[]
[]
[]
[]
[]
[]
[]
['351', '387', '503', '901']
[]
[]
[]
[]
[]
[]
[]
[]
[]
[]
[]
[]
[]
[]
[]
[]
[]
[]
[]
[]
[]
[]
[]
['288', '395', '482', '590', '791', '856', '866', '939', '962']
[]
[]
[]
['36', '46', '50', '186', '193', '199', '223', '303', '341', '342', '344', '350', '364', '372', '382', '397', '403', '410', '435', '438', '452', '479', '500', '504', '509', '510', '512', '523', '528', '554', '563', '578', '584', '607', '617', '634', '638', '942']
[]
[]
[]
['570', '592', '614', '618', '620', '621', '657', '664', '676', '678', '680', '708', '729', '749', '750', '752', '756', '761', '770', '787', '790', '795', '806', '842', '845', '847', '857', '860', '878', '881', '883', '898', '912', '915', '924', '928', '930', '950']
[]
[]
[]
['143', '204', '272', '315', '398', '416', '552', '566', '580', '601', '712', '721', '777', '926', '947', '957', '982']
[]
[]
[]
[]
[]
[]
[]
[]
[]
[]
[]
[]
[]
[]
[]
[]
[]
[]
['10', '32', '34', '66', '71', '74', '81', '83', '89', '93', '140', '146', '150', '153', '154', '161', '171', '181', '198', '201', '206', '207', '209', '210', '222', '242', '243', '254', '257', '264', '276', '277', '280', '291', '297', '370', '633', '651']
[]
[]
[]
[]
[]
[]
[]
[]
['530', '533', '536', '540', '541', '547', '553', '555', '560', '561', '573', '581', '593', '596', '610', '613', '629', '639', '656', '672', '687', '688', '689', '691', '696', '705', '720', '728', '730', '732', '738', '741', '766', '768', '771', '779', '781', '799']
[]
[]
[]
['805', '807', '810', '814', '821', '827', '836', '846', '853', '854', '867', '868', '895', '917', '935', '943', '944', '961', '966', '975', '986', '988', '990', '992', '993']
[]
[]
[]
[]
[]
[]
['388', '841']
[]
[]
[]
[]
[]
[]
[]
[]
[]
[]
[]
[]
[]
[]
[]
[]
['15', '41', '44', '56', '63', '80', '86', '127', '155', '158', '293', '294', '325', '329', '346', '365', '386', '389', '392', '418', '426', '454', '467', '469', '524', '532', '535', '615', '627', '652', '692', '706', '747', '801', '869', '955']
[]
['163', '304', '360', '991']
[]
[]
[]
[]
[]
[]
[]
[]
[]
[]
[]
[]
[]
[]
[]
[]
['105', '265', '707']
[]
[]
[]
[]
['892']
['650', '850']
[]
[]
[]
[]
[]
['466', '699', '709', '812']
[]
[]
[]
[]
['328']
[]
[]
[]
[]
[]
[]
[]
[]
[]
[]
[]
[]
[]
[]
[]
[]
['227', '751', '865', '998']
[]
[]
[]
[]
[]
[]
[]
[]
[]
[]
['31', '84', '96', '98', '278', '309', '335', '358', '362', '363', '480', '499', '572', '644', '666', '682', '744', '767', '794', '824', '844', '861', '864', '919', '934']
['30', '138', '725']
[]
[]
[]
[]
['82', '681']
[]
[]
[]
['238', '703', '885']
[]
[]
[]
[]
[]
[]
[]
[]
[]
[]
[]
[]
[]
[]
[]
[]
[]
[]
[]
[]
[]
[]
['17', '38', '90']
['77', '891']
[]
[]
[]
[]
[]
[]
[]
[]
[]
[]
[]
[]
['60', '68', '79', '114', '119', '134', '160', '173', '176', '182', '237', '239', '266', '267', '279', '281', '289', '290', '331', '399', '419', '486', '491', '595', '598', '630', '637', '643', '673', '685', '727', '760', '775', '776', '783', '784', '882', '921']
[]
[]
[]
[]
[]
[]
[]
[]
[]
[]
[]
[]
[]
[]
['124', '241', '338', '496', '558', '724', '746', '748', '859']
['78', '141', '144', '145', '151', '169', '174', '197', '203', '208', '217', '225', '232', '234', '244', '247', '249', '251', '255', '263', '268', '274', '286', '287', '300', '301', '302', '305', '306', '317', '327', '330', '339', '347', '355', '367', '826', '946']
[]
[]
[]
[]
[]
[]
[]
[]
[]
['13', '25', '33', '35', '39', '47', '55', '58', '67', '75', '76', '97', '110', '111', '116', '118', '123', '130', '142', '148', '164', '165', '166', '167', '172', '178', '180', '184', '190', '202', '213', '214', '216', '226', '285', '520', '671', '871']
['641', '697', '753', '759', '764', '782', '815', '838', '839', '863', '876', '879', '888', '914']
[]
[]
[]
[]
[]
[]
[]
[]
[]
[]
[]
['376', '379', '381', '405', '407', '415', '425', '427', '441', '442', '465', '478', '484', '492', '493', '494', '497', '498', '501', '518', '519', '521', '534', '538', '542', '543', '548', '549', '557', '562', '565', '568', '574', '582', '585', '602', '662', '958']
[]
[]
[]
[]
[]
[]
[]
[]
[]
[]
[]
[]
[]
[]
[]
[]
[]
[]
[]
[]
[]
[]
[]
[]
[]
[]
[]
[]
[]
