['Honey', 'Illa', 'Melisa', 'Carroll', 'Deborah', 'Elsinore', 'Willow', 'Leonore', 'Nichol', 'Drusie', 'Ronnica', 'Eleanor', 'Jeanne', 'Rosalynd', 'Averil', 'Kathleen', 'Elene', 'Elenore', 'Marcie', 'Charlean', 'Cecily', 'Jilly', 'Koressa']
['Georgianne', 'Carlota', 'Amelie', 'Lynda', 'Feodora', 'Correy', 'Bea', 'Courtnay', 'Joycelin', 'Emmalynn', 'Dode', 'Beatrix', 'Ramona', 'Elisa', 'Hedy', 'Eloise', 'Mariele', 'Elna', 'Della', 'Melany', 'Jobina', 'Ashien', 'Wenda', 'Alexa']
['Jerrie', 'Mabelle', 'Noami', 'Shannon', 'Karola', 'Krista', 'Dee', 'Vonny', 'Jayme', 'Desiree', 'Yolanda', 'Joni', 'Lonni', 'Lorry', 'Alex', 'Nikki', 'Nickie', 'Dorothea', 'Gene', 'Hesther', 'Kelley', 'Zaria', 'Ophelie', 'Addie']
['Aeriela', 'Jorry', 'Karalynn', 'Margarette', 'Wendeline', 'Rosene', 'Marquita', 'Trish', 'Lillis', 'Faydra', 'Catie', 'Beverie', 'Chanda', 'Gertie', 'Gwenore', 'Herminia', 'Gilberta', 'Elysee', 'Marty', 'Rochette', 'Arabelle', 'Marlene', 'Brandi']
['Johanna', 'Abra', 'Rene', 'Gleda', 'Danica', 'Paula', 'Grissel', 'Lorilee', 'Jeri', 'Maribel', 'Christi', 'Vittoria', 'Nessie', 'Corrie', 'Dorthy', 'Sara', 'Terri', 'Emmeline', 'Aeriell', 'Angelia', 'Rafa', 'Robena', 'Enrichetta', 'Bel']
['Ofella', 'Phelia', 'Jacquelin', 'Lenka', 'Charity', 'Crissie', 'Ortensia', 'Pam', 'Ladonna', 'Linea', 'Ilse', 'Katey', 'Rosella', 'Ethelyn', 'Dara', 'Amelita', 'Othilia', 'Morna', 'Bibi', 'Mil', 'Freddy', 'Virginie', 'Roselle', 'Dale', 'Ayn']
['Wynne', 'Chloette', 'Ingrid', 'Jacquetta', 'Corrine', 'Rona', 'Leslie', 'Veronika', 'Carree', 'Valli', 'Willabella', 'Valeria', 'Marsha', 'Bella', 'Ronnie', 'Luci', 'Paolina', 'Shanie', 'Candace', 'Marabel', 'Rebeca', 'Ranee', 'Simone', 'Shirlee']
['Lexine', 'Jeniffer', 'Priscella', 'Sandi', 'Emilee', 'Belle', 'Connie', 'Pietra', 'Elsy', 'Carina', 'Walliw', 'Agnese', 'Elspeth', 'Allegra', 'Leeann', 'Kristien', 'Marcelle', 'Dorotea', 'Ileane', 'Kissiah', 'Jessy', 'Nat', 'Carline', 'Kriste']
['Glenda', 'Joby', 'Rebekah', 'Jorrie', 'Perrine', 'Adelina', 'Eveline', 'Carlee', 'Katrine', 'Giana', 'Noell', 'Lula', 'Perle', 'Carolin', 'Livvie', 'Chloris', 'Fifi', 'Shantee', 'Dora', 'Diahann', 'Irma', 'Elicia', 'Cecelia', 'Ciel']
['JoAnn', 'Mommy', 'Harrietta', 'Carolina', 'Maitilde', 'Ines', 'Florence', 'Jania', 'Dallas', 'Rodi', 'Keeley', 'Gaby', 'Sena', 'Eveleen', 'Arleyne', 'Cymbre', 'Brana', 'Merrielle', 'Brooke', 'Deni', 'Nessa', 'Letti', 'Wallie', 'Korney']
['Mandie', 'Trenna', 'Evangeline', 'Alena', 'Chastity', 'Alexi', 'Gilemette', 'Codi', 'Shayne', 'Susi', 'Livy', 'Geri', 'Karilynn', 'Harmonie', 'Bamby', 'Coraline', 'Abbie', 'Lura', 'Gipsy', 'Anestassia', 'Meta', 'Kathi', 'Rheba', 'Lilllie']
['Carrie', 'Dorie', 'Barbe', 'Raye', 'Michaeline', 'Leodora', 'Emelyne', 'Jackelyn', 'Brear', 'Olivie', 'Gaynor', 'Marlena', 'Odessa', 'Clovis', 'Dorris', 'Damita', 'Moreen', 'Zea', 'Amitie', 'Shannen', 'Kristel', 'Nissie', 'Kaila', 'Cacilie']
['Tova', 'Katerina', 'Marci', 'Terrye', 'Ede', 'Elisabetta', 'Daune', 'Fionna', 'Raeann', 'Sharl', 'Adria', 'Anastasie', 'Ester', 'Lorrayne', 'Adda', 'Nita', 'Bianca', 'Opaline', 'Deeann', 'Chiarra', 'Elie', 'Melessa', 'Bernelle', 'Miquela']
['Wally', 'Carlye', 'Eadie', 'Kathrine', 'Rachelle', 'Farrah', 'Kaycee', 'Angelina', 'Kandy', 'Karita', 'Roxane', 'Jayne', 'Twila', 'Madella', 'Lyndel', 'Jena', 'Milicent', 'Billie', 'Lark', 'Debi', 'Melody', 'Crissy', 'Reba', 'Dalila']
['Stacee', 'Susette', 'MarieJeanne', 'Tatiania', 'Garnet', 'Dorrie', 'Arabela', 'Jammie', 'Charlot', 'Harmony', 'Vallie', 'Anabella', 'Portia', 'Sherrie', 'Sybil', 'Rubie', 'Erina', 'Josefina', 'Lily', 'Thea', 'Tate', 'Maurita', 'Janaye', 'Tiffany']
['Aubree', 'Erinn', 'Amalea', 'Adore', 'Frankie', 'Helli', 'Yoko', 'Briny', 'Krysta', 'Julina', 'Silvana', 'Malia', 'Cassi', 'Lesley', 'Sascha', 'Josefa', 'Timothea', 'Eleen', 'Marleen', 'Faun', 'Ludovika', 'Dolley', 'Augustine', 'Fredericka']
['Ruthanne', 'Yovonnda', 'Meade', 'Noemi', 'Erika', 'Minda', 'Bari', 'Zitella', 'Marta', 'Gwen', 'Maggy', 'Frederica', 'Vickie', 'Marketa', 'Ardith', 'Cassie', 'Maye', 'Kial', 'Evvie', 'Reeba', 'Arabella', 'Leola', 'Vere', 'Henrieta']
['Viva', 'Edith', 'Jaquenetta', 'Verna', 'Olympe', 'Leanna', 'Goldia', 'Carin', 'Hetti', 'Lezlie', 'Melina', 'Rosaleen', 'Neala', 'Grazia', 'Tish', 'Daisi', 'Lenore', 'Cam', 'Gracia', 'Kate', 'Carmita', 'Quintana', 'Arly', 'Denyse']
['Sheryl', 'Daniella', 'Herta', 'Pegeen', 'Sadella', 'Josey', 'Charmian', 'Tamma', 'Constantina', 'Dorise', 'Karlee', 'Merilee', 'Enid', 'Shellie', 'Agnesse', 'Jesse', 'Mirna', 'Coretta', 'Carly', 'Tami', 'Ann', 'Adelice', 'Mellisa', 'May']
['Marieann', 'Rica', 'Bernetta', 'Josselyn', 'Shelly', 'Lorri', 'Minetta', 'Nerita', 'Catlaina', 'Barbaraanne', 'Karil', 'Giorgia', 'Kippy', 'Melantha', 'Maryann', 'Georgiana', 'Beverlie', 'Evania', 'Raquel', 'Mireielle', 'Dagmar', 'Kristy', 'Yetty', 'Samara']
['Cortney', 'Lilly', 'Dolores', 'Andreana', 'Clarey', 'Karrie', 'Simona', 'Eilis', 'Candy', 'Candida', 'Freda', 'Danyette', 'Gilli', 'Dacey', 'Mireille', 'Kayla', 'Karna', 'Amil', 'Darci', 'Kacie', 'Alane', 'Jeannie', 'Wilona', 'Benoite']
['Carlin', 'Alecia', 'Florie', 'Polly', 'Moselle', 'Olimpia', 'Ranna', 'Ada', 'Windy', 'Joletta', 'Valentia', 'Wren', 'Bee', 'Chryste', 'Juliann', 'Zarla', 'Angele', 'Hilliary', 'Julissa', 'Rhea', 'Blinny', 'Wanda', 'Morissa', 'Fawnia']
['Kerry', 'Bernie', 'Fred', 'Lianna', 'Rosaline', 'Gianina', 'Zia', 'Dorine', 'Ollie', 'Ree', 'Celestia', 'Corene', 'Holly', 'Starlin', 'Janette', 'Brook', 'Sherill', 'Dulcine', 'Brandais', 'Rebe', 'Oralle', 'Genovera', 'Jenine', 'Karla']
['Melinda', 'Ceciley', 'Jess', 'Bernadina', 'Korrie', 'Andi', 'Frances', 'Kirsteni', 'Chelsae', 'Ronalda', 'Sonya', 'Randie', 'Chelsea', 'Sarina', 'Melly', 'Audry', 'Glyn', 'Wynnie', 'Mirabel', 'Cindelyn', 'Karena', 'Gussy', 'Ardis', 'Xylina']
['Aurelia', 'Brunhilde', 'Evelyn', 'Liliane', 'Mabel', 'Tricia', 'Tracey', 'Corrina', 'Harrie', 'Zuzana', 'Kassandra', 'Cal', 'Kattie', 'Evie', 'Edie', 'Katerine', 'Genna', 'Audrye', 'Babette', 'Francyne', 'Pierrette', 'Nance', 'Charmane', 'Tasia', 'Morganica']
