['107', '771', '33', '121', '125', '144', '181', '48', '289', '164', '158', '783', '749', '32', '146', '287', '159', '86', '669', '579', '258', '120', '59', '75', '72', '665', '335', '675', '578', '265', '90']
['382', '409', '410', '583', '201', '461', '227', '374', '518', '406', '572', '361', '582', '510', '267', '375', '616', '230', '463', '576', '638', '318', '466', '467', '395', '413', '234', '242', '554', '491', '244', '322', '288', '564', '320', '687', '540', '328', '465', '517', '204', '229', '286', '629', '664', '646', '618', '336', '280', '387']
['104', '46', '113', '106', '817', '850', '177', '292', '190', '269', '261', '145', '102', '180', '870', '692', '88', '192', '290', '694', '716', '175', '133', '156', '766', '812', '216', '169', '773', '211', '74', '98', '80', '110', '13', '166', '47', '754', '266', '171', '712', '127', '50', '182', '294', '769', '207', '215', '143', '252']
['344', '441', '346', '432', '356', '305', '353', '373', '451', '407', '315', '405', '428', '301', '449', '360', '421', '412', '337', '306', '295', '297', '408', '435', '303', '439', '452', '457', '333', '367', '411', '443', '338', '340', '418', '299', '351', '365', '459', '347', '422', '473', '403', '307', '371', '460', '308', '381', '348', '386']
['580', '581', '481', '525', '482', '492', '613', '485', '610', '614', '620', '484', '530', '644', '560', '526', '637', '574', '584', '587', '636', '536', '601', '531', '549', '569', '543', '595', '651', '628', '489', '591', '627', '561', '483', '545', '568', '596', '605', '476', '474', '573', '501', '512', '542', '650', '571', '488', '555', '559']
['795', '714', '743', '778', '683', '741', '676', '751', '734', '780', '815', '708', '799', '726', '774', '724', '691', '802', '667', '722', '757', '824', '792', '822', '709', '750', '657', '820', '807', '810', '760', '762', '781', '809', '764', '729', '705', '686', '652', '690', '723', '806', '728', '765', '679', '693', '654', '758', '677', '689']
['843', '123', '880', '49', '859', '91', '147', '21', '53', '832', '22', '987', '65', '115', '132', '153', '881', '857', '3', '135', '19', '45', '997', '71', '130', '41', '83', '979', '43', '918', '137', '829', '844', '946', '54', '117', '151', '78', '152', '996', '87', '92', '982', '140', '100', '833', '66', '82', '124', '825']
['296', '173', '388', '228', '853', '332', '326', '310', '161', '390', '309', '249', '304', '178', '262', '349', '202', '163', '363', '889', '893', '189', '342', '779', '172', '245', '198', '224', '203', '282', '324', '239', '247', '281', '575', '325', '392', '842', '300', '237', '225', '222', '362', '272', '168', '270', '313', '176', '273', '233']
['194', '139', '118', '116', '257', '15', '236', '279', '936', '212', '149', '188', '170', '148', '57', '184', '974', '283', '165', '264', '240', '256', '969', '963', '254', '38', '961', '226', '243', '31', '958', '95', '213', '906', '983', '330', '284', '179', '259', '70', '61', '965', '200', '30', '260', '174', '126', '162', '96', '199']
['789', '658', '755', '366', '458', '397', '355', '585', '317', '588', '359', '398', '495', '798', '446', '462', '314', '701', '477', '818', '402', '733', '699', '447', '753', '586', '594', '490', '442', '570', '756', '321', '416', '311', '329', '499', '562', '772', '790', '548', '293', '331', '352', '527', '383', '770', '368', '345', '393', '470']
['97', '108', '105', '138', '205', '218', '231', '11', '114', '128', '992', '912', '37', '14', '984', '887', '994', '122', '154', '220', '839', '858', '263', '109', '27', '907', '64', '940', '157', '84', '867', '219', '846', '823', '900', '223', '921', '854', '248', '938', '221', '191', '232', '160', '193', '241', '949', '9', '89', '69']
['444', '425', '423', '521', '394', '424', '480', '391', '370', '415', '369', '511', '431', '358', '497', '464', '522', '445', '323', '334', '377', '319', '450', '275', '277', '468', '429', '420', '494', '278', '380', '471', '487', '472', '504', '498', '396', '401', '438', '478', '506', '357', '378', '312', '520', '276', '341', '453', '479', '379']
['528', '558', '695', '663', '550', '607', '670', '622', '655', '577', '660', '659', '697', '541', '524', '684', '551', '589', '633', '599', '666', '592', '727', '624', '759', '718', '662', '647', '635', '725', '661', '696', '768', '730', '713', '643', '732', '630', '668', '698', '745', '537', '688', '567', '533', '706', '631', '600', '532', '703']
['44', '847', '776', '794', '800', '830', '786', '990', '196', '389', '68', '417', '939', '819', '187', '782', '787', '995', '873', '42', '862', '58', '246', '978', '796', '801', '372', '785', '868', '931', '793', '376', '816', '883', '905', '399', '836', '131', '255', '101', '253', '209', '837', '210', '835', '863', '354', '274', '834', '976']
['440', '763', '436', '515', '553', '656', '767', '437', '681', '448', '678', '682', '493', '546', '645', '565', '777', '503', '707', '742', '761', '671', '608', '702', '547', '502', '602', '598', '419', '648', '597', '538', '519', '516', '626', '619', '557', '426', '505', '685', '752', '735', '611', '617', '700', '469', '615', '454', '475', '731']
['81', '937', '845', '875', '896', '926', '975', '79', '195', '877', '384', '28', '427', '950', '183', '67', '251', '455', '876', '956', '841', '879', '327', '821', '970', '849', '991', '954', '988', '923', '972', '509', '235', '805', '871', '851', '869', '951', '814', '63', '962', '433', '4', '16', '884', '136', '513', '864', '804', '803']
['603', '649', '919', '797', '748', '642', '26', '609', '641', '593', '10', '539', '890', '639', '29', '943', '674', '56', '73', '717', '704', '788', '552', '808', '112', '929', '625', '514', '7', '737', '710', '856', '811', '39', '604', '20', '640', '134', '933', '51', '150', '612', '826', '534', '828', '736', '715', '865', '529', '827']
['339', '197', '977', '621', '40', '167', '672', '860', '208', '250', '903', '966', '566', '456', '155', '738', '909', '556', '385', '507', '813', '634', '901', '434', '989', '316', '941', '400', '915', '892', '953', '848', '623', '25', '747', '985', '500', '968', '894', '238', '925', '831', '945', '916', '973', '111', '653', '350', '496', '508']
['852', '739', '544', '930', '885', '910', '955', '957', '12', '298', '77', '897', '719', '563', '898', '855', '866', '980', '93', '720', '838', '94', '948', '999', '904', '404', '967', '998', '882', '24', '960', '129', '55', '291', '861', '878', '935', '775', '932', '343', '35', '986', '944', '486', '891', '981', '993', '302', '899', '874']
['271', '62', '535', '186', '17', '1', '23', '872', '740', '791', '971', '590', '902', '917', '952', '964', '908', '934', '36', '8', '632', '2', '0', '920', '6', '928', '942', '895', '924', '206', '52', '927', '947', '523', '913', '744', '721', '430', '18', '840', '364', '914', '888', '711', '959', '911', '922']
['673', '886', '5']
['185']
['103']
['606']
['414']
['680']
['142']
['214']
['141']
['76']
['285']
['268']
['784']
['99']
['34']
['85']
['60']
['746']
['217']
['119']
