['AGH', 'ATA', 'AVL', 'BBX', 'AHG', 'ANT', 'ASU', 'AHJ', 'ANB', 'AHO', 'AIY', 'AGO', 'BJX', 'ADS', 'BDJ']
['AAA', 'BCY', 'BNJ', 'AOE', 'BJH', 'AAK', 'AQC', 'BEE', 'AAH', 'BAQ', 'BKT', 'AAD', 'BOR', 'AAI', 'AAC', 'AAF', 'BFK', 'AAG', 'AWK', 'BAN', 'BIC', 'BKM', 'AAB', 'AAE', 'BND']
['AAT', 'AAS', 'ABQ', 'AAX', 'AAP', 'AAW', 'AAM', 'ABL', 'ABW', 'ABK', 'ABP', 'AAL', 'ABO', 'ABH', 'AAU', 'ABJ', 'AAO', 'AAN', 'ABB', 'ABX', 'AAV', 'ABN', 'AAY', 'ABI', 'ABE']
['ACK', 'ACX', 'ACR', 'ACW', 'ACN', 'ACV', 'ACL', 'ACM', 'ACO', 'ACF', 'ACH', 'ACT', 'ACG', 'ACB', 'ACQ', 'ADA', 'ACY', 'ACI', 'ADB', 'ACD', 'ACE', 'ACP', 'ACC', 'ACA', 'ABY']
['ADK', 'ADC', 'AEL', 'AEE', 'ADI', 'ADN', 'ADR', 'ADJ', 'AEF', 'ADD', 'AEC', 'ADP', 'AEJ', 'ADO', 'AEH', 'ADF', 'AEA', 'ADE', 'ADU', 'ADL', 'AEI', 'ADV', 'AEK', 'AEB', 'ADY']
['AFE', 'AFI', 'AEQ', 'AFU', 'AFA', 'AFB', 'AFH', 'AES', 'AFG', 'AEW', 'AFL', 'AFK', 'AFN', 'AEV', 'AEX', 'AFR', 'AET', 'AFF', 'AEO', 'AEY', 'AEU', 'AFT', 'AFS', 'AEP', 'AFO']
['AHA', 'AHB', 'AGY', 'AGU', 'AGR', 'AGM', 'AGG', 'AFY', 'AGQ', 'AGS', 'AGX', 'AGD', 'AFW', 'AGB', 'AGI', 'AGA', 'AHF', 'AGF', 'AHD', 'AGJ', 'AFV', 'AGT', 'AGK', 'AGN', 'AHC']
['AIK', 'AIE', 'AHX', 'AIG', 'AIH', 'AHS', 'AHN', 'AHL', 'AHM', 'AHV', 'AHP', 'AHU', 'AHK', 'AIA', 'AII', 'AHT', 'AHH', 'AIF', 'AID', 'AHI', 'AHY', 'AIC', 'AHQ', 'AIB', 'AHW']
['AJI', 'AJT', 'AIM', 'AJF', 'AJB', 'AIU', 'AIQ', 'AIO', 'AJQ', 'AJJ', 'AIS', 'AJC', 'AIW', 'AJL', 'AJP', 'AIN', 'AJE', 'AIT', 'AJU', 'AIR', 'AJD', 'AIX', 'AIP', 'AJK', 'AJN']
['AKM', 'AJX', 'AKP', 'AKA', 'AKF', 'AJW', 'AKE', 'AKI', 'ALB', 'AKR', 'AKS', 'AKB', 'AKC', 'AKT', 'AKW', 'AKD', 'AKH', 'AJY', 'AKN', 'AKX', 'AKU', 'ALA', 'AJV', 'AKJ', 'AKQ']
['ALM', 'ALD', 'ALE', 'ALY', 'AMC', 'ALJ', 'ALT', 'AMF', 'ALV', 'AMG', 'AMB', 'ALI', 'AME', 'ALW', 'ALX', 'ALF', 'AMA', 'ALN', 'ALP', 'ALQ', 'AMD', 'ALO', 'ALK', 'ALR', 'ALH']
['AMK', 'ANK', 'ANI', 'ANC', 'AMP', 'ANU', 'AMR', 'AND', 'AMU', 'ANM', 'ANO', 'ANG', 'AMO', 'AMJ', 'AMN', 'ANL', 'ANJ', 'ANN', 'AMM', 'AMI', 'AML', 'AMQ', 'ANQ', 'AMX', 'AMH']
['APH', 'APF', 'APK', 'AOG', 'AOY', 'AOF', 'ANY', 'AOM', 'AOU', 'AOK', 'AOO', 'AOT', 'AOW', 'AOX', 'API', 'AOD', 'AOB', 'AOP', 'APE', 'AOS', 'AOI', 'APL', 'AOH', 'AON', 'AOJ']
['AQK', 'AQA', 'AQW', 'APN', 'AQD', 'APX', 'APW', 'APS', 'AQX', 'APQ', 'AQV', 'APM', 'APR', 'AQU', 'AQQ', 'AQP', 'AQI', 'AQF', 'AQO', 'AQM', 'APO', 'AQH', 'AQS', 'APP', 'AQR']
['ARW', 'ARN', 'ART', 'ARP', 'ARR', 'ASF', 'ARV', 'ARO', 'ARK', 'ASD', 'ARQ', 'AQY', 'ARF', 'ARL', 'ARX', 'ASC', 'ASH', 'ARD', 'ARA', 'ARU', 'ARY', 'ARI', 'ARH', 'ARM', 'ARB']
['ASV', 'ASJ', 'ATN', 'ATI', 'ATL', 'ATE', 'ASI', 'ATG', 'ASL', 'ASK', 'ASQ', 'ATB', 'ATM', 'ATH', 'ASM', 'ASP', 'AST', 'ASW', 'ATF', 'ASO', 'ATD', 'ASX', 'ATK', 'ATC', 'ASY']
['AUS', 'ATR', 'ATQ', 'AUI', 'ATV', 'AUB', 'ATT', 'AUC', 'AUL', 'AUT', 'AUO', 'AUA', 'ATS', 'AUK', 'AUM', 'AUP', 'ATY', 'ATO', 'AUF', 'AUJ', 'ATX', 'AUD', 'AUH', 'AUE', 'AUN']
['AVU', 'AVI', 'AVM', 'AUX', 'AVD', 'AVX', 'AUU', 'AVW', 'AUW', 'AVC', 'AVT', 'AVB', 'AVR', 'AVE', 'AVO', 'AWA', 'AUY', 'AWC', 'AVF', 'AVK', 'AWB', 'AVY', 'AUV', 'AVS', 'AVJ']
['AWJ', 'AXC', 'AWY', 'AWP', 'AXG', 'AWF', 'AWL', 'AXR', 'AWD', 'AXN', 'AXP', 'AWX', 'AXK', 'AXS', 'AXJ', 'AXL', 'AXO', 'AWI', 'AWR', 'AWS', 'AXQ', 'AXM', 'AXF', 'AWU', 'AWE']
['AXU', 'AYX', 'AYT', 'AYW', 'AYG', 'AYL', 'AXY', 'AYO', 'AYS', 'AYF', 'AYU', 'AYA', 'AYQ', 'AXX', 'AYN', 'AYD', 'AYB', 'AYR', 'AYM', 'AYE', 'AYV', 'AYH', 'AXW', 'AYK', 'AXT']
['BBL', 'BAU', 'BAW', 'BAI', 'BAB', 'BAL', 'BAR', 'BAV', 'BBH', 'BAD', 'BBG', 'AYY', 'BAY', 'BBP', 'BBJ', 'BBC', 'BAO', 'BAT', 'BBO', 'BAA', 'BAG', 'BBF', 'BAK', 'BBN', 'BAS']
['BCD', 'BBS', 'BCB', 'BCR', 'BBY', 'BCI', 'BCU', 'BCP', 'BCV', 'BCA', 'BBV', 'BCS', 'BBQ', 'BCE', 'BCW', 'BCM', 'BBR', 'BCO', 'BBW', 'BCN', 'BBU', 'BCL', 'BCC', 'BCG', 'BCT']
['BDF', 'BEB', 'BDG', 'BDC', 'BDA', 'BDI', 'BDE', 'BDQ', 'BDB', 'BDL', 'BED', 'BDR', 'BCX', 'BDH', 'BDV', 'BDY', 'BDK', 'BDP', 'BDD', 'BDS', 'BDX', 'BDU', 'BDW', 'BEG', 'BEA']
['BEO', 'BEW', 'BFL', 'BEP', 'BFG', 'BFA', 'BFE', 'BEM', 'BFC', 'BEH', 'BES', 'BEK', 'BEQ', 'BFJ', 'BFH', 'BEJ', 'BFI', 'BFD', 'BEY', 'BEI', 'BFM', 'BEN', 'BET', 'BEU', 'BEV']
['BGP', 'BGQ', 'BGW', 'BFQ', 'BFO', 'BGF', 'BGM', 'BFR', 'BFS', 'BGH', 'BGI', 'BGG', 'BFY', 'BGB', 'BGD', 'BGV', 'BFV', 'BFN', 'BFW', 'BGT', 'BFX', 'BFU', 'BGR', 'BGL', 'BGE']
['BHB', 'BGY', 'BHN', 'BHC', 'BHY', 'BHT', 'BHV', 'BGX', 'BIA', 'BHF', 'BHK', 'BHG', 'BHR', 'BHJ', 'BHQ', 'BHA', 'BHU', 'BHD', 'BHW', 'BHO', 'BHX', 'BHI', 'BHP', 'BHS', 'BHE']
['BJA', 'BIX', 'BIR', 'BJG', 'BIM', 'BIP', 'BIB', 'BJE', 'BJC', 'BIK', 'BJB', 'BIJ', 'BIU', 'BIV', 'BJD', 'BJI', 'BIE', 'BIN', 'BIO', 'BJJ', 'BIW', 'BJF', 'BIG', 'BJK', 'BIL']
['BKN', 'BJW', 'BJT', 'BJV', 'BKD', 'BKV', 'BKG', 'BKU', 'BJO', 'BKI', 'BKS', 'BKO', 'BKC', 'BJM', 'BKJ', 'BKF', 'BKP', 'BJL', 'BJP', 'BKQ', 'BKA', 'BJY', 'BJR', 'BJU', 'BKH']
['BKY', 'BLL', 'BLX', 'BLM', 'BMA', 'BLO', 'BLT', 'BMC', 'BME', 'BLC', 'BLG', 'BLD', 'BLK', 'BLU', 'BKW', 'BLE', 'BLR', 'BLQ', 'BLH', 'BLN', 'BMD', 'BLV', 'BMF', 'BLS', 'BLY']
['BNK', 'BML', 'BMQ', 'BMY', 'BMH', 'BMO', 'BMI', 'BNF', 'BMJ', 'BMT', 'BMM', 'BNL', 'BMK', 'BNH', 'BNG', 'BNA', 'BNE', 'BMW', 'BNI', 'BMX', 'BMN', 'BMU', 'BNB', 'BMP', 'BMV']
['BOJ', 'BNX', 'BOV', 'BNP', 'BOY', 'BOT', 'BNN', 'BOS', 'BNQ', 'BNO', 'BOD', 'BOK', 'BNT', 'BOW', 'BNR', 'BOF', 'BNY', 'BOH', 'BOA', 'BNW', 'BOQ', 'BOO', 'BON', 'BOC', 'BOU']
['ABG', 'ABT', 'ADQ', 'AAJ', 'AFJ', 'ACU', 'AAR', 'AEG', 'AFC', 'ABV', 'AEN', 'ABA', 'ACS', 'ADM', 'AEM', 'ABS', 'ABM', 'AFD', 'ADT', 'ABF', 'ABD', 'AED', 'ABU', 'AAQ', 'ADX']
['AFQ', 'AKO', 'AGE', 'AKK', 'AHE', 'AHR', 'AFX', 'AIJ', 'AKL', 'AJG', 'AFM', 'AGP', 'AJO', 'AGL', 'AIL', 'AJH', 'AKV', 'AKG', 'AJM', 'AJR', 'AGC', 'AFP', 'AJS', 'AGV', 'AIV']
['ALS', 'ANH', 'ALL', 'AKY', 'AMW', 'AOQ', 'AMV', 'AMY', 'AOC', 'AOR', 'ALC', 'ANX', 'ALU', 'AMS', 'AOL', 'ANF', 'ANP', 'ALG', 'ANS', 'AMT', 'ANE', 'ANV', 'ANA', 'AOA', 'ANW']
['APT', 'ASR', 'APV', 'AQG', 'APD', 'AQE', 'AQB', 'ARE', 'AQL', 'ASG', 'ARG', 'AOV', 'ARC', 'ARS', 'ASA', 'ASB', 'ASS', 'ARJ', 'APC', 'AQT', 'APU', 'AQJ', 'APJ', 'APB', 'ASN']
['AWN', 'AWW', 'AWT', 'AUR', 'AVN', 'AVV', 'AVG', 'ATJ', 'ATP', 'AWO', 'AVQ', 'AWV', 'AWM', 'AUG', 'ATU', 'AXE', 'AWQ', 'AXD', 'AUQ', 'ATW', 'AWG', 'AXB', 'AVP', 'AVH', 'AXA']
['AYI', 'BAP', 'BBM', 'BAC', 'BCQ', 'BAE', 'BAX', 'BDM', 'AYP', 'BCK', 'BAF', 'BBT', 'BAM', 'AXI', 'AYJ', 'BBA', 'BCJ', 'AXV', 'BBB', 'BBD', 'AXH', 'AYC', 'BAH', 'BBK', 'BAJ']
['BEX', 'BER', 'BID', 'BHH', 'BDN', 'BGC', 'BEF', 'BFB', 'BIF', 'BDT', 'BGK', 'BGN', 'BGA', 'BIQ', 'BIH', 'BHM', 'BEL', 'BFP', 'BGJ', 'BFF', 'BDO', 'BHL', 'BIS', 'BGS', 'BII']
['BLP', 'BOE', 'BIY', 'BJN', 'BIT', 'BNS', 'BNU', 'BKB', 'BJS', 'BMG', 'BMS', 'BKX', 'BNV', 'BOG', 'BKK', 'BLI', 'BLJ', 'BOB', 'BLW', 'BLF', 'BMB', 'BKR', 'BLB', 'BLA', 'BNM']
['ADH', 'ADW', 'BGU', 'BOX', 'ANR', 'APA', 'BNC', 'BJQ', 'AWH', 'AQN', 'BBI', 'BEC', 'BOM', 'BOP', 'AVA', 'ADG', 'BKE', 'ABC', 'APY', 'BCF', 'BOI', 'BCH', 'AGW', 'AER', 'BOL']
['AJA']
['BGO']
['ACJ']
['APG']
['BKL']
['BBE']
['BFT']
['ASE']
['ABR']
['BMR']
