['201', '210', '214', '220', '224', '228', '230', '232', '235', '239', '240', '246', '254', '255', '259', '260', '264', '266', '272', '275']
['205', '211', '212', '215', '216', '217', '221', '222', '223', '227', '229', '236', '238', '245', '247', '249', '252', '253', '256', '261', '268', '269']
['203', '206', '208', '209', '218', '219', '225', '231', '233', '234', '237', '241', '243', '244', '250', '251', '262', '265', '267', '271']
['202', '204', '207', '213', '226', '242', '248', '257', '258', '263', '270', '273', '274', '871', '873', '874', '875', '877', '878', '879', '880']
['716', '717', '718', '719', '720', '721', '722', '726', '727', '729', '730', '881', '882', '883', '884', '885', '887', '888', '889', '890']
['641', '642', '643', '644', '645', '646', '647', '648', '649', '650', '651', '652', '653', '654', '655', '723', '724', '872', '876']
['276', '280', '281', '288', '294', '299', '300', '303', '304', '308', '314', '315', '318', '320', '331', '337', '342', '349', '350']
['287', '290', '293', '296', '297', '302', '309', '321', '322', '323', '325', '326', '328', '338', '339', '340', '343', '344', '345']
['277', '278', '279', '289', '291', '292', '295', '298', '301', '305', '306', '307', '317', '327', '330', '332', '335', '336', '341', '346', '348']
['282', '283', '284', '285', '286', '310', '311', '312', '313', '316', '319', '324', '329', '333', '334', '347', '725', '728']
['504', '514', '517', '520', '656', '657', '658', '659', '660', '661', '662', '663', '664', '665', '666', '667', '668', '669', '670']
['501', '502', '503', '505', '506', '507', '508', '509', '510', '511', '512', '513', '515', '516', '518', '519', '521', '522', '523', '524', '525']
['356', '358', '362', '365', '366', '367', '371', '375', '382', '385', '389', '403', '409', '410', '413', '419', '422', '423', '425']
['352', '355', '357', '359', '369', '372', '373', '374', '378', '381', '383', '391', '395', '396', '398', '399', '404', '405', '411', '412']
['353', '354', '360', '364', '368', '370', '379', '384', '386', '387', '388', '392', '393', '397', '402', '406', '408', '415', '417', '421', '424']
['891', '892', '893', '894', '895', '896', '897', '898', '899', '900', '981', '982', '983', '984', '985', '986', '987', '988', '989', '990']
['351', '361', '363', '376', '377', '380', '390', '394', '400', '401', '407', '414', '416', '418', '420', '869', '886', '978', '993']
['911', '912', '913', '914', '915', '916', '917', '918', '919', '920', '951', '952', '953', '954', '955', '956', '957', '958', '959', '960', '995']
['105', '117', '118', '127', '130', '145', '146', '151', '152', '156', '160', '163', '168', '172', '174', '183', '187', '188', '192']
['526', '527', '528', '529', '531', '532', '534', '535', '536', '537', '538', '539', '540', '541', '542', '543', '544', '545', '546', '547', '549', '550']
['530', '533', '548', '901', '902', '905', '907', '909', '910', '941', '942', '943', '944', '945', '946', '947', '948', '949', '950']
['109', '110', '115', '120', '121', '128', '132', '136', '138', '147', '150', '157', '161', '164', '173', '176', '177', '178', '179', '196']
['102', '104', '106', '107', '113', '114', '124', '126', '135', '139', '149', '153', '154', '162', '181', '182', '186', '191', '193', '197', '199']
['108', '112', '116', '119', '122', '133', '137', '142', '144', '148', '158', '170', '171', '184', '185', '189', '194', '195', '200']
['101', '103', '111', '123', '125', '129', '131', '134', '140', '141', '143', '155', '159', '165', '166', '167', '169', '175', '180', '190', '198']
['431', '434', '437', '438', '441', '448', '449', '450', '451', '455', '458', '464', '474', '475', '480', '481', '487', '492', '497', '498']
['426', '435', '439', '440', '443', '446', '447', '454', '459', '460', '461', '462', '463', '467', '471', '472', '476', '477', '484', '488', '500']
['427', '428', '429', '430', '432', '433', '436', '445', '453', '456', '466', '468', '473', '483', '486', '490', '491', '493', '494', '495', '496']
['442', '444', '452', '457', '465', '469', '470', '478', '479', '482', '485', '489', '499', '861', '862', '863', '864', '865', '866', '867', '868', '870']
['961', '962', '963', '964', '965', '966', '967', '968', '969', '970', '991', '992', '994', '996', '997', '998', '999', '1000']
['776', '777', '778', '779', '780', '781', '782', '783', '784', '785', '786', '787', '788', '789', '790', '903', '904', '906']
['791', '792', '793', '794', '795', '796', '797', '798', '799', '800', '801', '802', '803', '804', '805', '971', '974', '975', '976', '977', '980']
['576', '577', '578', '579', '580', '581', '582', '583', '584', '585', '587', '588', '590', '591', '592', '593', '594', '595', '596', '597', '598', '599', '600']
['586', '589', '806', '807', '808', '809', '810', '811', '812', '813', '814', '815', '816', '817', '818', '819', '820', '972', '973', '979']
['671', '672', '673', '674', '675', '676', '677', '678', '679', '680', '681', '682', '683', '684', '685', '775', '908']
['551', '552', '556', '557', '572', '761', '762', '763', '764', '765', '766', '767', '768', '769', '770', '771', '772', '773', '774']
['553', '554', '555', '558', '559', '560', '561', '562', '563', '564', '565', '566', '567', '568', '569', '570', '571', '573', '574', '575']
['746', '747', '748', '749', '750', '751', '752', '753', '754', '755', '756', '757', '758', '759', '760', '932', '934', '938', '939', '940']
['1', '6', '13', '15', '18', '20', '25', '26', '28', '30', '31', '38', '44', '63', '68', '71', '72', '82', '92', '95', '100']
['12', '24', '27', '29', '37', '40', '41', '46', '48', '49', '52', '53', '64', '65', '66', '83', '96', '97', '99']
['4', '7', '10', '11', '23', '32', '33', '34', '35', '39', '45', '50', '54', '56', '60', '62', '67', '78', '85', '86']
['2', '8', '14', '16', '17', '36', '42', '43', '55', '59', '69', '73', '75', '76', '77', '81', '89', '90', '91', '93', '98']
['3', '5', '9', '19', '21', '22', '47', '51', '57', '58', '61', '70', '74', '79', '80', '84', '87', '88', '94']
['686', '687', '688', '689', '690', '691', '692', '693', '694', '695', '696', '697', '698', '699', '700', '931', '933', '935', '936', '937']
['731', '732', '733', '734', '735', '736', '737', '738', '739', '740', '741', '742', '743', '744', '745', '852', '853', '855', '858', '860']
['821', '822', '823', '824', '825', '826', '827', '828', '829', '830', '831', '832', '833', '834', '835', '851', '854', '856', '857', '859']
['709', '714', '715', '836', '837', '838', '839', '840', '841', '842', '843', '844', '845', '846', '847', '848', '849', '850']
['701', '702', '703', '704', '705', '706', '707', '708', '710', '711', '712', '713', '921', '922', '923', '924', '925', '926', '927', '928', '929', '930']
['609', '611', '615', '618', '626', '627', '628', '629', '630', '631', '632', '633', '634', '635', '636', '637', '638', '639', '640']
['601', '602', '603', '604', '605', '606', '607', '608', '610', '612', '613', '614', '616', '617', '619', '620', '621', '622', '623', '624', '625']
