['21', '36', '37', '50', '87', '143', '157', '159', '173', '193', '230', '282', '302', '319', '347', '363', '368', '409', '503', '597', '605', '609', '620', '670', '684', '693', '709', '716', '722', '748', '797', '900', '939', '973', '992']
['2', '11', '12', '14', '16', '17', '18', '19', '23', '24', '26', '41', '72', '225', '227', '232', '267', '286', '339', '351', '391', '379', '437', '538', '675', '714', '752', '784', '791', '826', '848', '864', '898', '880', '944']
['48', '256', '257', '258', '265', '268', '270', '271', '252', '253', '254', '275', '287', '298', '322', '352', '416', '426', '461', '492', '511', '541', '574', '598', '679', '696', '702', '712', '723', '741', '782', '863', '921', '938', '983']
['20', '64', '91', '125', '224', '243', '260', '261', '269', '255', '280', '294', '295', '299', '305', '312', '329', '335', '381', '432', '519', '539', '548', '589', '618', '685', '692', '729', '815', '824', '857', '893', '910', '933', '991']
['7', '44', '49', '71', '83', '102', '109', '110', '112', '116', '120', '122', '123', '129', '132', '127', '152', '221', '279', '340', '358', '560', '600', '622', '626', '632', '637', '695', '698', '747', '758', '776', '788', '914', '924']
['66', '199', '206', '218', '223', '231', '237', '242', '245', '248', '259', '272', '273', '251', '291', '292', '300', '332', '344', '454', '484', '489', '518', '536', '551', '575', '616', '657', '662', '707', '754', '871', '878', '951', '958']
['105', '311', '493', '596', '621', '640', '667', '810', '813', '821', '956', '996']
['13', '39', '92', '96', '100', '103', '104', '108', '111', '113', '118', '153', '167', '179', '228', '317', '327', '349', '419', '427', '450', '479', '524', '537', '561', '655', '739', '765', '807', '819', '847', '907', '943', '962', '967']
['473', '505', '507', '643', '629', '732', '787', '890', '920', '995']
['483', '552', '612', '628', '772', '825', '915', '954', '979']
['6', '28', '42', '60', '68', '76', '79', '81', '82', '117', '133', '182', '183', '236', '308', '350', '387', '382', '415', '441', '449', '453', '460', '480', '545', '584', '591', '631', '654', '717', '768', '766', '862', '879', '968']
['9', '34', '62', '70', '78', '85', '86', '174', '180', '198', '276', '278', '285', '309', '394', '440', '469', '470', '502', '543', '579', '663', '669', '724', '743', '745', '749', '751', '805', '806', '809', '860', '919', '952', '984']
['146', '150', '155', '158', '160', '164', '165', '166', '168', '169', '170', '171', '172', '226', '233', '281', '283', '296', '297', '321', '420', '463', '501', '510', '607', '627', '671', '681', '704', '742', '834', '897', '912', '937', '953']
['402', '478', '592', '604', '613', '615', '656', '817', '820', '845', '964', '971', '978']
['149', '151', '185', '186', '200', '201', '202', '209', '210', '211', '212', '213', '234', '241', '263', '264', '266', '303', '304', '318', '320', '361', '401', '406', '500', '563', '583', '619', '635', '664', '668', '715', '859', '959', '977']
['465', '468', '475', '496', '585', '650', '886', '941']
['547', '573', '639', '677', '770']
['485', '534', '624', '646', '687', '699', '757', '764', '779', '875', '917']
['456', '464', '477', '515', '568', '595', '641', '666', '694', '733', '761', '804', '922', '929', '934']
['33', '523', '555', '649', '673', '689', '808', '812', '846', '993']
['338', '356', '499', '506', '508', '544', '730', '759', '802', '829', '831', '849', '884', '887', '903']
['15', '57', '94', '95', '97', '99', '106', '128', '137', '142', '177', '215', '326', '330', '355', '393', '378', '471', '504', '527', '531', '554', '557', '582', '683', '701', '786', '789', '794', '811', '867', '895', '909', '974', '985']
['25', '27', '29', '30', '74', '84', '98', '134', '161', '235', '274', '342', '359', '400', '448', '452', '459', '474', '481', '486', '580', '636', '682', '705', '710', '790', '822', '839', '869', '873', '911', '926', '972', '981', '988']
['1', '3', '10', '31', '52', '136', '163', '189', '203', '277', '293', '348', '357', '364', '423', '430', '435', '525', '558', '603', '652', '711', '798', '816', '836', '837', '842', '853', '902', '906', '927', '940', '945', '957', '982']
['8', '32', '89', '114', '156', '334', '337', '353', '360', '362', '365', '366', '367', '369', '371', '372', '373', '384', '388', '390', '397', '410', '411', '433', '529', '576', '660', '661', '753', '795', '799', '861', '870', '942', '997']
['0', '5', '43', '59', '63', '69', '124', '181', '184', '250', '301', '307', '343', '345', '385', '392', '383', '451', '509', '540', '633', '634', '676', '686', '719', '725', '740', '744', '778', '803', '858', '874', '931', '936', '986']
['147', '148', '396', '488', '533', '587', '594', '606', '737', '755', '800', '828', '999']
['466', '514', '556', '602', '611', '771', '830', '855', '881', '916']
['80', '328', '336', '458', '467', '513', '516', '566', '659', '697', '721', '727', '844', '872', '891', '950']
['4', '61', '101', '107', '115', '119', '121', '135', '140', '144', '178', '192', '216', '240', '249', '306', '323', '376', '429', '472', '482', '517', '578', '581', '590', '601', '738', '775', '796', '835', '888', '892', '901', '961', '989']
['53', '395', '398', '457', '532', '550', '569', '593', '658', '674', '691', '746', '792', '850', '866', '889', '904', '913', '918', '970']
['495', '520', '614', '647', '638', '680', '728', '777', '851', '935', '955']
['487', '494', '512', '521', '542', '549', '672', '700', '827', '854', '905', '923', '966']
['35', '40', '46', '47', '73', '75', '77', '93', '131', '138', '141', '145', '284', '315', '346', '370', '374', '414', '490', '491', '497', '577', '599', '610', '678', '708', '713', '720', '731', '774', '760', '783', '785', '801', '963']
['567', '586', '718', '735', '769', '750', '781', '814', '833', '868', '908']
['38', '65', '88', '162', '187', '188', '191', '214', '238', '239', '246', '247', '262', '288', '290', '310', '313', '314', '316', '354', '530', '562', '588', '630', '690', '780', '818', '823', '838', '843', '876', '877', '930', '947', '975']
['154', '176', '190', '194', '195', '196', '197', '204', '205', '207', '208', '217', '220', '222', '289', '380', '408', '413', '498', '522', '570', '608', '644', '645', '653', '773', '852', '856', '882', '883', '894', '969', '987', '990', '998']
['219', '229', '325', '331', '341', '399', '375', '377', '403', '404', '405', '407', '412', '417', '418', '421', '422', '424', '425', '428', '446', '526', '546', '625', '688', '736', '762', '763', '832', '865', '925', '949', '960', '976', '980']
['90', '130', '139', '324', '434', '436', '438', '439', '442', '443', '444', '445', '447', '455', '462', '553', '565', '571', '642', '648', '703', '734', '793', '841', '885', '932', '965', '994']
['22', '45', '51', '54', '55', '56', '58', '67', '126', '175', '244', '333', '386', '389', '431', '476', '528', '535', '559', '564', '572', '617', '623', '651', '665', '706', '726', '756', '767', '840', '896', '899', '928', '946', '948']
