['Ocie', 'Kasey', 'Laticia', 'Caitlyn', 'Lasonya', 'Gisela', 'Naida', 'Eustolia', 'Lue', 'Marquis', 'Reita', 'Alton', 'Winford', 'Lilly', 'Garland', 'Doyle']
['Margart', 'Arcelia', 'Kylie', 'Amada', 'Rachael', 'Retta', 'Irma', 'Odell', 'Laraine', 'Kimbra', 'Claretha', 'Randa', 'Phylis', 'Aaron', 'Antoinette', 'Latia', 'Dewitt', 'Shelton', 'Roxane', 'Destiny']
['Valorie', 'Charisse', 'Carolee', 'Alvera', 'Tamisha', 'Raul', 'Marcella', 'Emmanuel', 'Elicia', 'Alicia', 'Stephani', 'Dewayne', 'Honey', 'Marvis', 'Robert', 'Raleigh', 'Jefferey', 'Joan', 'Rolando', 'Tracie']
['Joelle', 'Leila', 'Alane', 'Vernia', 'Charmaine', 'Jeffrey', 'Delmar', 'Hillary', 'Chas', 'Glenna', 'Miranda', 'Rodrigo', 'Adah', 'Flavia', 'Oscar', 'Glenda', 'Debora', 'Marlo', 'Treena', 'Irena']
['Aretha', 'Theo', 'Grant', 'Trena', 'Alex', 'Ella', 'Jina', 'Vivien', 'Travis', 'Lezlie', 'Annamarie', 'Kim', 'Rosalba', 'Wes', 'Bertha', 'Eloisa', 'Jami', 'Orval', 'Rosalee', 'Meagan']
['Porter', 'Verona', 'Lauren', 'Lola', 'Kelly', 'Griselda', 'Hayden', 'Alvin', 'Logan', 'Michaela', 'Leilani', 'Chang', 'Hassan', 'Clara', 'Kris', 'Riley', 'Marilynn', 'Gerard', 'Nieves', 'German']
['Sharan', 'Johnny', 'Imogene', 'Jacque', 'Oswaldo', 'Sharilyn', 'Elfrieda', 'Florencio', 'Hortense', 'Lizabeth', 'Jay', 'Dagmar', 'Hershel', 'Pearlie', 'Nathalie', 'Edmond', 'Lucia', 'Nadia', 'Renetta', 'Altagracia']
['Russell', 'Eufemia', 'Fanny', 'Freddie', 'Cleotilde', 'Percy', 'Jesus', 'Marion', 'Kareem', 'Tameika', 'Florinda', 'Camelia', 'Chester', 'Stanley', 'Enola', 'Marcie', 'Lyn', 'Lashay', 'Sheldon', 'Audie']
['June', 'Loren', 'Merrill', 'Vincenzo', 'Alexandra', 'In', 'Sharla', 'Leontine', 'Alfred', 'Osvaldo', 'Chance', 'Joye', 'Darrel', 'Hui', 'Latoya', 'Dora', 'Elenora', 'Naomi', 'Artie', 'Louise']
['Mariah', 'Cristi', 'Nickolas', 'Loria', 'Kirstin', 'Tanisha', 'Neida', 'Tai', 'Jennie', 'Clarice', 'Frederic', 'Isabel', 'Murray', 'Jama', 'Janetta', 'Renea', 'Selma', 'Harvey', 'Terry', 'Clarinda']
['Nohemi', 'Dorthea', 'Junior', 'Antonette', 'Taneka', 'Randall', 'Rita', 'Easter', 'Houston', 'Mariano', 'Susan', 'Lisa', 'Spencer', 'Vernon', 'Antonina', 'Dion', 'Tamala', 'Trey', 'Almeta', 'Lyndon']
['Esperanza', 'Anabel', 'Hyun', 'Elvie', 'Christiane', 'Shavon', 'Oma', 'Jae', 'Brendon', 'Allena', 'Elliott', 'Ambrose', 'Deirdre', 'Tyisha', 'Danial', 'Clyde', 'Tammi', 'Shaun', 'Angella', 'Marcos']
['Jeanette', 'Pa', 'Leonida', 'Carline', 'Alpha', 'Leonard', 'Magdalene', 'Deedee', 'Alec', 'Milissa', 'Juliet', 'Rodger', 'Rheba', 'Vada', 'Stanford', 'Herlinda', 'Omar', 'Susannah', 'Alla', 'Janell']
['Heath', 'Emilia', 'Jaqueline', 'Dave', 'Agustin', 'Vena', 'Soledad', 'Ila', 'Brandie', 'Sana', 'Vita', 'Teddy', 'Akiko', 'Dione', 'David', 'Catherine', 'Meg', 'Wallace', 'Kara', 'Tarsha']
['Lillia', 'Candance', 'Dean', 'Tory', 'Jennefer', 'Milagros', 'Lisbeth', 'Joeann', 'Tony', 'Elodia', 'Bea', 'Hobert', 'Erna', 'Edmundo', 'Andreas', 'Mallie', 'Miguel', 'Natividad', 'Kirstie', 'Samara']
['Chrissy', 'Deon', 'Precious', 'Linnie', 'Mohamed', 'Gus', 'Thea', 'Theressa', 'Earline', 'Daron', 'Sabrina', 'Micheal', 'Dexter', 'Lashandra', 'Noreen', 'Penelope', 'Lyle', 'Ezequiel', 'Lane', 'Fonda']
['August', 'Salome', 'Esther', 'Genesis', 'Krystle', 'Holley', 'Edda', 'Celia', 'Lanora', 'Leota', 'Juliette', 'Jeanetta', 'Jamila', 'Charlene', 'Thalia', 'Tomi', 'Jeniffer', 'Danilo', 'Irene', 'Dixie']
['Majorie', 'Cammie', 'Mitzi', 'Graham', 'Tanesha', 'Shayna', 'Simon', 'Jonell', 'Stewart', 'Julia', 'Clay', 'Iris', 'Rosalie', 'Telma', 'Maryanne', 'Sybil', 'Lula', 'Bryan', 'Jamaal', 'Hal']
['Kisha', 'Sanda', 'Nelly', 'Karl', 'Louetta', 'Pamila', 'Angelina', 'Sherman', 'Harris', 'Cherryl', 'Sheena', 'Mack', 'Lala', 'Temika', 'Tricia', 'Clement', 'Iliana', 'Brain', 'Vanessa', 'Neal']
['Lynn', 'Maximo', 'Elyse', 'Bailey', 'Rudolf', 'Hilda', 'Tobi', 'Elsa', 'Genoveva', 'Virginia', 'Jorge', 'Elaine', 'Catalina', 'Pasquale', 'Valeria', 'Alonzo', 'Exie', 'Maurine', 'Randi', 'Helena']
['Lon', 'Ellis', 'Marilee', 'Clarita', 'Elijah', 'Dottie', 'Antionette', 'Janiece', 'Miriam', 'Marcellus', 'Felecia', 'Adolph', 'Kiara', 'Carmelita', 'Maria', 'Jerica', 'Verna', 'Karissa', 'Aleisha', 'Carolynn']
['Zada', 'Val', 'Ara', 'Lennie', 'Sharmaine', 'Birdie', 'Sunday', 'Sonya', 'Bridgett', 'Lucretia', 'Tena', 'Eneida', 'Joya', 'Leopoldo', 'Otha', 'Alita', 'Guadalupe', 'Eduardo', 'Jacquelynn', 'Judie']
['Roxanne', 'Hanna', 'Sophia', 'Alfredo', 'Ophelia', 'Alesha', 'Josie', 'Jerrell', 'Selena', 'Vania', 'Hilma', 'India', 'Angela', 'Emanuel', 'Herman', 'Leandra', 'Kamilah', 'Latricia', 'Janis', 'Keshia']
['Bill', 'Jaimie', 'Risa', 'Latanya', 'Marcelo', 'Deja', 'Vance', 'Yer', 'Wilmer', 'Carmella', 'Demetrice', 'Hye', 'Suzi', 'Anya', 'Monet', 'Roslyn', 'Vicente', 'Gilberto', 'Janyce', 'Paul']
['Neva', 'Tawanna', 'Alysha', 'Coleman', 'Alden', 'Glory', 'Dennis', 'Patricia', 'Regine', 'Wilford', 'Nicolas', 'Zachariah', 'Gilma', 'Elizebeth', 'Darius', 'Myrtle', 'Cassy', 'Jackelyn', 'Elinor', 'Harriet']
['Sandra', 'Isaura', 'Loma', 'Leah', 'Branden', 'Van', 'Charla', 'Thuy', 'Dorathy', 'Buddy', 'Phillip', 'Adelaide', 'Beatrice', 'Ranee', 'Sung', 'Theresa', 'Harland', 'Dominque', 'Oleta', 'Alyson']
['Beulah', 'Lois', 'Dortha', 'Charleen', 'Lila', 'Onie', 'Jerri', 'Camilla', 'Carlyn', 'Barb', 'Dorcas', 'Perry', 'Hubert', 'Cherise', 'Carmine', 'Jacelyn', 'Maris', 'Rhiannon', 'Florencia', 'Azalee']
['Ressie', 'Song', 'Brenton', 'Susanna', 'Eartha', 'Idell', 'Caryl', 'Fairy', 'Mckenzie', 'Rick', 'Jacinto', 'Wendie', 'Nelda', 'Chelsie', 'Yang', 'Tawny', 'Hester', 'Micha', 'Prince', 'Delois']
['Antoine', 'Madie', 'Gregoria', 'Deshawn', 'Gertie', 'Tabitha', 'Lavon', 'Myrtice', 'Felicita', 'Genevive', 'Dustin', 'Kurt', 'Ardis', 'Madlyn', 'Edythe', 'Rebbeca', 'Gil', 'Enoch', 'Jaclyn', 'Adrianna']
['Mauro', 'Pam', 'Dionne', 'Elnora', 'Roma', 'Ann', 'Georgiana', 'Faye', 'Martha', 'Yu', 'Danna', 'Jene', 'Gaynell', 'Vernita', 'Daniel', 'Justine', 'Rasheeda', 'Aline', 'Olimpia', 'Maybelle']
['Cassi', 'Kristina', 'Verla', 'Karen', 'Corinna', 'Heriberto', 'Joline', 'Toby', 'Damion', 'Diamond', 'Yuk', 'Gwen', 'Anh', 'Kylee', 'Delena', 'Delta', 'Vonda', 'Lavette', 'Enriqueta', 'Guillermina']
['Gladys', 'Elaina', 'Liane', 'Damian', 'Imelda', 'Marvel', 'Daisy', 'Dayna', 'Providencia', 'Lorri', 'Piper', 'Karina', 'Loan', 'Darleen', 'Donna', 'Mariko', 'Kathi', 'Daren', 'Archie', 'Tennille']
['Bernadine', 'Wilburn', 'Chase', 'Shellie', 'Courtney', 'Jon', 'Genie', 'Jarod', 'Clementine', 'Vanita', 'Alphonso', 'Kate', 'Deloras', 'Michiko', 'Jodi', 'Patrick', 'Dinah', 'Willa', 'Laurence', 'Lynette']
['Amy', 'Ebony', 'Isidro', 'Sang', 'Norbert', 'Jannie', 'Tisha', 'Jessenia', 'Evelin', 'Lelah', 'Lisette', 'Estella', 'Ettie', 'Michele', 'Mirtha', 'Emelia', 'Sharolyn', 'Luise', 'Tamar', 'Elisa']
['Kristen', 'Tamela', 'Jimmie', 'Leona', 'Leonor', 'Xochitl', 'Elvin', 'Vesta', 'Deena', 'Janet', 'Sheron', 'Yanira', 'Kermit', 'Linda', 'Georgina', 'Tim', 'Tasha', 'Jenae', 'Mazie', 'Kymberly']
['Noe', 'April', 'Meridith', 'Ute', 'Colette', 'Jill', 'Earleen', 'Cassidy', 'Ofelia', 'Edgar', 'Alberto', 'Erlene', 'Malka', 'Elvira', 'Dalia', 'Nina', 'Christin', 'Lonnie', 'Frederica', 'Elisabeth']
['Zoraida', 'Ok', 'Lela', 'Opal', 'Chan', 'Karmen', 'Arlene', 'Era', 'Yevette', 'Nicole', 'Tamica', 'Kurtis', 'Hilario', 'Byron', 'Carson', 'Delmy', 'Sharlene', 'Tyesha', 'Charley', 'Tarah']
['Kristi', 'Angeline', 'Clinton', 'Deana', 'Saul', 'Mariette', 'Darwin', 'Annabel', 'Dorene', 'Jeremy', 'Darnell', 'Olevia', 'Pinkie', 'Piedad', 'Clarence', 'Marci', 'Princess', 'Tressa', 'Marvin', 'Kristopher']
['Inga', 'Millicent', 'Alexa', 'Zena', 'Felix', 'Whitney', 'Carmon', 'Tina', 'Eugene', 'Tiffani', 'Cortney', 'Refugio', 'Dong', 'Kendall', 'Xuan', 'Madison', 'Marquitta', 'Rachel', 'Horace', 'Claudie']
['Ema', 'Toya', 'Loura', 'Beverley', 'Eve', 'Gerardo', 'Ryann', 'Oneida', 'Clifton', 'Xavier', 'Jan', 'Elena', 'Hiroko', 'Lamonica', 'Earnest', 'Helene', 'Sharell', 'Clarissa', 'Heide', 'Lucas']
['Bonnie', 'Kyung', 'Savanna', 'An', 'Elvia', 'Joanne', 'Lorelei', 'Cassie', 'Kay', 'Ron', 'Danita', 'Dusti', 'Sherwood', 'Lana', 'Alethia', 'Garret', 'Louella', 'Jade', 'Rima', 'Martin']
['Son']
['Chun']
['Shonda']
['Kitty']
