['352', '788', '789']
['425', '540', '754', '808', '915']
['603', '634', '832']
['701', '772', '835']
['177', '691', '947']
['28', '472', '937']
['252', '588', '882', '929']
['354', '586']
['141', '388', '906']
['232']
['35']
[]
['612']
['392', '550']
['231', '334', '410', '431']
['154']
['51', '750']
['597', '813', '986']
['158']
[]
['101', '144', '217', '309', '463']
['128']
[]
[]
['179', '374', '545']
['31', '165', '258', '562', '983']
['486', '933', '998']
['280', '283', '458']
['15', '288', '941', '967']
[]
['26', '53', '60', '107', '714', '863', '891']
[]
['189']
['47', '139', '317', '568']
['96', '123', '579']
['259', '637']
['446', '742']
['596', '624', '888']
['106', '336', '444']
['437']
['405', '449']
['303', '353', '875']
[]
[]
[]
['274', '903']
['208']
['849']
['350']
['114', '136']
['490', '707', '775', '784', '818']
['183', '468', '569', '613', '821']
['833', '950']
[]
['25', '215']
['192', '219', '470', '855', '859']
['773']
['167']
['180', '741']
['48', '936', '976']
['122', '502']
['198', '703']
['724']
['7', '279', '626', '836']
['440', '651']
['302', '972']
['275']
['498']
['909']
['566']
['88', '397', '807']
['371', '493', '942']
[]
['299', '400']
['964']
['860', '905']
['222']
['323', '339']
['266', '307']
['115', '464', '635', '722', '885']
[]
['186', '286', '751', '794']
['218', '239', '969']
['94']
['130', '312', '621']
['484', '664', '736']
['22']
['17', '856']
['62', '148']
['363']
['268', '649', '854']
['234', '657', '918']
['582', '620', '762', '874']
['520', '662', '766']
['792']
['730', '781', '953']
['187']
['36', '126', '816']
['83', '709']
['740']
['12', '212', '375']
['175', '564']
['546']
['338']
['43', '704']
['692', '876']
[]
['522', '943']
[]
['505']
['46', '518', '595']
[]
['477']
[]
['433', '760']
['758', '930']
['944']
['151', '164', '989']
['496', '796']
['355']
['614', '871', '914', '999']
[]
['376', '462']
['587', '793']
['152', '698', '778']
[]
['38']
['102', '135']
['387', '561']
['430']
['267', '578']
['394', '629', '738']
['64', '243', '695', '828', '870', '922']
['798']
['380', '721', '767', '820']
['73', '191', '908']
['465', '500', '769', '843']
['700']
['445', '887']
['161', '340']
['227', '246', '756', '774', '884']
['178', '332', '666']
['99', '142', '454', '560', '687']
['8', '277', '310']
['381', '665']
['948']
[]
['829']
['800', '890']
['11', '549']
['305']
['29', '801', '809', '852']
['68']
['795']
['24', '504']
['89', '138']
['672']
['322', '619']
['296', '435']
['880']
['228', '314', '686', '911']
['699']
['86', '667']
[]
['2', '197']
['671']
['13', '195', '995']
['732']
['253', '255', '877']
['412', '745']
['928']
[]
[]
['16', '149']
['140', '200', '281']
['72']
['660', '902']
[]
[]
['23', '247', '797', '899', '904']
['469', '611']
['55', '276', '428']
[]
['245', '570']
['137']
['49', '209']
['654', '680', '988']
['113', '117', '182', '242', '974']
['407']
['650']
['111', '840']
['329', '755', '996']
['406', '585']
['600']
['75', '461']
['506']
[]
[]
['82', '129', '308', '739']
['289', '594', '702']
[]
[]
[]
['116']
[]
['80', '193', '278', '598', '718']
['157', '471', '853']
['640', '825']
['552']
['548', '810']
['361', '501', '648']
['938']
['110', '553']
['98', '109']
['497']
['171', '401', '592', '927']
['271', '328', '420']
['693']
[]
['6', '481', '881']
['74']
['896', '916']
['439', '531', '961']
['459', '728']
['503', '834', '949']
['575']
['159', '541']
['358', '487']
['848']
['851', '900']
['58']
['133', '573', '764']
[]
['147', '631', '975']
['166', '181', '377', '583']
['270', '599']
['169', '514', '617', '811']
['56', '316', '696', '771', '952']
['646', '955', '962']
['652']
[]
['544']
['18']
[]
['65']
['426', '799']
['398', '455']
['830']
['495', '868']
[]
['326', '452', '759']
['150']
['819']
['124', '931']
['9', '925']
['473']
['229']
['318', '921']
['146', '744']
['21', '127', '418']
['536', '605']
['413', '516', '894']
['390', '450', '537']
['59', '623']
['489', '765']
[]
['347']
['39', '985']
[]
[]
['642']
['475', '971']
['973']
['33', '717']
['567', '895', '940']
['378']
['786', '814']
['782', '787', '790']
['120', '356', '366']
['396', '878', '993']
['436']
['447']
['499', '534']
['416', '424']
['482']
['748']
['134']
['403', '491']
['763', '777', '913']
[]
[]
['221', '368']
['5', '385', '554']
['260', '362', '839', '893', '920']
['576', '990']
['230']
['360', '867', '869']
['404', '508', '636']
['746']
[]
['357', '417', '443', '643']
['319']
[]
['10', '250', '273', '331', '565']
['476', '727']
['577']
['78', '935']
['105']
['752']
['199', '343', '966']
['411']
['3', '70', '862', '879']
[]
['735']
['365', '383']
['395', '719', '926']
['61', '364']
['42']
['44', '422', '557', '606', '689', '850', '866']
[]
['87', '647']
['438']
['76']
[]
['708']
['125', '556', '785']
['456', '659']
['815']
['103']
['14']
[]
['170', '173', '538', '607', '670', '684', '826', '907']
['45', '539', '681']
['349', '543', '679']
['206']
['1', '509', '932']
['638', '864']
['251', '512', '883']
['530', '593']
['188', '382', '399', '507', '521']
['32', '131', '327', '676', '805', '812']
['202', '415', '429', '678', '757', '897']
['802']
['320']
['768']
['225', '293', '892']
['511', '581', '639']
[]
['184', '715', '968']
['726', '960']
['143', '254', '711', '934']
['204', '263', '770', '791']
['162', '348', '924']
['207', '391', '448', '939']
['20', '244', '294', '384', '753']
['823', '838']
['535']
['393', '720', '858']
['163']
['337', '432', '559']
[]
[]
['519']
[]
['269']
['389', '451', '663']
['196', '203', '467']
['423', '965']
[]
['525']
['172', '712']
['590']
['69', '168', '237', '547', '723', '981']
[]
['4', '67', '608', '705']
['287', '517', '749', '980']
['216', '248', '284', '532']
['63', '210', '291', '292']
['153', '831', '963']
['297', '984', '992']
['30', '97', '479']
['673']
['81', '645', '668']
['480']
['201', '223', '847']
['601']
['313', '780', '977']
['261', '321', '529']
['524', '527']
['156', '214', '513', '865', '951']
[]
['324']
['90', '300', '344', '551', '844', '872']
['84', '369', '912']
['370']
[]
['66', '100', '408', '761', '824']
['615']
[]
['658', '779']
['40', '160', '466', '743']
['628', '842', '956']
['682', '873']
['683']
['526']
['325', '958']
['19', '71', '609']
['112', '185', '194', '641']
['213', '861', '946']
[]
['804']
['290', '421', '994']
['688']
[]
['93', '238', '373']
['176', '236', '333', '747']
['205', '776']
['0']
['731']
[]
['295', '341', '625']
['235']
['118', '414', '978']
['510']
[]
['457']
['77', '119', '226', '272']
['845']
['190', '304', '725', '987']
[]
['783', '822']
['174', '492', '669', '817']
['580', '589']
['803', '857']
['50', '121', '265', '563', '716']
[]
['710', '957']
['37', '79', '240', '555', '674']
['298']
[]
['690', '837']
[]
['453']
['604']
[]
['92']
['901']
[]
['359']
[]
[]
[]
['54', '898']
['41', '367', '697']
['145', '616', '733']
['841', '954']
['345', '460']
[]
['262']
['427', '610']
['306', '351', '442']
['655', '846']
['220', '434', '528', '630']
['241', '474', '523', '633']
['622', '677', '713']
['533']
['233', '409', '910']
['806', '997']
[]
['155', '256', '574', '979']
['402']
['335', '515', '572', '632']
['386', '729']
['57', '488', '675']
[]
['737']
['34', '249', '644', '694', '886']
['923']
['91', '315', '346', '379']
['419', '494', '558', '706', '917', '959', '982', '991']
['108', '282', '685']
['104', '734', '970']
[]
['85', '301', '945']
['285', '584']
['211']
['602', '656']
['478']
['95', '330']
['52']
['542', '591']
['27', '342', '483', '485', '627', '661', '827']
['571']
['132', '224', '441', '618']
['264', '372']
['311']
['257']
[]
['889', '919']
['653']
