['58', '59', '344', '403', '529', '561', '580', '581', '650', '866', '944']
['9', '214', '236', '280', '297', '451', '562', '691', '805', '853', '941']
['27', '138', '229', '640', '788', '865', '924', '978', '979']
['63', '144', '198', '218', '462', '570', '619', '631', '746', '962']
['84', '106', '112', '409', '533', '688', '818', '843', '868', '961', '991']
['30', '120', '205', '535', '569', '575', '867', '871', '872', '932']
['13', '133', '201', '212', '609', '911', '912', '992']
['148', '215', '313', '314', '356', '682', '833', '834', '836', '953']
['132', '237', '375', '617', '618', '679', '701', '730', '759', '960', '986']
['49', '312', '406', '472', '477', '661', '684', '697']
['31', '50', '230', '272', '380', '420', '444', '458', '717', '985']
['118', '166', '360', '421', '473', '534', '548', '699', '700', '913', '990']
['139', '265', '389', '505', '772', '779', '804', '850', '869', '885']
['140', '176', '370', '502', '503', '510', '556', '610', '864']
['439', '672', '683', '686', '744', '745', '778', '817', '841']
['91', '255', '262', '393', '431', '438', '635', '736', '754', '823', '847', '921']
['100', '168', '195', '245', '246', '254', '256', '261', '318']
['5', '292', '372', '506', '557', '652', '767', '796', '914', '927']
['1', '41', '65', '147', '170', '259', '274', '626', '690', '715']
['88', '177', '342', '349', '425', '435', '437', '470', '968']
['607', '696', '737', '748', '802', '803', '863', '897']
['80', '200', '302', '330', '388', '436', '494', '648', '649', '675']
['72', '149', '165', '199', '308', '387', '424', '739', '790', '926', '994']
['135', '167', '303', '358', '447', '455', '554', '716', '925', '980']
['40', '101', '136', '151', '174', '572', '585', '660', '676', '756', '771', '829']
['73', '152', '300', '338', '357', '377', '490', '558', '571', '574', '784', '982']
['43', '153', '355', '493', '515', '578', '597', '621', '629', '875']
['117', '339', '369', '624', '694', '731', '732', '766', '814']
['7', '33', '39', '105', '337', '485', '512', '521', '765', '783', '860', '905']
['10', '28', '42', '74', '266', '408', '445', '496', '552']
['104', '217', '291', '410', '411', '603', '627', '895', '963']
['46', '81', '354', '383', '501', '528', '613', '743', '791']
['29', '161', '184', '412', '559', '560', '586', '630', '703', '798', '842']
['34', '102', '121', '131', '164', '197', '301', '352', '576', '689', '713', '838']
['189', '213', '231', '267', '285', '310', '353', '423', '704', '749']
['35', '83', '94', '129', '233', '622', '680', '710', '711']
['340', '465', '467', '491', '513', '525', '527', '752', '969']
['48', '210', '226', '264', '325', '384', '463', '517', '734', '822', '933']
['113', '114', '221', '225', '322', '323', '324', '382', '418', '514', '568', '832']
['220', '239', '417', '456', '476', '596', '669', '764', '945', '964']
['99', '134', '186', '238', '341', '373', '374', '413', '709']
['115', '216', '279', '432', '446', '712', '725', '797', '984']
['222', '328', '404', '526', '540', '604', '747', '827', '976']
['343', '394', '400', '401', '577', '595', '678', '723', '844']
['203', '211', '299', '573', '590', '623', '657', '681', '908', '942']
['17', '25', '243', '457', '461', '469', '605', '608', '637', '777', '870', '909']
['4', '85', '348', '459', '668', '729', '888', '910', '949', '954']
['16', '32', '363', '415', '422', '460', '677', '846', '894', '907', '966']
['110', '334', '361', '464', '474', '508', '667', '735', '780']
['232', '632', '663', '708', '773', '845', '901', '967']
['69', '130', '141', '298', '488', '840', '902', '946', '947']
['47', '173', '332', '545', '673', '685', '706', '707', '776', '839', '995']
['248', '395', '399', '633', '705', '774', '824', '887', '934']
['11', '44', '143', '175', '202', '350', '553', '565', '815', '880', '940']
['75', '249', '309', '331', '407', '478', '566', '582', '651', '724']
['90', '146', '398', '655', '656', '718', '726', '751', '825']
['19', '76', '123', '196', '390', '440', '781', '800']
['53', '125', '192', '326', '351', '386', '509', '518', '522', '599', '923']
['77', '127', '128', '163', '466', '475', '563', '763', '782', '816']
['26', '78', '116', '142', '579', '645', '892', '930', '935', '987']
['119', '178', '227', '247', '253', '345', '376', '489', '857', '988']
['252', '288', '289', '316', '317', '427', '598', '611', '848', '922']
['193', '371', '405', '448', '616', '646', '695', '806', '811', '813']
['2', '54', '103', '430', '547', '662', '674', '812', '835', '899', '917', '983']
['64', '188', '366', '495', '664', '742', '785', '821', '854', '855']
['251', '365', '484', '757', '758', '775', '882', '931']
['426', '480', '487', '589', '614', '792', '807', '826', '898', '928', '981']
['24', '155', '367', '368', '416', '429', '808', '974', '975']
['51', '108', '169', '171', '315', '378', '450', '877', '896', '948']
['36', '154', '305', '359', '542', '638', '670', '753', '789', '820', '878', '936']
['111', '209', '276', '286', '594', '606', '639', '714', '786', '876', '879']
['55', '57', '172', '223', '306', '347', '362', '391', '524', '873']
['22', '68', '98', '137', '307', '419', '443', '755', '900']
['3', '60', '452', '471', '511', '541', '546', '600', '601', '636', '698']
['86', '158', '160', '327', '385', '799', '819', '893', '943', '955']
['6', '37', '45', '66', '92', '190', '194', '397', '519', '602', '886', '916']
['12', '38', '282', '532', '593', '643', '722', '741', '952', '997']
['14', '93', '244', '273', '283', '392', '486', '500', '530', '740', '793']
['87', '531', '588', '628', '939', '958', '959', '965']
['333', '492', '543', '567', '592', '654', '728', '859', '929', '950', '999']
['122', '162', '206', '242', '428', '482', '653', '770', '998']
['52', '268', '270', '346', '449', '550', '702', '906', '937', '956', '996']
['126', '185', '271', '278', '329', '523', '620', '727', '801', '903', '915']
['70', '240', '241', '433', '538', '539', '769', '874', '938']
['191', '235', '275', '290', '414', '516', '658', '738', '787', '851', '918']
['61', '284', '549', '647', '768', '919', '920', '977']
['269', '320', '364', '721', '750', '830', '852', '951', '989']
['23', '71', '124', '183', '234', '260', '381', '468', '498', '692']
['157', '181', '396', '537', '583', '612', '671', '687', '810', '862']
['0', '62', '96', '107', '182', '497', '499', '591', '809', '881']
['159', '180', '228', '277', '507', '634', '641', '666', '761', '831', '849', '858']
['109', '257', '335', '336', '453', '454', '665', '883', '884']
['20', '21', '145', '179', '250', '258', '295', '321', '584', '644', '762']
['18', '156', '187', '204', '293', '296', '434', '479', '891', '904']
['95', '379', '402', '551', '642', '719', '720', '861', '890', '973']
['97', '207', '294', '536', '555', '615', '659', '794', '795', '828', '837', '889']
['15', '56', '79', '82', '89', '219', '263', '520', '760']
['441', '483', '544', '564', '587', '693', '971', '972']
['208', '287', '304', '311', '504', '625', '733', '856', '957', '970']
['8', '67', '150', '224', '281', '319', '442', '481', '993']
