['19', '111', '116', '180', '243', '273']
['120', '303', '336', '345', '426', '483']
['209', '229', '271', '306', '363', '420']
['8', '9', '107', '162', '291', '460']
['3', '23', '30', '51', '59', '212']
['66', '144', '193', '195', '437']
['81', '135', '366', '370', '481']
['110', '167', '327', '438']
['312', '357', '430', '445']
['42', '152', '407', '439', '452', '485']
['2', '71', '175', '179', '202', '261']
['187', '267', '299', '367', '418', '428']
['94', '205', '333', '391', '408', '425']
['22', '37', '58', '198', '226', '310']
['95', '265', '280', '343']
['196', '360', '409', '441', '466']
['78', '182', '259', '413', '442', '492']
['62', '132', '160', '242', '249', '258']
['148', '232', '278', '371', '373', '473']
['253', '275', '482', '484']
['12', '13', '17', '339', '374', '459']
['21', '56', '70', '84', '157', '317']
['105', '189', '300', '335', '379', '463']
['5', '24', '476', '486']
['46', '211', '307', '402', '429']
['106', '159', '257', '268', '436']
['142', '489']
['36', '64', '151', '169', '266', '423']
['79', '201', '204', '208', '270', '334']
['99', '136', '330', '411', '469', '477']
['87', '134', '227', '269', '304', '361']
['53', '77', '156', '250', '326', '394']
['112', '197', '203', '234', '332', '364']
['68', '113', '124', '238', '239', '320']
['11', '119', '284', '325', '386', '396']
['217', '446', '457']
['166', '170', '251', '376', '427', '475']
['0', '18', '33', '125', '126', '176']
['293', '372', '440', '495', '497']
['69', '97', '309', '385', '472']
['26', '34', '490']
['73', '85', '468']
['10', '91', '118', '194', '292', '488']
['4', '88', '150', '214', '272', '342']
['98', '388', '400', '406', '416', '417']
['32', '186', '247', '324', '340', '405']
['461', '480']
['72', '254', '282', '443']
['109', '147', '252', '421', '455']
['14', '29', '44', '82', '237', '296']
['143', '283', '316', '355', '458', '471']
['52', '285', '337', '393']
['305']
['139', '218', '390', '415', '447', '470']
['40', '129', '224', '276', '331', '399']
['83', '191', '277', '290', '377']
['158', '163', '236', '308', '328', '347']
['41', '164', '199']
['161', '185', '375']
['49', '117', '244', '369', '380', '398']
['16', '60', '351', '381']
['168', '216', '392', '434']
['67', '108', '127', '138', '140', '313']
['39', '45', '172', '210', '219', '401']
['43', '61', '154', '188', '213', '231']
['90', '165', '173', '230', '262']
['25', '298', '362', '419', '464', '498']
['15', '133', '137', '141', '241', '294']
['256', '346', '358', '368', '384']
['128', '215', '321', '382', '435', '456']
['54', '200', '444', '454']
['55', '225', '478']
['63', '462']
['171', '181', '465']
['1', '103', '286', '287', '344', '352']
['38', '75', '235', '318', '432']
['146', '178', '245', '264', '359']
['28', '92', '102', '122', '145', '356']
['93', '183', '228', '383', '387', '389']
['289', '323', '365', '404', '487']
['301', '319', '414', '496']
['48', '57', '233', '297', '302', '412']
['123', '397', '453']
['74', '96', '295', '474']
['27', '50', '121', '260', '322', '338']
['479']
['114', '207', '248']
['80', '89', '153', '174', '422']
['6', '240', '314', '431', '448', '499']
['451', '491', '494']
['86', '184', '190', '192', '274', '279']
['20', '101', '329', '433', '449']
['65', '255', '350', '353', '395', '424']
['35', '222', '263', '450']
['149', '206', '467']
['47', '104', '155', '354', '378', '493']
['31', '221', '246', '349', '403', '410']
['76', '100', '115', '130', '131', '177']
['7', '220', '223', '288', '311', '341']
['281', '315', '348']
