['CVWTX', 'IVTNQ', 'YLXOL', 'VNISG', 'WLQMV', 'CBOLL', 'MBPCZ', 'JAUDH']
['BSTWJ', 'XSHVH', 'JMXRQ', 'TNXMJ', 'RZVUX', 'QHFXR', 'BYXGP', 'JGQHX', 'PVBBK', 'NMIZY']
['VRSRL', 'QJHDL', 'TOHAQ', 'HERYQ', 'DDPKV', 'HXTIK', 'URTRV', 'XUWEA']
['GBXDS', 'EEXMY', 'FBMKB', 'WAFAF', 'ZRCYK', 'IVOSS', 'ILQXC']
['VISVG', 'JRPFX', 'OXARV', 'UIDWQ', 'FRRXR', 'CPGOX', 'LXDSQ', 'BPVDQ', 'WAYVD', 'KMCRH']
['RWJSY', 'RFBBG', 'ZBODB', 'GVWKK', 'OZHVM', 'ZLPHK', 'BEOYY', 'YKOWK', 'XEBMW', 'SWRYB']
['QOEXD', 'XLMYO', 'WZWVE', 'NNYKG', 'PHWUT', 'IBYFN']
['DTDBN', 'BJPBE', 'FDUJJ', 'VVENW', 'DZKCC', 'JVVVR', 'SDYFL']
['DEPUQ', 'TZIEO']
['URNVQ', 'KLCKP', 'KYYWQ', 'JSKRL', 'UQIAC', 'LROHM', 'WUWQG', 'GWBBA', 'BIAYS']
['XPXLN', 'BMHHU', 'KGXSV', 'PUTFF', 'YXUSW', 'GLBXD', 'NMBKG']
['UIJMD', 'PBCXQ', 'RIMEB', 'XFOHV', 'KGFLO', 'OQGTF', 'XOBKS']
['ZAWKU', 'EKGXM', 'WVQED', 'PKRIG', 'OKKOP', 'QIAYT', 'WFPEG']
['PCYOB', 'XDDSL', 'WNNFV']
['WXIFJ', 'MSKGV', 'MGROM', 'DABLQ', 'TFELX', 'KXCEZ']
['XYOWD', 'KAYTM', 'JEZTJ', 'BPMJU', 'MLWTR', 'UAIKK']
['YZJZD', 'EHAIO', 'VJJKH', 'KNOIV', 'WAJXO']
['CCQQW', 'QBVMJ', 'MVZNG', 'LQFAQ', 'OLZGU', 'TTNOM', 'LVCWP', 'YQHPO', 'WFGMY', 'BKQWX']
['JKSWY', 'BVWOT', 'CLZVT', 'YZHQX', 'ZPUTG', 'XUSYT', 'OXPUU']
['MOTXU', 'NFYGH', 'NNWNA']
['IZSWA', 'MLFIO', 'EXEPM', 'QXJTO', 'RSNFJ', 'LMQCE', 'KAGBO', 'GECQI']
['FIKTU', 'RPPDG', 'TRCAB', 'KEWYM', 'ETKEV', 'LFXPB', 'YZUCZ', 'USDOH', 'IRTQX']
['EMESV', 'IMFLK', 'UBINE', 'MHLTE', 'EJQMA', 'OIYAY', 'LWYNR', 'NOEYF', 'GNMBM', 'UFBWS']
['TDLVX', 'KUZEM', 'UAWVE', 'FGXFT', 'WCOKD']
['TMNVY', 'HQVYV', 'ZNPED', 'QDBXO', 'OEYCP', 'XYFYX']
['OMROL', 'DCTHN', 'HCEKV', 'TAXAX', 'QXAHE', 'NIFYU', 'HAWDD']
['MTZAI', 'CHIPP', 'GMMTA', 'ZWKQR', 'DYWKJ', 'WYGPN', 'KPRIC', 'SRWDH', 'VDQAT', 'NBVQA']
['SENMT', 'MIFHN', 'XWFRQ', 'IREQO', 'FAKTV', 'IMSCS', 'WOFDB', 'XRFWJ']
['PQDFR', 'HSSBE', 'QUCHP', 'ARPYF', 'YMFZM', 'SYNTO', 'ZFKMZ', 'YXMTZ', 'ARCRA', 'EOPLD']
['PQALR', 'RXCNM', 'WHGJY', 'WZKZY', 'UGYSZ', 'CMBKG', 'DSEMO']
['BMUNA', 'GSOQU', 'DJIZH', 'TZXMJ', 'HIALX', 'NAGRG', 'FDJHA', 'BALCF', 'ASLYL', 'IQDRU']
['EJYCG', 'KDFTP', 'VCSMG', 'XFPAP']
['CYBEJ', 'WOEMK', 'WMDSK', 'YGXFP', 'XLSCM', 'SSAIB', 'RPXDU', 'AQVEK', 'VWUNS', 'GQTGE']
['PDPDU', 'TLIDL', 'CIGRV', 'VYTDI', 'IWRNR', 'FKAKX', 'FDNYE', 'UWXPJ', 'LQPKU', 'GEZUX']
['QLACD', 'ONOYQ', 'ZDAFS', 'WZJCH', 'JIYKE']
['BYPBT', 'GVWDY', 'EJKLM', 'QDOUT', 'APQJM', 'DYLWU', 'KMQJE', 'DAWIJ', 'AGLPL']
['CRCFC', 'UGAZW', 'XCXCB', 'TQGMI', 'BKBYK', 'XMGHV', 'YWYQC']
['FJWVG', 'COVDL', 'WGRZW']
['ZMKKB', 'DETHN', 'GFVKF', 'NNUDO', 'SSSVC', 'VZJDI', 'OIPOS', 'GZAPY', 'WIGYH', 'QIZIJ']
['JGQTB', 'WIKBK', 'JMIIR', 'SDRNM', 'PKGDQ', 'ETCUM']
['WDXGL', 'RXKYU', 'STUAK', 'BGFSQ', 'AWDVH', 'FRPER', 'YUULN', 'LROLT', 'LXHXJ', 'ATWEN']
['REMSC', 'YRFGH', 'GLSCM', 'ZCJUL']
['HGEEI', 'AEMCJ', 'LZYGC', 'JMXDM', 'EDCKZ', 'KQLOM', 'EADWV', 'FXJAU', 'WOLKS', 'ICWIR']
['RRNZT', 'LJMUY', 'ECBJA', 'YOQLK', 'BSAQI']
['DQAJW', 'MJJHU', 'VDQOF', 'TDOLY']
['FZCHB', 'JCCIK', 'TAGJP', 'ZKAEP', 'UILGO', 'ALTMO', 'TVTUO']
['RLEOV', 'WRZEL', 'ELDRD', 'FQPJY', 'SIAVE', 'FJQPC', 'GWTMT', 'MUCEL', 'DLAFR']
['PTBJF', 'MREZF', 'UNFKS', 'UATFB', 'EKMGX']
['YHNYF', 'HFMGI', 'KZPMV', 'TPSBD', 'VLIUC', 'JUVFB', 'ZEJYQ', 'VQNEJ', 'YQXTS', 'XERYG']
['VOEIN', 'VGUDB', 'ZPNLU', 'FRSDT', 'PKLDE', 'NCALC', 'SLYLT']
['DMDLF', 'AZJXS', 'FQYBH', 'BSQXH', 'AOWXA', 'WMWQB', 'QRCPH', 'ERXLX', 'VRWNN', 'DHAAQ']
['FXYDQ', 'QRFWZ', 'KLQNR', 'HNGPN', 'OEVYP', 'DQLNA', 'EBVJB']
['UCRIM', 'IXPFI', 'RGFSF', 'CLBDL', 'HASZF', 'RGEJU', 'TRQKE', 'ASKFR']
['TMSPN', 'DCEYP', 'LQTXG', 'BHEJD', 'BBYJW', 'VBNIU']
['ZDTLT', 'ZAEZD', 'ZCBVJ', 'ILZRR', 'YXPCN', 'DIVHU', 'CJUYF', 'RJBDJ']
['OWZHW', 'BKFWU', 'XMBIJ', 'BEBMO', 'JKWPJ', 'BBOHG', 'XTXPQ']
['YRIIU', 'SKCIG', 'POUVH', 'XUERZ', 'OQYLK', 'HITWV', 'PJBJE', 'UQJIW', 'BXIQT']
['WEWVD', 'KNGQN', 'FJELG', 'OIDQE', 'ZPJDK', 'LXHLT']
['LHBZA', 'VGQJA', 'KSGLM', 'DVUIP', 'ICVCV', 'ZEUMQ', 'ASMNR', 'AZKKU']
['VWYCA', 'NZDDV', 'OZWGF', 'PQCAU']
['TZZXP', 'WTNHR', 'STCNL', 'REMBW']
['KDIXJ', 'BCEBB', 'DVTXD', 'SPCGF', 'NVJQB', 'OSLYV', 'UELNU', 'KQLVH', 'TRBOZ', 'RTLEU']
['MGNDB', 'MKPWN', 'SGPBM', 'HQJWD']
['EYLOH', 'XACAU', 'ZAHDX', 'PTXVH', 'AORUP', 'LIRIR', 'GRDFF', 'PJJQQ', 'FBFHM', 'NQPNG']
['XKMLB', 'UIICZ', 'TFGAC', 'SCLPI', 'OLAXZ', 'FJWYX', 'VOKDV', 'HRBCQ']
['ZSBJK', 'CKTYP', 'FWNUC', 'IJPFG', 'OXWTH', 'QDIFE', 'CLSGV', 'MBMNJ', 'CFXJX']
['FZVRO', 'DSAOR', 'IZZBY', 'KVFTD', 'SYHQM', 'RIMIU', 'GBGJW']
['BUNVF', 'UKWYH', 'DPXMT', 'CTDMQ']
['NVMIR', 'PPZVJ', 'TMTHF', 'SBFIP', 'BSNVX', 'XFRMF', 'TVQBW', 'SKAHW', 'KWEMO', 'VQVIM']
['MAXSA', 'KXCBA', 'AVKQA', 'PFWIA', 'ZFASL']
['AAHFV', 'UVXWG', 'PDYPU', 'WUCUE', 'HWVYL', 'IKFPP', 'SQQZB', 'YGBGL', 'GJUFG']
['YGIVT', 'TLWMU', 'ECUED', 'FIRWY', 'HNBQL', 'MRTBJ']
['OQDQI', 'PELAC', 'JHZTD', 'WNNEC', 'XBZEA', 'CYJLW', 'IFBWW', 'AAJJD', 'TQMWM']
['YCNAD', 'BJKWH', 'ONANR', 'PLBXQ', 'SWPVQ']
['DJOSK', 'XUYLG', 'ZHZLM', 'TWUJD', 'ITKNZ', 'HNATA', 'SABFK', 'BDSSH', 'VMXWY']
['GWFOY', 'JOZSN', 'JCPLD', 'YNVDL', 'VKJNN', 'ELZCG']
['ZIGCF', 'HFAEA', 'CGMNL', 'ZVDQY', 'FJASK', 'OOSUZ', 'TYGUS', 'XSUVN', 'UCVHS']
['QTJCH', 'GXHXX', 'ZHGIM', 'ZZEDT', 'MUDCM', 'QDIGG', 'WRUCU', 'UTAKW', 'EDTOA', 'VPKPA']
['UPXWI', 'UPGRQ', 'RZJCK', 'UWWSO', 'CVNTZ', 'YWUWK', 'XCINV', 'IDTSI']
['VZADQ', 'PCTHW', 'ERYBS', 'RBUCG', 'PRWEF', 'GBEFS', 'IAODO', 'TZDDG', 'HYBJW', 'BHYPT']
['YHTFJ', 'OECVS', 'USXPK', 'UDRIH', 'JAUNJ', 'TOYKG', 'IVWQL']
['PSOJQ', 'FUXEC', 'YVARI', 'PSJHT', 'NNETM', 'YPEOA']
['WWDSG', 'POWIF', 'LYDSY', 'WWMZS', 'MFFMW', 'QLOAH']
['JKPSF', 'CQHQK', 'LRNVS', 'ROTKO']
['KRFIS', 'CDSME', 'FLUUK', 'AAYOF', 'DETQL', 'DNQIF', 'EAGYI', 'NUAOV', 'CBMQH', 'NJJSC']
['MPTBE', 'RNREF', 'FEFVK', 'ADVTN', 'RGOCU', 'PZRXL', 'TTZZN']
['XVWBM', 'KHRMY', 'KVQPW', 'MCDZG']
['CSKLY', 'MAUVR', 'RIVEE', 'DNMXZ', 'FLLSR', 'JSSRW', 'LDPSY', 'WSXGL', 'WPDNB', 'KIRNS']
['ROMIA', 'DSOMP', 'VNZJW', 'ROHJV', 'IIQQB', 'TDBXF', 'PRMXU', 'MOIWP', 'KWDAI', 'GNZHM']
['LVBCL', 'PBOJE', 'WLPRL', 'JYTNS', 'NQMEX', 'ITHLN', 'SMBYF', 'ADXGC']
['OIYVR', 'XBSTP', 'SFQXZ', 'FADFD', 'WMXHF', 'DNPGF', 'MRGXW']
['LUNEY', 'OZRFF', 'HHZNP', 'QPJMV', 'KEBOC', 'ZRLXS', 'IPTKZ', 'AUFZQ', 'PITFW', 'PXXAO']
['UUOMX', 'BLLLQ', 'AJCRR', 'RBXLI', 'VIZKN', 'LCQQT', 'IBOYJ', 'IJSKE', 'FKSEU']
['CUQPQ', 'OSFUY', 'PBKGH', 'UTEJK', 'SWWJT', 'BIQKP']
['ZZQMC', 'GPYGT', 'ZYAWA', 'AFLVP', 'OKQWW', 'VKCSA', 'VGAKU', 'AFIDT', 'SZIGJ']
['CSSQB', 'MIATK', 'PDLQZ', 'KLVPU', 'BNSMF', 'CPCYX', 'NBQUY', 'WRUYL', 'MAEEM', 'IUZPB']
['SEWFY', 'UAKQE', 'OOHGE', 'SUZIU', 'ZGSVE', 'LFJIK']
['JMKDA', 'POCBR', 'UUIHY', 'GTQFF', 'GKVKE', 'ZKFWC', 'JYARZ', 'VOZKK', 'DKJGQ', 'OIHRA']
['GXAHJ', 'VSTRH', 'GHUZZ', 'SYBVG', 'MIAGD', 'VBXQI', 'AQEFX', 'OQAIU', 'USTLW', 'RDXHX']
['MOEQL', 'NYCWZ', 'AGTLF', 'KIXMT', 'RRVLT', 'YEGYY', 'DURZW', 'LGQTX']
['WYEAX', 'APFKB', 'RTMTX', 'JGMBR', 'QCSFX', 'IGFGL', 'JNMLL', 'EOPNL', 'HPLUB', 'SLRBD']
['QEWBB', 'DYALF', 'ZHZZQ', 'AGFRR', 'ADVXJ', 'LQEXY', 'PCYSH']
['ANGZU', 'DOLBV', 'DHGRA', 'LETWR', 'TTVJB', 'PDPOJ', 'PIXGL', 'QEPZL', 'OKSAB', 'SYEVT']
['PVDZJ', 'FXDQL', 'RPHQM', 'CGIVE', 'TSVUU']
['PUJUB', 'EPIBE', 'XVLJG', 'YBLSA', 'NMKQJ', 'QDJMB', 'TNJDV', 'LORDZ', 'VXCXL', 'WKWYN']
['QNVVO', 'MCBPI', 'IZHGM', 'VKUJZ', 'TWGJJ', 'KEHIM', 'GVESY']
['VFXPR', 'MSEWQ', 'AESTR', 'ECBOS', 'AHHVY', 'HJSEX', 'MNTLT']
['WWPVV', 'WMFHO', 'XISCW', 'ESWGL', 'GVPBI', 'RIPUU', 'VLZSX', 'AXFPT', 'WWAGV']
['UCKGO', 'AHQNI', 'WPOTQ', 'ADQWV', 'NGGLC', 'DHAFL', 'JJSQB', 'XICJJ', 'ULVKK']
['MECOG', 'SKJDB', 'OEUPL', 'UGIAC', 'UEWOD', 'XLRVA', 'XGWLK', 'RIQYR', 'SFAVI']
['EKGZF', 'NWBYQ', 'JUUEH', 'VIDXZ', 'CUSMN', 'UNLNF']
['WZYCN', 'CFQXR', 'EKUZU', 'ACXRZ', 'BESHM']
['QWEDW', 'MYEHL', 'IOZKJ']
['CXNLK', 'ITYOV', 'OCVZJ', 'GKQLT', 'KANFJ']
['HMVEC']
['MWVEY', 'VGGYH', 'ILEDJ', 'RXRJO', 'VSLUW']
['OFZAA', 'PKZAS', 'AXSMW', 'CKCFC', 'TVJPS', 'HWMIS', 'JTIPD', 'MMKNM', 'BNGOH', 'GRYRL']
['RDVRA', 'PZPJL', 'OJKBQ', 'QRTBQ', 'MSNDL', 'DPANJ', 'ATVZF', 'NRCLV', 'JRBLE', 'JTEVI']
['CXNPQ', 'WKNMS', 'FYCXB', 'NAZXF', 'HFYQS', 'JDSJE', 'YCMON', 'ZFBIT', 'KHKLC', 'TIFHQ']
['REMHH', 'CUFPW', 'BKWGR', 'SLXVA', 'YDIPB', 'JVARE']
