['AAW', 'AAS', 'AAT', 'AAV', 'AAA', 'AAJ', 'AAO', 'AAH', 'AAK', 'AAX', 'AAY', 'AAL', 'AAB', 'AAI', 'AAN', 'AAP', 'AAF', 'AAE', 'AAR', 'ABA', 'AAG', 'AAU', 'AAC', 'AAM', 'AAQ', 'AAD']
['ABY', 'ABI', 'ABQ', 'ABD', 'ABZ', 'ABO', 'ABH', 'ABF', 'ABR', 'ABP', 'ABC', 'ABG', 'ABJ', 'ABE', 'ABL', 'ABS', 'ABV', 'ABK', 'ABB', 'ABM', 'ABT', 'AAZ', 'ABW', 'ABU', 'ABX', 'ABN']
['ACN', 'ACY', 'ACB', 'ACM', 'ACH', 'ACI', 'ACL', 'ACW', 'ADA', 'ACF', 'ACD', 'ACR', 'ACO', 'ACC', 'ACJ', 'ACP', 'ACT', 'ACE', 'ACS', 'ACU', 'ACG', 'ACQ', 'ACA', 'ACK', 'ACX', 'ACV']
['ADC', 'ADU', 'ADD', 'ADP', 'ADY', 'ADJ', 'ADS', 'ADN', 'ADW', 'ADZ', 'ADI', 'ADM', 'ADV', 'ADT', 'ADL', 'ADB', 'ADR', 'ADK', 'ADX', 'ADF', 'ADE', 'ADG', 'ADH', 'ADQ', 'ACZ', 'ADO']
['AEJ', 'AEI', 'AEU', 'AEV', 'AEX', 'AER', 'AEM', 'AEE', 'AEF', 'AEW', 'AEB', 'AEG', 'AFA', 'AEC', 'AEK', 'AEL', 'AEO', 'AEN', 'AES', 'AEQ', 'AEH', 'AEP', 'AED', 'AEA', 'AET', 'AEY']
['AFO', 'AFX', 'AFD', 'AFK', 'AEZ', 'AFC', 'AFH', 'AFN', 'AFG', 'AFM', 'AFL', 'AFW', 'AFR', 'AFE', 'AFB', 'AFT', 'AFF', 'AFS', 'AFZ', 'AFJ', 'AFI', 'AFU', 'AFQ', 'AFP', 'AFV', 'AFY']
['AGQ', 'AGC', 'AGP', 'AGS', 'AGK', 'AGI', 'AGX', 'AGM', 'AGH', 'AGU', 'AGF', 'AGT', 'AGO', 'AGN', 'AGV', 'AGE', 'AGY', 'AGJ', 'AGA', 'AGW', 'AHA', 'AGG', 'AGR', 'AGD', 'AGB', 'AGL']
['AHR', 'AHE', 'AHC', 'AHO', 'AHX', 'AHU', 'AHK', 'AHF', 'AHZ', 'AHQ', 'AHN', 'AHY', 'AHW', 'AHS', 'AHP', 'AHL', 'AHT', 'AHI', 'AHM', 'AHG', 'AGZ', 'AHH', 'AHB', 'AHJ', 'AHD', 'AHV']
['AIH', 'AIT', 'AII', 'AIW', 'AIN', 'AIR', 'AIO', 'AIC', 'AIM', 'AIK', 'AID', 'AIY', 'AIA', 'AIQ', 'AIV', 'AIS', 'AIB', 'AIL', 'AIE', 'AIG', 'AIP', 'AIJ', 'AIU', 'AJA', 'AIX', 'AIF']
['AJW', 'AJF', 'AJZ', 'AJD', 'AJU', 'AJL', 'AIZ', 'AJI', 'AJP', 'AJS', 'AJB', 'AJV', 'AJM', 'AJT', 'AJJ', 'AJR', 'AJO', 'AJH', 'AJE', 'AJC', 'AJN', 'AJQ', 'AJY', 'AJX', 'AJG', 'AJK']
['AKN', 'AKA', 'AKU', 'AKH', 'AKR', 'AKW', 'AKE', 'AKJ', 'AKY', 'AKI', 'AKS', 'AKC', 'AKT', 'AKP', 'ALA', 'AKG', 'AKO', 'AKQ', 'AKX', 'AKD', 'AKK', 'AKB', 'AKV', 'AKL', 'AKF', 'AKM']
['ALD', 'ALH', 'ALQ', 'ALW', 'ALR', 'ALE', 'ALM', 'ALX', 'ALN', 'ALK', 'ALT', 'ALB', 'ALU', 'ALZ', 'ALF', 'ALJ', 'AKZ', 'ALC', 'ALL', 'ALS', 'ALY', 'ALI', 'ALP', 'ALO', 'ALV', 'ALG']
['AMH', 'AMU', 'AML', 'AMK', 'AMJ', 'AMY', 'AMB', 'AMQ', 'AMV', 'AMW', 'AMN', 'AMR', 'AMA', 'AMM', 'AMP', 'AMT', 'ANA', 'AMF', 'AMD', 'AMO', 'AMX', 'AMI', 'AMS', 'AMG', 'AME', 'AMC']
['ANI', 'ANO', 'ANS', 'ANF', 'ANC', 'ANV', 'ANE', 'ANN', 'ANH', 'ANQ', 'ANP', 'ANZ', 'ANL', 'ANW', 'ANY', 'ANT', 'ANM', 'ANB', 'AND', 'ANG', 'ANR', 'ANX', 'ANK', 'AMZ', 'ANJ', 'ANU']
['APA', 'AOO', 'AOG', 'AOF', 'AOC', 'AOP', 'AOR', 'AOS', 'AOK', 'AOA', 'AOB', 'AOH', 'AOW', 'AOY', 'AOI', 'AOM', 'AOL', 'AOJ', 'AOU', 'AOV', 'AOE', 'AON', 'AOD', 'AOQ', 'AOT', 'AOX']
['APO', 'APW', 'APN', 'APH', 'APP', 'APG', 'APD', 'APB', 'APQ', 'APJ', 'APU', 'APZ', 'APF', 'APT', 'AOZ', 'APS', 'API', 'APK', 'APY', 'APC', 'APX', 'APL', 'APV', 'APR', 'APE', 'APM']
['AQH', 'AQR', 'AQL', 'AQQ', 'AQS', 'AQO', 'AQG', 'AQT', 'AQW', 'AQN', 'AQF', 'AQK', 'AQX', 'AQY', 'AQV', 'AQM', 'AQC', 'ARA', 'AQA', 'AQP', 'AQB', 'AQU', 'AQE', 'AQD', 'AQI', 'AQJ']
['ARV', 'ARE', 'ARS', 'ARB', 'ARF', 'ARD', 'ARR', 'ARJ', 'ARG', 'ARM', 'ARK', 'ART', 'ARI', 'ARQ', 'AQZ', 'ARO', 'ARY', 'ARH', 'ARX', 'ARW', 'ARU', 'ARL', 'ARC', 'ARN', 'ARP', 'ARZ']
['ASD', 'ASQ', 'ASU', 'ASA', 'ASE', 'ASS', 'ASL', 'ASG', 'ASO', 'ASI', 'ASM', 'ASK', 'ASW', 'ASP', 'ASV', 'AST', 'ASX', 'ASB', 'ASY', 'ATA', 'ASH', 'ASJ', 'ASC', 'ASR', 'ASN', 'ASF']
['ATY', 'ATF', 'ATB', 'ATZ', 'ATU', 'ATR', 'ATQ', 'ATC', 'ATJ', 'ATV', 'ATN', 'ATG', 'ATI', 'ATX', 'ATP', 'ATW', 'ATH', 'ASZ', 'ATO', 'ATD', 'ATK', 'ATM', 'ATT', 'ATS', 'ATL', 'ATE']
['AUU', 'AUL', 'AUB', 'AUO', 'AUA', 'AUK', 'AUM', 'AUQ', 'AUJ', 'AUF', 'AUV', 'AUR', 'AUC', 'AUE', 'AUS', 'AUP', 'AVA', 'AUN', 'AUY', 'AUD', 'AUX', 'AUT', 'AUH', 'AUG', 'AUW', 'AUI']
['AVV', 'AVX', 'AUZ', 'AVG', 'AVJ', 'AVR', 'AVB', 'AVK', 'AVP', 'AVN', 'AVH', 'AVD', 'AVL', 'AVF', 'AVT', 'AVC', 'AVZ', 'AVS', 'AVO', 'AVY', 'AVU', 'AVM', 'AVQ', 'AVW', 'AVI', 'AVE']
['AWI', 'AWS', 'AWG', 'AWA', 'AWO', 'AWR', 'AWQ', 'AWP', 'AWU', 'AWT', 'AWD', 'AWM', 'AWE', 'AWW', 'AWN', 'AWJ', 'AWH', 'AWY', 'AWL', 'AWV', 'AWF', 'AWX', 'AWK', 'AWC', 'AWB', 'AXA']
['AXJ', 'AXD', 'AXT', 'AXG', 'AXE', 'AXW', 'AXS', 'AXQ', 'AXL', 'AXH', 'AXO', 'AWZ', 'AXP', 'AXM', 'AXI', 'AXX', 'AXC', 'AXY', 'AXN', 'AXB', 'AXZ', 'AXR', 'AXU', 'AXV', 'AXF', 'AXK']
['AYI', 'AYB', 'AYT', 'AYJ', 'AYF', 'AYD', 'AYY', 'AYC', 'AYL', 'AYV', 'AYP', 'AYS', 'AYQ', 'AZA', 'AYG', 'AYW', 'AYE', 'AYH', 'AYX', 'AYK', 'AYR', 'AYO', 'AYN', 'AYM', 'AYU', 'AYA']
['AZG', 'AZY', 'AZE', 'AZM', 'AZV', 'AZQ', 'AZS', 'AZP', 'AZO', 'AZU', 'AZZ', 'AYZ', 'AZT', 'AZX', 'AZC', 'AZF', 'AZD', 'AZL', 'AZR', 'AZN', 'AZJ', 'AZH', 'AZB', 'AZI', 'AZW', 'AZK']
['BAW', 'BAS', 'BAB', 'BAC', 'BAK', 'BAU', 'BAE', 'BAY', 'BAO', 'BAG', 'BAJ', 'BAQ', 'BAI', 'BAV', 'BAN', 'BAH', 'BAM', 'BAA', 'BAP', 'BAX', 'BAF', 'BAT', 'BAR', 'BBA', 'BAL', 'BAD']
['BBV', 'BBR', 'BBQ', 'BBK', 'BBY', 'BBI', 'BBJ', 'BBS', 'BBB', 'BBX', 'BBW', 'BBP', 'BBU', 'BBE', 'BBN', 'BBM', 'BBL', 'BBD', 'BBG', 'BBO', 'BBT', 'BBZ', 'BBC', 'BBF', 'BBH', 'BAZ']
['BCP', 'BCR', 'BCC', 'BCH', 'BCB', 'BCS', 'BCL', 'BCE', 'BCQ', 'BCT', 'BCJ', 'BCN', 'BCO', 'BCM', 'BCU', 'BCI', 'BCD', 'BCG', 'BCV', 'BCA', 'BCK', 'BCX', 'BCY', 'BCW', 'BCF', 'BDA']
['BDM', 'BDF', 'BDT', 'BDB', 'BDK', 'BDU', 'BDL', 'BDE', 'BDY', 'BDQ', 'BDJ', 'BDW', 'BDS', 'BDO', 'BDX', 'BDC', 'BDZ', 'BDH', 'BDG', 'BDV', 'BDR', 'BDD', 'BDP', 'BDN', 'BCZ', 'BDI']
['BEQ', 'BEE', 'BEN', 'BER', 'BEJ', 'BEA', 'BEY', 'BEB', 'BEH', 'BEW', 'BEM', 'BEL', 'BEX', 'BED', 'BEK', 'BEV', 'BET', 'BEF', 'BEI', 'BEP', 'BEU', 'BES', 'BEG', 'BFA', 'BEC', 'BEO']
['BFG', 'BFC', 'BFW', 'BFH', 'BFE', 'BFP', 'BFF', 'BFB', 'BFN', 'BFU', 'BFD', 'BFI', 'BFQ', 'BFM', 'BFK', 'BFV', 'BFO', 'BFZ', 'BFR', 'BFT', 'BEZ', 'BFY', 'BFS', 'BFX', 'BFJ', 'BFL']
['BHA', 'BGP', 'BGE', 'BGM', 'BGX', 'BGB', 'BGS', 'BGO', 'BGG', 'BGK', 'BGV', 'BGU', 'BGY', 'BGC', 'BGL', 'BGW', 'BGF', 'BGA', 'BGJ', 'BGD', 'BGT', 'BGQ', 'BGI', 'BGN', 'BGR', 'BGH']
['BHJ', 'BHP', 'BHH', 'BHX', 'BHM', 'BHL', 'BHD', 'BGZ', 'BHV', 'BHG', 'BHK', 'BHS', 'BHW', 'BHZ', 'BHQ', 'BHR', 'BHC', 'BHT', 'BHB', 'BHY', 'BHU', 'BHO', 'BHN', 'BHF', 'BHE', 'BHI']
['BIX', 'BIG', 'BIL', 'BIT', 'BIW', 'BIY', 'BIF', 'BIB', 'BIV', 'BIJ', 'BII', 'BIU', 'BIC', 'BIM', 'BIH', 'BIA', 'BIE', 'BJA', 'BIN', 'BIR', 'BID', 'BIQ', 'BIS', 'BIK', 'BIP', 'BIO']
['BJV', 'BJK', 'BJX', 'BJL', 'BJS', 'BJD', 'BJW', 'BJN', 'BJQ', 'BJY', 'BJJ', 'BJO', 'BJB', 'BIZ', 'BJU', 'BJZ', 'BJT', 'BJR', 'BJM', 'BJE', 'BJH', 'BJP', 'BJG', 'BJF', 'BJC', 'BJI']
['BKK', 'BKJ', 'BKL', 'BKS', 'BKO', 'BKX', 'BKB', 'BKV', 'BKE', 'BKP', 'BKF', 'BKN', 'BKQ', 'BKU', 'BKY', 'BKT', 'BKR', 'BKW', 'BKD', 'BKH', 'BKG', 'BKA', 'BLA', 'BKI', 'BKM', 'BKC']
['BLV', 'BLB', 'BLP', 'BLM', 'BLY', 'BLR', 'BLT', 'BLE', 'BLN', 'BLU', 'BLX', 'BLO', 'BLC', 'BLZ', 'BLK', 'BLW', 'BKZ', 'BLH', 'BLD', 'BLJ', 'BLQ', 'BLS', 'BLG', 'BLI', 'BLF', 'BLL']
