['179', '488', '956', '755', '962', '478', '795', '215', '542']
['771', '54', '276', '144', '708', '63', '970', '918', '526', '754', '804']
['749', '408', '657', '882', '511', '580', '158', '836', '296']
['96', '150', '812', '545', '880', '940', '120', '853', '75', '114']
['207', '460', '387', '181', '841', '318', '521', '925', '292', '774']
['578', '46', '764', '357', '727', '132', '712', '392', '807', '922', '540']
['800', '274', '669', '446', '348', '898', '752', '231']
['121', '67', '744', '927', '725', '233', '726', '277', '553', '520']
['379', '490', '263', '698', '436', '958', '790', '340', '915', '143', '109']
['356', '647', '605', '955', '730', '105', '502', '2', '936', '969']
['254', '960', '218', '146', '36', '738', '646', '73', '769', '149']
['197', '947', '282', '241', '531', '552', '236', '810', '370', '951']
['247', '494', '943', '519', '979', '832', '535', '417', '628', '703']
['975', '584', '911', '131', '740', '785', '926', '967', '37', '284', '493']
['871', '38', '62', '253', '522', '81', '87', '504', '642']
['946', '178', '457', '842', '644', '877', '34', '157', '25']
['407', '855', '312', '320', '40', '674', '355', '576', '53', '6']
['163', '618', '438', '129', '667', '884', '316', '304', '733', '939']
['792', '308', '705', '172', '627', '228', '367', '826', '341']
['753', '809', '462', '465', '242', '801', '260', '604', '45', '596']
['333', '516', '831', '829', '734', '917', '12', '818', '468', '323', '675']
['923', '589', '389', '394', '426', '440', '700', '160', '913', '95']
['376', '326', '325', '27', '225', '942', '230', '977', '710', '344', '343']
['176', '266', '487', '452', '476', '203', '381', '137', '613']
['101', '286', '661', '102', '653', '741', '437', '971', '770', '35', '199']
['713', '492', '78', '48', '637', '235', '505', '298', '232', '208']
['904', '959', '262', '873', '126', '866', '659', '621', '690', '954', '608']
['869', '471', '390', '288', '931', '681', '141', '888', '683']
['615', '780', '702', '827', '93', '455', '896', '791', '571', '451']
['117', '470', '398', '933', '851', '22', '191', '428', '9', '561']
['694', '0', '89', '978', '404', '295', '892', '840', '461', '813', '759']
['56', '718', '751', '772', '746', '794', '270', '422', '237']
['767', '934', '876', '665', '64', '11', '655', '463', '539', '374', '435']
['961', '285', '127', '429', '583', '200', '186', '543', '349']
['662', '352', '77', '382', '166', '58', '614', '294', '399', '13']
['948', '719', '293', '401', '68', '941', '250', '879', '243', '731']
['591', '638', '847', '153', '130', '30', '684', '363', '307', '501']
['872', '938', '563', '699', '41', '551', '430', '439', '227', '204']
['496', '711', '140', '763', '138', '677', '729', '986', '550', '317']
['965', '968', '486', '619', '973', '747', '861', '701', '724', '723']
['213', '803', '245', '99', '547', '822', '119', '412', '838']
['51', '905', '330', '811', '459', '434', '833', '963', '980', '116']
['425', '151', '607', '154', '597', '135', '775', '517', '174', '415', '748']
['265', '65', '594', '630', '560', '443', '534', '844', '60']
['937', '582', '466', '50', '24', '445', '375', '327', '57', '499']
['264', '902', '449', '427', '220', '864', '839', '104', '875', '108', '533']
['359', '1', '789', '592', '185', '98', '525', '663', '581', '878']
['500', '148', '870', '5', '15', '555', '680', '611', '8', '193', '161']
['577', '556', '249', '111', '400', '881', '280', '441', '758']
['620', '886', '664', '313', '562', '350', '983', '912', '635', '110']
['998', '188', '585', '133', '173', '69', '985', '83', '848']
['816', '814', '835', '714', '84', '16', '371', '602', '821', '634', '76']
['358', '88', '10', '283', '491', '914', '569', '458', '928']
['624', '885', '845', '976', '518', '860', '777', '152', '600', '656']
['887', '548', '599', '409', '453', '329', '257', '623', '660', '673', '824']
['632', '467', '61', '475', '321', '950', '29', '474', '579']
['709', '639', '103', '168', '28', '331', '18', '198']
['629', '396', '899', '386', '819', '268', '687', '59', '91', '342']
['287', '929', '209', '224', '676', '4', '489', '799', '278', '559', '645', '450']
['469', '595', '857', '252', '187', '442', '219', '221', '685', '123']
['336', '715', '695', '210', '464', '319', '512', '309', '666', '431', '272']
['239', '196', '170', '568', '732', '544', '672', '420', '532', '180']
['895', '362', '267', '761', '184', '281', '424', '622', '722', '631']
['14', '756', '194', '201', '33', '256', '145', '572', '305', '19']
['856', '530', '402', '798', '515', '339', '483', '742', '802', '990']
['345', '139', '279', '994', '23', '314', '523', '366', '169', '322']
['182', '566', '854', '921', '421', '124', '601', '473', '874', '781']
['47', '846', '783', '910', '863', '688', '202', '893', '691', '353']
['240', '368', '652', '820', '617', '214', '868', '328', '351']
['565', '984', '625', '82', '720', '52', '546', '641', '640', '485']
['907', '134', '378', '603', '21', '497', '354', '696', '573', '768', '384']
['859', '171', '413', '456', '528', '300', '610', '909', '549', '31']
['529', '432', '302', '183', '782', '996', '360', '484', '156', '762', '982']
['682', '932', '238', '901', '858', '338', '776', '651', '248']
['205', '538', '503', '416', '190', '930', '122', '364', '299', '90']
['735', '760', '405', '891', '142', '332', '654', '472', '406']
['890', '650', '598', '79', '107', '337', '508', '513', '834', '495', '369', '388']
['793', '177', '633', '155', '118', '212', '587', '862', '395', '269']
['865', '837', '894', '192', '112', '778', '557', '324']
['97', '246', '992', '373', '692', '706', '554', '704', '346', '906']
['217', '808', '244', '867', '721', '55', '830', '903', '39', '883', '448']
['167', '43', '70', '347', '797', '251', '750', '920', '311', '558']
['507', '44', '586', '567', '995', '935', '957', '289', '852', '786']
['42', '737', '570', '85', '773', '393', '259', '414', '999', '159']
['216', '537', '766', '588', '900', '671', '433', '541', '612', '271']
['679', '593', '806', '372', '745', '86', '195', '391', '689', '383']
['444', '454', '636', '670', '74', '509', '71', '908', '658', '223']
['361', '757', '306', '66', '315', '514', '993', '125']
['411', '335', '229', '765', '817', '410', '944', '3', '991', '385']
['510', '796', '916', '924', '480', '843', '643', '482', '966', '397', '949']
['106', '211', '606', '897', '80', '20', '849', '498', '365', '953']
['981', '987', '226', '175', '423', '564', '291', '273', '7', '162']
['626', '728', '828', '113', '26', '481', '536', '823', '147', '128', '32']
['136', '616', '697', '418', '524', '678', '297', '850', '788']
['301', '234', '334', '686', '477', '964', '919', '649', '506', '668', '997']
['972', '739', '648', '716', '72', '707', '447', '736', '609', '825']
['303', '784', '377', '261', '889', '290', '92', '787', '275', '17']
['403', '165', '189', '419', '255', '527', '974', '693', '94', '590']
['988', '100', '380', '805', '952', '815', '717', '574', '49', '164']
['222', '743', '115', '479', '575', '258', '206', '989', '310', '779', '945']
