['Mauricio', 'Murray', 'Ernestine', 'Juanita', 'William', 'Sheryl', 'Ronda', 'Cordell', 'Twila', 'Jacquelyn', 'Rita', 'Ellsworth', 'Luther', 'Bonnie', 'Alberta', 'Jim', 'Brad', 'Sondra', 'Tami', 'Jamel']
['Allie', 'Kari', 'Teresa', 'Odis', 'Charles', 'Arlene', 'Stuart', 'Muriel', 'Vanessa', 'Holly', 'Cassie', 'King', 'Kristy', 'Mason', 'Curtis', 'Eldon', 'Gracie', 'Donnie', 'Karen', 'Julie']
['Damon', 'Molly', 'Harlan', 'Tracie', 'Kieth', 'Deanna', 'Nora', 'Susana', 'Edmundo', 'Keith', 'Trina', 'Leif', 'Mose', 'Roosevelt', 'Ivy', 'Porfirio', 'Dianne', 'Alana', 'Dale', 'Houston']
['Emile', 'Calvin', 'Wendell', 'Jerrell', 'Monique', 'Myron', 'Arnold', 'Michelle', 'Harland', 'Deloris', 'Marjorie', 'Carla', 'Reginald', 'Kristie', 'Aimee', 'Charmaine', 'Leila', 'Pansy', 'Carmella', 'Abby']
['Joel', 'Jaclyn', 'Rey', 'Bryce', 'Ashley', 'Rod', 'Mallory', 'Collin', 'Barry', 'Kerry', 'Werner', 'Mack', 'Monroe', 'Brittany', 'Winford', 'Donovan', 'Willard', 'Mari', 'Thad', 'Mohammad']
['Krista', 'Carmelo', 'Cecelia', 'Antony', 'Tanya', 'Isiah', 'Valentin', 'Lourdes', 'Alton', 'Florine', 'Dominique', 'Danilo', 'Hung', 'Therese', 'Bryan', 'Von', 'Opal', 'Toney', 'Simone', 'Candy']
['Chi', 'Tommy', 'Elva', 'Brian', 'Cathy', 'Iris', 'Merrill', 'Marcel', 'Cecilia', 'Stephen', 'Donny', 'Frederic', 'Arthur', 'Sharron', 'Ernest', 'Josiah', 'Stella', 'Erasmo', 'Dixie', 'Briana']
['Janis', 'Rosanna', 'Fidel', 'Julius', 'Olga', 'Son', 'Josue', 'Bobbie', 'Lena', 'Antonia', 'Minh', 'Earle', 'Omar', 'Franklyn', 'Michele', 'Francesca', 'Cornelius', 'Victor', 'Joy', 'Quentin']
['Scotty', 'Stefan', 'Jake', 'Mindy', 'Sergio', 'Randi', 'Tanner', 'Mildred', 'Denis', 'Melissa', 'Ed', 'Terrance', 'Richie', 'Antwan', 'Rosetta', 'Carly', 'Mohamed', 'Alyssa', 'Leonel', 'Adriana']
['Dustin', 'Ann', 'Cathryn', 'Katrina', 'Frances', 'Marvin', 'Lenny', 'Johnnie', 'Yvette', 'Kristofer', 'Dora', 'Emilio', 'Eugene', 'Lemuel', 'Dudley', 'Preston', 'Russell', 'Patty', 'Neva', 'Lucas']
['Darrel', 'Jerrod', 'Melinda', 'Colby', 'Leon', 'Herbert', 'Wiley', 'Jacinto', 'Sharlene', 'Shannon', 'Bud', 'Elijah', 'Alfonzo', 'Zachariah', 'Phyllis', 'Sally', 'Oscar', 'Lindsey', 'Mckinley', 'Marquita']
['Jewell', 'Garland', 'Lonnie', 'Keenan', 'Stacey', 'Mathew', 'Arden', 'Samuel', 'Lyle', 'Elias', 'Geneva', 'Hester', 'Caleb', 'Wilton', 'Alonso', 'Clay', 'Omer', 'Edgardo', 'Dong', 'Graciela']
['Kendra', 'Jon', 'Cassandra', 'Damian', 'Nola', 'Rufus', 'Rogelio', 'Thomas', 'Gabriel', 'Rhoda', 'Beau', 'Doreen', 'Jarrett', 'Tom', 'Mac', 'Jannie', 'Millard', 'Sophie', 'Ines', 'Christina']
['Genaro', 'Hipolito', 'Lora', 'Aisha', 'Norma', 'Audrey', 'Lawerence', 'Tiffany', 'Lauren', 'Jeanine', 'Archie', 'Florencio', 'Truman', 'Marilyn', 'Tyrone', 'Ray', 'Reva', 'Wilford', 'Eli', 'Wendi']
['Lenore', 'Alec', 'Adolph', 'Tara', 'Freeman', 'Matthew', 'Malcom', 'Claudette', 'Kirsten', 'Duane', 'Joan', 'Chung', 'Lawanda', 'Napoleon', 'Ilene', 'Sammie', 'Sebastian', 'Timothy', 'Cheryl', 'Emilia']
['Meagan', 'Elise', 'Willis', 'Corey', 'Rudy', 'Maryellen', 'Heidi', 'Luz', 'Tyree', 'Ethan', 'Guy', 'Cindy', 'Sean', 'Derick', 'Santos', 'Adeline', 'Jack', 'Jerald', 'Virginia', 'Noe']
['Ollie', 'Marcellus', 'Clarence', 'Jeff', 'Orlando', 'Jody', 'Freddy', 'Janette', 'Myra', 'Trenton', 'Keisha', 'Allyson', 'Sol', 'Madge', 'Harrison', 'Ella', 'Caroline', 'Lynnette', 'Bertha', 'Wm']
['Faye', 'Araceli', 'Brent', 'Franklin', 'Rhett', 'Nell', 'Lino', 'Guadalupe', 'Lucio', 'Miranda', 'Josephine', 'Nanette', 'Lavern', 'Filiberto', 'Helene', 'Curt', 'Silvia', 'Rosa', 'Charlotte', 'Rueben']
['Kathryn', 'Ned', 'Sonia', 'Faustino', 'Sheena', 'Lakeisha', 'Tabatha', 'Katelyn', 'Allan', 'Dane', 'Dario', 'Susie', 'Terri', 'Kay', 'Bertie', 'Jarod', 'Neil', 'Sherri', 'Lawrence', 'Marianne']
['Claire', 'Elisabeth', 'Fritz', 'Raymond', 'Trinidad', 'Luis', 'Albert', 'Gustavo', 'Numbers', 'Kennith', 'Horace', 'Penny', 'Juan', 'Bart', 'Shane', 'Geraldo', 'Clifford', 'Milagros', 'Pablo', 'Hannah']
['Kitty', 'Louella', 'Robby', 'Jeannie', 'Georgina', 'Herschel', 'Shayne', 'Tanisha', 'Basil', 'Isaiah', 'Russel', 'Grover', 'Lessie', 'Angel', 'Odell', 'Roger', 'Hilario', 'Sybil', 'Rebekah', 'Oren']
['Toby', 'Hubert', 'Robyn', 'Theresa', 'Hope', 'Lenard', 'Leann', 'Elisa', 'Giuseppe', 'Ronny', 'Jan', 'Jamar', 'Julian', 'Jerrold', 'Agustin', 'Madeline', 'Adalberto', 'Alden', 'Brenda', 'Joesph']
['Mara', 'Del', 'Anastasia', 'Ada', 'Rashad', 'Alison', 'Wally', 'Tina', 'Ezra', 'Darwin', 'Jerry', 'Lane', 'Elmer', 'Hayden', 'Gavin', 'Dusty', 'Noelle', 'Marie', 'Maxine', 'Roberta']
['Andres', 'Minerva', 'Blaine', 'Nick', 'Polly', 'Demetrius', 'Katherine', 'Rosella', 'Garret', 'Reinaldo', 'Roy', 'Stanley', 'Ernesto', 'Mai', 'Phoebe', 'Scottie', 'Johnathan', 'Emmett', 'Mandy', 'Eugenio']
['Colleen', 'Diann', 'Brooks', 'Marion', 'Augustine', 'Moses', 'Eddy', 'Quincy', 'Conrad', 'Irvin', 'Owen', 'Fredrick', 'Anibal', 'Julia', 'Diane', 'Barrett', 'Mollie', 'Bernadine', 'Bo', 'Fermin']
['Lucille', 'Alexis', 'Lester', 'Williams', 'Mavis', 'Meredith', 'Herb', 'Rachelle', 'Kelly', 'Annabelle', 'Isabelle', 'Terrell', 'Tisha', 'Josie', 'Johanna', 'Billy', 'Annmarie', 'Arlen', 'Keven', 'Rich']
['Ward', 'Brandi', 'Jorge', 'Mattie', 'Matilda', 'Lynwood', 'Neal', 'Dorothy', 'Vera', 'Britney', 'Daisy', 'Matt', 'Ladonna', 'Mike', 'Amanda', 'Lidia', 'Fernando', 'Louis', 'Sadie', 'Prince']
['Jayson', 'Alexander', 'Keneth', 'Alta', 'Kirk', 'Sherrie', 'Dorthy', 'Evelyn', 'Daniel', 'Randell', 'Enrique', 'Chris', 'Adrienne', 'Rosalie', 'Josefina', 'Issac', 'Elsa', 'Robbie', 'Jillian', 'Marquis']
['Kelsey', 'Charlie', 'Geoffrey', 'Don', 'Riley', 'Candice', 'Eileen', 'Ulysses', 'Pauline', 'Armand', 'Bradly', 'Doug', 'Mikel', 'Evangelina', 'Bernie', 'Jenny', 'Sonny', 'Emma', 'Tuan', 'Terrie']
['Summer', 'Carlene', 'Derek', 'Britt', 'Jared', 'Eloy', 'Jacklyn', 'Benjamin', 'Herminia', 'Rene', 'Leah', 'Bert', 'Leonard', 'Melva', 'Dawn', 'Eliza', 'Bridget', 'Hillary', 'Valentine', 'Salvador']
['Blair', 'Hai', 'Titus', 'Amado', 'Carrie', 'Dwight', 'Leona', 'Alvaro', 'Gregory', 'Rory', 'Buster', 'Lolita', 'Joanna', 'Valerie', 'Lina', 'Cleveland', 'Avery', 'Ricky', 'Addie', 'Rosario']
['Carmine', 'Delia', 'Jaime', 'Norris', 'Walker', 'Ty', 'Randy', 'Maryann', 'Ramon', 'Otis', 'Roxanne', 'Paula', 'Ruthie', 'Jane', 'Christopher', 'Shelia', 'Susanne', 'Jeanie', 'Delores', 'Demarcus']
['Ben', 'Frank', 'Hosea', 'Misty', 'Ferdinand', 'Meghan', 'Lucia', 'Mauro', 'Wilbur', 'Desmond', 'Nannie', 'Carlton', 'Pedro', 'Latasha', 'Garrett', 'Nadia', 'Toni', 'Jonathan', 'Aubrey', 'Arlie']
['Andy', 'Brenton', 'Ramona', 'Ofelia', 'Carter', 'Freda', 'Timmy', 'Clemente', 'Howard', 'Romeo', 'Kristine', 'Lacy', 'Tod', 'Manuel', 'Claudine', 'Miquel', 'Gladys', 'Roxie', 'Noble', 'Bridgette']
['Brain', 'Ricardo', 'Reuben', 'Andrea', 'Raquel', 'Melanie', 'Waylon', 'Florentino', 'Felton', 'Ignacio', 'Angelita', 'Stevie', 'Earlene', 'Chang', 'Theodore', 'Isabel', 'Jacqueline', 'Winfred', 'Jesus', 'Lamont']
['Lily', 'Tyson', 'Nadine', 'Rosalinda', 'Kent', 'Ginger', 'Santo', 'Lesley', 'Karl', 'Katharine', 'Burton', 'Deborah', 'Leandro', 'Earline', 'Sheri', 'Bridgett', 'Rosie', 'Kathie', 'Mario', 'Palmer']
['Phil', 'Patricia', 'Gilbert', 'Seth', 'Boyd', 'Consuelo', 'Letitia', 'Marco', 'Lelia', 'Jenifer', 'Mark', 'Wilfredo', 'Jason', 'Annie', 'Marty', 'Simon', 'Galen', 'Thurman', 'Roslyn', 'Adele']
['Kayla', 'Diana', 'Cara', 'Oliver', 'Selena', 'Dion', 'Austin', 'Rob', 'Justin', 'Zack', 'Adela', 'Natasha', 'Imelda', 'Lucinda', 'Ahmed', 'Dominick', 'Fletcher', 'Maura', 'Rex', 'Jefferey']
['Sandy', 'Nona', 'Deana', 'Tim', 'Terrence', 'Carlo', 'Efren', 'Selma', 'Elwood', 'Leanna', 'Chasity', 'Kermit', 'Dan', 'Sasha', 'Edgar', 'Marylou', 'George', 'Cameron', 'Jules', 'Clint']
['Gaston', 'Fran', 'Mable', 'Karina', 'Tonia', 'Paris', 'Janet', 'Chong', 'Carmen', 'Ila', 'Maude', 'Doris', 'Ida', 'Tricia', 'Kim', 'Sofia', 'Seymour', 'Edwardo', 'Rachael', 'Althea']
