['131', '142', '179', '262', '275', '300', '310', '336', '341', '398', '429', '507', '552', '640', '653', '669', '681', '682', '752', '807', '874', '975', '996']
['152', '178', '197', '218', '292', '337', '346', '352', '377', '384', '408', '409', '461', '485', '539', '641', '670', '798', '902', '919', '938', '941', '992', '995']
['51', '65', '87', '89', '139', '173', '186', '204', '345', '348', '371', '380', '424', '432', '526', '560', '634', '647', '712', '784', '840', '887', '986']
['56', '93', '120', '155', '228', '248', '251', '279', '291', '304', '321', '327', '383', '442', '484', '520', '615', '702', '779', '787', '788', '789', '846', '973']
['0', '57', '180', '188', '244', '342', '393', '428', '440', '511', '542', '610', '626', '631', '658', '662', '699', '722', '817', '823', '833', '860', '893', '984']
['4', '18', '150', '160', '183', '184', '245', '306', '410', '413', '437', '454', '550', '588', '649', '710', '811', '848', '852', '890', '911', '966']
['105', '135', '151', '190', '202', '236', '250', '278', '326', '394', '395', '417', '455', '512', '571', '579', '645', '796', '806', '822', '891', '897', '898', '944', '980']
['6', '36', '161', '181', '259', '261', '276', '329', '368', '431', '460', '497', '581', '685', '690', '733', '750', '803', '838', '850', '864', '871', '932', '935']
['1', '10', '16', '23', '32', '84', '141', '277', '332', '366', '423', '457', '478', '522', '528', '546', '583', '642', '665', '727', '741', '755', '955', '968']
['42', '69', '121', '175', '210', '219', '249', '255', '298', '313', '402', '405', '543', '565', '585', '604', '679', '771', '775', '776', '800', '821', '873', '942', '952']
['90', '164', '247', '303', '305', '314', '403', '529', '545', '567', '621', '648', '671', '736', '773', '792', '812', '825', '886', '906', '930', '976', '978']
['14', '95', '149', '174', '288', '297', '323', '338', '343', '360', '486', '524', '525', '533', '611', '691', '715', '735', '791', '878', '914', '961', '990', '997']
['26', '94', '134', '215', '253', '299', '331', '370', '450', '517', '518', '561', '591', '617', '709', '737', '761', '837', '845', '865', '866', '905', '922', '931']
['24', '38', '63', '78', '81', '100', '117', '171', '198', '264', '293', '318', '362', '416', '453', '548', '564', '597', '601', '620', '660', '713', '753', '774']
['11', '52', '74', '101', '162', '227', '263', '283', '324', '339', '446', '481', '530', '650', '689', '717', '830', '851', '876', '899', '910', '921', '924', '998']
['9', '28', '73', '91', '191', '217', '220', '237', '243', '308', '334', '382', '391', '441', '462', '491', '499', '590', '698', '790', '797', '827', '856', '272']
['17', '19', '20', '29', '61', '153', '154', '163', '187', '195', '211', '214', '233', '246', '285', '301', '322', '349', '495', '536', '556', '570', '594', '742', '802', '988']
['5', '7', '182', '311', '356', '389', '411', '434', '572', '639', '704', '719', '751', '754', '765', '782', '799', '801', '836', '892', '895', '900', '969', '999']
['71', '118', '127', '144', '231', '280', '295', '340', '369', '372', '399', '448', '449', '496', '508', '559', '668', '725', '745', '767', '808', '958', '979']
['67', '201', '229', '241', '281', '294', '319', '418', '531', '537', '595', '654', '657', '686', '820', '858', '885', '912', '929', '940', '948']
['55', '68', '130', '207', '252', '287', '309', '415', '476', '510', '575', '652', '673', '680', '684', '749', '757', '829', '847', '882', '883', '903', '913', '956', '962', '983']
['76', '225', '226', '265', '333', '374', '419', '444', '584', '672', '700', '707', '711', '740', '763', '785', '841', '907', '943', '947', '953', '964', '989']
['37', '66', '82', '97', '109', '269', '335', '347', '355', '378', '436', '459', '479', '498', '519', '580', '602', '612', '629', '674', '739', '764', '843', '853']
['49', '70', '110', '129', '132', '140', '199', '205', '212', '407', '414', '456', '475', '513', '627', '628', '636', '688', '842', '884', '894', '957', '974']
['58', '86', '111', '145', '167', '203', '223', '290', '385', '386', '396', '443', '447', '480', '490', '492', '578', '582', '683', '728', '778', '781', '824', '861']
['2', '113', '115', '165', '166', '170', '317', '344', '359', '451', '483', '501', '592', '614', '618', '643', '664', '705', '726', '766', '770', '814', '950', '987']
['3', '44', '125', '185', '258', '270', '302', '316', '433', '468', '489', '521', '535', '547', '624', '692', '744', '762', '780', '831', '863', '937', '939']
['126', '128', '143', '147', '159', '208', '267', '315', '320', '351', '373', '435', '504', '509', '523', '598', '599', '623', '828', '844', '901', '926', '954', '970']
['31', '46', '88', '146', '172', '189', '400', '421', '469', '472', '488', '516', '532', '554', '569', '577', '605', '616', '619', '695', '794', '868', '879']
['13', '45', '103', '119', '123', '136', '194', '256', '266', '375', '388', '425', '505', '515', '676', '677', '693', '708', '747', '810', '813', '854', '925', '994']
['12', '35', '64', '75', '96', '157', '177', '200', '221', '271', '289', '363', '390', '514', '553', '574', '596', '622', '655', '696', '756', '758', '759', '815', '859']
['43', '79', '80', '104', '106', '108', '176', '234', '235', '240', '254', '312', '379', '381', '482', '538', '573', '663', '805', '832', '862', '867', '904', '945']
['15', '47', '98', '196', '232', '353', '364', '463', '471', '493', '527', '540', '557', '638', '714', '723', '772', '809', '819', '880', '960', '991', '993']
['27', '50', '59', '92', '192', '216', '357', '361', '387', '430', '438', '452', '465', '477', '506', '603', '694', '706', '730', '786', '835', '908', '918', '946']
['22', '40', '60', '77', '85', '112', '133', '158', '260', '282', '397', '500', '549', '551', '593', '607', '633', '729', '746', '748', '855', '877', '982', '985']
['21', '30', '54', '83', '102', '138', '193', '274', '307', '412', '422', '458', '466', '541', '635', '731', '732', '734', '777', '849', '896', '915', '951', '963']
['72', '99', '209', '330', '392', '420', '503', '544', '555', '558', '600', '651', '659', '661', '687', '701', '724', '743', '816', '857', '888', '927', '928']
['34', '39', '41', '116', '122', '273', '328', '376', '401', '406', '473', '502', '563', '586', '656', '667', '675', '697', '703', '795', '804', '818', '917', '959']
['33', '137', '148', '156', '169', '222', '257', '354', '587', '589', '606', '625', '630', '632', '718', '738', '793', '834', '875', '881', '909', '920', '933', '977']
['107', '114', '206', '242', '286', '358', '367', '404', '427', '439', '445', '487', '613', '646', '721', '783', '826', '839', '869', '916', '934', '965', '967', '972']
['62', '168', '213', '224', '230', '238', '268', '284', '325', '350', '365', '464', '534', '568', '608', '644', '678', '760', '768', '769', '872', '923', '936', '981']
['8', '25', '48', '53', '124', '239', '296', '426', '467', '470', '474', '494', '562', '566', '576', '609', '637', '666', '716', '720', '870', '889', '949', '971']
