['Alane', 'Aurelia', 'Belia', 'Brynn', 'Caryn', 'Cinnamon', 'Corny', 'Frieda', 'Jessie', 'Jolynn', 'Julianna', 'Karlyn', 'Keeley', 'Lillian', 'Lusa', 'Mareah', 'Margie', 'Odilia', 'Orly', 'Robinett', 'Sheryl', 'Susan', 'Tiphani', 'Tracie', 'Valera', 'Valry', 'Vonni', 'Wallie', 'Yvonne']
['Barbey', 'Blinny', 'Darelle', 'Darrelle', 'Eadith', 'Elana', 'Emlyn', 'Ethelin', 'Grata', 'Haily', 'Hollyanne', 'Koralle', 'Koren', 'Laina', 'Lauretta', 'Leontine', 'Leta', 'Loreen', 'Lou', 'Manda', 'Marian', 'Mariejeanne', 'Phillie', 'Samaria', 'Shaylah', 'Stacie', 'Sukey', 'Tarrah', 'Wandie']
['Aeriela', 'Alikee', 'Angela', 'Arlena', 'Berte', 'Berty', 'Betti', 'Corene', 'Eloise', 'Felicdad', 'Leigh', 'Lida', 'Lilian', 'Ludovika', 'Maia', 'Marjie', 'Melba', 'Pauline', 'Philis', 'Rafaelia', 'Ronalda', 'Shannon', 'Sharon', 'Tara', 'Tiffani', 'Tonye', 'Vittoria', 'Vivian']
['Alison', 'Ally', 'Ashlie', 'Candy', 'Christy', 'Clotilda', 'Emelita', 'Emmey', 'Faythe', 'Gladys', 'Haley', 'Johna', 'Karolina', 'Karrie', 'Ladonna', 'Lavena', 'Lizbeth', 'Marlyn', 'Nevsa', 'Pamelina', 'Peria', 'Selie', 'Tamiko', 'Tammy', 'Viki', 'Vikky', 'Violetta', 'Willamina']
['Belva', 'Bernete', 'Bryn', 'Doria', 'Edi', 'Fan', 'Gwennie', 'Hedi', 'Jany', 'Jaquenetta', 'Jilly', 'Jinny', 'Kamilah', 'Karin', 'Karol', 'Karrah', 'Kerrill', 'Kiley', 'Larisa', 'Letta', 'Madonna', 'Marlee', 'Maybelle', 'Min', 'Nicky', 'Susannah', 'Trix', 'Veradis']
['Aleda', 'Anselma', 'Ara', 'Benetta', 'Cate', 'Corrianne', 'Cortney', 'Dannie', 'Ddene', 'Dore', 'Dyann', 'Ermina', 'Evita', 'Gabi', 'Jeri', 'Jess', 'Lana', 'Mariette', 'Missie', 'Myrilla', 'Shane', 'Shayna', 'Stefania', 'Tine', 'Tiphany', 'Tobi', 'Vally', 'Viola', 'Winni']
['Alia', 'Antonetta', 'Ardith', 'Aurilia', 'Ava', 'Barb', 'Bonita', 'Cherish', 'Clarisse', 'Cordi', 'Diann', 'Glory', 'Jacquenetta', 'Kandy', 'Lanna', 'Linn', 'Lissy', 'Margaretha', 'Monika', 'Murial', 'Orel', 'Ros', 'Rosa', 'Rosie', 'Rosmunda', 'Ulla', 'Wandis', 'Xena']
['Aggie', 'Allie', 'Astrix', 'Candie', 'Clary', 'Costanza', 'Daniella', 'Elisabetta', 'Emmie', 'Freda', 'Georgeta', 'Gertrude', 'Helene', 'Ilene', 'Ilyse', 'Imelda', 'Jenny', 'Kellen', 'Korella', 'Lindi', 'Lorelei', 'Merla', 'Nanette', 'Onida', 'Ronna', 'Sarah', 'Tallia', 'Tracey', 'Zenia']
['Adore', 'Alene', 'Andi', 'Antonella', 'Betta', 'Bobbette', 'Britni', 'Catha', 'Chris', 'Dell', 'Evaleen', 'Felecia', 'HollyAnne', 'JoAnn', 'Jyoti', 'Kirbee', 'Kirstin', 'Kirstyn', 'Koral', 'Melinda', 'Merrile', 'Monah', 'Noreen', 'Roxana', 'Stormie', 'Sybil', 'Tersina', 'Wynnie', 'Zitella']
['Aundrea', 'Carine', 'Chrystel', 'Claresta', 'Delora', 'Dorris', 'Eartha', 'Fania', 'Gabrielle', 'Georgiana', 'Harriette', 'Jessica', 'Jonie', 'Jori', 'Kyla', 'Lydie', 'Milicent', 'Nanni', 'Ninon', 'Paulie', 'Rorie', 'Sada', 'Sofie', 'Tarra', 'Tate', 'Trina', 'Twila', 'Valida', 'Zarla']
['Ardelle', 'Audre', 'Auroora', 'Carroll', 'Christiana', 'Clarissa', 'Dierdre', 'Doralynn', 'Eleonora', 'Farica', 'Gae', 'Geralda', 'Hailee', 'Hildagarde', 'Hortense', 'Jaquenette', 'Jena', 'Jennee', 'Karie', 'Lethia', 'Netta', 'Prudence', 'Shena', 'Shirlene', 'Stacey', 'Tansy', 'Yolanda', 'Yolande']
['Annis', 'Antonie', 'Bobbi', 'Clem', 'Dede', 'Dorthy', 'Elizabet', 'Ettie', 'Eugine', 'Ezmeralda', 'Gabie', 'Genevieve', 'Hildegarde', 'Imogen', 'Johnath', 'Lura', 'Mady', 'Maighdiln', 'Marcelle', 'Mathilda', 'Merilee', 'Nataline', 'Philippe', 'Phillida', 'Rhea', 'Rochette', 'Sibby', 'Susanne']
['Ainslee', 'Aubrie', 'Aurelie', 'Bea', 'Bernice', 'Blondy', 'Celinda', 'Darci', 'Dennie', 'Emili', 'Kathryne', 'Lorie', 'Luciana', 'Luelle', 'Margaretta', 'Maridel', 'Marsiella', 'Merilyn', 'Merrilee', 'Moina', 'Orelle', 'Phoebe', 'Phyllida', 'Raquela', 'Ray', 'Rebekah', 'Tiffany', 'Tommi', 'Tonya']
['Ailyn', 'Alyce', 'Bobette', 'Brunhilde', 'Chloe', 'Dagmar', 'Dixie', 'Dorothy', 'Elsinore', 'Esme', 'Glenda', 'Gretel', 'Hedwiga', 'Janna', 'Kacy', 'Karlotte', 'Letitia', 'Lisetta', 'Luz', 'Minna', 'Nissa', 'Nollie', 'Pauly', 'Shanta', 'Sharleen', 'Shela', 'Vin', 'Virginia']
['Allis', 'Allx', 'Amelia', 'Ardelia', 'Belicia', 'Bobbye', 'Chandra', 'Dehlia', 'Dosi', 'Elyn', 'Gusti', 'Irene', 'Janice', 'Janis', 'Jannel', 'Kaile', 'Karine', 'Kitti', 'Leandra', 'Lelah', 'Lyndsay', 'Meaghan', 'Nonnah', 'Raeann', 'Sibley', 'Tildy', 'Vicki', 'Vivianne']
['Alexina', 'Cassandry', 'Cecilia', 'Daffy', 'Deerdre', 'Deeyn', 'Evelina', 'Ferdinanda', 'Gale', 'Helen', 'Isidora', 'Judi', 'Kettie', 'Lexy', 'Lib', 'Louella', 'Madeline', 'Melicent', 'Naomi', 'Netty', 'Neysa', 'Nina', 'Peggy', 'Philomena', 'Robyn', 'Suzanna', 'Tami', 'Therine', 'Tova']
['Aarika', 'Adelle', 'Adoree', 'Almira', 'Andra', 'Annabal', 'Aviva', 'Brandie', 'Catharina', 'Celestine', 'Christabella', 'Constancy', 'Cristine', 'Doro', 'Eddy', 'Eliza', 'Emalia', 'Gladi', 'Jacinthe', 'Kay', 'Layla', 'Melisa', 'Mollie', 'Nanine', 'Oralia', 'Ranique', 'Rasla', 'Wileen', 'Yoshiko']
['Bettine', 'Carolee', 'Charlena', 'Colly', 'Coral', 'Demetria', 'Dollie', 'Gerhardine', 'Giustina', 'Glennie', 'Goldy', 'Henryetta', 'Jessi', 'Jobina', 'Leslie', 'Lucky', 'Marchelle', 'Marci', 'Phil', 'Ree', 'Robina', 'Roobbie', 'Rose', 'Rosy', 'Ruperta', 'Sarajane', 'Sheena', 'Susann', 'Xylia']
['Alida', 'BetteAnn', 'Candice', 'Carmine', 'Chery', 'Consuelo', 'Dory', 'Ernaline', 'Fannie', 'Jeni', 'Jodi', 'Katherina', 'Katina', 'Latisha', 'Layney', 'Leonelle', 'Livia', 'Lorri', 'Maiga', 'Maisie', 'Malissa', 'Margarette', 'Marthena', 'Marty', 'Minnie', 'Morissa', 'Pansy', 'Ranee', 'Zilvia']
['Berni', 'Britt', 'Cherin', 'Cornie', 'Crista', 'Cristina', 'Dacey', 'Danice', 'Darlene', 'Delcine', 'Emyle', 'Felita', 'Fernande', 'Flossie', 'Laverne', 'Leshia', 'Luci', 'Maryl', 'Maude', 'Mirabella', 'Mollee', 'Papagena', 'Roxie', 'Sandie', 'Sharron', 'Tatum', 'Venita', 'Verina']
['Alanna', 'Althea', 'Audie', 'Augustina', 'Bari', 'Bren', 'Caroljean', 'Caryl', 'Cherida', 'Corine', 'Drusy', 'Elaina', 'Elianora', 'Esmaria', 'Fayina', 'Flor', 'Golda', 'Hester', 'Jorie', 'Kate', 'Ki', 'Larissa', 'Linnet', 'Manya', 'Martita', 'Nalani', 'Steffie', 'Tallou']
['Ainslie', 'Anestassia', 'Berthe', 'Bonnee', 'Brittan', 'Caresse', 'Doloritas', 'Faun', 'Fina', 'Gertrud', 'Jania', 'Katee', 'Laurianne', 'Lily', 'Lisa', 'Lyndel', 'Marcela', 'Mercedes', 'Meridith', 'Nancey', 'Neala', 'Olva', 'Rakel', 'Tedra', 'Tori', 'Trixy', 'Valencia', 'Valentina']
['Aeriel', 'Amargo', 'Annamarie', 'Ayn', 'Bekki', 'Carmelita', 'Cassey', 'Daniela', 'Elmira', 'Estrella', 'Grace', 'Heidie', 'Kaleena', 'Laural', 'Lilllie', 'Malinda', 'Melodie', 'Nadia', 'Natalya', 'Nathalia', 'Nelle', 'Niki', 'Pearl', 'Randene', 'Reeba', 'Rubie', 'Sharlene', 'Sibeal', 'Vikki']
['Adrian', 'Annadiana', 'Barbette', 'Bee', 'Blanca', 'Brigitte', 'Cheryl', 'Crystie', 'Donica', 'Elfrieda', 'Ericha', 'Fawne', 'Grazia', 'Jessika', 'Juana', 'Kass', 'Lauree', 'Madlin', 'Margarete', 'Minne', 'Odele', 'Odetta', 'Paulette', 'Portia', 'Ralina', 'Rivalee', 'Shawnee', 'Shell', 'Tabbie']
['Adriaens', 'Alyssa', 'Andromache', 'Ardene', 'Arleen', 'Bird', 'Brunhilda', 'Cal', 'Charleen', 'Cindee', 'Darline', 'Edyth', 'Florance', 'Fredelia', 'Gay', 'Gennie', 'Grayce', 'Hanni', 'Honor', 'Isabel', 'Jacintha', 'Janean', 'Junie', 'Kristel', 'Lin', 'Merna', 'Ola', 'Shandie', 'Valma']
['Ailis', 'Anette', 'Anna', 'Antonina', 'Charis', 'Cherrita', 'Darleen', 'Dolli', 'Dyan', 'Gerry', 'Hyacinthie', 'Iris', 'Jackelyn', 'Jonell', 'Katya', 'Kirsten', 'Margaret', 'Marrissa', 'Marti', 'Mela', 'Norrie', 'Pamella', 'Petrina', 'Pollyanna', 'Reena', 'Robena', 'Rochell', 'Sibbie', 'Vere']
['Adel', 'Aleece', 'Annamaria', 'Astrid', 'Casey', 'Clemence', 'Elita', 'Emeline', 'Ethelyn', 'Eyde', 'Gabriell', 'Gabrila', 'Gianna', 'Isobel', 'Jacky', 'Joane', 'Kaja', 'Kalie', 'Katleen', 'Kayla', 'Kimberly', 'Lanni', 'Lorette', 'Marget', 'Modesty', 'Nettie', 'Nicola', 'Ofella', 'Perl']
['Alaine', 'Annabell', 'Annice', 'Anya', 'Ashia', 'Ema', 'Fred', 'Genna', 'Georgette', 'Hallie', 'Helaine', 'Jayne', 'Kerstin', 'Konstanze', 'Lacy', 'Lynett', 'Lynne', 'Mala', 'Myrah', 'Naoma', 'Nessy', 'Renelle', 'Rosalinde', 'Saree', 'Savina', 'Teena', 'Timmi', 'Vivienne']
['Agathe', 'Allissa', 'Annette', 'Blair', 'Carlina', 'Coralie', 'Dyana', 'Elinore', 'Emily', 'Fern', 'Gayle', 'Gerladina', 'Gipsy', 'Gusta', 'Kakalina', 'Katie', 'Kinna', 'Liesa', 'Lorinda', 'Mallissa', 'Michelina', 'Pam', 'Rodie', 'Terza', 'Valerie', 'Vilhelmina', 'Wendi', 'Wilow', 'Wini']
['Allyce', 'Barrie', 'Beulah', 'Cherey', 'Clea', 'Clementine', 'Corliss', 'Donnie', 'Eloisa', 'Ethelind', 'Frankie', 'Gaylene', 'Gilligan', 'Gweneth', 'Hilde', 'Idette', 'Indira', 'Jermaine', 'Jobi', 'Judith', 'Lissie', 'Maryjane', 'Mellisent', 'Pietra', 'Pooh', 'Rafaela', 'Ranna', 'Rodina']
['Angelita', 'Brittney', 'Darcee', 'Dayle', 'Denny', 'Dodi', 'Drusilla', 'Eddie', 'Elane', 'Enrica', 'Estella', 'Faina', 'Jenni', 'Jennilee', 'Lila', 'Martguerita', 'Meagan', 'Melisenda', 'Michal', 'Norene', 'Paige', 'Penny', 'Ruth', 'Scarlett', 'Sibella', 'Sioux', 'Terra', 'Torey']
['Bel', 'Bert', 'Blake', 'Callida', 'Corinna', 'Cosetta', 'Cyndie', 'Darcie', 'Dorie', 'Elnore', 'Else', 'Emma', 'Eveline', 'Illa', 'Irita', 'Joannes', 'Karina', 'Kyle', 'Lauraine', 'Linell', 'Martie', 'Meredithe', 'Myrta', 'Neila', 'Nicolea', 'Pris', 'Ruthy', 'Sally', 'Sherri']
['Abbye', 'Alice', 'Ania', 'Ardath', 'Barby', 'Celia', 'Charlotte', 'Cherice', 'Cissy', 'Daria', 'Deane', 'Fanchette', 'Germain', 'Gertie', 'Jeannine', 'Kristine', 'Larine', 'Maddalena', 'Maitilde', 'Marita', 'Nadiya', 'Raye', 'Sarene', 'Shayla', 'Sheba', 'Siobhan', 'Trudie', 'Zena']
['Alex', 'Allene', 'Anastassia', 'Andrei', 'Anjanette', 'AnnaDiana', 'Bree', 'Carlynn', 'Cassy', 'Catlin', 'Clarabelle', 'Cleopatra', 'Elfie', 'Emelyne', 'Farand', 'Flore', 'Hannie', 'Jillian', 'Katlin', 'Katrine', 'Madelaine', 'Marrilee', 'Mindy', 'Nerita', 'Paula', 'Rachael', 'Tisha', 'Yevette', 'Zabrina']
['Ange', 'Annie', 'Ardyth', 'Audrye', 'Calli', 'Caprice', 'Dani', 'Donnamarie', 'Elvera', 'Ericka', 'Jeannie', 'Jerrine', 'Kally', 'Kipp', 'Lauralee', 'Laurena', 'Lauryn', 'Marcille', 'Martica', 'Maxi', 'Nerte', 'Rosamond', 'SheilaKathryn', 'Sofia', 'Suzie', 'Sylvia', 'Trude', 'Vyky', 'Zelda']
