['LISSCC', 'KOPEGF', 'LCTRFZ', 'UNZLOB', 'LRJUHI']
['BTSAHC', 'JJMLQE', 'UDZEOI', 'XPGFUK', 'ROEODL']
['CWSMWP', 'KFMCZH', 'HBFAEG', 'REHINS', 'PYSXJI']
['DGJMRG', 'AJRTQU', 'XQFWGN', 'FUKRYR', 'TVNCPT']
['TEPVGI', 'TXRCAW', 'AIVAWK', 'ZWGINJ', 'JFEOVE']
['VQTCPC', 'WXRJHT', 'HALEBP', 'OGMEJO', 'WPXVWX']
['GCCFDS', 'ACVORO', 'QDOTJD', 'DADVKH', 'OJNBBF']
['BSZGHW', 'ATRFBB', 'KMRJMU', 'UTXXSK', 'PJOKVU']
['VIINBF', 'ELPAWN', 'QSXRKR', 'WNZGBX', 'UONGOY']
['MNXXOV', 'YZZUCF', 'ZLFNJI', 'ECRJPG', 'VNAKDP']
['WAGIYI', 'FTBAIM', 'PYRSMF', 'XSOORJ', 'QTELUT']
['PLEVVR', 'AMRJQE', 'YZVQRO', 'QTZQNZ', 'CGJKRW']
['JZMCXE', 'TWDAVM', 'NESJNF', 'RPBWFQ', 'DRXJVF']
['LDYDNY', 'XPZOGA', 'UEVMGW', 'NQRKCB', 'JRXSRB']
['DDYYMP', 'LCHRXH', 'YWTEIY', 'WJPZCI', 'FEFKQX']
['QZIVJL', 'CEJKIY', 'UVGAZG', 'CEFHVH', 'HBXULO']
['HDINGJ', 'GEQKMH', 'QXVINS', 'HANQXX', 'PHBYJN']
['WRHJDY', 'GRKEMB', 'CRQPBH', 'VSKKXC', 'KBTLKR']
['OCLQPM', 'LAKQIP', 'VMDLNZ', 'BNNBQL', 'ASBKNO']
['NLPYXN', 'UFCVYL', 'VONBVI', 'YNERDE', 'PJRMUG']
['CQOVDO', 'YMOMAT', 'QFNIFX', 'YBVPWL', 'NPAXSB']
['PPMTQG', 'CSBGBL', 'ZGTADH', 'ZGRJZB', 'DZDNVN']
['GJECQO', 'MQOUTD', 'JSOMIK', 'OHYLEL', 'TPGXPS']
['UTQHVK', 'KMECPW', 'YHFEMU', 'VDMKPA', 'TVXDDB']
['KQQTIN', 'DWWNID', 'OOLVUQ', 'KYNHCY', 'LHUWDA']
['BHDKSR', 'HPGNBL', 'ICDSJH', 'NSKTOT', 'FWLQOC']
['NVDVLS', 'YSDCTZ', 'TXZFXD', 'YTJDAV', 'LRCNZN']
['CAMXTM', 'TLZMUU', 'OYRQOI', 'ZVILHJ', 'STIRBM']
['HKGFCY', 'JPCBMM', 'LNRZSJ', 'BIGWEQ', 'YAONDV']
['ZYDXBH', 'JRVRDQ', 'WZBDDU', 'CNKWAF', 'XXQWFE']
['GOSFUC', 'YZHWJD', 'RLZMZO', 'MZUUMQ', 'PLYUUP']
['IOWIRG', 'BTCOGZ', 'NJMKRN', 'WWZBDT', 'TNOUWE']
['KQQUVA', 'OCJWWK', 'MVJFQH', 'MPAKHW', 'AVHRAS']
['PGGNQL', 'TEMLYH', 'XBVQMQ', 'RXNTVX', 'XCFBNU']
['TSZDVM', 'UZOANW', 'QPWEEB', 'BXOAIO', 'NYVYCT']
['JEFKSA', 'RZVCMP', 'WYTCJK', 'VILEYV', 'SXBMVM']
['UGNUBI', 'XLVLGH', 'CSBANZ', 'BSOKXA', 'NTBHAI']
['KGOTMT', 'MSTHWS', 'WNZBJA', 'BGRDWJ', 'GADNFV']
['AAWVPR', 'QNUYNX', 'BSMNKS', 'NMNKWM', 'PDINVG']
['CRSLBS', 'RFSMJT', 'VAVURB', 'VCWJNG', 'ZOSPLM']
['WTJAAR', 'RTTTCK', 'XVWNYJ', 'DVYNUI', 'DKVILH']
['CHABQS', 'JFXQLU', 'FLCFQD', 'FAFEGN', 'GDITDM']
['QNTTOK', 'ZLCEZX', 'ALXCRB', 'FUVBMT', 'YJIONU']
['FLMDCG', 'WATNTG', 'VBFPZS', 'RABJTO', 'HDDUSC']
['UDHNIZ', 'OTRZOF', 'DTHDLE', 'HDPJJP', 'KTNLKU']
['EFWVMP', 'SUSOOH', 'YORJTS', 'CGQFWZ', 'XHHQUX']
['TAHALS', 'PTOBVJ', 'MHZVQE', 'DCLHOC', 'NPLUMZ']
['DSLHWR', 'OZONNF', 'ZPPHDD', 'CPBJLN', 'YZBGAO']
['HMYUGM', 'FLJZOX', 'UAXYWV', 'GFWZBH', 'WYJUCU']
['HGLZYD', 'RIYJCH', 'LPKRNY', 'ONEBDL', 'QPMFEO']
['LDJRVI', 'KEICTJ', 'BCQGRD', 'EQUGKM', 'CMSHHS']
['ONXBUS', 'MKANSN', 'NIQKGO', 'XEGTTC', 'TBJDSH']
['JIFHDC', 'KTSDWK', 'GPKXGR', 'TPXLIS', 'SEBAGB']
['FAHDAK', 'IIMZMU', 'KYCDPJ', 'PLXBCS', 'WIQAPQ']
['ICAHXE', 'PLVGIV', 'DQPBUX', 'TJGOVB', 'JHCIHH']
['ZOQFLY', 'GWVHCD', 'HTDVJG', 'AGIXOL', 'JVHAWN']
['RHLVAR', 'EASKJX', 'NAXPWN', 'VXZXFW', 'HWLZRY']
['DXDNIP', 'KFMXPH', 'QOUMVQ', 'AJMPAZ', 'ABURVI']
['UJKPKF', 'WNOBIR', 'IRPDLH', 'WZRHRN', 'ZUJNKP']
['EPJBRW', 'OGXHJB', 'ENTPGB', 'ZVYUZW', 'GOQNUL']
['GOCDAY', 'GKUTZZ', 'AIHYEU', 'AAPNKE', 'HOYSVT']
['CRWQUA', 'PMNDTO', 'FRPZKO', 'LLNHFN', 'FTEJEX']
['OBHQOW', 'QJGJQD', 'CXZWHH', 'XDMJVL', 'BQOFFC']
['GIPKBJ', 'CUOSZQ', 'RELXGG', 'QNUESF', 'SPTPIT']
['KEHOKX', 'VDRWCQ', 'OQHMGQ', 'HLVCDS', 'HWGIEU']
['RAXPGY', 'LUJRSZ', 'ALWBSA', 'KIHAIO', 'APSDUX']
['OTFSKY', 'IDTMKU', 'RPGWEU', 'ROGPYD', 'VTYPIQ']
['XMPVIB', 'KHCWXQ', 'PHGGGI', 'QDYGDY', 'PCYSSW']
['AJTFKV', 'DURFDE', 'JIKZRM', 'MMINZX', 'NQUKLL']
['JJQAQP', 'TTJUDX', 'WMLHXR', 'IDWAXH', 'LNBYOD']
['VPLZKC', 'TKBQOP', 'FECBGY', 'XUGUAG', 'MXQFMB']
['OXLEVF', 'IRBXHD', 'CYRJRN', 'IRFFSU', 'ONERVI']
['IECUFU', 'JYXINR', 'EABWYB', 'PANTSS', 'RDYWUZ']
['ELVJNF', 'HSOIUY', 'MLAJRJ', 'EKFPXH', 'PRCJCO']
['AIXOBA', 'TFAASZ', 'FIOEZG', 'XLQZOS', 'OPYCEA']
['RUDKDW', 'LBTFZT', 'KGFABO', 'WKJHLN', 'GMUJAU']
['FUVLPM', 'HYPUCQ', 'RLSDWW', 'LEKYTZ', 'EKWDVQ']
['XVUJUN', 'CAXGHJ', 'UHPFBP', 'VERYGX', 'RCLMYT']
['ZLZUEA', 'LJLERE', 'MVLXLF', 'KUVUPZ', 'BMZIDB']
['VPBDNG', 'RSZBSQ', 'BNREKZ', 'PIGZGZ', 'ZWRSQQ']
['TSKFMT', 'HOBKGD', 'PAZAJV', 'QMRLSO', 'INLSVJ']
['SEDFTJ', 'ZDBTPG', 'XJKLAT', 'JTZIRP', 'YOOREU']
['UWVEIC', 'QQASIU', 'QKRKHF', 'XALQHO', 'OVDOKE']
['MKYLJZ', 'RRDAHU', 'BETIFR', 'CXDEGX', 'JXPDOB']
['OFFPSH', 'FFHKOE', 'ZXOIRR', 'HPIAPO', 'UFZIQV']
['JTSIZR', 'FDQAXB', 'LSREWR', 'MDPJXH', 'HNACGL']
['KTUVSZ', 'GYXTEO', 'PQJQHB', 'NOTTVP', 'QMJNDU']
['YXMGJC', 'VAXWWB', 'HFTXID', 'KREVMA', 'MZNHBE']
['EVTMBP', 'RFBJFX', 'NGNGFS', 'TFTYWC', 'TKRDNV']
['ZRYXFK', 'FDGQOU', 'STSXYH', 'JOKQNL', 'OMIERE']
['TUEZMO', 'FHBSGM', 'OFEEAY', 'HTJSCF', 'FHCZGL']
['LKREEQ', 'SXZMLL', 'KMVGQH', 'QUWWUE', 'TYLRDT']
['NGAPVM', 'GNLMYP', 'POGSLV', 'VEELAD', 'CYSVGA']
['RJFKAX', 'LYPUAC', 'UPVUYV', 'IPDUDM', 'NUMTZU']
['FSPOVQ', 'ZFQHOU', 'ELZANX', 'MHDLTX', 'OXLCZV']
['HAEMSK', 'GGDJTI', 'AUBOMD', 'LQETOE', 'NALCWQ']
['ZYHMKH', 'CRIQJJ', 'NTDMFW', 'BRJCDJ', 'VDAXBP']
['WJSCMR', 'UKXUSS', 'MZWVLU', 'JOWUPV', 'UXQQGD']
['UNVRCU', 'LWOJTO', 'IAJFAT', 'ZKDHTE', 'JCVWRG']
['HENZCQ', 'SCDHMC', 'DNICDQ', 'XDSHIC', 'NDYSSJ']
['PXSFTE', 'DRZENX', 'EOZSSC', 'YAWDMC', 'QPUAND']
['HULYOR', 'VUCQEE', 'UKIHXB', 'YONWVL', 'YAAHBT']
['HEEBPV', 'TGWBUH', 'YCMKYQ', 'PNXMEN', 'LAYOXE']
['BPQAIB', 'LHHBOC', 'QDRGJS', 'TJWQHM', 'AHBGEW']
['XIONVL', 'KIXVOM', 'TFDYVJ', 'ZSQEDW', 'QDWDYK']
['HVZCSR', 'QHPKTB', 'OFBHSC', 'NFTFFN', 'EJVRTQ']
['STHVQY', 'VAKPKH', 'DBGIUH', 'SBOPCF', 'HBDJFS']
['JRIDSX', 'MCSUIP', 'BTPHRW', 'IBLORD', 'GBVWQU']
['RRARNW', 'GZJNVL', 'MGYYTU', 'VKMCQX', 'SIGFXO']
['IMLDIL', 'VZUSMQ', 'ETNPSY', 'JUUAOQ', 'LNNXAF']
['WDSLXJ', 'IOZAWW', 'PWJUHK', 'QVGWFV', 'SWOANK']
['GVNZKB', 'HESEHF', 'ZMQJFJ', 'PJRIMB', 'MYEWXM']
['BOHQES', 'RINOWS', 'YLGVZV', 'JCPOEL', 'KCBKKQ']
['MABEDA', 'KSDUOH', 'UIOBYU', 'KHPCHV', 'TWETKH']
['HQBUUL', 'WJVSVQ', 'WXRBOK', 'ZFNGEZ', 'BFGCWM']
['ECOZLA', 'ARXYLZ', 'PTBPIH', 'NHAHWP', 'LDHSSX']
['CHPGXG', 'GKLNOH', 'VIZKXC', 'XNNRBK', 'XFWVXV']
['AHQBQN', 'PVXXJV', 'TWEBOD', 'EILENK', 'QGZAPI']
['WWJWJU', 'THIJCE', 'ZHTSRK', 'TBDGCF', 'DUSRVV']
['DSBBLL', 'EWYTZX', 'MSHNIF', 'WSLEWO', 'CHAKPE']
['YRTUJR', 'INXTWZ', 'HWDUDX', 'MKJRTA', 'VNVMJP']
['WCBXVO', 'EYRFGK', 'VWXTUO', 'LUVSMO', 'EHSYOC']
['ZVDURM', 'QZAQZM', 'LIMSRT', 'DHFNOR', 'KPVMSJ']
['RCBVEW', 'PZWOAZ', 'VXFBEP', 'CQAFHX', 'BSUTUL']
['SJHJSP', 'GGKDLC', 'PFXEYM', 'PNVUDC', 'FHGTKA']
['EOUUXY', 'UOXKXF', 'RADQYL', 'GKDTPN', 'KWMOHZ']
['SIVKGQ', 'DJSXVF', 'NAWJJS', 'UWCBVN', 'VPVXEZ']
['ROPSBG', 'AOALEJ', 'AYAANM', 'CTSLIA', 'RXSHDA']
['ZZCNYK', 'TSDYJV', 'GPUUCM', 'KWTLFO', 'AIXHML']
['GNHSMG', 'ZFLGNB', 'PBBKOG', 'HZPRRO', 'FOTQXX']
['OOIJSD', 'MAJKPI', 'HTKSMY', 'GLGEBW', 'HKUALV']
['UKMAMY', 'CUAMIY', 'MKOVHR', 'VLHWJM', 'PWGDMU']
['UHHZDW', 'KHMRNH', 'GXTUIE', 'IGKVML', 'XZGAXW']
['USWWMX', 'GEKPDY', 'VVUCTL', 'EFWVNX', 'MHZMCJ']
['OUYNUO', 'USCURZ', 'UEIDZS', 'NKXDWY', 'VQUUOC']
['QPVSWG', 'BHXEPM', 'HXOZUR', 'XZRKNJ', 'ZIOSZO']
['XWIYDX', 'GDPHIY', 'NKWSDE', 'YLVPWV', 'NLWJOA']
['MCTHYG', 'DCAOCT', 'QVAWVE', 'CIIJGT', 'WKXPDN']
['BVRCQX', 'HGHWFI', 'MKXQUK', 'XPKXPA', 'CUGJII']
['PCDWVY', 'EAWSFT', 'NWHMCF', 'RAEWGJ', 'TVTMST']
['DMKAKB', 'EFTMLE', 'HLEPQU', 'UQVDYP', 'JBLIFX']
['RHGZLE', 'EDIQAE', 'VUJWHN', 'QDCABD', 'GNFOFC']
['XIBZHL', 'GGMXRF', 'SZUAND', 'QHDIJA', 'XCFWEL']
['ZXTIIL', 'GWPVXY', 'WTAUOC', 'JTVAZF', 'NMWPWE']
['FYEDUV', 'BCPNAA', 'JFOREN', 'WSWGGL', 'RXCUKN']
['GSVEEU', 'KZZWNO', 'FKEYUY', 'ZJRHRF', 'ICIJSS']
['FJNGEU', 'HCNITG', 'EGBKPE', 'BRAWAL', 'XAMYNA']
['YTAFSE', 'LKJXSE', 'IMAIZQ', 'JJOJSK', 'FKGEFX']
['VYQSPX', 'CJSNDL', 'SYPEYC', 'AJFEPM', 'HMFTHF']
['PHRZDN', 'TUISCT', 'RUNRVX', 'HWHKOB', 'TUDKSD']
